<?xml version="1.0" encoding="UTF-8"?>
<testsuites name="User Settings" time="114.355" tests="2" failures="1" errors="0">
   <testsuite name="User Settings" tests="2" failures="1" errors="0" time="114.355" timestamp="2021-04-20 08:55:55" hostname="Natasha - 192.168.254.102" id="Test Suites/User Settings">
      <properties>
         <property name="deviceName" value=""/>
         <property name="devicePlatform" value=""/>
         <property name="logFolder" value="D:\\GITHUB\\automation_profile_input\\Reports\\20210420_085549\\User Settings\\20210420_085549"/>
         <property name="logFiles" value="D:\\GITHUB\\automation_profile_input\\Reports\\20210420_085549\\User Settings\\20210420_085549\\execution0.log"/>
         <property name="attachments" value="D:\\GITHUB\\automation_profile_input\\Reports\\20210420_085549\\User Settings\\20210420_085549\\1618880268361.png, D:\\GITHUB\\automation_profile_input\\Reports\\20210420_085549\\User Settings\\20210420_085549\\1618880268748.png"/>
         <property name="hostName" value="Natasha - 192.168.254.102"/>
         <property name="os" value="Windows 10 64bit"/>
         <property name="katalonVersion" value="7.6.6.205"/>
         <property name="browser" value="Chrome 89.0.4389.128"/>
         <property name="hostAddress" value="192.168.254.102"/>
         <property name="sessionId" value="f08e5f1e437fc809e79973fd07525c41"/>
         <property name="seleniumVersion" value="3.141.59"/>
         <property name="proxyInformation" value="ProxyInformation { proxyOption=NO_PROXY, proxyServerType=HTTP, username=, password=********, proxyServerAddress=, proxyServerPort=0, executionList=&quot;&quot;, isApplyToDesiredCapabilities=true }"/>
         <property name="platform" value="Windows 10"/>
      </properties>
      <testcase name="Test Cases/User Settings/COMPLEX/TC_CMPLX_009" time="71.377" classname="Test Cases/User Settings/COMPLEX/TC_CMPLX_009" status="PASSED">
         <system-out><![CDATA[2021-04-20 08:55:55 - [TEST_CASE][PASSED] - Test Cases/User Settings/COMPLEX/TC_CMPLX_009: Test Cases/User Settings/COMPLEX/TC_CMPLX_009

2021-04-20 08:55:56 - [TEST_STEP][PASSED] - callTestCase(findTestCase("Utilities/Add New Text Custom Field"), [:], STOP_ON_FAILURE): Call Test Case 'Test Cases/Utilities/Add New Text Custom Field' successfully

2021-04-20 08:55:56 - [TEST_CASE][PASSED] - Test Cases/Utilities/Add New Text Custom Field: Test Cases/Utilities/Add New Text Custom Field

2021-04-20 08:55:56 - [TEST_STEP][PASSED] - callTestCase(findTestCase("Utilities/Admin Login"), [:], STOP_ON_FAILURE): Call Test Case 'Test Cases/Utilities/Admin Login' successfully

2021-04-20 08:55:56 - [TEST_CASE][PASSED] - Test Cases/Utilities/Admin Login: Test Cases/Utilities/Admin Login

2021-04-20 08:55:56 - [TEST_STEP][PASSED] - openBrowser(""): Browser is opened with url: ''

2021-04-20 08:55:56 - [MESSAGE][INFO] - Starting 'Chrome' driver

2021-04-20 08:55:57 - [MESSAGE][INFO] - Action delay is set to 0 milliseconds

2021-04-20 08:55:59 - [MESSAGE][PASSED] - Browser is opened with url: ''

2021-04-20 08:55:59 - [TEST_STEP][PASSED] - maximizeWindow(): Current window maximized

2021-04-20 08:55:59 - [MESSAGE][PASSED] - Current window maximized

2021-04-20 08:55:59 - [TEST_STEP][PASSED] - navigateToUrl(admin_url): Navigate to 'https://youhadmeathelloworld.staging.arcadier.io/admin' successfully

2021-04-20 08:56:01 - [MESSAGE][PASSED] - Navigate to 'https://youhadmeathelloworld.staging.arcadier.io/admin' successfully

2021-04-20 08:56:01 - [TEST_STEP][PASSED] - waitForPageLoad(2): Wait for page load successfully

2021-04-20 08:56:01 - [MESSAGE][PASSED] - Wait for page load successfully

2021-04-20 08:56:01 - [TEST_STEP][PASSED] - setText(findTestObject("Admin/Admin Login/txt_username"), admin_username): Text 'codemafia' is set on object 'Object Repository/Admin/Admin Login/txt_username'

2021-04-20 08:56:02 - [MESSAGE][PASSED] - Text 'codemafia' is set on object 'Object Repository/Admin/Admin Login/txt_username'

2021-04-20 08:56:02 - [TEST_STEP][PASSED] - setText(findTestObject("Admin/Admin Login/txt_password"), admin_password): Text 'welcome8' is set on object 'Object Repository/Admin/Admin Login/txt_password'

2021-04-20 08:56:03 - [MESSAGE][PASSED] - Text 'welcome8' is set on object 'Object Repository/Admin/Admin Login/txt_password'

2021-04-20 08:56:03 - [TEST_STEP][PASSED] - click(findTestObject("Admin/Admin Login/button_login")): Object: 'Object Repository/Admin/Admin Login/button_login' is clicked on

2021-04-20 08:56:19 - [MESSAGE][PASSED] - Object: 'Object Repository/Admin/Admin Login/button_login' is clicked on

2021-04-20 08:56:19 - [MESSAGE][PASSED] - Call Test Case 'Test Cases/Utilities/Admin Login' successfully

2021-04-20 08:56:19 - [TEST_STEP][PASSED] - callTestCase(findTestCase("Utilities/Navigate to Plugin"), [:], STOP_ON_FAILURE): Call Test Case 'Test Cases/Utilities/Navigate to Plugin' successfully

2021-04-20 08:56:20 - [TEST_CASE][PASSED] - Test Cases/Utilities/Navigate to Plugin: Test Cases/Utilities/Navigate to Plugin

2021-04-20 08:56:20 - [TEST_STEP][PASSED] - click(findTestObject("Admin/Plugin Navigation/link_plugin")): Object: 'Object Repository/Admin/Plugin Navigation/link_plugin' is clicked on

2021-04-20 08:56:21 - [MESSAGE][PASSED] - Object: 'Object Repository/Admin/Plugin Navigation/link_plugin' is clicked on

2021-04-20 08:56:21 - [TEST_STEP][PASSED] - click(findTestObject("Admin/Plugin Navigation/link_profile")): Object: 'Object Repository/Admin/Plugin Navigation/link_profile' is clicked on

2021-04-20 08:56:23 - [MESSAGE][PASSED] - Object: 'Object Repository/Admin/Plugin Navigation/link_profile' is clicked on

2021-04-20 08:56:23 - [MESSAGE][PASSED] - Call Test Case 'Test Cases/Utilities/Navigate to Plugin' successfully

2021-04-20 08:56:23 - [TEST_STEP][PASSED] - click(findTestObject("Admin/Plugin Page/Add New Text CF/a_Add Profile Input Field")): Object: 'Object Repository/Admin/Plugin Page/Add New Text CF/a_Add Profile Input Field' is clicked on

2021-04-20 08:56:24 - [MESSAGE][PASSED] - Object: 'Object Repository/Admin/Plugin Page/Add New Text CF/a_Add Profile Input Field' is clicked on

2021-04-20 08:56:24 - [TEST_STEP][PASSED] - setText(findTestObject("Admin/Plugin Page/Add New Text CF/input_Custom Field Name_custom_name"), "Sample Text Customfield"): Text 'Sample Text Customfield' is set on object 'Object Repository/Admin/Plugin Page/Add New Text CF/input_Custom Field Name_custom_name'

2021-04-20 08:56:25 - [MESSAGE][PASSED] - Text 'Sample Text Customfield' is set on object 'Object Repository/Admin/Plugin Page/Add New Text CF/input_Custom Field Name_custom_name'

2021-04-20 08:56:25 - [TEST_STEP][PASSED] - click(findTestObject("Admin/Plugin Page/Add New Text CF/input_Add Option_saveCustomDetails")): Object: 'Object Repository/Admin/Plugin Page/Add New Text CF/input_Add Option_saveCustomDetails' is clicked on

2021-04-20 08:56:25 - [MESSAGE][PASSED] - Object: 'Object Repository/Admin/Plugin Page/Add New Text CF/input_Add Option_saveCustomDetails' is clicked on

2021-04-20 08:56:25 - [TEST_STEP][PASSED] - closeBrowser(): Browser is closed

2021-04-20 08:56:26 - [MESSAGE][PASSED] - Browser is closed

2021-04-20 08:56:26 - [MESSAGE][PASSED] - Call Test Case 'Test Cases/Utilities/Add New Text Custom Field' successfully

2021-04-20 08:56:26 - [TEST_STEP][PASSED] - callTestCase(findTestCase("Utilities/Navigate to Buyer Settings"), [:], STOP_ON_FAILURE): Call Test Case 'Test Cases/Utilities/Navigate to Buyer Settings' successfully

2021-04-20 08:56:26 - [TEST_CASE][PASSED] - Test Cases/Utilities/Navigate to Buyer Settings: Test Cases/Utilities/Navigate to Buyer Settings

2021-04-20 08:56:26 - [TEST_STEP][PASSED] - openBrowser(""): Browser is opened with url: ''

2021-04-20 08:56:26 - [MESSAGE][INFO] - Starting 'Chrome' driver

2021-04-20 08:56:26 - [MESSAGE][INFO] - Action delay is set to 0 milliseconds

2021-04-20 08:56:27 - [MESSAGE][PASSED] - Browser is opened with url: ''

2021-04-20 08:56:27 - [TEST_STEP][PASSED] - navigateToUrl("https://youhadmeathelloworld.arcadier.io/"): Navigate to 'https://youhadmeathelloworld.arcadier.io/' successfully

2021-04-20 08:56:30 - [MESSAGE][PASSED] - Navigate to 'https://youhadmeathelloworld.arcadier.io/' successfully

2021-04-20 08:56:30 - [TEST_STEP][PASSED] - maximizeWindow(): Current window maximized

2021-04-20 08:56:31 - [MESSAGE][PASSED] - Current window maximized

2021-04-20 08:56:31 - [TEST_STEP][PASSED] - click(findTestObject("Object Repository/User/a_REGISTER  SIGN IN")): Object: 'Object Repository/User/a_REGISTER  SIGN IN' is clicked on

2021-04-20 08:56:32 - [MESSAGE][PASSED] - Object: 'Object Repository/User/a_REGISTER  SIGN IN' is clicked on

2021-04-20 08:56:32 - [TEST_STEP][PASSED] - setText(findTestObject("Object Repository/User/input_Your emailusername_username"), "athena"): Text 'athena' is set on object 'Object Repository/User/input_Your emailusername_username'

2021-04-20 08:56:33 - [MESSAGE][PASSED] - Text 'athena' is set on object 'Object Repository/User/input_Your emailusername_username'

2021-04-20 08:56:33 - [TEST_STEP][PASSED] - setEncryptedText(findTestObject("Object Repository/User/input_Your password_password"), "goxxgxvM2dP/z7G09p4JaTtn5QD+a0Kw"): Text ****** has been set on object 'Object Repository/User/input_Your password_password'

2021-04-20 08:56:34 - [MESSAGE][PASSED] - Text ****** has been set on object 'Object Repository/User/input_Your password_password'

2021-04-20 08:56:34 - [TEST_STEP][PASSED] - click(findTestObject("Object Repository/User/input_Your password_login-submit")): Object: 'Object Repository/User/input_Your password_login-submit' is clicked on

2021-04-20 08:56:36 - [MESSAGE][PASSED] - Object: 'Object Repository/User/input_Your password_login-submit' is clicked on

2021-04-20 08:56:36 - [TEST_STEP][PASSED] - mouseOver(findTestObject("User/i_EN_icon icon-down")): Object: 'Object Repository/User/i_EN_icon icon-down' is hovered

2021-04-20 08:56:37 - [MESSAGE][PASSED] - Object: 'Object Repository/User/i_EN_icon icon-down' is hovered

2021-04-20 08:56:37 - [TEST_STEP][PASSED] - click(findTestObject("User/a_Settings")): Object: 'Object Repository/User/a_Settings' is clicked on

2021-04-20 08:56:38 - [MESSAGE][PASSED] - Object: 'Object Repository/User/a_Settings' is clicked on

2021-04-20 08:56:38 - [MESSAGE][PASSED] - Call Test Case 'Test Cases/Utilities/Navigate to Buyer Settings' successfully

2021-04-20 08:56:38 - [TEST_STEP][PASSED] - verifyElementPresent(findTestObject("User/label_SAMPLE TEXT CUSTOMFIELD"), 0): Object 'Object Repository/User/label_SAMPLE TEXT CUSTOMFIELD' is present

2021-04-20 08:56:38 - [MESSAGE][WARNING] - Timeout '0' is invalid. Using default page load timeout: '30'

2021-04-20 08:56:39 - [MESSAGE][PASSED] - Object 'Object Repository/User/label_SAMPLE TEXT CUSTOMFIELD' is present

2021-04-20 08:56:39 - [TEST_STEP][PASSED] - verifyElementText(findTestObject("User/label_SAMPLE TEXT CUSTOMFIELD"), "SAMPLE TEXT CUSTOMFIELD"): Actual text and expected text of test object 'Object Repository/User/label_SAMPLE TEXT CUSTOMFIELD' are matched.

2021-04-20 08:56:40 - [MESSAGE][PASSED] - Actual text and expected text of test object 'Object Repository/User/label_SAMPLE TEXT CUSTOMFIELD' are matched.

2021-04-20 08:56:40 - [TEST_STEP][PASSED] - verifyElementAttributeValue(findTestObject("User/input_SAMPLE TEXT CUSTOMFIELD_Sample Text Customfield"), "type", "text", 0): Object 'Object Repository/User/input_SAMPLE TEXT CUSTOMFIELD_Sample Text Customfield' has attribute 'type' with value 'text'

2021-04-20 08:56:40 - [MESSAGE][WARNING] - Timeout '0' is invalid. Using default page load timeout: '30'

2021-04-20 08:56:40 - [MESSAGE][PASSED] - Object 'Object Repository/User/input_SAMPLE TEXT CUSTOMFIELD_Sample Text Customfield' has attribute 'type' with value 'text'

2021-04-20 08:56:40 - [TEST_STEP][PASSED] - callTestCase(findTestCase("Utilities/Deleting Custom Field"), [:], STOP_ON_FAILURE): Call Test Case 'Test Cases/Utilities/Deleting Custom Field' successfully

2021-04-20 08:56:40 - [TEST_CASE][PASSED] - Test Cases/Utilities/Deleting Custom Field: Test Cases/Utilities/Deleting Custom Field

2021-04-20 08:56:40 - [TEST_STEP][PASSED] - callTestCase(findTestCase("Utilities/Admin Login"), [:], STOP_ON_FAILURE): Call Test Case 'Test Cases/Utilities/Admin Login' successfully

2021-04-20 08:56:40 - [TEST_CASE][PASSED] - Test Cases/Utilities/Admin Login: Test Cases/Utilities/Admin Login

2021-04-20 08:56:40 - [TEST_STEP][PASSED] - openBrowser(""): Browser is opened with url: ''

2021-04-20 08:56:40 - [MESSAGE][WARNING] - A browser is already opened. Closing browser and opening a new one

2021-04-20 08:56:41 - [MESSAGE][INFO] - Starting 'Chrome' driver

2021-04-20 08:56:41 - [MESSAGE][INFO] - Action delay is set to 0 milliseconds

2021-04-20 08:56:42 - [MESSAGE][PASSED] - Browser is opened with url: ''

2021-04-20 08:56:42 - [TEST_STEP][PASSED] - maximizeWindow(): Current window maximized

2021-04-20 08:56:43 - [MESSAGE][PASSED] - Current window maximized

2021-04-20 08:56:43 - [TEST_STEP][PASSED] - navigateToUrl(admin_url): Navigate to 'https://youhadmeathelloworld.staging.arcadier.io/admin' successfully

2021-04-20 08:56:46 - [MESSAGE][PASSED] - Navigate to 'https://youhadmeathelloworld.staging.arcadier.io/admin' successfully

2021-04-20 08:56:46 - [TEST_STEP][PASSED] - waitForPageLoad(2): Wait for page load successfully

2021-04-20 08:56:46 - [MESSAGE][PASSED] - Wait for page load successfully

2021-04-20 08:56:46 - [TEST_STEP][PASSED] - setText(findTestObject("Admin/Admin Login/txt_username"), admin_username): Text 'codemafia' is set on object 'Object Repository/Admin/Admin Login/txt_username'

2021-04-20 08:56:47 - [MESSAGE][PASSED] - Text 'codemafia' is set on object 'Object Repository/Admin/Admin Login/txt_username'

2021-04-20 08:56:47 - [TEST_STEP][PASSED] - setText(findTestObject("Admin/Admin Login/txt_password"), admin_password): Text 'welcome8' is set on object 'Object Repository/Admin/Admin Login/txt_password'

2021-04-20 08:56:48 - [MESSAGE][PASSED] - Text 'welcome8' is set on object 'Object Repository/Admin/Admin Login/txt_password'

2021-04-20 08:56:48 - [TEST_STEP][PASSED] - click(findTestObject("Admin/Admin Login/button_login")): Object: 'Object Repository/Admin/Admin Login/button_login' is clicked on

2021-04-20 08:57:02 - [MESSAGE][PASSED] - Object: 'Object Repository/Admin/Admin Login/button_login' is clicked on

2021-04-20 08:57:02 - [MESSAGE][PASSED] - Call Test Case 'Test Cases/Utilities/Admin Login' successfully

2021-04-20 08:57:02 - [TEST_STEP][PASSED] - callTestCase(findTestCase("Utilities/Navigate to Plugin"), [:], STOP_ON_FAILURE): Call Test Case 'Test Cases/Utilities/Navigate to Plugin' successfully

2021-04-20 08:57:02 - [TEST_CASE][PASSED] - Test Cases/Utilities/Navigate to Plugin: Test Cases/Utilities/Navigate to Plugin

2021-04-20 08:57:02 - [TEST_STEP][PASSED] - click(findTestObject("Admin/Plugin Navigation/link_plugin")): Object: 'Object Repository/Admin/Plugin Navigation/link_plugin' is clicked on

2021-04-20 08:57:03 - [MESSAGE][PASSED] - Object: 'Object Repository/Admin/Plugin Navigation/link_plugin' is clicked on

2021-04-20 08:57:03 - [TEST_STEP][PASSED] - click(findTestObject("Admin/Plugin Navigation/link_profile")): Object: 'Object Repository/Admin/Plugin Navigation/link_profile' is clicked on

2021-04-20 08:57:05 - [MESSAGE][PASSED] - Object: 'Object Repository/Admin/Plugin Navigation/link_profile' is clicked on

2021-04-20 08:57:05 - [MESSAGE][PASSED] - Call Test Case 'Test Cases/Utilities/Navigate to Plugin' successfully

2021-04-20 08:57:05 - [TEST_STEP][PASSED] - click(findTestObject("Admin/Plugin Page/Deleting Custom Fields/i_Textfield_icon icon-delete")): Object: 'Object Repository/Admin/Plugin Page/Deleting Custom Fields/i_Textfield_icon icon-delete' is clicked on

2021-04-20 08:57:05 - [MESSAGE][PASSED] - Object: 'Object Repository/Admin/Plugin Page/Deleting Custom Fields/i_Textfield_icon icon-delete' is clicked on

2021-04-20 08:57:05 - [TEST_STEP][PASSED] - click(findTestObject("Admin/Plugin Page/Deleting Custom Fields/del_confirm")): Object: 'Object Repository/Admin/Plugin Page/Deleting Custom Fields/del_confirm' is clicked on

2021-04-20 08:57:06 - [MESSAGE][PASSED] - Object: 'Object Repository/Admin/Plugin Page/Deleting Custom Fields/del_confirm' is clicked on

2021-04-20 08:57:06 - [TEST_STEP][PASSED] - closeBrowser(): Browser is closed

2021-04-20 08:57:07 - [MESSAGE][PASSED] - Browser is closed

2021-04-20 08:57:07 - [MESSAGE][PASSED] - Call Test Case 'Test Cases/Utilities/Deleting Custom Field' successfully]]></system-out>
         <system-err><![CDATA[]]></system-err>
      </testcase>
      <testcase name="Test Cases/User Settings/COMPLEX/TC_CMPLX_010" time="41.909" classname="Test Cases/User Settings/COMPLEX/TC_CMPLX_010" status="FAILED">
         <failure type="FAILED" message="Test Cases/User Settings/COMPLEX/TC_CMPLX_010 FAILED.
Reason:
com.kms.katalon.core.exception.StepFailedException: Verify element text of test object 'Object Repository/User/label_SAMPLE CUSTOMFIELD NUMBER' FAILED.
	at com.kms.katalon.core.webui.keyword.internal.WebUIKeywordMain.stepFailed(WebUIKeywordMain.groovy:64)
	at com.kms.katalon.core.webui.keyword.internal.WebUIKeywordMain.runKeyword(WebUIKeywordMain.groovy:26)
	at com.kms.katalon.core.webui.keyword.builtin.VerifyElementTextKeyword.verifyElementText(VerifyElementTextKeyword.groovy:72)
	at com.kms.katalon.core.webui.keyword.builtin.VerifyElementTextKeyword.execute(VerifyElementTextKeyword.groovy:40)
	at com.kms.katalon.core.keyword.internal.KeywordExecutor.executeKeywordForPlatform(KeywordExecutor.groovy:73)
	at com.kms.katalon.core.webui.keyword.WebUiBuiltInKeywords.verifyElementText(WebUiBuiltInKeywords.groovy:3689)
	at com.kms.katalon.core.webui.keyword.WebUiBuiltInKeywords$verifyElementText$9.call(Unknown Source)
	at TC_CMPLX_010.run(TC_CMPLX_010:25)
	at com.kms.katalon.core.main.ScriptEngine.run(ScriptEngine.java:194)
	at com.kms.katalon.core.main.ScriptEngine.runScriptAsRawText(ScriptEngine.java:119)
	at com.kms.katalon.core.main.TestCaseExecutor.runScript(TestCaseExecutor.java:339)
	at com.kms.katalon.core.main.TestCaseExecutor.doExecute(TestCaseExecutor.java:330)
	at com.kms.katalon.core.main.TestCaseExecutor.processExecutionPhase(TestCaseExecutor.java:309)
	at com.kms.katalon.core.main.TestCaseExecutor.accessMainPhase(TestCaseExecutor.java:301)
	at com.kms.katalon.core.main.TestCaseExecutor.execute(TestCaseExecutor.java:235)
	at com.kms.katalon.core.main.TestSuiteExecutor.accessTestCaseMainPhase(TestSuiteExecutor.java:191)
	at com.kms.katalon.core.main.TestSuiteExecutor.accessTestSuiteMainPhase(TestSuiteExecutor.java:141)
	at com.kms.katalon.core.main.TestSuiteExecutor.execute(TestSuiteExecutor.java:90)
	at com.kms.katalon.core.main.TestCaseMain.startTestSuite(TestCaseMain.java:157)
	at com.kms.katalon.core.main.TestCaseMain$startTestSuite$0.call(Unknown Source)
	at TempTestSuite1618880149405.run(TempTestSuite1618880149405.groovy:39)
Caused by: com.kms.katalon.core.exception.StepFailedException: Actual text 'SAMPLE TEXT CUSTOMFIELD' and expected text 'SAMPLE CUSTOMFIELD NUMBER' of test object 'Object Repository/User/label_SAMPLE CUSTOMFIELD NUMBER' are NOT matched.
	at com.kms.katalon.core.webui.keyword.internal.WebUIKeywordMain.stepFailed(WebUIKeywordMain.groovy:64)
	at com.kms.katalon.core.webui.keyword.builtin.VerifyElementTextKeyword$_verifyElementText_closure1.doCall(VerifyElementTextKeyword.groovy:57)
	at com.kms.katalon.core.webui.keyword.builtin.VerifyElementTextKeyword$_verifyElementText_closure1.call(VerifyElementTextKeyword.groovy)
	at com.kms.katalon.core.webui.keyword.internal.WebUIKeywordMain.runKeyword(WebUIKeywordMain.groovy:20)
	... 19 more
"/>
         <system-out><![CDATA[2021-04-20 08:57:07 - [TEST_CASE][FAILED] - Test Cases/User Settings/COMPLEX/TC_CMPLX_010: Test Cases/User Settings/COMPLEX/TC_CMPLX_010 FAILED.
Reason:
com.kms.katalon.core.exception.StepFailedException: Verify element text of test object 'Object Repository/User/label_SAMPLE CUSTOMFIELD NUMBER' FAILED.
	at com.kms.katalon.core.webui.keyword.internal.WebUIKeywordMain.stepFailed(WebUIKeywordMain.groovy:64)
	at com.kms.katalon.core.webui.keyword.internal.WebUIKeywordMain.runKeyword(WebUIKeywordMain.groovy:26)
	at com.kms.katalon.core.webui.keyword.builtin.VerifyElementTextKeyword.verifyElementText(VerifyElementTextKeyword.groovy:72)
	at com.kms.katalon.core.webui.keyword.builtin.VerifyElementTextKeyword.execute(VerifyElementTextKeyword.groovy:40)
	at com.kms.katalon.core.keyword.internal.KeywordExecutor.executeKeywordForPlatform(KeywordExecutor.groovy:73)
	at com.kms.katalon.core.webui.keyword.WebUiBuiltInKeywords.verifyElementText(WebUiBuiltInKeywords.groovy:3689)
	at com.kms.katalon.core.webui.keyword.WebUiBuiltInKeywords$verifyElementText$9.call(Unknown Source)
	at TC_CMPLX_010.run(TC_CMPLX_010:25)
	at com.kms.katalon.core.main.ScriptEngine.run(ScriptEngine.java:194)
	at com.kms.katalon.core.main.ScriptEngine.runScriptAsRawText(ScriptEngine.java:119)
	at com.kms.katalon.core.main.TestCaseExecutor.runScript(TestCaseExecutor.java:339)
	at com.kms.katalon.core.main.TestCaseExecutor.doExecute(TestCaseExecutor.java:330)
	at com.kms.katalon.core.main.TestCaseExecutor.processExecutionPhase(TestCaseExecutor.java:309)
	at com.kms.katalon.core.main.TestCaseExecutor.accessMainPhase(TestCaseExecutor.java:301)
	at com.kms.katalon.core.main.TestCaseExecutor.execute(TestCaseExecutor.java:235)
	at com.kms.katalon.core.main.TestSuiteExecutor.accessTestCaseMainPhase(TestSuiteExecutor.java:191)
	at com.kms.katalon.core.main.TestSuiteExecutor.accessTestSuiteMainPhase(TestSuiteExecutor.java:141)
	at com.kms.katalon.core.main.TestSuiteExecutor.execute(TestSuiteExecutor.java:90)
	at com.kms.katalon.core.main.TestCaseMain.startTestSuite(TestCaseMain.java:157)
	at com.kms.katalon.core.main.TestCaseMain$startTestSuite$0.call(Unknown Source)
	at TempTestSuite1618880149405.run(TempTestSuite1618880149405.groovy:39)
Caused by: com.kms.katalon.core.exception.StepFailedException: Actual text 'SAMPLE TEXT CUSTOMFIELD' and expected text 'SAMPLE CUSTOMFIELD NUMBER' of test object 'Object Repository/User/label_SAMPLE CUSTOMFIELD NUMBER' are NOT matched.
	at com.kms.katalon.core.webui.keyword.internal.WebUIKeywordMain.stepFailed(WebUIKeywordMain.groovy:64)
	at com.kms.katalon.core.webui.keyword.builtin.VerifyElementTextKeyword$_verifyElementText_closure1.doCall(VerifyElementTextKeyword.groovy:57)
	at com.kms.katalon.core.webui.keyword.builtin.VerifyElementTextKeyword$_verifyElementText_closure1.call(VerifyElementTextKeyword.groovy)
	at com.kms.katalon.core.webui.keyword.internal.WebUIKeywordMain.runKeyword(WebUIKeywordMain.groovy:20)
	... 19 more


2021-04-20 08:57:07 - [TEST_STEP][PASSED] - callTestCase(findTestCase("Utilities/Add new Number customfield"), [:], STOP_ON_FAILURE): Call Test Case 'Test Cases/Utilities/Add new Number customfield' successfully

2021-04-20 08:57:07 - [TEST_CASE][PASSED] - Test Cases/Utilities/Add new Number customfield: Test Cases/Utilities/Add new Number customfield

2021-04-20 08:57:07 - [TEST_STEP][PASSED] - callTestCase(findTestCase("Utilities/Admin Login"), [:], STOP_ON_FAILURE): Call Test Case 'Test Cases/Utilities/Admin Login' successfully

2021-04-20 08:57:07 - [TEST_CASE][PASSED] - Test Cases/Utilities/Admin Login: Test Cases/Utilities/Admin Login

2021-04-20 08:57:07 - [TEST_STEP][PASSED] - openBrowser(""): Browser is opened with url: ''

2021-04-20 08:57:07 - [MESSAGE][INFO] - Starting 'Chrome' driver

2021-04-20 08:57:07 - [MESSAGE][INFO] - Action delay is set to 0 milliseconds

2021-04-20 08:57:08 - [MESSAGE][PASSED] - Browser is opened with url: ''

2021-04-20 08:57:08 - [TEST_STEP][PASSED] - maximizeWindow(): Current window maximized

2021-04-20 08:57:09 - [MESSAGE][PASSED] - Current window maximized

2021-04-20 08:57:09 - [TEST_STEP][PASSED] - navigateToUrl(admin_url): Navigate to 'https://youhadmeathelloworld.staging.arcadier.io/admin' successfully

2021-04-20 08:57:11 - [MESSAGE][PASSED] - Navigate to 'https://youhadmeathelloworld.staging.arcadier.io/admin' successfully

2021-04-20 08:57:11 - [TEST_STEP][PASSED] - waitForPageLoad(2): Wait for page load successfully

2021-04-20 08:57:11 - [MESSAGE][PASSED] - Wait for page load successfully

2021-04-20 08:57:11 - [TEST_STEP][PASSED] - setText(findTestObject("Admin/Admin Login/txt_username"), admin_username): Text 'codemafia' is set on object 'Object Repository/Admin/Admin Login/txt_username'

2021-04-20 08:57:12 - [MESSAGE][PASSED] - Text 'codemafia' is set on object 'Object Repository/Admin/Admin Login/txt_username'

2021-04-20 08:57:12 - [TEST_STEP][PASSED] - setText(findTestObject("Admin/Admin Login/txt_password"), admin_password): Text 'welcome8' is set on object 'Object Repository/Admin/Admin Login/txt_password'

2021-04-20 08:57:13 - [MESSAGE][PASSED] - Text 'welcome8' is set on object 'Object Repository/Admin/Admin Login/txt_password'

2021-04-20 08:57:13 - [TEST_STEP][PASSED] - click(findTestObject("Admin/Admin Login/button_login")): Object: 'Object Repository/Admin/Admin Login/button_login' is clicked on

2021-04-20 08:57:25 - [MESSAGE][PASSED] - Object: 'Object Repository/Admin/Admin Login/button_login' is clicked on

2021-04-20 08:57:25 - [MESSAGE][PASSED] - Call Test Case 'Test Cases/Utilities/Admin Login' successfully

2021-04-20 08:57:25 - [TEST_STEP][PASSED] - callTestCase(findTestCase("Utilities/Navigate to Plugin"), [:], STOP_ON_FAILURE): Call Test Case 'Test Cases/Utilities/Navigate to Plugin' successfully

2021-04-20 08:57:25 - [TEST_CASE][PASSED] - Test Cases/Utilities/Navigate to Plugin: Test Cases/Utilities/Navigate to Plugin

2021-04-20 08:57:25 - [TEST_STEP][PASSED] - click(findTestObject("Admin/Plugin Navigation/link_plugin")): Object: 'Object Repository/Admin/Plugin Navigation/link_plugin' is clicked on

2021-04-20 08:57:26 - [MESSAGE][PASSED] - Object: 'Object Repository/Admin/Plugin Navigation/link_plugin' is clicked on

2021-04-20 08:57:26 - [TEST_STEP][PASSED] - click(findTestObject("Admin/Plugin Navigation/link_profile")): Object: 'Object Repository/Admin/Plugin Navigation/link_profile' is clicked on

2021-04-20 08:57:27 - [MESSAGE][PASSED] - Object: 'Object Repository/Admin/Plugin Navigation/link_profile' is clicked on

2021-04-20 08:57:27 - [MESSAGE][PASSED] - Call Test Case 'Test Cases/Utilities/Navigate to Plugin' successfully

2021-04-20 08:57:27 - [TEST_STEP][PASSED] - click(findTestObject("Admin/Plugin Page/Add New Text CF/a_Add Profile Input Field")): Object: 'Object Repository/Admin/Plugin Page/Add New Text CF/a_Add Profile Input Field' is clicked on

2021-04-20 08:57:28 - [MESSAGE][PASSED] - Object: 'Object Repository/Admin/Plugin Page/Add New Text CF/a_Add Profile Input Field' is clicked on

2021-04-20 08:57:28 - [TEST_STEP][PASSED] - setText(findTestObject("Admin/Plugin Page/Add New Text CF/input_Custom Field Name_custom_name"), "Sample Customfield Number"): Text 'Sample Customfield Number' is set on object 'Object Repository/Admin/Plugin Page/Add New Text CF/input_Custom Field Name_custom_name'

2021-04-20 08:57:29 - [MESSAGE][PASSED] - Text 'Sample Customfield Number' is set on object 'Object Repository/Admin/Plugin Page/Add New Text CF/input_Custom Field Name_custom_name'

2021-04-20 08:57:29 - [TEST_STEP][PASSED] - selectOptionByValue(findTestObject("Object Repository/Admin/Plugin Page/Add New Text CF/select_Text                                _e22ab6"), "number", true): All options with value 'number' are selected in object 'Object Repository/Admin/Plugin Page/Add New Text CF/select_Text                                _e22ab6'  using regular expression

2021-04-20 08:57:30 - [MESSAGE][PASSED] - All options with value 'number' are selected in object 'Object Repository/Admin/Plugin Page/Add New Text CF/select_Text                                _e22ab6'  using regular expression

2021-04-20 08:57:30 - [TEST_STEP][PASSED] - click(findTestObject("Admin/Plugin Page/Add New Text CF/input_Add Option_saveCustomDetails")): Object: 'Object Repository/Admin/Plugin Page/Add New Text CF/input_Add Option_saveCustomDetails' is clicked on

2021-04-20 08:57:31 - [MESSAGE][PASSED] - Object: 'Object Repository/Admin/Plugin Page/Add New Text CF/input_Add Option_saveCustomDetails' is clicked on

2021-04-20 08:57:31 - [TEST_STEP][PASSED] - closeBrowser(): Browser is closed

2021-04-20 08:57:31 - [MESSAGE][PASSED] - Browser is closed

2021-04-20 08:57:31 - [MESSAGE][PASSED] - Call Test Case 'Test Cases/Utilities/Add new Number customfield' successfully

2021-04-20 08:57:31 - [TEST_STEP][PASSED] - callTestCase(findTestCase("Utilities/Navigate to Buyer Settings"), [:], STOP_ON_FAILURE): Call Test Case 'Test Cases/Utilities/Navigate to Buyer Settings' successfully

2021-04-20 08:57:31 - [TEST_CASE][PASSED] - Test Cases/Utilities/Navigate to Buyer Settings: Test Cases/Utilities/Navigate to Buyer Settings

2021-04-20 08:57:31 - [TEST_STEP][PASSED] - openBrowser(""): Browser is opened with url: ''

2021-04-20 08:57:32 - [MESSAGE][INFO] - Starting 'Chrome' driver

2021-04-20 08:57:32 - [MESSAGE][INFO] - Action delay is set to 0 milliseconds

2021-04-20 08:57:33 - [MESSAGE][PASSED] - Browser is opened with url: ''

2021-04-20 08:57:33 - [TEST_STEP][PASSED] - navigateToUrl("https://youhadmeathelloworld.arcadier.io/"): Navigate to 'https://youhadmeathelloworld.arcadier.io/' successfully

2021-04-20 08:57:39 - [MESSAGE][PASSED] - Navigate to 'https://youhadmeathelloworld.arcadier.io/' successfully

2021-04-20 08:57:39 - [TEST_STEP][PASSED] - maximizeWindow(): Current window maximized

2021-04-20 08:57:39 - [MESSAGE][PASSED] - Current window maximized

2021-04-20 08:57:39 - [TEST_STEP][PASSED] - click(findTestObject("Object Repository/User/a_REGISTER  SIGN IN")): Object: 'Object Repository/User/a_REGISTER  SIGN IN' is clicked on

2021-04-20 08:57:40 - [MESSAGE][PASSED] - Object: 'Object Repository/User/a_REGISTER  SIGN IN' is clicked on

2021-04-20 08:57:40 - [TEST_STEP][PASSED] - setText(findTestObject("Object Repository/User/input_Your emailusername_username"), "athena"): Text 'athena' is set on object 'Object Repository/User/input_Your emailusername_username'

2021-04-20 08:57:41 - [MESSAGE][PASSED] - Text 'athena' is set on object 'Object Repository/User/input_Your emailusername_username'

2021-04-20 08:57:41 - [TEST_STEP][PASSED] - setEncryptedText(findTestObject("Object Repository/User/input_Your password_password"), "goxxgxvM2dP/z7G09p4JaTtn5QD+a0Kw"): Text ****** has been set on object 'Object Repository/User/input_Your password_password'

2021-04-20 08:57:42 - [MESSAGE][PASSED] - Text ****** has been set on object 'Object Repository/User/input_Your password_password'

2021-04-20 08:57:42 - [TEST_STEP][PASSED] - click(findTestObject("Object Repository/User/input_Your password_login-submit")): Object: 'Object Repository/User/input_Your password_login-submit' is clicked on

2021-04-20 08:57:44 - [MESSAGE][PASSED] - Object: 'Object Repository/User/input_Your password_login-submit' is clicked on

2021-04-20 08:57:44 - [TEST_STEP][PASSED] - mouseOver(findTestObject("User/i_EN_icon icon-down")): Object: 'Object Repository/User/i_EN_icon icon-down' is hovered

2021-04-20 08:57:45 - [MESSAGE][PASSED] - Object: 'Object Repository/User/i_EN_icon icon-down' is hovered

2021-04-20 08:57:45 - [TEST_STEP][PASSED] - click(findTestObject("User/a_Settings")): Object: 'Object Repository/User/a_Settings' is clicked on

2021-04-20 08:57:47 - [MESSAGE][PASSED] - Object: 'Object Repository/User/a_Settings' is clicked on

2021-04-20 08:57:47 - [MESSAGE][PASSED] - Call Test Case 'Test Cases/Utilities/Navigate to Buyer Settings' successfully

2021-04-20 08:57:47 - [TEST_STEP][PASSED] - verifyElementPresent(findTestObject("User/label_SAMPLE CUSTOMFIELD NUMBER"), 0): Object 'Object Repository/User/label_SAMPLE CUSTOMFIELD NUMBER' is present

2021-04-20 08:57:47 - [MESSAGE][WARNING] - Timeout '0' is invalid. Using default page load timeout: '30'

2021-04-20 08:57:47 - [MESSAGE][PASSED] - Object 'Object Repository/User/label_SAMPLE CUSTOMFIELD NUMBER' is present

2021-04-20 08:57:47 - [TEST_STEP][FAILED] - verifyElementText(findTestObject("User/label_SAMPLE CUSTOMFIELD NUMBER"), "SAMPLE CUSTOMFIELD NUMBER"): Verify element text of test object 'Object Repository/User/label_SAMPLE CUSTOMFIELD NUMBER' FAILED. (Root cause: com.kms.katalon.core.exception.StepFailedException: Verify element text of test object 'Object Repository/User/label_SAMPLE CUSTOMFIELD NUMBER' FAILED.
	at com.kms.katalon.core.webui.keyword.internal.WebUIKeywordMain.stepFailed(WebUIKeywordMain.groovy:64)
	at com.kms.katalon.core.webui.keyword.internal.WebUIKeywordMain.runKeyword(WebUIKeywordMain.groovy:26)
	at com.kms.katalon.core.webui.keyword.builtin.VerifyElementTextKeyword.verifyElementText(VerifyElementTextKeyword.groovy:72)
	at com.kms.katalon.core.webui.keyword.builtin.VerifyElementTextKeyword.execute(VerifyElementTextKeyword.groovy:40)
	at com.kms.katalon.core.keyword.internal.KeywordExecutor.executeKeywordForPlatform(KeywordExecutor.groovy:73)
	at com.kms.katalon.core.webui.keyword.WebUiBuiltInKeywords.verifyElementText(WebUiBuiltInKeywords.groovy:3689)
	at com.kms.katalon.core.webui.keyword.WebUiBuiltInKeywords$verifyElementText$9.call(Unknown Source)
	at TC_CMPLX_010.run(TC_CMPLX_010:25)
	at com.kms.katalon.core.main.ScriptEngine.run(ScriptEngine.java:194)
	at com.kms.katalon.core.main.ScriptEngine.runScriptAsRawText(ScriptEngine.java:119)
	at com.kms.katalon.core.main.TestCaseExecutor.runScript(TestCaseExecutor.java:339)
	at com.kms.katalon.core.main.TestCaseExecutor.doExecute(TestCaseExecutor.java:330)
	at com.kms.katalon.core.main.TestCaseExecutor.processExecutionPhase(TestCaseExecutor.java:309)
	at com.kms.katalon.core.main.TestCaseExecutor.accessMainPhase(TestCaseExecutor.java:301)
	at com.kms.katalon.core.main.TestCaseExecutor.execute(TestCaseExecutor.java:235)
	at com.kms.katalon.core.main.TestSuiteExecutor.accessTestCaseMainPhase(TestSuiteExecutor.java:191)
	at com.kms.katalon.core.main.TestSuiteExecutor.accessTestSuiteMainPhase(TestSuiteExecutor.java:141)
	at com.kms.katalon.core.main.TestSuiteExecutor.execute(TestSuiteExecutor.java:90)
	at com.kms.katalon.core.main.TestCaseMain.startTestSuite(TestCaseMain.java:157)
	at com.kms.katalon.core.main.TestCaseMain$startTestSuite$0.call(Unknown Source)
	at TempTestSuite1618880149405.run(TempTestSuite1618880149405.groovy:39)
Caused by: com.kms.katalon.core.exception.StepFailedException: Actual text 'SAMPLE TEXT CUSTOMFIELD' and expected text 'SAMPLE CUSTOMFIELD NUMBER' of test object 'Object Repository/User/label_SAMPLE CUSTOMFIELD NUMBER' are NOT matched.
	at com.kms.katalon.core.webui.keyword.internal.WebUIKeywordMain.stepFailed(WebUIKeywordMain.groovy:64)
	at com.kms.katalon.core.webui.keyword.builtin.VerifyElementTextKeyword$_verifyElementText_closure1.doCall(VerifyElementTextKeyword.groovy:57)
	at com.kms.katalon.core.webui.keyword.builtin.VerifyElementTextKeyword$_verifyElementText_closure1.call(VerifyElementTextKeyword.groovy)
	at com.kms.katalon.core.webui.keyword.internal.WebUIKeywordMain.runKeyword(WebUIKeywordMain.groovy:20)
	... 19 more
)

2021-04-20 08:57:48 - [MESSAGE][FAILED] - Actual text 'SAMPLE TEXT CUSTOMFIELD' and expected text 'SAMPLE CUSTOMFIELD NUMBER' of test object 'Object Repository/User/label_SAMPLE CUSTOMFIELD NUMBER' are NOT matched. (Root cause: com.kms.katalon.core.exception.StepFailedException: Actual text 'SAMPLE TEXT CUSTOMFIELD' and expected text 'SAMPLE CUSTOMFIELD NUMBER' of test object 'Object Repository/User/label_SAMPLE CUSTOMFIELD NUMBER' are NOT matched.
	at com.kms.katalon.core.webui.keyword.internal.WebUIKeywordMain.stepFailed(WebUIKeywordMain.groovy:64)
	at com.kms.katalon.core.webui.keyword.builtin.VerifyElementTextKeyword$_verifyElementText_closure1.doCall(VerifyElementTextKeyword.groovy:57)
	at com.kms.katalon.core.webui.keyword.builtin.VerifyElementTextKeyword$_verifyElementText_closure1.call(VerifyElementTextKeyword.groovy)
	at com.kms.katalon.core.webui.keyword.internal.WebUIKeywordMain.runKeyword(WebUIKeywordMain.groovy:20)
	at com.kms.katalon.core.webui.keyword.builtin.VerifyElementTextKeyword.verifyElementText(VerifyElementTextKeyword.groovy:72)
	at com.kms.katalon.core.webui.keyword.builtin.VerifyElementTextKeyword.execute(VerifyElementTextKeyword.groovy:40)
	at com.kms.katalon.core.keyword.internal.KeywordExecutor.executeKeywordForPlatform(KeywordExecutor.groovy:73)
	at com.kms.katalon.core.webui.keyword.WebUiBuiltInKeywords.verifyElementText(WebUiBuiltInKeywords.groovy:3689)
	at com.kms.katalon.core.webui.keyword.WebUiBuiltInKeywords$verifyElementText$9.call(Unknown Source)
	at TC_CMPLX_010.run(TC_CMPLX_010:25)
	at com.kms.katalon.core.main.ScriptEngine.run(ScriptEngine.java:194)
	at com.kms.katalon.core.main.ScriptEngine.runScriptAsRawText(ScriptEngine.java:119)
	at com.kms.katalon.core.main.TestCaseExecutor.runScript(TestCaseExecutor.java:339)
	at com.kms.katalon.core.main.TestCaseExecutor.doExecute(TestCaseExecutor.java:330)
	at com.kms.katalon.core.main.TestCaseExecutor.processExecutionPhase(TestCaseExecutor.java:309)
	at com.kms.katalon.core.main.TestCaseExecutor.accessMainPhase(TestCaseExecutor.java:301)
	at com.kms.katalon.core.main.TestCaseExecutor.execute(TestCaseExecutor.java:235)
	at com.kms.katalon.core.main.TestSuiteExecutor.accessTestCaseMainPhase(TestSuiteExecutor.java:191)
	at com.kms.katalon.core.main.TestSuiteExecutor.accessTestSuiteMainPhase(TestSuiteExecutor.java:141)
	at com.kms.katalon.core.main.TestSuiteExecutor.execute(TestSuiteExecutor.java:90)
	at com.kms.katalon.core.main.TestCaseMain.startTestSuite(TestCaseMain.java:157)
	at com.kms.katalon.core.main.TestCaseMain$startTestSuite$0.call(Unknown Source)
	at TempTestSuite1618880149405.run(TempTestSuite1618880149405.groovy:39)
)
[[ATTACHMENT|D:\\GITHUB\\automation_profile_input\\Reports\\20210420_085549\\User Settings\\20210420_085549\\1618880268361.png]]

2021-04-20 08:57:49 - [MESSAGE][FAILED] - Verify element text of test object 'Object Repository/User/label_SAMPLE CUSTOMFIELD NUMBER' FAILED. (Root cause: com.kms.katalon.core.exception.StepFailedException: Verify element text of test object 'Object Repository/User/label_SAMPLE CUSTOMFIELD NUMBER' FAILED.
	at com.kms.katalon.core.webui.keyword.internal.WebUIKeywordMain.stepFailed(WebUIKeywordMain.groovy:64)
	at com.kms.katalon.core.webui.keyword.internal.WebUIKeywordMain.runKeyword(WebUIKeywordMain.groovy:26)
	at com.kms.katalon.core.webui.keyword.builtin.VerifyElementTextKeyword.verifyElementText(VerifyElementTextKeyword.groovy:72)
	at com.kms.katalon.core.webui.keyword.builtin.VerifyElementTextKeyword.execute(VerifyElementTextKeyword.groovy:40)
	at com.kms.katalon.core.keyword.internal.KeywordExecutor.executeKeywordForPlatform(KeywordExecutor.groovy:73)
	at com.kms.katalon.core.webui.keyword.WebUiBuiltInKeywords.verifyElementText(WebUiBuiltInKeywords.groovy:3689)
	at com.kms.katalon.core.webui.keyword.WebUiBuiltInKeywords$verifyElementText$9.call(Unknown Source)
	at TC_CMPLX_010.run(TC_CMPLX_010:25)
	at com.kms.katalon.core.main.ScriptEngine.run(ScriptEngine.java:194)
	at com.kms.katalon.core.main.ScriptEngine.runScriptAsRawText(ScriptEngine.java:119)
	at com.kms.katalon.core.main.TestCaseExecutor.runScript(TestCaseExecutor.java:339)
	at com.kms.katalon.core.main.TestCaseExecutor.doExecute(TestCaseExecutor.java:330)
	at com.kms.katalon.core.main.TestCaseExecutor.processExecutionPhase(TestCaseExecutor.java:309)
	at com.kms.katalon.core.main.TestCaseExecutor.accessMainPhase(TestCaseExecutor.java:301)
	at com.kms.katalon.core.main.TestCaseExecutor.execute(TestCaseExecutor.java:235)
	at com.kms.katalon.core.main.TestSuiteExecutor.accessTestCaseMainPhase(TestSuiteExecutor.java:191)
	at com.kms.katalon.core.main.TestSuiteExecutor.accessTestSuiteMainPhase(TestSuiteExecutor.java:141)
	at com.kms.katalon.core.main.TestSuiteExecutor.execute(TestSuiteExecutor.java:90)
	at com.kms.katalon.core.main.TestCaseMain.startTestSuite(TestCaseMain.java:157)
	at com.kms.katalon.core.main.TestCaseMain$startTestSuite$0.call(Unknown Source)
	at TempTestSuite1618880149405.run(TempTestSuite1618880149405.groovy:39)
Caused by: com.kms.katalon.core.exception.StepFailedException: Actual text 'SAMPLE TEXT CUSTOMFIELD' and expected text 'SAMPLE CUSTOMFIELD NUMBER' of test object 'Object Repository/User/label_SAMPLE CUSTOMFIELD NUMBER' are NOT matched.
	at com.kms.katalon.core.webui.keyword.internal.WebUIKeywordMain.stepFailed(WebUIKeywordMain.groovy:64)
	at com.kms.katalon.core.webui.keyword.builtin.VerifyElementTextKeyword$_verifyElementText_closure1.doCall(VerifyElementTextKeyword.groovy:57)
	at com.kms.katalon.core.webui.keyword.builtin.VerifyElementTextKeyword$_verifyElementText_closure1.call(VerifyElementTextKeyword.groovy)
	at com.kms.katalon.core.webui.keyword.internal.WebUIKeywordMain.runKeyword(WebUIKeywordMain.groovy:20)
	... 19 more
)
[[ATTACHMENT|D:\\GITHUB\\automation_profile_input\\Reports\\20210420_085549\\User Settings\\20210420_085549\\1618880268748.png]]]]></system-out>
         <system-err><![CDATA[2021-04-20 08:57:07 - [TEST_CASE][FAILED] - Test Cases/User Settings/COMPLEX/TC_CMPLX_010: Test Cases/User Settings/COMPLEX/TC_CMPLX_010 FAILED.
Reason:
com.kms.katalon.core.exception.StepFailedException: Verify element text of test object 'Object Repository/User/label_SAMPLE CUSTOMFIELD NUMBER' FAILED.
	at com.kms.katalon.core.webui.keyword.internal.WebUIKeywordMain.stepFailed(WebUIKeywordMain.groovy:64)
	at com.kms.katalon.core.webui.keyword.internal.WebUIKeywordMain.runKeyword(WebUIKeywordMain.groovy:26)
	at com.kms.katalon.core.webui.keyword.builtin.VerifyElementTextKeyword.verifyElementText(VerifyElementTextKeyword.groovy:72)
	at com.kms.katalon.core.webui.keyword.builtin.VerifyElementTextKeyword.execute(VerifyElementTextKeyword.groovy:40)
	at com.kms.katalon.core.keyword.internal.KeywordExecutor.executeKeywordForPlatform(KeywordExecutor.groovy:73)
	at com.kms.katalon.core.webui.keyword.WebUiBuiltInKeywords.verifyElementText(WebUiBuiltInKeywords.groovy:3689)
	at com.kms.katalon.core.webui.keyword.WebUiBuiltInKeywords$verifyElementText$9.call(Unknown Source)
	at TC_CMPLX_010.run(TC_CMPLX_010:25)
	at com.kms.katalon.core.main.ScriptEngine.run(ScriptEngine.java:194)
	at com.kms.katalon.core.main.ScriptEngine.runScriptAsRawText(ScriptEngine.java:119)
	at com.kms.katalon.core.main.TestCaseExecutor.runScript(TestCaseExecutor.java:339)
	at com.kms.katalon.core.main.TestCaseExecutor.doExecute(TestCaseExecutor.java:330)
	at com.kms.katalon.core.main.TestCaseExecutor.processExecutionPhase(TestCaseExecutor.java:309)
	at com.kms.katalon.core.main.TestCaseExecutor.accessMainPhase(TestCaseExecutor.java:301)
	at com.kms.katalon.core.main.TestCaseExecutor.execute(TestCaseExecutor.java:235)
	at com.kms.katalon.core.main.TestSuiteExecutor.accessTestCaseMainPhase(TestSuiteExecutor.java:191)
	at com.kms.katalon.core.main.TestSuiteExecutor.accessTestSuiteMainPhase(TestSuiteExecutor.java:141)
	at com.kms.katalon.core.main.TestSuiteExecutor.execute(TestSuiteExecutor.java:90)
	at com.kms.katalon.core.main.TestCaseMain.startTestSuite(TestCaseMain.java:157)
	at com.kms.katalon.core.main.TestCaseMain$startTestSuite$0.call(Unknown Source)
	at TempTestSuite1618880149405.run(TempTestSuite1618880149405.groovy:39)
Caused by: com.kms.katalon.core.exception.StepFailedException: Actual text 'SAMPLE TEXT CUSTOMFIELD' and expected text 'SAMPLE CUSTOMFIELD NUMBER' of test object 'Object Repository/User/label_SAMPLE CUSTOMFIELD NUMBER' are NOT matched.
	at com.kms.katalon.core.webui.keyword.internal.WebUIKeywordMain.stepFailed(WebUIKeywordMain.groovy:64)
	at com.kms.katalon.core.webui.keyword.builtin.VerifyElementTextKeyword$_verifyElementText_closure1.doCall(VerifyElementTextKeyword.groovy:57)
	at com.kms.katalon.core.webui.keyword.builtin.VerifyElementTextKeyword$_verifyElementText_closure1.call(VerifyElementTextKeyword.groovy)
	at com.kms.katalon.core.webui.keyword.internal.WebUIKeywordMain.runKeyword(WebUIKeywordMain.groovy:20)
	... 19 more]]></system-err>
      </testcase>
      <system-out><![CDATA[2021-04-20 08:55:55 - [TEST_SUITE][FAILED] - User Settings: Test Cases/User Settings/COMPLEX/TC_CMPLX_010 FAILED.
Reason:
com.kms.katalon.core.exception.StepFailedException: Verify element text of test object 'Object Repository/User/label_SAMPLE CUSTOMFIELD NUMBER' FAILED.
	at com.kms.katalon.core.webui.keyword.internal.WebUIKeywordMain.stepFailed(WebUIKeywordMain.groovy:64)
	at com.kms.katalon.core.webui.keyword.internal.WebUIKeywordMain.runKeyword(WebUIKeywordMain.groovy:26)
	at com.kms.katalon.core.webui.keyword.builtin.VerifyElementTextKeyword.verifyElementText(VerifyElementTextKeyword.groovy:72)
	at com.kms.katalon.core.webui.keyword.builtin.VerifyElementTextKeyword.execute(VerifyElementTextKeyword.groovy:40)
	at com.kms.katalon.core.keyword.internal.KeywordExecutor.executeKeywordForPlatform(KeywordExecutor.groovy:73)
	at com.kms.katalon.core.webui.keyword.WebUiBuiltInKeywords.verifyElementText(WebUiBuiltInKeywords.groovy:3689)
	at com.kms.katalon.core.webui.keyword.WebUiBuiltInKeywords$verifyElementText$9.call(Unknown Source)
	at TC_CMPLX_010.run(TC_CMPLX_010:25)
	at com.kms.katalon.core.main.ScriptEngine.run(ScriptEngine.java:194)
	at com.kms.katalon.core.main.ScriptEngine.runScriptAsRawText(ScriptEngine.java:119)
	at com.kms.katalon.core.main.TestCaseExecutor.runScript(TestCaseExecutor.java:339)
	at com.kms.katalon.core.main.TestCaseExecutor.doExecute(TestCaseExecutor.java:330)
	at com.kms.katalon.core.main.TestCaseExecutor.processExecutionPhase(TestCaseExecutor.java:309)
	at com.kms.katalon.core.main.TestCaseExecutor.accessMainPhase(TestCaseExecutor.java:301)
	at com.kms.katalon.core.main.TestCaseExecutor.execute(TestCaseExecutor.java:235)
	at com.kms.katalon.core.main.TestSuiteExecutor.accessTestCaseMainPhase(TestSuiteExecutor.java:191)
	at com.kms.katalon.core.main.TestSuiteExecutor.accessTestSuiteMainPhase(TestSuiteExecutor.java:141)
	at com.kms.katalon.core.main.TestSuiteExecutor.execute(TestSuiteExecutor.java:90)
	at com.kms.katalon.core.main.TestCaseMain.startTestSuite(TestCaseMain.java:157)
	at com.kms.katalon.core.main.TestCaseMain$startTestSuite$0.call(Unknown Source)
	at TempTestSuite1618880149405.run(TempTestSuite1618880149405.groovy:39)
Caused by: com.kms.katalon.core.exception.StepFailedException: Actual text 'SAMPLE TEXT CUSTOMFIELD' and expected text 'SAMPLE CUSTOMFIELD NUMBER' of test object 'Object Repository/User/label_SAMPLE CUSTOMFIELD NUMBER' are NOT matched.
	at com.kms.katalon.core.webui.keyword.internal.WebUIKeywordMain.stepFailed(WebUIKeywordMain.groovy:64)
	at com.kms.katalon.core.webui.keyword.builtin.VerifyElementTextKeyword$_verifyElementText_closure1.doCall(VerifyElementTextKeyword.groovy:57)
	at com.kms.katalon.core.webui.keyword.builtin.VerifyElementTextKeyword$_verifyElementText_closure1.call(VerifyElementTextKeyword.groovy)
	at com.kms.katalon.core.webui.keyword.internal.WebUIKeywordMain.runKeyword(WebUIKeywordMain.groovy:20)
	... 19 more]]></system-out>
      <system-err><![CDATA[2021-04-20 08:55:55 - [TEST_SUITE][FAILED] - User Settings: Test Cases/User Settings/COMPLEX/TC_CMPLX_010 FAILED.
Reason:
com.kms.katalon.core.exception.StepFailedException: Verify element text of test object 'Object Repository/User/label_SAMPLE CUSTOMFIELD NUMBER' FAILED.
	at com.kms.katalon.core.webui.keyword.internal.WebUIKeywordMain.stepFailed(WebUIKeywordMain.groovy:64)
	at com.kms.katalon.core.webui.keyword.internal.WebUIKeywordMain.runKeyword(WebUIKeywordMain.groovy:26)
	at com.kms.katalon.core.webui.keyword.builtin.VerifyElementTextKeyword.verifyElementText(VerifyElementTextKeyword.groovy:72)
	at com.kms.katalon.core.webui.keyword.builtin.VerifyElementTextKeyword.execute(VerifyElementTextKeyword.groovy:40)
	at com.kms.katalon.core.keyword.internal.KeywordExecutor.executeKeywordForPlatform(KeywordExecutor.groovy:73)
	at com.kms.katalon.core.webui.keyword.WebUiBuiltInKeywords.verifyElementText(WebUiBuiltInKeywords.groovy:3689)
	at com.kms.katalon.core.webui.keyword.WebUiBuiltInKeywords$verifyElementText$9.call(Unknown Source)
	at TC_CMPLX_010.run(TC_CMPLX_010:25)
	at com.kms.katalon.core.main.ScriptEngine.run(ScriptEngine.java:194)
	at com.kms.katalon.core.main.ScriptEngine.runScriptAsRawText(ScriptEngine.java:119)
	at com.kms.katalon.core.main.TestCaseExecutor.runScript(TestCaseExecutor.java:339)
	at com.kms.katalon.core.main.TestCaseExecutor.doExecute(TestCaseExecutor.java:330)
	at com.kms.katalon.core.main.TestCaseExecutor.processExecutionPhase(TestCaseExecutor.java:309)
	at com.kms.katalon.core.main.TestCaseExecutor.accessMainPhase(TestCaseExecutor.java:301)
	at com.kms.katalon.core.main.TestCaseExecutor.execute(TestCaseExecutor.java:235)
	at com.kms.katalon.core.main.TestSuiteExecutor.accessTestCaseMainPhase(TestSuiteExecutor.java:191)
	at com.kms.katalon.core.main.TestSuiteExecutor.accessTestSuiteMainPhase(TestSuiteExecutor.java:141)
	at com.kms.katalon.core.main.TestSuiteExecutor.execute(TestSuiteExecutor.java:90)
	at com.kms.katalon.core.main.TestCaseMain.startTestSuite(TestCaseMain.java:157)
	at com.kms.katalon.core.main.TestCaseMain$startTestSuite$0.call(Unknown Source)
	at TempTestSuite1618880149405.run(TempTestSuite1618880149405.groovy:39)
Caused by: com.kms.katalon.core.exception.StepFailedException: Actual text 'SAMPLE TEXT CUSTOMFIELD' and expected text 'SAMPLE CUSTOMFIELD NUMBER' of test object 'Object Repository/User/label_SAMPLE CUSTOMFIELD NUMBER' are NOT matched.
	at com.kms.katalon.core.webui.keyword.internal.WebUIKeywordMain.stepFailed(WebUIKeywordMain.groovy:64)
	at com.kms.katalon.core.webui.keyword.builtin.VerifyElementTextKeyword$_verifyElementText_closure1.doCall(VerifyElementTextKeyword.groovy:57)
	at com.kms.katalon.core.webui.keyword.builtin.VerifyElementTextKeyword$_verifyElementText_closure1.call(VerifyElementTextKeyword.groovy)
	at com.kms.katalon.core.webui.keyword.internal.WebUIKeywordMain.runKeyword(WebUIKeywordMain.groovy:20)
	... 19 more]]></system-err>
   </testsuite>
</testsuites>
