<?xml version="1.0" encoding="UTF-8"?>
<testsuites name="User Settings" time="493.373" tests="8" failures="5" errors="0">
   <testsuite name="User Settings" tests="8" failures="5" errors="0" time="493.373" timestamp="2021-04-20 08:34:29" hostname="Natasha - 192.168.254.102" id="Test Suites/User Settings">
      <properties>
         <property name="deviceName" value=""/>
         <property name="devicePlatform" value=""/>
         <property name="logFolder" value="D:\\GITHUB\\automation_profile_input\\Reports\\20210420_083422\\User Settings\\20210420_083422"/>
         <property name="logFiles" value="D:\\GITHUB\\automation_profile_input\\Reports\\20210420_083422\\User Settings\\20210420_083422\\execution0.log"/>
         <property name="attachments" value="D:\\GITHUB\\automation_profile_input\\Reports\\20210420_083422\\User Settings\\20210420_083422\\1618878972486.png, D:\\GITHUB\\automation_profile_input\\Reports\\20210420_083422\\User Settings\\20210420_083422\\1618878972839.png, D:\\GITHUB\\automation_profile_input\\Reports\\20210420_083422\\User Settings\\20210420_083422\\1618879012381.png, D:\\GITHUB\\automation_profile_input\\Reports\\20210420_083422\\User Settings\\20210420_083422\\1618879012718.png, D:\\GITHUB\\automation_profile_input\\Reports\\20210420_083422\\User Settings\\20210420_083422\\1618879053367.png, D:\\GITHUB\\automation_profile_input\\Reports\\20210420_083422\\User Settings\\20210420_083422\\1618879053720.png, D:\\GITHUB\\automation_profile_input\\Reports\\20210420_083422\\User Settings\\20210420_083422\\1618879122488.png, D:\\GITHUB\\automation_profile_input\\Reports\\20210420_083422\\User Settings\\20210420_083422\\1618879122811.png, D:\\GITHUB\\automation_profile_input\\Reports\\20210420_083422\\User Settings\\20210420_083422\\1618879210340.png, D:\\GITHUB\\automation_profile_input\\Reports\\20210420_083422\\User Settings\\20210420_083422\\1618879210659.png"/>
         <property name="hostName" value="Natasha - 192.168.254.102"/>
         <property name="os" value="Windows 10 64bit"/>
         <property name="katalonVersion" value="7.6.6.205"/>
         <property name="browser" value="Chrome 89.0.4389.128"/>
         <property name="hostAddress" value="192.168.254.102"/>
         <property name="sessionId" value="91f256294122fa74b69343def773d9a2"/>
         <property name="seleniumVersion" value="3.141.59"/>
         <property name="proxyInformation" value="ProxyInformation { proxyOption=NO_PROXY, proxyServerType=HTTP, username=, password=********, proxyServerAddress=, proxyServerPort=0, executionList=&quot;&quot;, isApplyToDesiredCapabilities=true }"/>
         <property name="platform" value="Windows 10"/>
      </properties>
      <testcase name="Test Cases/User Settings/COMPLEX/TC_CMPLX_009" time="62.919" classname="Test Cases/User Settings/COMPLEX/TC_CMPLX_009" status="PASSED">
         <system-out><![CDATA[2021-04-20 08:34:29 - [TEST_CASE][PASSED] - Test Cases/User Settings/COMPLEX/TC_CMPLX_009: Test Cases/User Settings/COMPLEX/TC_CMPLX_009

2021-04-20 08:34:29 - [TEST_STEP][PASSED] - callTestCase(findTestCase("Utilities/Add New Text Custom Field"), [:], STOP_ON_FAILURE): Call Test Case 'Test Cases/Utilities/Add New Text Custom Field' successfully

2021-04-20 08:34:30 - [TEST_CASE][PASSED] - Test Cases/Utilities/Add New Text Custom Field: Test Cases/Utilities/Add New Text Custom Field

2021-04-20 08:34:30 - [TEST_STEP][PASSED] - callTestCase(findTestCase("Utilities/Admin Login"), [:], STOP_ON_FAILURE): Call Test Case 'Test Cases/Utilities/Admin Login' successfully

2021-04-20 08:34:30 - [TEST_CASE][PASSED] - Test Cases/Utilities/Admin Login: Test Cases/Utilities/Admin Login

2021-04-20 08:34:30 - [TEST_STEP][PASSED] - openBrowser(""): Browser is opened with url: ''

2021-04-20 08:34:30 - [MESSAGE][INFO] - Starting 'Chrome' driver

2021-04-20 08:34:30 - [MESSAGE][INFO] - Action delay is set to 0 milliseconds

2021-04-20 08:34:32 - [MESSAGE][PASSED] - Browser is opened with url: ''

2021-04-20 08:34:32 - [TEST_STEP][PASSED] - maximizeWindow(): Current window maximized

2021-04-20 08:34:32 - [MESSAGE][PASSED] - Current window maximized

2021-04-20 08:34:32 - [TEST_STEP][PASSED] - navigateToUrl(admin_url): Navigate to 'https://youhadmeathelloworld.staging.arcadier.io/admin' successfully

2021-04-20 08:34:37 - [MESSAGE][PASSED] - Navigate to 'https://youhadmeathelloworld.staging.arcadier.io/admin' successfully

2021-04-20 08:34:37 - [TEST_STEP][PASSED] - waitForPageLoad(2): Wait for page load successfully

2021-04-20 08:34:37 - [MESSAGE][PASSED] - Wait for page load successfully

2021-04-20 08:34:37 - [TEST_STEP][PASSED] - setText(findTestObject("Admin/Admin Login/txt_username"), admin_username): Text 'codemafia' is set on object 'Object Repository/Admin/Admin Login/txt_username'

2021-04-20 08:34:39 - [MESSAGE][PASSED] - Text 'codemafia' is set on object 'Object Repository/Admin/Admin Login/txt_username'

2021-04-20 08:34:39 - [TEST_STEP][PASSED] - setText(findTestObject("Admin/Admin Login/txt_password"), admin_password): Text 'welcome8' is set on object 'Object Repository/Admin/Admin Login/txt_password'

2021-04-20 08:34:39 - [MESSAGE][PASSED] - Text 'welcome8' is set on object 'Object Repository/Admin/Admin Login/txt_password'

2021-04-20 08:34:39 - [TEST_STEP][PASSED] - click(findTestObject("Admin/Admin Login/button_login")): Object: 'Object Repository/Admin/Admin Login/button_login' is clicked on

2021-04-20 08:34:49 - [MESSAGE][PASSED] - Object: 'Object Repository/Admin/Admin Login/button_login' is clicked on

2021-04-20 08:34:49 - [MESSAGE][PASSED] - Call Test Case 'Test Cases/Utilities/Admin Login' successfully

2021-04-20 08:34:49 - [TEST_STEP][PASSED] - callTestCase(findTestCase("Utilities/Navigate to Plugin"), [:], STOP_ON_FAILURE): Call Test Case 'Test Cases/Utilities/Navigate to Plugin' successfully

2021-04-20 08:34:49 - [TEST_CASE][PASSED] - Test Cases/Utilities/Navigate to Plugin: Test Cases/Utilities/Navigate to Plugin

2021-04-20 08:34:49 - [TEST_STEP][PASSED] - click(findTestObject("Admin/Plugin Navigation/link_plugin")): Object: 'Object Repository/Admin/Plugin Navigation/link_plugin' is clicked on

2021-04-20 08:34:50 - [MESSAGE][PASSED] - Object: 'Object Repository/Admin/Plugin Navigation/link_plugin' is clicked on

2021-04-20 08:34:50 - [TEST_STEP][PASSED] - click(findTestObject("Admin/Plugin Navigation/link_profile")): Object: 'Object Repository/Admin/Plugin Navigation/link_profile' is clicked on

2021-04-20 08:34:52 - [MESSAGE][PASSED] - Object: 'Object Repository/Admin/Plugin Navigation/link_profile' is clicked on

2021-04-20 08:34:52 - [MESSAGE][PASSED] - Call Test Case 'Test Cases/Utilities/Navigate to Plugin' successfully

2021-04-20 08:34:52 - [TEST_STEP][PASSED] - click(findTestObject("Admin/Plugin Page/Add New Text CF/a_Add Profile Input Field")): Object: 'Object Repository/Admin/Plugin Page/Add New Text CF/a_Add Profile Input Field' is clicked on

2021-04-20 08:34:53 - [MESSAGE][PASSED] - Object: 'Object Repository/Admin/Plugin Page/Add New Text CF/a_Add Profile Input Field' is clicked on

2021-04-20 08:34:53 - [TEST_STEP][PASSED] - setText(findTestObject("Admin/Plugin Page/Add New Text CF/input_Custom Field Name_custom_name"), "Sample Text Customfield"): Text 'Sample Text Customfield' is set on object 'Object Repository/Admin/Plugin Page/Add New Text CF/input_Custom Field Name_custom_name'

2021-04-20 08:34:54 - [MESSAGE][PASSED] - Text 'Sample Text Customfield' is set on object 'Object Repository/Admin/Plugin Page/Add New Text CF/input_Custom Field Name_custom_name'

2021-04-20 08:34:54 - [TEST_STEP][PASSED] - click(findTestObject("Admin/Plugin Page/Add New Text CF/input_Add Option_saveCustomDetails")): Object: 'Object Repository/Admin/Plugin Page/Add New Text CF/input_Add Option_saveCustomDetails' is clicked on

2021-04-20 08:34:54 - [MESSAGE][PASSED] - Object: 'Object Repository/Admin/Plugin Page/Add New Text CF/input_Add Option_saveCustomDetails' is clicked on

2021-04-20 08:34:54 - [TEST_STEP][PASSED] - closeBrowser(): Browser is closed

2021-04-20 08:34:55 - [MESSAGE][PASSED] - Browser is closed

2021-04-20 08:34:55 - [MESSAGE][PASSED] - Call Test Case 'Test Cases/Utilities/Add New Text Custom Field' successfully

2021-04-20 08:34:55 - [TEST_STEP][PASSED] - callTestCase(findTestCase("Utilities/Navigate to Buyer Settings"), [:], STOP_ON_FAILURE): Call Test Case 'Test Cases/Utilities/Navigate to Buyer Settings' successfully

2021-04-20 08:34:55 - [TEST_CASE][PASSED] - Test Cases/Utilities/Navigate to Buyer Settings: Test Cases/Utilities/Navigate to Buyer Settings

2021-04-20 08:34:55 - [TEST_STEP][PASSED] - openBrowser(""): Browser is opened with url: ''

2021-04-20 08:34:55 - [MESSAGE][INFO] - Starting 'Chrome' driver

2021-04-20 08:34:55 - [MESSAGE][INFO] - Action delay is set to 0 milliseconds

2021-04-20 08:34:57 - [MESSAGE][PASSED] - Browser is opened with url: ''

2021-04-20 08:34:57 - [TEST_STEP][PASSED] - navigateToUrl("https://youhadmeathelloworld.arcadier.io/"): Navigate to 'https://youhadmeathelloworld.arcadier.io/' successfully

2021-04-20 08:35:00 - [MESSAGE][PASSED] - Navigate to 'https://youhadmeathelloworld.arcadier.io/' successfully

2021-04-20 08:35:00 - [TEST_STEP][PASSED] - maximizeWindow(): Current window maximized

2021-04-20 08:35:00 - [MESSAGE][PASSED] - Current window maximized

2021-04-20 08:35:00 - [TEST_STEP][PASSED] - click(findTestObject("Object Repository/User/a_REGISTER  SIGN IN")): Object: 'Object Repository/User/a_REGISTER  SIGN IN' is clicked on

2021-04-20 08:35:02 - [MESSAGE][PASSED] - Object: 'Object Repository/User/a_REGISTER  SIGN IN' is clicked on

2021-04-20 08:35:02 - [TEST_STEP][PASSED] - setText(findTestObject("Object Repository/User/input_Your emailusername_username"), "athena"): Text 'athena' is set on object 'Object Repository/User/input_Your emailusername_username'

2021-04-20 08:35:03 - [MESSAGE][PASSED] - Text 'athena' is set on object 'Object Repository/User/input_Your emailusername_username'

2021-04-20 08:35:03 - [TEST_STEP][PASSED] - setEncryptedText(findTestObject("Object Repository/User/input_Your password_password"), "goxxgxvM2dP/z7G09p4JaTtn5QD+a0Kw"): Text ****** has been set on object 'Object Repository/User/input_Your password_password'

2021-04-20 08:35:03 - [MESSAGE][PASSED] - Text ****** has been set on object 'Object Repository/User/input_Your password_password'

2021-04-20 08:35:03 - [TEST_STEP][PASSED] - click(findTestObject("Object Repository/User/input_Your password_login-submit")): Object: 'Object Repository/User/input_Your password_login-submit' is clicked on

2021-04-20 08:35:06 - [MESSAGE][PASSED] - Object: 'Object Repository/User/input_Your password_login-submit' is clicked on

2021-04-20 08:35:06 - [TEST_STEP][PASSED] - mouseOver(findTestObject("User/i_EN_icon icon-down")): Object: 'Object Repository/User/i_EN_icon icon-down' is hovered

2021-04-20 08:35:07 - [MESSAGE][PASSED] - Object: 'Object Repository/User/i_EN_icon icon-down' is hovered

2021-04-20 08:35:07 - [TEST_STEP][PASSED] - click(findTestObject("User/a_Settings")): Object: 'Object Repository/User/a_Settings' is clicked on

2021-04-20 08:35:08 - [MESSAGE][PASSED] - Object: 'Object Repository/User/a_Settings' is clicked on

2021-04-20 08:35:08 - [MESSAGE][PASSED] - Call Test Case 'Test Cases/Utilities/Navigate to Buyer Settings' successfully

2021-04-20 08:35:08 - [TEST_STEP][PASSED] - verifyElementPresent(findTestObject("User/label_SAMPLE TEXT CUSTOMFIELD"), 0): Object 'Object Repository/User/label_SAMPLE TEXT CUSTOMFIELD' is present

2021-04-20 08:35:08 - [MESSAGE][WARNING] - Timeout '0' is invalid. Using default page load timeout: '30'

2021-04-20 08:35:09 - [MESSAGE][PASSED] - Object 'Object Repository/User/label_SAMPLE TEXT CUSTOMFIELD' is present

2021-04-20 08:35:09 - [TEST_STEP][PASSED] - verifyElementText(findTestObject("User/label_SAMPLE TEXT CUSTOMFIELD"), "SAMPLE TEXT CUSTOMFIELD"): Actual text and expected text of test object 'Object Repository/User/label_SAMPLE TEXT CUSTOMFIELD' are matched.

2021-04-20 08:35:09 - [MESSAGE][PASSED] - Actual text and expected text of test object 'Object Repository/User/label_SAMPLE TEXT CUSTOMFIELD' are matched.

2021-04-20 08:35:09 - [TEST_STEP][PASSED] - verifyElementAttributeValue(findTestObject("User/input_SAMPLE TEXT CUSTOMFIELD_Sample Text Customfield"), "type", "text", 0): Object 'Object Repository/User/input_SAMPLE TEXT CUSTOMFIELD_Sample Text Customfield' has attribute 'type' with value 'text'

2021-04-20 08:35:09 - [MESSAGE][WARNING] - Timeout '0' is invalid. Using default page load timeout: '30'

2021-04-20 08:35:10 - [MESSAGE][PASSED] - Object 'Object Repository/User/input_SAMPLE TEXT CUSTOMFIELD_Sample Text Customfield' has attribute 'type' with value 'text'

2021-04-20 08:35:10 - [TEST_STEP][PASSED] - callTestCase(findTestCase("Utilities/Deleting Custom Field"), [:], STOP_ON_FAILURE): Call Test Case 'Test Cases/Utilities/Deleting Custom Field' successfully

2021-04-20 08:35:10 - [TEST_CASE][PASSED] - Test Cases/Utilities/Deleting Custom Field: Test Cases/Utilities/Deleting Custom Field

2021-04-20 08:35:10 - [TEST_STEP][PASSED] - callTestCase(findTestCase("Utilities/Admin Login"), [:], STOP_ON_FAILURE): Call Test Case 'Test Cases/Utilities/Admin Login' successfully

2021-04-20 08:35:10 - [TEST_CASE][PASSED] - Test Cases/Utilities/Admin Login: Test Cases/Utilities/Admin Login

2021-04-20 08:35:10 - [TEST_STEP][PASSED] - openBrowser(""): Browser is opened with url: ''

2021-04-20 08:35:10 - [MESSAGE][WARNING] - A browser is already opened. Closing browser and opening a new one

2021-04-20 08:35:11 - [MESSAGE][INFO] - Starting 'Chrome' driver

2021-04-20 08:35:11 - [MESSAGE][INFO] - Action delay is set to 0 milliseconds

2021-04-20 08:35:12 - [MESSAGE][PASSED] - Browser is opened with url: ''

2021-04-20 08:35:12 - [TEST_STEP][PASSED] - maximizeWindow(): Current window maximized

2021-04-20 08:35:12 - [MESSAGE][PASSED] - Current window maximized

2021-04-20 08:35:12 - [TEST_STEP][PASSED] - navigateToUrl(admin_url): Navigate to 'https://youhadmeathelloworld.staging.arcadier.io/admin' successfully

2021-04-20 08:35:15 - [MESSAGE][PASSED] - Navigate to 'https://youhadmeathelloworld.staging.arcadier.io/admin' successfully

2021-04-20 08:35:15 - [TEST_STEP][PASSED] - waitForPageLoad(2): Wait for page load successfully

2021-04-20 08:35:15 - [MESSAGE][PASSED] - Wait for page load successfully

2021-04-20 08:35:15 - [TEST_STEP][PASSED] - setText(findTestObject("Admin/Admin Login/txt_username"), admin_username): Text 'codemafia' is set on object 'Object Repository/Admin/Admin Login/txt_username'

2021-04-20 08:35:16 - [MESSAGE][PASSED] - Text 'codemafia' is set on object 'Object Repository/Admin/Admin Login/txt_username'

2021-04-20 08:35:16 - [TEST_STEP][PASSED] - setText(findTestObject("Admin/Admin Login/txt_password"), admin_password): Text 'welcome8' is set on object 'Object Repository/Admin/Admin Login/txt_password'

2021-04-20 08:35:17 - [MESSAGE][PASSED] - Text 'welcome8' is set on object 'Object Repository/Admin/Admin Login/txt_password'

2021-04-20 08:35:17 - [TEST_STEP][PASSED] - click(findTestObject("Admin/Admin Login/button_login")): Object: 'Object Repository/Admin/Admin Login/button_login' is clicked on

2021-04-20 08:35:27 - [MESSAGE][PASSED] - Object: 'Object Repository/Admin/Admin Login/button_login' is clicked on

2021-04-20 08:35:27 - [MESSAGE][PASSED] - Call Test Case 'Test Cases/Utilities/Admin Login' successfully

2021-04-20 08:35:27 - [TEST_STEP][PASSED] - callTestCase(findTestCase("Utilities/Navigate to Plugin"), [:], STOP_ON_FAILURE): Call Test Case 'Test Cases/Utilities/Navigate to Plugin' successfully

2021-04-20 08:35:27 - [TEST_CASE][PASSED] - Test Cases/Utilities/Navigate to Plugin: Test Cases/Utilities/Navigate to Plugin

2021-04-20 08:35:27 - [TEST_STEP][PASSED] - click(findTestObject("Admin/Plugin Navigation/link_plugin")): Object: 'Object Repository/Admin/Plugin Navigation/link_plugin' is clicked on

2021-04-20 08:35:28 - [MESSAGE][PASSED] - Object: 'Object Repository/Admin/Plugin Navigation/link_plugin' is clicked on

2021-04-20 08:35:28 - [TEST_STEP][PASSED] - click(findTestObject("Admin/Plugin Navigation/link_profile")): Object: 'Object Repository/Admin/Plugin Navigation/link_profile' is clicked on

2021-04-20 08:35:30 - [MESSAGE][PASSED] - Object: 'Object Repository/Admin/Plugin Navigation/link_profile' is clicked on

2021-04-20 08:35:30 - [MESSAGE][PASSED] - Call Test Case 'Test Cases/Utilities/Navigate to Plugin' successfully

2021-04-20 08:35:30 - [TEST_STEP][PASSED] - click(findTestObject("Admin/Plugin Page/Deleting Custom Fields/i_Textfield_icon icon-delete")): Object: 'Object Repository/Admin/Plugin Page/Deleting Custom Fields/i_Textfield_icon icon-delete' is clicked on

2021-04-20 08:35:31 - [MESSAGE][PASSED] - Object: 'Object Repository/Admin/Plugin Page/Deleting Custom Fields/i_Textfield_icon icon-delete' is clicked on

2021-04-20 08:35:31 - [TEST_STEP][PASSED] - click(findTestObject("Admin/Plugin Page/Deleting Custom Fields/del_confirm")): Object: 'Object Repository/Admin/Plugin Page/Deleting Custom Fields/del_confirm' is clicked on

2021-04-20 08:35:31 - [MESSAGE][PASSED] - Object: 'Object Repository/Admin/Plugin Page/Deleting Custom Fields/del_confirm' is clicked on

2021-04-20 08:35:31 - [TEST_STEP][PASSED] - closeBrowser(): Browser is closed

2021-04-20 08:35:32 - [MESSAGE][PASSED] - Browser is closed

2021-04-20 08:35:32 - [MESSAGE][PASSED] - Call Test Case 'Test Cases/Utilities/Deleting Custom Field' successfully]]></system-out>
         <system-err><![CDATA[]]></system-err>
      </testcase>
      <testcase name="Test Cases/User Settings/COMPLEX/TC_CMPLX_010" time="40.602" classname="Test Cases/User Settings/COMPLEX/TC_CMPLX_010" status="FAILED">
         <failure type="FAILED" message="Test Cases/User Settings/COMPLEX/TC_CMPLX_010 FAILED.
Reason:
com.kms.katalon.core.exception.StepFailedException: Verify element text of test object 'Object Repository/User/label_SAMPLE CUSTOMFIELD NUMBER' FAILED.
	at com.kms.katalon.core.webui.keyword.internal.WebUIKeywordMain.stepFailed(WebUIKeywordMain.groovy:64)
	at com.kms.katalon.core.webui.keyword.internal.WebUIKeywordMain.runKeyword(WebUIKeywordMain.groovy:26)
	at com.kms.katalon.core.webui.keyword.builtin.VerifyElementTextKeyword.verifyElementText(VerifyElementTextKeyword.groovy:72)
	at com.kms.katalon.core.webui.keyword.builtin.VerifyElementTextKeyword.execute(VerifyElementTextKeyword.groovy:40)
	at com.kms.katalon.core.keyword.internal.KeywordExecutor.executeKeywordForPlatform(KeywordExecutor.groovy:73)
	at com.kms.katalon.core.webui.keyword.WebUiBuiltInKeywords.verifyElementText(WebUiBuiltInKeywords.groovy:3689)
	at com.kms.katalon.core.webui.keyword.WebUiBuiltInKeywords$verifyElementText$9.call(Unknown Source)
	at TC_CMPLX_010.run(TC_CMPLX_010:25)
	at com.kms.katalon.core.main.ScriptEngine.run(ScriptEngine.java:194)
	at com.kms.katalon.core.main.ScriptEngine.runScriptAsRawText(ScriptEngine.java:119)
	at com.kms.katalon.core.main.TestCaseExecutor.runScript(TestCaseExecutor.java:339)
	at com.kms.katalon.core.main.TestCaseExecutor.doExecute(TestCaseExecutor.java:330)
	at com.kms.katalon.core.main.TestCaseExecutor.processExecutionPhase(TestCaseExecutor.java:309)
	at com.kms.katalon.core.main.TestCaseExecutor.accessMainPhase(TestCaseExecutor.java:301)
	at com.kms.katalon.core.main.TestCaseExecutor.execute(TestCaseExecutor.java:235)
	at com.kms.katalon.core.main.TestSuiteExecutor.accessTestCaseMainPhase(TestSuiteExecutor.java:191)
	at com.kms.katalon.core.main.TestSuiteExecutor.accessTestSuiteMainPhase(TestSuiteExecutor.java:141)
	at com.kms.katalon.core.main.TestSuiteExecutor.execute(TestSuiteExecutor.java:90)
	at com.kms.katalon.core.main.TestCaseMain.startTestSuite(TestCaseMain.java:157)
	at com.kms.katalon.core.main.TestCaseMain$startTestSuite$0.call(Unknown Source)
	at TempTestSuite1618878862596.run(TempTestSuite1618878862596.groovy:39)
Caused by: com.kms.katalon.core.exception.StepFailedException: Actual text 'SAMPLE TEXT CUSTOMFIELD' and expected text 'SAMPLE CUSTOMFIELD NUMBER' of test object 'Object Repository/User/label_SAMPLE CUSTOMFIELD NUMBER' are NOT matched.
	at com.kms.katalon.core.webui.keyword.internal.WebUIKeywordMain.stepFailed(WebUIKeywordMain.groovy:64)
	at com.kms.katalon.core.webui.keyword.builtin.VerifyElementTextKeyword$_verifyElementText_closure1.doCall(VerifyElementTextKeyword.groovy:57)
	at com.kms.katalon.core.webui.keyword.builtin.VerifyElementTextKeyword$_verifyElementText_closure1.call(VerifyElementTextKeyword.groovy)
	at com.kms.katalon.core.webui.keyword.internal.WebUIKeywordMain.runKeyword(WebUIKeywordMain.groovy:20)
	... 19 more
"/>
         <system-out><![CDATA[2021-04-20 08:35:32 - [TEST_CASE][FAILED] - Test Cases/User Settings/COMPLEX/TC_CMPLX_010: Test Cases/User Settings/COMPLEX/TC_CMPLX_010 FAILED.
Reason:
com.kms.katalon.core.exception.StepFailedException: Verify element text of test object 'Object Repository/User/label_SAMPLE CUSTOMFIELD NUMBER' FAILED.
	at com.kms.katalon.core.webui.keyword.internal.WebUIKeywordMain.stepFailed(WebUIKeywordMain.groovy:64)
	at com.kms.katalon.core.webui.keyword.internal.WebUIKeywordMain.runKeyword(WebUIKeywordMain.groovy:26)
	at com.kms.katalon.core.webui.keyword.builtin.VerifyElementTextKeyword.verifyElementText(VerifyElementTextKeyword.groovy:72)
	at com.kms.katalon.core.webui.keyword.builtin.VerifyElementTextKeyword.execute(VerifyElementTextKeyword.groovy:40)
	at com.kms.katalon.core.keyword.internal.KeywordExecutor.executeKeywordForPlatform(KeywordExecutor.groovy:73)
	at com.kms.katalon.core.webui.keyword.WebUiBuiltInKeywords.verifyElementText(WebUiBuiltInKeywords.groovy:3689)
	at com.kms.katalon.core.webui.keyword.WebUiBuiltInKeywords$verifyElementText$9.call(Unknown Source)
	at TC_CMPLX_010.run(TC_CMPLX_010:25)
	at com.kms.katalon.core.main.ScriptEngine.run(ScriptEngine.java:194)
	at com.kms.katalon.core.main.ScriptEngine.runScriptAsRawText(ScriptEngine.java:119)
	at com.kms.katalon.core.main.TestCaseExecutor.runScript(TestCaseExecutor.java:339)
	at com.kms.katalon.core.main.TestCaseExecutor.doExecute(TestCaseExecutor.java:330)
	at com.kms.katalon.core.main.TestCaseExecutor.processExecutionPhase(TestCaseExecutor.java:309)
	at com.kms.katalon.core.main.TestCaseExecutor.accessMainPhase(TestCaseExecutor.java:301)
	at com.kms.katalon.core.main.TestCaseExecutor.execute(TestCaseExecutor.java:235)
	at com.kms.katalon.core.main.TestSuiteExecutor.accessTestCaseMainPhase(TestSuiteExecutor.java:191)
	at com.kms.katalon.core.main.TestSuiteExecutor.accessTestSuiteMainPhase(TestSuiteExecutor.java:141)
	at com.kms.katalon.core.main.TestSuiteExecutor.execute(TestSuiteExecutor.java:90)
	at com.kms.katalon.core.main.TestCaseMain.startTestSuite(TestCaseMain.java:157)
	at com.kms.katalon.core.main.TestCaseMain$startTestSuite$0.call(Unknown Source)
	at TempTestSuite1618878862596.run(TempTestSuite1618878862596.groovy:39)
Caused by: com.kms.katalon.core.exception.StepFailedException: Actual text 'SAMPLE TEXT CUSTOMFIELD' and expected text 'SAMPLE CUSTOMFIELD NUMBER' of test object 'Object Repository/User/label_SAMPLE CUSTOMFIELD NUMBER' are NOT matched.
	at com.kms.katalon.core.webui.keyword.internal.WebUIKeywordMain.stepFailed(WebUIKeywordMain.groovy:64)
	at com.kms.katalon.core.webui.keyword.builtin.VerifyElementTextKeyword$_verifyElementText_closure1.doCall(VerifyElementTextKeyword.groovy:57)
	at com.kms.katalon.core.webui.keyword.builtin.VerifyElementTextKeyword$_verifyElementText_closure1.call(VerifyElementTextKeyword.groovy)
	at com.kms.katalon.core.webui.keyword.internal.WebUIKeywordMain.runKeyword(WebUIKeywordMain.groovy:20)
	... 19 more


2021-04-20 08:35:32 - [TEST_STEP][PASSED] - callTestCase(findTestCase("Utilities/Add new Number customfield"), [:], STOP_ON_FAILURE): Call Test Case 'Test Cases/Utilities/Add new Number customfield' successfully

2021-04-20 08:35:32 - [TEST_CASE][PASSED] - Test Cases/Utilities/Add new Number customfield: Test Cases/Utilities/Add new Number customfield

2021-04-20 08:35:32 - [TEST_STEP][PASSED] - callTestCase(findTestCase("Utilities/Admin Login"), [:], STOP_ON_FAILURE): Call Test Case 'Test Cases/Utilities/Admin Login' successfully

2021-04-20 08:35:33 - [TEST_CASE][PASSED] - Test Cases/Utilities/Admin Login: Test Cases/Utilities/Admin Login

2021-04-20 08:35:33 - [TEST_STEP][PASSED] - openBrowser(""): Browser is opened with url: ''

2021-04-20 08:35:33 - [MESSAGE][INFO] - Starting 'Chrome' driver

2021-04-20 08:35:33 - [MESSAGE][INFO] - Action delay is set to 0 milliseconds

2021-04-20 08:35:34 - [MESSAGE][PASSED] - Browser is opened with url: ''

2021-04-20 08:35:34 - [TEST_STEP][PASSED] - maximizeWindow(): Current window maximized

2021-04-20 08:35:34 - [MESSAGE][PASSED] - Current window maximized

2021-04-20 08:35:34 - [TEST_STEP][PASSED] - navigateToUrl(admin_url): Navigate to 'https://youhadmeathelloworld.staging.arcadier.io/admin' successfully

2021-04-20 08:35:37 - [MESSAGE][PASSED] - Navigate to 'https://youhadmeathelloworld.staging.arcadier.io/admin' successfully

2021-04-20 08:35:37 - [TEST_STEP][PASSED] - waitForPageLoad(2): Wait for page load successfully

2021-04-20 08:35:37 - [MESSAGE][PASSED] - Wait for page load successfully

2021-04-20 08:35:37 - [TEST_STEP][PASSED] - setText(findTestObject("Admin/Admin Login/txt_username"), admin_username): Text 'codemafia' is set on object 'Object Repository/Admin/Admin Login/txt_username'

2021-04-20 08:35:38 - [MESSAGE][PASSED] - Text 'codemafia' is set on object 'Object Repository/Admin/Admin Login/txt_username'

2021-04-20 08:35:38 - [TEST_STEP][PASSED] - setText(findTestObject("Admin/Admin Login/txt_password"), admin_password): Text 'welcome8' is set on object 'Object Repository/Admin/Admin Login/txt_password'

2021-04-20 08:35:39 - [MESSAGE][PASSED] - Text 'welcome8' is set on object 'Object Repository/Admin/Admin Login/txt_password'

2021-04-20 08:35:39 - [TEST_STEP][PASSED] - click(findTestObject("Admin/Admin Login/button_login")): Object: 'Object Repository/Admin/Admin Login/button_login' is clicked on

2021-04-20 08:35:48 - [MESSAGE][PASSED] - Object: 'Object Repository/Admin/Admin Login/button_login' is clicked on

2021-04-20 08:35:48 - [MESSAGE][PASSED] - Call Test Case 'Test Cases/Utilities/Admin Login' successfully

2021-04-20 08:35:48 - [TEST_STEP][PASSED] - callTestCase(findTestCase("Utilities/Navigate to Plugin"), [:], STOP_ON_FAILURE): Call Test Case 'Test Cases/Utilities/Navigate to Plugin' successfully

2021-04-20 08:35:48 - [TEST_CASE][PASSED] - Test Cases/Utilities/Navigate to Plugin: Test Cases/Utilities/Navigate to Plugin

2021-04-20 08:35:48 - [TEST_STEP][PASSED] - click(findTestObject("Admin/Plugin Navigation/link_plugin")): Object: 'Object Repository/Admin/Plugin Navigation/link_plugin' is clicked on

2021-04-20 08:35:49 - [MESSAGE][PASSED] - Object: 'Object Repository/Admin/Plugin Navigation/link_plugin' is clicked on

2021-04-20 08:35:49 - [TEST_STEP][PASSED] - click(findTestObject("Admin/Plugin Navigation/link_profile")): Object: 'Object Repository/Admin/Plugin Navigation/link_profile' is clicked on

2021-04-20 08:35:51 - [MESSAGE][PASSED] - Object: 'Object Repository/Admin/Plugin Navigation/link_profile' is clicked on

2021-04-20 08:35:51 - [MESSAGE][PASSED] - Call Test Case 'Test Cases/Utilities/Navigate to Plugin' successfully

2021-04-20 08:35:51 - [TEST_STEP][PASSED] - click(findTestObject("Admin/Plugin Page/Add New Text CF/a_Add Profile Input Field")): Object: 'Object Repository/Admin/Plugin Page/Add New Text CF/a_Add Profile Input Field' is clicked on

2021-04-20 08:35:51 - [MESSAGE][PASSED] - Object: 'Object Repository/Admin/Plugin Page/Add New Text CF/a_Add Profile Input Field' is clicked on

2021-04-20 08:35:51 - [TEST_STEP][PASSED] - setText(findTestObject("Admin/Plugin Page/Add New Text CF/input_Custom Field Name_custom_name"), "Sample Customfield Number"): Text 'Sample Customfield Number' is set on object 'Object Repository/Admin/Plugin Page/Add New Text CF/input_Custom Field Name_custom_name'

2021-04-20 08:35:52 - [MESSAGE][PASSED] - Text 'Sample Customfield Number' is set on object 'Object Repository/Admin/Plugin Page/Add New Text CF/input_Custom Field Name_custom_name'

2021-04-20 08:35:52 - [TEST_STEP][PASSED] - selectOptionByValue(findTestObject("Object Repository/Admin/Plugin Page/Add New Text CF/select_Text                                _e22ab6"), "number", true): All options with value 'number' are selected in object 'Object Repository/Admin/Plugin Page/Add New Text CF/select_Text                                _e22ab6'  using regular expression

2021-04-20 08:35:53 - [MESSAGE][PASSED] - All options with value 'number' are selected in object 'Object Repository/Admin/Plugin Page/Add New Text CF/select_Text                                _e22ab6'  using regular expression

2021-04-20 08:35:53 - [TEST_STEP][PASSED] - click(findTestObject("Admin/Plugin Page/Add New Text CF/input_Add Option_saveCustomDetails")): Object: 'Object Repository/Admin/Plugin Page/Add New Text CF/input_Add Option_saveCustomDetails' is clicked on

2021-04-20 08:35:54 - [MESSAGE][PASSED] - Object: 'Object Repository/Admin/Plugin Page/Add New Text CF/input_Add Option_saveCustomDetails' is clicked on

2021-04-20 08:35:54 - [TEST_STEP][PASSED] - closeBrowser(): Browser is closed

2021-04-20 08:35:55 - [MESSAGE][PASSED] - Browser is closed

2021-04-20 08:35:55 - [MESSAGE][PASSED] - Call Test Case 'Test Cases/Utilities/Add new Number customfield' successfully

2021-04-20 08:35:55 - [TEST_STEP][PASSED] - callTestCase(findTestCase("Utilities/Navigate to Buyer Settings"), [:], STOP_ON_FAILURE): Call Test Case 'Test Cases/Utilities/Navigate to Buyer Settings' successfully

2021-04-20 08:35:55 - [TEST_CASE][PASSED] - Test Cases/Utilities/Navigate to Buyer Settings: Test Cases/Utilities/Navigate to Buyer Settings

2021-04-20 08:35:55 - [TEST_STEP][PASSED] - openBrowser(""): Browser is opened with url: ''

2021-04-20 08:35:55 - [MESSAGE][INFO] - Starting 'Chrome' driver

2021-04-20 08:35:55 - [MESSAGE][INFO] - Action delay is set to 0 milliseconds

2021-04-20 08:35:56 - [MESSAGE][PASSED] - Browser is opened with url: ''

2021-04-20 08:35:56 - [TEST_STEP][PASSED] - navigateToUrl("https://youhadmeathelloworld.arcadier.io/"): Navigate to 'https://youhadmeathelloworld.arcadier.io/' successfully

2021-04-20 08:36:02 - [MESSAGE][PASSED] - Navigate to 'https://youhadmeathelloworld.arcadier.io/' successfully

2021-04-20 08:36:02 - [TEST_STEP][PASSED] - maximizeWindow(): Current window maximized

2021-04-20 08:36:03 - [MESSAGE][PASSED] - Current window maximized

2021-04-20 08:36:03 - [TEST_STEP][PASSED] - click(findTestObject("Object Repository/User/a_REGISTER  SIGN IN")): Object: 'Object Repository/User/a_REGISTER  SIGN IN' is clicked on

2021-04-20 08:36:04 - [MESSAGE][PASSED] - Object: 'Object Repository/User/a_REGISTER  SIGN IN' is clicked on

2021-04-20 08:36:04 - [TEST_STEP][PASSED] - setText(findTestObject("Object Repository/User/input_Your emailusername_username"), "athena"): Text 'athena' is set on object 'Object Repository/User/input_Your emailusername_username'

2021-04-20 08:36:05 - [MESSAGE][PASSED] - Text 'athena' is set on object 'Object Repository/User/input_Your emailusername_username'

2021-04-20 08:36:05 - [TEST_STEP][PASSED] - setEncryptedText(findTestObject("Object Repository/User/input_Your password_password"), "goxxgxvM2dP/z7G09p4JaTtn5QD+a0Kw"): Text ****** has been set on object 'Object Repository/User/input_Your password_password'

2021-04-20 08:36:05 - [MESSAGE][PASSED] - Text ****** has been set on object 'Object Repository/User/input_Your password_password'

2021-04-20 08:36:05 - [TEST_STEP][PASSED] - click(findTestObject("Object Repository/User/input_Your password_login-submit")): Object: 'Object Repository/User/input_Your password_login-submit' is clicked on

2021-04-20 08:36:07 - [MESSAGE][PASSED] - Object: 'Object Repository/User/input_Your password_login-submit' is clicked on

2021-04-20 08:36:07 - [TEST_STEP][PASSED] - mouseOver(findTestObject("User/i_EN_icon icon-down")): Object: 'Object Repository/User/i_EN_icon icon-down' is hovered

2021-04-20 08:36:09 - [MESSAGE][PASSED] - Object: 'Object Repository/User/i_EN_icon icon-down' is hovered

2021-04-20 08:36:09 - [TEST_STEP][PASSED] - click(findTestObject("User/a_Settings")): Object: 'Object Repository/User/a_Settings' is clicked on

2021-04-20 08:36:10 - [MESSAGE][PASSED] - Object: 'Object Repository/User/a_Settings' is clicked on

2021-04-20 08:36:10 - [MESSAGE][PASSED] - Call Test Case 'Test Cases/Utilities/Navigate to Buyer Settings' successfully

2021-04-20 08:36:10 - [TEST_STEP][PASSED] - verifyElementPresent(findTestObject("User/label_SAMPLE CUSTOMFIELD NUMBER"), 0): Object 'Object Repository/User/label_SAMPLE CUSTOMFIELD NUMBER' is present

2021-04-20 08:36:10 - [MESSAGE][WARNING] - Timeout '0' is invalid. Using default page load timeout: '30'

2021-04-20 08:36:12 - [MESSAGE][PASSED] - Object 'Object Repository/User/label_SAMPLE CUSTOMFIELD NUMBER' is present

2021-04-20 08:36:12 - [TEST_STEP][FAILED] - verifyElementText(findTestObject("User/label_SAMPLE CUSTOMFIELD NUMBER"), "SAMPLE CUSTOMFIELD NUMBER"): Verify element text of test object 'Object Repository/User/label_SAMPLE CUSTOMFIELD NUMBER' FAILED. (Root cause: com.kms.katalon.core.exception.StepFailedException: Verify element text of test object 'Object Repository/User/label_SAMPLE CUSTOMFIELD NUMBER' FAILED.
	at com.kms.katalon.core.webui.keyword.internal.WebUIKeywordMain.stepFailed(WebUIKeywordMain.groovy:64)
	at com.kms.katalon.core.webui.keyword.internal.WebUIKeywordMain.runKeyword(WebUIKeywordMain.groovy:26)
	at com.kms.katalon.core.webui.keyword.builtin.VerifyElementTextKeyword.verifyElementText(VerifyElementTextKeyword.groovy:72)
	at com.kms.katalon.core.webui.keyword.builtin.VerifyElementTextKeyword.execute(VerifyElementTextKeyword.groovy:40)
	at com.kms.katalon.core.keyword.internal.KeywordExecutor.executeKeywordForPlatform(KeywordExecutor.groovy:73)
	at com.kms.katalon.core.webui.keyword.WebUiBuiltInKeywords.verifyElementText(WebUiBuiltInKeywords.groovy:3689)
	at com.kms.katalon.core.webui.keyword.WebUiBuiltInKeywords$verifyElementText$9.call(Unknown Source)
	at TC_CMPLX_010.run(TC_CMPLX_010:25)
	at com.kms.katalon.core.main.ScriptEngine.run(ScriptEngine.java:194)
	at com.kms.katalon.core.main.ScriptEngine.runScriptAsRawText(ScriptEngine.java:119)
	at com.kms.katalon.core.main.TestCaseExecutor.runScript(TestCaseExecutor.java:339)
	at com.kms.katalon.core.main.TestCaseExecutor.doExecute(TestCaseExecutor.java:330)
	at com.kms.katalon.core.main.TestCaseExecutor.processExecutionPhase(TestCaseExecutor.java:309)
	at com.kms.katalon.core.main.TestCaseExecutor.accessMainPhase(TestCaseExecutor.java:301)
	at com.kms.katalon.core.main.TestCaseExecutor.execute(TestCaseExecutor.java:235)
	at com.kms.katalon.core.main.TestSuiteExecutor.accessTestCaseMainPhase(TestSuiteExecutor.java:191)
	at com.kms.katalon.core.main.TestSuiteExecutor.accessTestSuiteMainPhase(TestSuiteExecutor.java:141)
	at com.kms.katalon.core.main.TestSuiteExecutor.execute(TestSuiteExecutor.java:90)
	at com.kms.katalon.core.main.TestCaseMain.startTestSuite(TestCaseMain.java:157)
	at com.kms.katalon.core.main.TestCaseMain$startTestSuite$0.call(Unknown Source)
	at TempTestSuite1618878862596.run(TempTestSuite1618878862596.groovy:39)
Caused by: com.kms.katalon.core.exception.StepFailedException: Actual text 'SAMPLE TEXT CUSTOMFIELD' and expected text 'SAMPLE CUSTOMFIELD NUMBER' of test object 'Object Repository/User/label_SAMPLE CUSTOMFIELD NUMBER' are NOT matched.
	at com.kms.katalon.core.webui.keyword.internal.WebUIKeywordMain.stepFailed(WebUIKeywordMain.groovy:64)
	at com.kms.katalon.core.webui.keyword.builtin.VerifyElementTextKeyword$_verifyElementText_closure1.doCall(VerifyElementTextKeyword.groovy:57)
	at com.kms.katalon.core.webui.keyword.builtin.VerifyElementTextKeyword$_verifyElementText_closure1.call(VerifyElementTextKeyword.groovy)
	at com.kms.katalon.core.webui.keyword.internal.WebUIKeywordMain.runKeyword(WebUIKeywordMain.groovy:20)
	... 19 more
)

2021-04-20 08:36:12 - [MESSAGE][FAILED] - Actual text 'SAMPLE TEXT CUSTOMFIELD' and expected text 'SAMPLE CUSTOMFIELD NUMBER' of test object 'Object Repository/User/label_SAMPLE CUSTOMFIELD NUMBER' are NOT matched. (Root cause: com.kms.katalon.core.exception.StepFailedException: Actual text 'SAMPLE TEXT CUSTOMFIELD' and expected text 'SAMPLE CUSTOMFIELD NUMBER' of test object 'Object Repository/User/label_SAMPLE CUSTOMFIELD NUMBER' are NOT matched.
	at com.kms.katalon.core.webui.keyword.internal.WebUIKeywordMain.stepFailed(WebUIKeywordMain.groovy:64)
	at com.kms.katalon.core.webui.keyword.builtin.VerifyElementTextKeyword$_verifyElementText_closure1.doCall(VerifyElementTextKeyword.groovy:57)
	at com.kms.katalon.core.webui.keyword.builtin.VerifyElementTextKeyword$_verifyElementText_closure1.call(VerifyElementTextKeyword.groovy)
	at com.kms.katalon.core.webui.keyword.internal.WebUIKeywordMain.runKeyword(WebUIKeywordMain.groovy:20)
	at com.kms.katalon.core.webui.keyword.builtin.VerifyElementTextKeyword.verifyElementText(VerifyElementTextKeyword.groovy:72)
	at com.kms.katalon.core.webui.keyword.builtin.VerifyElementTextKeyword.execute(VerifyElementTextKeyword.groovy:40)
	at com.kms.katalon.core.keyword.internal.KeywordExecutor.executeKeywordForPlatform(KeywordExecutor.groovy:73)
	at com.kms.katalon.core.webui.keyword.WebUiBuiltInKeywords.verifyElementText(WebUiBuiltInKeywords.groovy:3689)
	at com.kms.katalon.core.webui.keyword.WebUiBuiltInKeywords$verifyElementText$9.call(Unknown Source)
	at TC_CMPLX_010.run(TC_CMPLX_010:25)
	at com.kms.katalon.core.main.ScriptEngine.run(ScriptEngine.java:194)
	at com.kms.katalon.core.main.ScriptEngine.runScriptAsRawText(ScriptEngine.java:119)
	at com.kms.katalon.core.main.TestCaseExecutor.runScript(TestCaseExecutor.java:339)
	at com.kms.katalon.core.main.TestCaseExecutor.doExecute(TestCaseExecutor.java:330)
	at com.kms.katalon.core.main.TestCaseExecutor.processExecutionPhase(TestCaseExecutor.java:309)
	at com.kms.katalon.core.main.TestCaseExecutor.accessMainPhase(TestCaseExecutor.java:301)
	at com.kms.katalon.core.main.TestCaseExecutor.execute(TestCaseExecutor.java:235)
	at com.kms.katalon.core.main.TestSuiteExecutor.accessTestCaseMainPhase(TestSuiteExecutor.java:191)
	at com.kms.katalon.core.main.TestSuiteExecutor.accessTestSuiteMainPhase(TestSuiteExecutor.java:141)
	at com.kms.katalon.core.main.TestSuiteExecutor.execute(TestSuiteExecutor.java:90)
	at com.kms.katalon.core.main.TestCaseMain.startTestSuite(TestCaseMain.java:157)
	at com.kms.katalon.core.main.TestCaseMain$startTestSuite$0.call(Unknown Source)
	at TempTestSuite1618878862596.run(TempTestSuite1618878862596.groovy:39)
)
[[ATTACHMENT|D:\\GITHUB\\automation_profile_input\\Reports\\20210420_083422\\User Settings\\20210420_083422\\1618878972486.png]]

2021-04-20 08:36:13 - [MESSAGE][FAILED] - Verify element text of test object 'Object Repository/User/label_SAMPLE CUSTOMFIELD NUMBER' FAILED. (Root cause: com.kms.katalon.core.exception.StepFailedException: Verify element text of test object 'Object Repository/User/label_SAMPLE CUSTOMFIELD NUMBER' FAILED.
	at com.kms.katalon.core.webui.keyword.internal.WebUIKeywordMain.stepFailed(WebUIKeywordMain.groovy:64)
	at com.kms.katalon.core.webui.keyword.internal.WebUIKeywordMain.runKeyword(WebUIKeywordMain.groovy:26)
	at com.kms.katalon.core.webui.keyword.builtin.VerifyElementTextKeyword.verifyElementText(VerifyElementTextKeyword.groovy:72)
	at com.kms.katalon.core.webui.keyword.builtin.VerifyElementTextKeyword.execute(VerifyElementTextKeyword.groovy:40)
	at com.kms.katalon.core.keyword.internal.KeywordExecutor.executeKeywordForPlatform(KeywordExecutor.groovy:73)
	at com.kms.katalon.core.webui.keyword.WebUiBuiltInKeywords.verifyElementText(WebUiBuiltInKeywords.groovy:3689)
	at com.kms.katalon.core.webui.keyword.WebUiBuiltInKeywords$verifyElementText$9.call(Unknown Source)
	at TC_CMPLX_010.run(TC_CMPLX_010:25)
	at com.kms.katalon.core.main.ScriptEngine.run(ScriptEngine.java:194)
	at com.kms.katalon.core.main.ScriptEngine.runScriptAsRawText(ScriptEngine.java:119)
	at com.kms.katalon.core.main.TestCaseExecutor.runScript(TestCaseExecutor.java:339)
	at com.kms.katalon.core.main.TestCaseExecutor.doExecute(TestCaseExecutor.java:330)
	at com.kms.katalon.core.main.TestCaseExecutor.processExecutionPhase(TestCaseExecutor.java:309)
	at com.kms.katalon.core.main.TestCaseExecutor.accessMainPhase(TestCaseExecutor.java:301)
	at com.kms.katalon.core.main.TestCaseExecutor.execute(TestCaseExecutor.java:235)
	at com.kms.katalon.core.main.TestSuiteExecutor.accessTestCaseMainPhase(TestSuiteExecutor.java:191)
	at com.kms.katalon.core.main.TestSuiteExecutor.accessTestSuiteMainPhase(TestSuiteExecutor.java:141)
	at com.kms.katalon.core.main.TestSuiteExecutor.execute(TestSuiteExecutor.java:90)
	at com.kms.katalon.core.main.TestCaseMain.startTestSuite(TestCaseMain.java:157)
	at com.kms.katalon.core.main.TestCaseMain$startTestSuite$0.call(Unknown Source)
	at TempTestSuite1618878862596.run(TempTestSuite1618878862596.groovy:39)
Caused by: com.kms.katalon.core.exception.StepFailedException: Actual text 'SAMPLE TEXT CUSTOMFIELD' and expected text 'SAMPLE CUSTOMFIELD NUMBER' of test object 'Object Repository/User/label_SAMPLE CUSTOMFIELD NUMBER' are NOT matched.
	at com.kms.katalon.core.webui.keyword.internal.WebUIKeywordMain.stepFailed(WebUIKeywordMain.groovy:64)
	at com.kms.katalon.core.webui.keyword.builtin.VerifyElementTextKeyword$_verifyElementText_closure1.doCall(VerifyElementTextKeyword.groovy:57)
	at com.kms.katalon.core.webui.keyword.builtin.VerifyElementTextKeyword$_verifyElementText_closure1.call(VerifyElementTextKeyword.groovy)
	at com.kms.katalon.core.webui.keyword.internal.WebUIKeywordMain.runKeyword(WebUIKeywordMain.groovy:20)
	... 19 more
)
[[ATTACHMENT|D:\\GITHUB\\automation_profile_input\\Reports\\20210420_083422\\User Settings\\20210420_083422\\1618878972839.png]]]]></system-out>
         <system-err><![CDATA[2021-04-20 08:35:32 - [TEST_CASE][FAILED] - Test Cases/User Settings/COMPLEX/TC_CMPLX_010: Test Cases/User Settings/COMPLEX/TC_CMPLX_010 FAILED.
Reason:
com.kms.katalon.core.exception.StepFailedException: Verify element text of test object 'Object Repository/User/label_SAMPLE CUSTOMFIELD NUMBER' FAILED.
	at com.kms.katalon.core.webui.keyword.internal.WebUIKeywordMain.stepFailed(WebUIKeywordMain.groovy:64)
	at com.kms.katalon.core.webui.keyword.internal.WebUIKeywordMain.runKeyword(WebUIKeywordMain.groovy:26)
	at com.kms.katalon.core.webui.keyword.builtin.VerifyElementTextKeyword.verifyElementText(VerifyElementTextKeyword.groovy:72)
	at com.kms.katalon.core.webui.keyword.builtin.VerifyElementTextKeyword.execute(VerifyElementTextKeyword.groovy:40)
	at com.kms.katalon.core.keyword.internal.KeywordExecutor.executeKeywordForPlatform(KeywordExecutor.groovy:73)
	at com.kms.katalon.core.webui.keyword.WebUiBuiltInKeywords.verifyElementText(WebUiBuiltInKeywords.groovy:3689)
	at com.kms.katalon.core.webui.keyword.WebUiBuiltInKeywords$verifyElementText$9.call(Unknown Source)
	at TC_CMPLX_010.run(TC_CMPLX_010:25)
	at com.kms.katalon.core.main.ScriptEngine.run(ScriptEngine.java:194)
	at com.kms.katalon.core.main.ScriptEngine.runScriptAsRawText(ScriptEngine.java:119)
	at com.kms.katalon.core.main.TestCaseExecutor.runScript(TestCaseExecutor.java:339)
	at com.kms.katalon.core.main.TestCaseExecutor.doExecute(TestCaseExecutor.java:330)
	at com.kms.katalon.core.main.TestCaseExecutor.processExecutionPhase(TestCaseExecutor.java:309)
	at com.kms.katalon.core.main.TestCaseExecutor.accessMainPhase(TestCaseExecutor.java:301)
	at com.kms.katalon.core.main.TestCaseExecutor.execute(TestCaseExecutor.java:235)
	at com.kms.katalon.core.main.TestSuiteExecutor.accessTestCaseMainPhase(TestSuiteExecutor.java:191)
	at com.kms.katalon.core.main.TestSuiteExecutor.accessTestSuiteMainPhase(TestSuiteExecutor.java:141)
	at com.kms.katalon.core.main.TestSuiteExecutor.execute(TestSuiteExecutor.java:90)
	at com.kms.katalon.core.main.TestCaseMain.startTestSuite(TestCaseMain.java:157)
	at com.kms.katalon.core.main.TestCaseMain$startTestSuite$0.call(Unknown Source)
	at TempTestSuite1618878862596.run(TempTestSuite1618878862596.groovy:39)
Caused by: com.kms.katalon.core.exception.StepFailedException: Actual text 'SAMPLE TEXT CUSTOMFIELD' and expected text 'SAMPLE CUSTOMFIELD NUMBER' of test object 'Object Repository/User/label_SAMPLE CUSTOMFIELD NUMBER' are NOT matched.
	at com.kms.katalon.core.webui.keyword.internal.WebUIKeywordMain.stepFailed(WebUIKeywordMain.groovy:64)
	at com.kms.katalon.core.webui.keyword.builtin.VerifyElementTextKeyword$_verifyElementText_closure1.doCall(VerifyElementTextKeyword.groovy:57)
	at com.kms.katalon.core.webui.keyword.builtin.VerifyElementTextKeyword$_verifyElementText_closure1.call(VerifyElementTextKeyword.groovy)
	at com.kms.katalon.core.webui.keyword.internal.WebUIKeywordMain.runKeyword(WebUIKeywordMain.groovy:20)
	... 19 more]]></system-err>
      </testcase>
      <testcase name="Test Cases/User Settings/COMPLEX/TC_CMPLX_011" time="39.85" classname="Test Cases/User Settings/COMPLEX/TC_CMPLX_011" status="FAILED">
         <failure type="FAILED" message="Test Cases/User Settings/COMPLEX/TC_CMPLX_011 FAILED.
Reason:
com.kms.katalon.core.exception.StepFailedException: Verify element text of test object 'Object Repository/User/label_SAMPLE CUSTOMFIELD CHECKBOX' FAILED.
	at com.kms.katalon.core.webui.keyword.internal.WebUIKeywordMain.stepFailed(WebUIKeywordMain.groovy:64)
	at com.kms.katalon.core.webui.keyword.internal.WebUIKeywordMain.runKeyword(WebUIKeywordMain.groovy:26)
	at com.kms.katalon.core.webui.keyword.builtin.VerifyElementTextKeyword.verifyElementText(VerifyElementTextKeyword.groovy:72)
	at com.kms.katalon.core.webui.keyword.builtin.VerifyElementTextKeyword.execute(VerifyElementTextKeyword.groovy:40)
	at com.kms.katalon.core.keyword.internal.KeywordExecutor.executeKeywordForPlatform(KeywordExecutor.groovy:73)
	at com.kms.katalon.core.webui.keyword.WebUiBuiltInKeywords.verifyElementText(WebUiBuiltInKeywords.groovy:3689)
	at com.kms.katalon.core.webui.keyword.WebUiBuiltInKeywords$verifyElementText$9.call(Unknown Source)
	at TC_CMPLX_011.run(TC_CMPLX_011:25)
	at com.kms.katalon.core.main.ScriptEngine.run(ScriptEngine.java:194)
	at com.kms.katalon.core.main.ScriptEngine.runScriptAsRawText(ScriptEngine.java:119)
	at com.kms.katalon.core.main.TestCaseExecutor.runScript(TestCaseExecutor.java:339)
	at com.kms.katalon.core.main.TestCaseExecutor.doExecute(TestCaseExecutor.java:330)
	at com.kms.katalon.core.main.TestCaseExecutor.processExecutionPhase(TestCaseExecutor.java:309)
	at com.kms.katalon.core.main.TestCaseExecutor.accessMainPhase(TestCaseExecutor.java:301)
	at com.kms.katalon.core.main.TestCaseExecutor.execute(TestCaseExecutor.java:235)
	at com.kms.katalon.core.main.TestSuiteExecutor.accessTestCaseMainPhase(TestSuiteExecutor.java:191)
	at com.kms.katalon.core.main.TestSuiteExecutor.accessTestSuiteMainPhase(TestSuiteExecutor.java:141)
	at com.kms.katalon.core.main.TestSuiteExecutor.execute(TestSuiteExecutor.java:90)
	at com.kms.katalon.core.main.TestCaseMain.startTestSuite(TestCaseMain.java:157)
	at com.kms.katalon.core.main.TestCaseMain$startTestSuite$0.call(Unknown Source)
	at TempTestSuite1618878862596.run(TempTestSuite1618878862596.groovy:39)
Caused by: com.kms.katalon.core.exception.StepFailedException: Actual text 'SAMPLE TEXT CUSTOMFIELD' and expected text 'SAMPLE CUSTOMFIELD CHECKBOX' of test object 'Object Repository/User/label_SAMPLE CUSTOMFIELD CHECKBOX' are NOT matched.
	at com.kms.katalon.core.webui.keyword.internal.WebUIKeywordMain.stepFailed(WebUIKeywordMain.groovy:64)
	at com.kms.katalon.core.webui.keyword.builtin.VerifyElementTextKeyword$_verifyElementText_closure1.doCall(VerifyElementTextKeyword.groovy:57)
	at com.kms.katalon.core.webui.keyword.builtin.VerifyElementTextKeyword$_verifyElementText_closure1.call(VerifyElementTextKeyword.groovy)
	at com.kms.katalon.core.webui.keyword.internal.WebUIKeywordMain.runKeyword(WebUIKeywordMain.groovy:20)
	... 19 more
"/>
         <system-out><![CDATA[2021-04-20 08:36:13 - [TEST_CASE][FAILED] - Test Cases/User Settings/COMPLEX/TC_CMPLX_011: Test Cases/User Settings/COMPLEX/TC_CMPLX_011 FAILED.
Reason:
com.kms.katalon.core.exception.StepFailedException: Verify element text of test object 'Object Repository/User/label_SAMPLE CUSTOMFIELD CHECKBOX' FAILED.
	at com.kms.katalon.core.webui.keyword.internal.WebUIKeywordMain.stepFailed(WebUIKeywordMain.groovy:64)
	at com.kms.katalon.core.webui.keyword.internal.WebUIKeywordMain.runKeyword(WebUIKeywordMain.groovy:26)
	at com.kms.katalon.core.webui.keyword.builtin.VerifyElementTextKeyword.verifyElementText(VerifyElementTextKeyword.groovy:72)
	at com.kms.katalon.core.webui.keyword.builtin.VerifyElementTextKeyword.execute(VerifyElementTextKeyword.groovy:40)
	at com.kms.katalon.core.keyword.internal.KeywordExecutor.executeKeywordForPlatform(KeywordExecutor.groovy:73)
	at com.kms.katalon.core.webui.keyword.WebUiBuiltInKeywords.verifyElementText(WebUiBuiltInKeywords.groovy:3689)
	at com.kms.katalon.core.webui.keyword.WebUiBuiltInKeywords$verifyElementText$9.call(Unknown Source)
	at TC_CMPLX_011.run(TC_CMPLX_011:25)
	at com.kms.katalon.core.main.ScriptEngine.run(ScriptEngine.java:194)
	at com.kms.katalon.core.main.ScriptEngine.runScriptAsRawText(ScriptEngine.java:119)
	at com.kms.katalon.core.main.TestCaseExecutor.runScript(TestCaseExecutor.java:339)
	at com.kms.katalon.core.main.TestCaseExecutor.doExecute(TestCaseExecutor.java:330)
	at com.kms.katalon.core.main.TestCaseExecutor.processExecutionPhase(TestCaseExecutor.java:309)
	at com.kms.katalon.core.main.TestCaseExecutor.accessMainPhase(TestCaseExecutor.java:301)
	at com.kms.katalon.core.main.TestCaseExecutor.execute(TestCaseExecutor.java:235)
	at com.kms.katalon.core.main.TestSuiteExecutor.accessTestCaseMainPhase(TestSuiteExecutor.java:191)
	at com.kms.katalon.core.main.TestSuiteExecutor.accessTestSuiteMainPhase(TestSuiteExecutor.java:141)
	at com.kms.katalon.core.main.TestSuiteExecutor.execute(TestSuiteExecutor.java:90)
	at com.kms.katalon.core.main.TestCaseMain.startTestSuite(TestCaseMain.java:157)
	at com.kms.katalon.core.main.TestCaseMain$startTestSuite$0.call(Unknown Source)
	at TempTestSuite1618878862596.run(TempTestSuite1618878862596.groovy:39)
Caused by: com.kms.katalon.core.exception.StepFailedException: Actual text 'SAMPLE TEXT CUSTOMFIELD' and expected text 'SAMPLE CUSTOMFIELD CHECKBOX' of test object 'Object Repository/User/label_SAMPLE CUSTOMFIELD CHECKBOX' are NOT matched.
	at com.kms.katalon.core.webui.keyword.internal.WebUIKeywordMain.stepFailed(WebUIKeywordMain.groovy:64)
	at com.kms.katalon.core.webui.keyword.builtin.VerifyElementTextKeyword$_verifyElementText_closure1.doCall(VerifyElementTextKeyword.groovy:57)
	at com.kms.katalon.core.webui.keyword.builtin.VerifyElementTextKeyword$_verifyElementText_closure1.call(VerifyElementTextKeyword.groovy)
	at com.kms.katalon.core.webui.keyword.internal.WebUIKeywordMain.runKeyword(WebUIKeywordMain.groovy:20)
	... 19 more


2021-04-20 08:36:13 - [TEST_STEP][PASSED] - callTestCase(findTestCase("Utilities/Adding Custom field Checkbox"), [:], STOP_ON_FAILURE): Call Test Case 'Test Cases/Utilities/Adding Custom field Checkbox' successfully

2021-04-20 08:36:13 - [TEST_CASE][PASSED] - Test Cases/Utilities/Adding Custom field Checkbox: Test Cases/Utilities/Adding Custom field Checkbox

2021-04-20 08:36:13 - [TEST_STEP][PASSED] - callTestCase(findTestCase("Utilities/Admin Login"), [:], STOP_ON_FAILURE): Call Test Case 'Test Cases/Utilities/Admin Login' successfully

2021-04-20 08:36:13 - [TEST_CASE][PASSED] - Test Cases/Utilities/Admin Login: Test Cases/Utilities/Admin Login

2021-04-20 08:36:13 - [TEST_STEP][PASSED] - openBrowser(""): Browser is opened with url: ''

2021-04-20 08:36:13 - [MESSAGE][WARNING] - A browser is already opened. Closing browser and opening a new one

2021-04-20 08:36:14 - [MESSAGE][INFO] - Starting 'Chrome' driver

2021-04-20 08:36:14 - [MESSAGE][INFO] - Action delay is set to 0 milliseconds

2021-04-20 08:36:15 - [MESSAGE][PASSED] - Browser is opened with url: ''

2021-04-20 08:36:15 - [TEST_STEP][PASSED] - maximizeWindow(): Current window maximized

2021-04-20 08:36:15 - [MESSAGE][PASSED] - Current window maximized

2021-04-20 08:36:15 - [TEST_STEP][PASSED] - navigateToUrl(admin_url): Navigate to 'https://youhadmeathelloworld.staging.arcadier.io/admin' successfully

2021-04-20 08:36:18 - [MESSAGE][PASSED] - Navigate to 'https://youhadmeathelloworld.staging.arcadier.io/admin' successfully

2021-04-20 08:36:18 - [TEST_STEP][PASSED] - waitForPageLoad(2): Wait for page load successfully

2021-04-20 08:36:18 - [MESSAGE][PASSED] - Wait for page load successfully

2021-04-20 08:36:18 - [TEST_STEP][PASSED] - setText(findTestObject("Admin/Admin Login/txt_username"), admin_username): Text 'codemafia' is set on object 'Object Repository/Admin/Admin Login/txt_username'

2021-04-20 08:36:19 - [MESSAGE][PASSED] - Text 'codemafia' is set on object 'Object Repository/Admin/Admin Login/txt_username'

2021-04-20 08:36:19 - [TEST_STEP][PASSED] - setText(findTestObject("Admin/Admin Login/txt_password"), admin_password): Text 'welcome8' is set on object 'Object Repository/Admin/Admin Login/txt_password'

2021-04-20 08:36:20 - [MESSAGE][PASSED] - Text 'welcome8' is set on object 'Object Repository/Admin/Admin Login/txt_password'

2021-04-20 08:36:20 - [TEST_STEP][PASSED] - click(findTestObject("Admin/Admin Login/button_login")): Object: 'Object Repository/Admin/Admin Login/button_login' is clicked on

2021-04-20 08:36:31 - [MESSAGE][PASSED] - Object: 'Object Repository/Admin/Admin Login/button_login' is clicked on

2021-04-20 08:36:31 - [MESSAGE][PASSED] - Call Test Case 'Test Cases/Utilities/Admin Login' successfully

2021-04-20 08:36:31 - [TEST_STEP][PASSED] - callTestCase(findTestCase("Utilities/Navigate to Plugin"), [:], STOP_ON_FAILURE): Call Test Case 'Test Cases/Utilities/Navigate to Plugin' successfully

2021-04-20 08:36:31 - [TEST_CASE][PASSED] - Test Cases/Utilities/Navigate to Plugin: Test Cases/Utilities/Navigate to Plugin

2021-04-20 08:36:31 - [TEST_STEP][PASSED] - click(findTestObject("Admin/Plugin Navigation/link_plugin")): Object: 'Object Repository/Admin/Plugin Navigation/link_plugin' is clicked on

2021-04-20 08:36:33 - [MESSAGE][PASSED] - Object: 'Object Repository/Admin/Plugin Navigation/link_plugin' is clicked on

2021-04-20 08:36:33 - [TEST_STEP][PASSED] - click(findTestObject("Admin/Plugin Navigation/link_profile")): Object: 'Object Repository/Admin/Plugin Navigation/link_profile' is clicked on

2021-04-20 08:36:34 - [MESSAGE][PASSED] - Object: 'Object Repository/Admin/Plugin Navigation/link_profile' is clicked on

2021-04-20 08:36:34 - [MESSAGE][PASSED] - Call Test Case 'Test Cases/Utilities/Navigate to Plugin' successfully

2021-04-20 08:36:34 - [TEST_STEP][PASSED] - click(findTestObject("Admin/Plugin Page/Add New Text CF/a_Add Profile Input Field")): Object: 'Object Repository/Admin/Plugin Page/Add New Text CF/a_Add Profile Input Field' is clicked on

2021-04-20 08:36:35 - [MESSAGE][PASSED] - Object: 'Object Repository/Admin/Plugin Page/Add New Text CF/a_Add Profile Input Field' is clicked on

2021-04-20 08:36:35 - [TEST_STEP][PASSED] - setText(findTestObject("Admin/Plugin Page/Add New Text CF/input_Custom Field Name_custom_name"), "Sample Customfield Checkbox"): Text 'Sample Customfield Checkbox' is set on object 'Object Repository/Admin/Plugin Page/Add New Text CF/input_Custom Field Name_custom_name'

2021-04-20 08:36:36 - [MESSAGE][PASSED] - Text 'Sample Customfield Checkbox' is set on object 'Object Repository/Admin/Plugin Page/Add New Text CF/input_Custom Field Name_custom_name'

2021-04-20 08:36:36 - [TEST_STEP][PASSED] - selectOptionByValue(findTestObject("Admin/Plugin Page/Add New Text CF/select_Text                                _e22ab6"), "checkbox", true): All options with value 'checkbox' are selected in object 'Object Repository/Admin/Plugin Page/Add New Text CF/select_Text                                _e22ab6'  using regular expression

2021-04-20 08:36:37 - [MESSAGE][PASSED] - All options with value 'checkbox' are selected in object 'Object Repository/Admin/Plugin Page/Add New Text CF/select_Text                                _e22ab6'  using regular expression

2021-04-20 08:36:37 - [TEST_STEP][PASSED] - setText(findTestObject("Admin/Plugin Page/Add New Text CF/input_Options_checkbox-opt"), "Option 1"): Text 'Option 1' is set on object 'Object Repository/Admin/Plugin Page/Add New Text CF/input_Options_checkbox-opt'

2021-04-20 08:36:38 - [MESSAGE][PASSED] - Text 'Option 1' is set on object 'Object Repository/Admin/Plugin Page/Add New Text CF/input_Options_checkbox-opt'

2021-04-20 08:36:38 - [TEST_STEP][PASSED] - click(findTestObject("Admin/Plugin Page/Add New Text CF/input_Add Option_saveCustomDetails")): Object: 'Object Repository/Admin/Plugin Page/Add New Text CF/input_Add Option_saveCustomDetails' is clicked on

2021-04-20 08:36:38 - [MESSAGE][PASSED] - Object: 'Object Repository/Admin/Plugin Page/Add New Text CF/input_Add Option_saveCustomDetails' is clicked on

2021-04-20 08:36:38 - [TEST_STEP][PASSED] - closeBrowser(): Browser is closed

2021-04-20 08:36:39 - [MESSAGE][PASSED] - Browser is closed

2021-04-20 08:36:39 - [MESSAGE][PASSED] - Call Test Case 'Test Cases/Utilities/Adding Custom field Checkbox' successfully

2021-04-20 08:36:39 - [TEST_STEP][PASSED] - callTestCase(findTestCase("Utilities/Navigate to Buyer Settings"), [:], STOP_ON_FAILURE): Call Test Case 'Test Cases/Utilities/Navigate to Buyer Settings' successfully

2021-04-20 08:36:39 - [TEST_CASE][PASSED] - Test Cases/Utilities/Navigate to Buyer Settings: Test Cases/Utilities/Navigate to Buyer Settings

2021-04-20 08:36:39 - [TEST_STEP][PASSED] - openBrowser(""): Browser is opened with url: ''

2021-04-20 08:36:39 - [MESSAGE][INFO] - Starting 'Chrome' driver

2021-04-20 08:36:39 - [MESSAGE][INFO] - Action delay is set to 0 milliseconds

2021-04-20 08:36:40 - [MESSAGE][PASSED] - Browser is opened with url: ''

2021-04-20 08:36:40 - [TEST_STEP][PASSED] - navigateToUrl("https://youhadmeathelloworld.arcadier.io/"): Navigate to 'https://youhadmeathelloworld.arcadier.io/' successfully

2021-04-20 08:36:42 - [MESSAGE][PASSED] - Navigate to 'https://youhadmeathelloworld.arcadier.io/' successfully

2021-04-20 08:36:42 - [TEST_STEP][PASSED] - maximizeWindow(): Current window maximized

2021-04-20 08:36:42 - [MESSAGE][PASSED] - Current window maximized

2021-04-20 08:36:42 - [TEST_STEP][PASSED] - click(findTestObject("Object Repository/User/a_REGISTER  SIGN IN")): Object: 'Object Repository/User/a_REGISTER  SIGN IN' is clicked on

2021-04-20 08:36:44 - [MESSAGE][PASSED] - Object: 'Object Repository/User/a_REGISTER  SIGN IN' is clicked on

2021-04-20 08:36:44 - [TEST_STEP][PASSED] - setText(findTestObject("Object Repository/User/input_Your emailusername_username"), "athena"): Text 'athena' is set on object 'Object Repository/User/input_Your emailusername_username'

2021-04-20 08:36:45 - [MESSAGE][PASSED] - Text 'athena' is set on object 'Object Repository/User/input_Your emailusername_username'

2021-04-20 08:36:45 - [TEST_STEP][PASSED] - setEncryptedText(findTestObject("Object Repository/User/input_Your password_password"), "goxxgxvM2dP/z7G09p4JaTtn5QD+a0Kw"): Text ****** has been set on object 'Object Repository/User/input_Your password_password'

2021-04-20 08:36:46 - [MESSAGE][PASSED] - Text ****** has been set on object 'Object Repository/User/input_Your password_password'

2021-04-20 08:36:46 - [TEST_STEP][PASSED] - click(findTestObject("Object Repository/User/input_Your password_login-submit")): Object: 'Object Repository/User/input_Your password_login-submit' is clicked on

2021-04-20 08:36:49 - [MESSAGE][PASSED] - Object: 'Object Repository/User/input_Your password_login-submit' is clicked on

2021-04-20 08:36:49 - [TEST_STEP][PASSED] - mouseOver(findTestObject("User/i_EN_icon icon-down")): Object: 'Object Repository/User/i_EN_icon icon-down' is hovered

2021-04-20 08:36:50 - [MESSAGE][PASSED] - Object: 'Object Repository/User/i_EN_icon icon-down' is hovered

2021-04-20 08:36:50 - [TEST_STEP][PASSED] - click(findTestObject("User/a_Settings")): Object: 'Object Repository/User/a_Settings' is clicked on

2021-04-20 08:36:51 - [MESSAGE][PASSED] - Object: 'Object Repository/User/a_Settings' is clicked on

2021-04-20 08:36:51 - [MESSAGE][PASSED] - Call Test Case 'Test Cases/Utilities/Navigate to Buyer Settings' successfully

2021-04-20 08:36:51 - [TEST_STEP][PASSED] - verifyElementPresent(findTestObject("User/label_SAMPLE CUSTOMFIELD CHECKBOX"), 0): Object 'Object Repository/User/label_SAMPLE CUSTOMFIELD CHECKBOX' is present

2021-04-20 08:36:51 - [MESSAGE][WARNING] - Timeout '0' is invalid. Using default page load timeout: '30'

2021-04-20 08:36:52 - [MESSAGE][PASSED] - Object 'Object Repository/User/label_SAMPLE CUSTOMFIELD CHECKBOX' is present

2021-04-20 08:36:52 - [TEST_STEP][FAILED] - verifyElementText(findTestObject("User/label_SAMPLE CUSTOMFIELD CHECKBOX"), "SAMPLE CUSTOMFIELD CHECKBOX"): Verify element text of test object 'Object Repository/User/label_SAMPLE CUSTOMFIELD CHECKBOX' FAILED. (Root cause: com.kms.katalon.core.exception.StepFailedException: Verify element text of test object 'Object Repository/User/label_SAMPLE CUSTOMFIELD CHECKBOX' FAILED.
	at com.kms.katalon.core.webui.keyword.internal.WebUIKeywordMain.stepFailed(WebUIKeywordMain.groovy:64)
	at com.kms.katalon.core.webui.keyword.internal.WebUIKeywordMain.runKeyword(WebUIKeywordMain.groovy:26)
	at com.kms.katalon.core.webui.keyword.builtin.VerifyElementTextKeyword.verifyElementText(VerifyElementTextKeyword.groovy:72)
	at com.kms.katalon.core.webui.keyword.builtin.VerifyElementTextKeyword.execute(VerifyElementTextKeyword.groovy:40)
	at com.kms.katalon.core.keyword.internal.KeywordExecutor.executeKeywordForPlatform(KeywordExecutor.groovy:73)
	at com.kms.katalon.core.webui.keyword.WebUiBuiltInKeywords.verifyElementText(WebUiBuiltInKeywords.groovy:3689)
	at com.kms.katalon.core.webui.keyword.WebUiBuiltInKeywords$verifyElementText$9.call(Unknown Source)
	at TC_CMPLX_011.run(TC_CMPLX_011:25)
	at com.kms.katalon.core.main.ScriptEngine.run(ScriptEngine.java:194)
	at com.kms.katalon.core.main.ScriptEngine.runScriptAsRawText(ScriptEngine.java:119)
	at com.kms.katalon.core.main.TestCaseExecutor.runScript(TestCaseExecutor.java:339)
	at com.kms.katalon.core.main.TestCaseExecutor.doExecute(TestCaseExecutor.java:330)
	at com.kms.katalon.core.main.TestCaseExecutor.processExecutionPhase(TestCaseExecutor.java:309)
	at com.kms.katalon.core.main.TestCaseExecutor.accessMainPhase(TestCaseExecutor.java:301)
	at com.kms.katalon.core.main.TestCaseExecutor.execute(TestCaseExecutor.java:235)
	at com.kms.katalon.core.main.TestSuiteExecutor.accessTestCaseMainPhase(TestSuiteExecutor.java:191)
	at com.kms.katalon.core.main.TestSuiteExecutor.accessTestSuiteMainPhase(TestSuiteExecutor.java:141)
	at com.kms.katalon.core.main.TestSuiteExecutor.execute(TestSuiteExecutor.java:90)
	at com.kms.katalon.core.main.TestCaseMain.startTestSuite(TestCaseMain.java:157)
	at com.kms.katalon.core.main.TestCaseMain$startTestSuite$0.call(Unknown Source)
	at TempTestSuite1618878862596.run(TempTestSuite1618878862596.groovy:39)
Caused by: com.kms.katalon.core.exception.StepFailedException: Actual text 'SAMPLE TEXT CUSTOMFIELD' and expected text 'SAMPLE CUSTOMFIELD CHECKBOX' of test object 'Object Repository/User/label_SAMPLE CUSTOMFIELD CHECKBOX' are NOT matched.
	at com.kms.katalon.core.webui.keyword.internal.WebUIKeywordMain.stepFailed(WebUIKeywordMain.groovy:64)
	at com.kms.katalon.core.webui.keyword.builtin.VerifyElementTextKeyword$_verifyElementText_closure1.doCall(VerifyElementTextKeyword.groovy:57)
	at com.kms.katalon.core.webui.keyword.builtin.VerifyElementTextKeyword$_verifyElementText_closure1.call(VerifyElementTextKeyword.groovy)
	at com.kms.katalon.core.webui.keyword.internal.WebUIKeywordMain.runKeyword(WebUIKeywordMain.groovy:20)
	... 19 more
)

2021-04-20 08:36:52 - [MESSAGE][FAILED] - Actual text 'SAMPLE TEXT CUSTOMFIELD' and expected text 'SAMPLE CUSTOMFIELD CHECKBOX' of test object 'Object Repository/User/label_SAMPLE CUSTOMFIELD CHECKBOX' are NOT matched. (Root cause: com.kms.katalon.core.exception.StepFailedException: Actual text 'SAMPLE TEXT CUSTOMFIELD' and expected text 'SAMPLE CUSTOMFIELD CHECKBOX' of test object 'Object Repository/User/label_SAMPLE CUSTOMFIELD CHECKBOX' are NOT matched.
	at com.kms.katalon.core.webui.keyword.internal.WebUIKeywordMain.stepFailed(WebUIKeywordMain.groovy:64)
	at com.kms.katalon.core.webui.keyword.builtin.VerifyElementTextKeyword$_verifyElementText_closure1.doCall(VerifyElementTextKeyword.groovy:57)
	at com.kms.katalon.core.webui.keyword.builtin.VerifyElementTextKeyword$_verifyElementText_closure1.call(VerifyElementTextKeyword.groovy)
	at com.kms.katalon.core.webui.keyword.internal.WebUIKeywordMain.runKeyword(WebUIKeywordMain.groovy:20)
	at com.kms.katalon.core.webui.keyword.builtin.VerifyElementTextKeyword.verifyElementText(VerifyElementTextKeyword.groovy:72)
	at com.kms.katalon.core.webui.keyword.builtin.VerifyElementTextKeyword.execute(VerifyElementTextKeyword.groovy:40)
	at com.kms.katalon.core.keyword.internal.KeywordExecutor.executeKeywordForPlatform(KeywordExecutor.groovy:73)
	at com.kms.katalon.core.webui.keyword.WebUiBuiltInKeywords.verifyElementText(WebUiBuiltInKeywords.groovy:3689)
	at com.kms.katalon.core.webui.keyword.WebUiBuiltInKeywords$verifyElementText$9.call(Unknown Source)
	at TC_CMPLX_011.run(TC_CMPLX_011:25)
	at com.kms.katalon.core.main.ScriptEngine.run(ScriptEngine.java:194)
	at com.kms.katalon.core.main.ScriptEngine.runScriptAsRawText(ScriptEngine.java:119)
	at com.kms.katalon.core.main.TestCaseExecutor.runScript(TestCaseExecutor.java:339)
	at com.kms.katalon.core.main.TestCaseExecutor.doExecute(TestCaseExecutor.java:330)
	at com.kms.katalon.core.main.TestCaseExecutor.processExecutionPhase(TestCaseExecutor.java:309)
	at com.kms.katalon.core.main.TestCaseExecutor.accessMainPhase(TestCaseExecutor.java:301)
	at com.kms.katalon.core.main.TestCaseExecutor.execute(TestCaseExecutor.java:235)
	at com.kms.katalon.core.main.TestSuiteExecutor.accessTestCaseMainPhase(TestSuiteExecutor.java:191)
	at com.kms.katalon.core.main.TestSuiteExecutor.accessTestSuiteMainPhase(TestSuiteExecutor.java:141)
	at com.kms.katalon.core.main.TestSuiteExecutor.execute(TestSuiteExecutor.java:90)
	at com.kms.katalon.core.main.TestCaseMain.startTestSuite(TestCaseMain.java:157)
	at com.kms.katalon.core.main.TestCaseMain$startTestSuite$0.call(Unknown Source)
	at TempTestSuite1618878862596.run(TempTestSuite1618878862596.groovy:39)
)
[[ATTACHMENT|D:\\GITHUB\\automation_profile_input\\Reports\\20210420_083422\\User Settings\\20210420_083422\\1618879012381.png]]

2021-04-20 08:36:53 - [MESSAGE][FAILED] - Verify element text of test object 'Object Repository/User/label_SAMPLE CUSTOMFIELD CHECKBOX' FAILED. (Root cause: com.kms.katalon.core.exception.StepFailedException: Verify element text of test object 'Object Repository/User/label_SAMPLE CUSTOMFIELD CHECKBOX' FAILED.
	at com.kms.katalon.core.webui.keyword.internal.WebUIKeywordMain.stepFailed(WebUIKeywordMain.groovy:64)
	at com.kms.katalon.core.webui.keyword.internal.WebUIKeywordMain.runKeyword(WebUIKeywordMain.groovy:26)
	at com.kms.katalon.core.webui.keyword.builtin.VerifyElementTextKeyword.verifyElementText(VerifyElementTextKeyword.groovy:72)
	at com.kms.katalon.core.webui.keyword.builtin.VerifyElementTextKeyword.execute(VerifyElementTextKeyword.groovy:40)
	at com.kms.katalon.core.keyword.internal.KeywordExecutor.executeKeywordForPlatform(KeywordExecutor.groovy:73)
	at com.kms.katalon.core.webui.keyword.WebUiBuiltInKeywords.verifyElementText(WebUiBuiltInKeywords.groovy:3689)
	at com.kms.katalon.core.webui.keyword.WebUiBuiltInKeywords$verifyElementText$9.call(Unknown Source)
	at TC_CMPLX_011.run(TC_CMPLX_011:25)
	at com.kms.katalon.core.main.ScriptEngine.run(ScriptEngine.java:194)
	at com.kms.katalon.core.main.ScriptEngine.runScriptAsRawText(ScriptEngine.java:119)
	at com.kms.katalon.core.main.TestCaseExecutor.runScript(TestCaseExecutor.java:339)
	at com.kms.katalon.core.main.TestCaseExecutor.doExecute(TestCaseExecutor.java:330)
	at com.kms.katalon.core.main.TestCaseExecutor.processExecutionPhase(TestCaseExecutor.java:309)
	at com.kms.katalon.core.main.TestCaseExecutor.accessMainPhase(TestCaseExecutor.java:301)
	at com.kms.katalon.core.main.TestCaseExecutor.execute(TestCaseExecutor.java:235)
	at com.kms.katalon.core.main.TestSuiteExecutor.accessTestCaseMainPhase(TestSuiteExecutor.java:191)
	at com.kms.katalon.core.main.TestSuiteExecutor.accessTestSuiteMainPhase(TestSuiteExecutor.java:141)
	at com.kms.katalon.core.main.TestSuiteExecutor.execute(TestSuiteExecutor.java:90)
	at com.kms.katalon.core.main.TestCaseMain.startTestSuite(TestCaseMain.java:157)
	at com.kms.katalon.core.main.TestCaseMain$startTestSuite$0.call(Unknown Source)
	at TempTestSuite1618878862596.run(TempTestSuite1618878862596.groovy:39)
Caused by: com.kms.katalon.core.exception.StepFailedException: Actual text 'SAMPLE TEXT CUSTOMFIELD' and expected text 'SAMPLE CUSTOMFIELD CHECKBOX' of test object 'Object Repository/User/label_SAMPLE CUSTOMFIELD CHECKBOX' are NOT matched.
	at com.kms.katalon.core.webui.keyword.internal.WebUIKeywordMain.stepFailed(WebUIKeywordMain.groovy:64)
	at com.kms.katalon.core.webui.keyword.builtin.VerifyElementTextKeyword$_verifyElementText_closure1.doCall(VerifyElementTextKeyword.groovy:57)
	at com.kms.katalon.core.webui.keyword.builtin.VerifyElementTextKeyword$_verifyElementText_closure1.call(VerifyElementTextKeyword.groovy)
	at com.kms.katalon.core.webui.keyword.internal.WebUIKeywordMain.runKeyword(WebUIKeywordMain.groovy:20)
	... 19 more
)
[[ATTACHMENT|D:\\GITHUB\\automation_profile_input\\Reports\\20210420_083422\\User Settings\\20210420_083422\\1618879012718.png]]]]></system-out>
         <system-err><![CDATA[2021-04-20 08:36:13 - [TEST_CASE][FAILED] - Test Cases/User Settings/COMPLEX/TC_CMPLX_011: Test Cases/User Settings/COMPLEX/TC_CMPLX_011 FAILED.
Reason:
com.kms.katalon.core.exception.StepFailedException: Verify element text of test object 'Object Repository/User/label_SAMPLE CUSTOMFIELD CHECKBOX' FAILED.
	at com.kms.katalon.core.webui.keyword.internal.WebUIKeywordMain.stepFailed(WebUIKeywordMain.groovy:64)
	at com.kms.katalon.core.webui.keyword.internal.WebUIKeywordMain.runKeyword(WebUIKeywordMain.groovy:26)
	at com.kms.katalon.core.webui.keyword.builtin.VerifyElementTextKeyword.verifyElementText(VerifyElementTextKeyword.groovy:72)
	at com.kms.katalon.core.webui.keyword.builtin.VerifyElementTextKeyword.execute(VerifyElementTextKeyword.groovy:40)
	at com.kms.katalon.core.keyword.internal.KeywordExecutor.executeKeywordForPlatform(KeywordExecutor.groovy:73)
	at com.kms.katalon.core.webui.keyword.WebUiBuiltInKeywords.verifyElementText(WebUiBuiltInKeywords.groovy:3689)
	at com.kms.katalon.core.webui.keyword.WebUiBuiltInKeywords$verifyElementText$9.call(Unknown Source)
	at TC_CMPLX_011.run(TC_CMPLX_011:25)
	at com.kms.katalon.core.main.ScriptEngine.run(ScriptEngine.java:194)
	at com.kms.katalon.core.main.ScriptEngine.runScriptAsRawText(ScriptEngine.java:119)
	at com.kms.katalon.core.main.TestCaseExecutor.runScript(TestCaseExecutor.java:339)
	at com.kms.katalon.core.main.TestCaseExecutor.doExecute(TestCaseExecutor.java:330)
	at com.kms.katalon.core.main.TestCaseExecutor.processExecutionPhase(TestCaseExecutor.java:309)
	at com.kms.katalon.core.main.TestCaseExecutor.accessMainPhase(TestCaseExecutor.java:301)
	at com.kms.katalon.core.main.TestCaseExecutor.execute(TestCaseExecutor.java:235)
	at com.kms.katalon.core.main.TestSuiteExecutor.accessTestCaseMainPhase(TestSuiteExecutor.java:191)
	at com.kms.katalon.core.main.TestSuiteExecutor.accessTestSuiteMainPhase(TestSuiteExecutor.java:141)
	at com.kms.katalon.core.main.TestSuiteExecutor.execute(TestSuiteExecutor.java:90)
	at com.kms.katalon.core.main.TestCaseMain.startTestSuite(TestCaseMain.java:157)
	at com.kms.katalon.core.main.TestCaseMain$startTestSuite$0.call(Unknown Source)
	at TempTestSuite1618878862596.run(TempTestSuite1618878862596.groovy:39)
Caused by: com.kms.katalon.core.exception.StepFailedException: Actual text 'SAMPLE TEXT CUSTOMFIELD' and expected text 'SAMPLE CUSTOMFIELD CHECKBOX' of test object 'Object Repository/User/label_SAMPLE CUSTOMFIELD CHECKBOX' are NOT matched.
	at com.kms.katalon.core.webui.keyword.internal.WebUIKeywordMain.stepFailed(WebUIKeywordMain.groovy:64)
	at com.kms.katalon.core.webui.keyword.builtin.VerifyElementTextKeyword$_verifyElementText_closure1.doCall(VerifyElementTextKeyword.groovy:57)
	at com.kms.katalon.core.webui.keyword.builtin.VerifyElementTextKeyword$_verifyElementText_closure1.call(VerifyElementTextKeyword.groovy)
	at com.kms.katalon.core.webui.keyword.internal.WebUIKeywordMain.runKeyword(WebUIKeywordMain.groovy:20)
	... 19 more]]></system-err>
      </testcase>
      <testcase name="Test Cases/User Settings/COMPLEX/TC_CMPLX_012" time="41.011" classname="Test Cases/User Settings/COMPLEX/TC_CMPLX_012" status="FAILED">
         <failure type="FAILED" message="Test Cases/User Settings/COMPLEX/TC_CMPLX_012 FAILED.
Reason:
com.kms.katalon.core.exception.StepFailedException: Verify element text of test object 'Object Repository/User/label_SAMPLE CUSTOMFIELD CHECKBOX' FAILED.
	at com.kms.katalon.core.webui.keyword.internal.WebUIKeywordMain.stepFailed(WebUIKeywordMain.groovy:64)
	at com.kms.katalon.core.webui.keyword.internal.WebUIKeywordMain.runKeyword(WebUIKeywordMain.groovy:26)
	at com.kms.katalon.core.webui.keyword.builtin.VerifyElementTextKeyword.verifyElementText(VerifyElementTextKeyword.groovy:72)
	at com.kms.katalon.core.webui.keyword.builtin.VerifyElementTextKeyword.execute(VerifyElementTextKeyword.groovy:40)
	at com.kms.katalon.core.keyword.internal.KeywordExecutor.executeKeywordForPlatform(KeywordExecutor.groovy:73)
	at com.kms.katalon.core.webui.keyword.WebUiBuiltInKeywords.verifyElementText(WebUiBuiltInKeywords.groovy:3689)
	at com.kms.katalon.core.webui.keyword.WebUiBuiltInKeywords$verifyElementText$9.call(Unknown Source)
	at TC_CMPLX_012.run(TC_CMPLX_012:25)
	at com.kms.katalon.core.main.ScriptEngine.run(ScriptEngine.java:194)
	at com.kms.katalon.core.main.ScriptEngine.runScriptAsRawText(ScriptEngine.java:119)
	at com.kms.katalon.core.main.TestCaseExecutor.runScript(TestCaseExecutor.java:339)
	at com.kms.katalon.core.main.TestCaseExecutor.doExecute(TestCaseExecutor.java:330)
	at com.kms.katalon.core.main.TestCaseExecutor.processExecutionPhase(TestCaseExecutor.java:309)
	at com.kms.katalon.core.main.TestCaseExecutor.accessMainPhase(TestCaseExecutor.java:301)
	at com.kms.katalon.core.main.TestCaseExecutor.execute(TestCaseExecutor.java:235)
	at com.kms.katalon.core.main.TestSuiteExecutor.accessTestCaseMainPhase(TestSuiteExecutor.java:191)
	at com.kms.katalon.core.main.TestSuiteExecutor.accessTestSuiteMainPhase(TestSuiteExecutor.java:141)
	at com.kms.katalon.core.main.TestSuiteExecutor.execute(TestSuiteExecutor.java:90)
	at com.kms.katalon.core.main.TestCaseMain.startTestSuite(TestCaseMain.java:157)
	at com.kms.katalon.core.main.TestCaseMain$startTestSuite$0.call(Unknown Source)
	at TempTestSuite1618878862596.run(TempTestSuite1618878862596.groovy:39)
Caused by: com.kms.katalon.core.exception.StepFailedException: Actual text 'SAMPLE TEXT CUSTOMFIELD' and expected text 'SAMPLE CUSTOMFIELD DROPDOWN' of test object 'Object Repository/User/label_SAMPLE CUSTOMFIELD CHECKBOX' are NOT matched.
	at com.kms.katalon.core.webui.keyword.internal.WebUIKeywordMain.stepFailed(WebUIKeywordMain.groovy:64)
	at com.kms.katalon.core.webui.keyword.builtin.VerifyElementTextKeyword$_verifyElementText_closure1.doCall(VerifyElementTextKeyword.groovy:57)
	at com.kms.katalon.core.webui.keyword.builtin.VerifyElementTextKeyword$_verifyElementText_closure1.call(VerifyElementTextKeyword.groovy)
	at com.kms.katalon.core.webui.keyword.internal.WebUIKeywordMain.runKeyword(WebUIKeywordMain.groovy:20)
	... 19 more
"/>
         <system-out><![CDATA[2021-04-20 08:36:53 - [TEST_CASE][FAILED] - Test Cases/User Settings/COMPLEX/TC_CMPLX_012: Test Cases/User Settings/COMPLEX/TC_CMPLX_012 FAILED.
Reason:
com.kms.katalon.core.exception.StepFailedException: Verify element text of test object 'Object Repository/User/label_SAMPLE CUSTOMFIELD CHECKBOX' FAILED.
	at com.kms.katalon.core.webui.keyword.internal.WebUIKeywordMain.stepFailed(WebUIKeywordMain.groovy:64)
	at com.kms.katalon.core.webui.keyword.internal.WebUIKeywordMain.runKeyword(WebUIKeywordMain.groovy:26)
	at com.kms.katalon.core.webui.keyword.builtin.VerifyElementTextKeyword.verifyElementText(VerifyElementTextKeyword.groovy:72)
	at com.kms.katalon.core.webui.keyword.builtin.VerifyElementTextKeyword.execute(VerifyElementTextKeyword.groovy:40)
	at com.kms.katalon.core.keyword.internal.KeywordExecutor.executeKeywordForPlatform(KeywordExecutor.groovy:73)
	at com.kms.katalon.core.webui.keyword.WebUiBuiltInKeywords.verifyElementText(WebUiBuiltInKeywords.groovy:3689)
	at com.kms.katalon.core.webui.keyword.WebUiBuiltInKeywords$verifyElementText$9.call(Unknown Source)
	at TC_CMPLX_012.run(TC_CMPLX_012:25)
	at com.kms.katalon.core.main.ScriptEngine.run(ScriptEngine.java:194)
	at com.kms.katalon.core.main.ScriptEngine.runScriptAsRawText(ScriptEngine.java:119)
	at com.kms.katalon.core.main.TestCaseExecutor.runScript(TestCaseExecutor.java:339)
	at com.kms.katalon.core.main.TestCaseExecutor.doExecute(TestCaseExecutor.java:330)
	at com.kms.katalon.core.main.TestCaseExecutor.processExecutionPhase(TestCaseExecutor.java:309)
	at com.kms.katalon.core.main.TestCaseExecutor.accessMainPhase(TestCaseExecutor.java:301)
	at com.kms.katalon.core.main.TestCaseExecutor.execute(TestCaseExecutor.java:235)
	at com.kms.katalon.core.main.TestSuiteExecutor.accessTestCaseMainPhase(TestSuiteExecutor.java:191)
	at com.kms.katalon.core.main.TestSuiteExecutor.accessTestSuiteMainPhase(TestSuiteExecutor.java:141)
	at com.kms.katalon.core.main.TestSuiteExecutor.execute(TestSuiteExecutor.java:90)
	at com.kms.katalon.core.main.TestCaseMain.startTestSuite(TestCaseMain.java:157)
	at com.kms.katalon.core.main.TestCaseMain$startTestSuite$0.call(Unknown Source)
	at TempTestSuite1618878862596.run(TempTestSuite1618878862596.groovy:39)
Caused by: com.kms.katalon.core.exception.StepFailedException: Actual text 'SAMPLE TEXT CUSTOMFIELD' and expected text 'SAMPLE CUSTOMFIELD DROPDOWN' of test object 'Object Repository/User/label_SAMPLE CUSTOMFIELD CHECKBOX' are NOT matched.
	at com.kms.katalon.core.webui.keyword.internal.WebUIKeywordMain.stepFailed(WebUIKeywordMain.groovy:64)
	at com.kms.katalon.core.webui.keyword.builtin.VerifyElementTextKeyword$_verifyElementText_closure1.doCall(VerifyElementTextKeyword.groovy:57)
	at com.kms.katalon.core.webui.keyword.builtin.VerifyElementTextKeyword$_verifyElementText_closure1.call(VerifyElementTextKeyword.groovy)
	at com.kms.katalon.core.webui.keyword.internal.WebUIKeywordMain.runKeyword(WebUIKeywordMain.groovy:20)
	... 19 more


2021-04-20 08:36:53 - [TEST_STEP][PASSED] - callTestCase(findTestCase("Utilities/Add Customfield Dropdown"), [:], STOP_ON_FAILURE): Call Test Case 'Test Cases/Utilities/Add Customfield Dropdown' successfully

2021-04-20 08:36:53 - [TEST_CASE][PASSED] - Test Cases/Utilities/Add Customfield Dropdown: Test Cases/Utilities/Add Customfield Dropdown

2021-04-20 08:36:53 - [TEST_STEP][PASSED] - callTestCase(findTestCase("Utilities/Admin Login"), [:], STOP_ON_FAILURE): Call Test Case 'Test Cases/Utilities/Admin Login' successfully

2021-04-20 08:36:53 - [TEST_CASE][PASSED] - Test Cases/Utilities/Admin Login: Test Cases/Utilities/Admin Login

2021-04-20 08:36:53 - [TEST_STEP][PASSED] - openBrowser(""): Browser is opened with url: ''

2021-04-20 08:36:53 - [MESSAGE][WARNING] - A browser is already opened. Closing browser and opening a new one

2021-04-20 08:36:54 - [MESSAGE][INFO] - Starting 'Chrome' driver

2021-04-20 08:36:54 - [MESSAGE][INFO] - Action delay is set to 0 milliseconds

2021-04-20 08:36:55 - [MESSAGE][PASSED] - Browser is opened with url: ''

2021-04-20 08:36:55 - [TEST_STEP][PASSED] - maximizeWindow(): Current window maximized

2021-04-20 08:36:55 - [MESSAGE][PASSED] - Current window maximized

2021-04-20 08:36:55 - [TEST_STEP][PASSED] - navigateToUrl(admin_url): Navigate to 'https://youhadmeathelloworld.staging.arcadier.io/admin' successfully

2021-04-20 08:36:59 - [MESSAGE][PASSED] - Navigate to 'https://youhadmeathelloworld.staging.arcadier.io/admin' successfully

2021-04-20 08:36:59 - [TEST_STEP][PASSED] - waitForPageLoad(2): Wait for page load successfully

2021-04-20 08:36:59 - [MESSAGE][PASSED] - Wait for page load successfully

2021-04-20 08:36:59 - [TEST_STEP][PASSED] - setText(findTestObject("Admin/Admin Login/txt_username"), admin_username): Text 'codemafia' is set on object 'Object Repository/Admin/Admin Login/txt_username'

2021-04-20 08:37:00 - [MESSAGE][PASSED] - Text 'codemafia' is set on object 'Object Repository/Admin/Admin Login/txt_username'

2021-04-20 08:37:00 - [TEST_STEP][PASSED] - setText(findTestObject("Admin/Admin Login/txt_password"), admin_password): Text 'welcome8' is set on object 'Object Repository/Admin/Admin Login/txt_password'

2021-04-20 08:37:00 - [MESSAGE][PASSED] - Text 'welcome8' is set on object 'Object Repository/Admin/Admin Login/txt_password'

2021-04-20 08:37:00 - [TEST_STEP][PASSED] - click(findTestObject("Admin/Admin Login/button_login")): Object: 'Object Repository/Admin/Admin Login/button_login' is clicked on

2021-04-20 08:37:10 - [MESSAGE][PASSED] - Object: 'Object Repository/Admin/Admin Login/button_login' is clicked on

2021-04-20 08:37:10 - [MESSAGE][PASSED] - Call Test Case 'Test Cases/Utilities/Admin Login' successfully

2021-04-20 08:37:10 - [TEST_STEP][PASSED] - callTestCase(findTestCase("Utilities/Navigate to Plugin"), [:], STOP_ON_FAILURE): Call Test Case 'Test Cases/Utilities/Navigate to Plugin' successfully

2021-04-20 08:37:10 - [TEST_CASE][PASSED] - Test Cases/Utilities/Navigate to Plugin: Test Cases/Utilities/Navigate to Plugin

2021-04-20 08:37:10 - [TEST_STEP][PASSED] - click(findTestObject("Admin/Plugin Navigation/link_plugin")): Object: 'Object Repository/Admin/Plugin Navigation/link_plugin' is clicked on

2021-04-20 08:37:11 - [MESSAGE][PASSED] - Object: 'Object Repository/Admin/Plugin Navigation/link_plugin' is clicked on

2021-04-20 08:37:11 - [TEST_STEP][PASSED] - click(findTestObject("Admin/Plugin Navigation/link_profile")): Object: 'Object Repository/Admin/Plugin Navigation/link_profile' is clicked on

2021-04-20 08:37:13 - [MESSAGE][PASSED] - Object: 'Object Repository/Admin/Plugin Navigation/link_profile' is clicked on

2021-04-20 08:37:13 - [MESSAGE][PASSED] - Call Test Case 'Test Cases/Utilities/Navigate to Plugin' successfully

2021-04-20 08:37:13 - [TEST_STEP][PASSED] - click(findTestObject("Admin/Plugin Page/Add New Text CF/a_Add Profile Input Field")): Object: 'Object Repository/Admin/Plugin Page/Add New Text CF/a_Add Profile Input Field' is clicked on

2021-04-20 08:37:14 - [MESSAGE][PASSED] - Object: 'Object Repository/Admin/Plugin Page/Add New Text CF/a_Add Profile Input Field' is clicked on

2021-04-20 08:37:14 - [TEST_STEP][PASSED] - setText(findTestObject("Admin/Plugin Page/Add New Text CF/input_Custom Field Name_custom_name"), "Sample Customfield Dropdown"): Text 'Sample Customfield Dropdown' is set on object 'Object Repository/Admin/Plugin Page/Add New Text CF/input_Custom Field Name_custom_name'

2021-04-20 08:37:15 - [MESSAGE][PASSED] - Text 'Sample Customfield Dropdown' is set on object 'Object Repository/Admin/Plugin Page/Add New Text CF/input_Custom Field Name_custom_name'

2021-04-20 08:37:15 - [TEST_STEP][PASSED] - selectOptionByValue(findTestObject("Admin/Plugin Page/Add New Text CF/select_Text                                _e22ab6"), "dropdown", true): All options with value 'dropdown' are selected in object 'Object Repository/Admin/Plugin Page/Add New Text CF/select_Text                                _e22ab6'  using regular expression

2021-04-20 08:37:16 - [MESSAGE][PASSED] - All options with value 'dropdown' are selected in object 'Object Repository/Admin/Plugin Page/Add New Text CF/select_Text                                _e22ab6'  using regular expression

2021-04-20 08:37:16 - [TEST_STEP][PASSED] - setText(findTestObject("Admin/Plugin Page/Add New Text CF/input_Options_checkbox-opt"), "option 1"): Text 'option 1' is set on object 'Object Repository/Admin/Plugin Page/Add New Text CF/input_Options_checkbox-opt'

2021-04-20 08:37:17 - [MESSAGE][PASSED] - Text 'option 1' is set on object 'Object Repository/Admin/Plugin Page/Add New Text CF/input_Options_checkbox-opt'

2021-04-20 08:37:17 - [TEST_STEP][PASSED] - click(findTestObject("Admin/Plugin Page/Add New Text CF/input_Add Option_saveCustomDetails")): Object: 'Object Repository/Admin/Plugin Page/Add New Text CF/input_Add Option_saveCustomDetails' is clicked on

2021-04-20 08:37:17 - [MESSAGE][PASSED] - Object: 'Object Repository/Admin/Plugin Page/Add New Text CF/input_Add Option_saveCustomDetails' is clicked on

2021-04-20 08:37:17 - [TEST_STEP][PASSED] - closeBrowser(): Browser is closed

2021-04-20 08:37:18 - [MESSAGE][PASSED] - Browser is closed

2021-04-20 08:37:18 - [MESSAGE][PASSED] - Call Test Case 'Test Cases/Utilities/Add Customfield Dropdown' successfully

2021-04-20 08:37:18 - [TEST_STEP][PASSED] - callTestCase(findTestCase("Utilities/Navigate to Buyer Settings"), [:], STOP_ON_FAILURE): Call Test Case 'Test Cases/Utilities/Navigate to Buyer Settings' successfully

2021-04-20 08:37:18 - [TEST_CASE][PASSED] - Test Cases/Utilities/Navigate to Buyer Settings: Test Cases/Utilities/Navigate to Buyer Settings

2021-04-20 08:37:18 - [TEST_STEP][PASSED] - openBrowser(""): Browser is opened with url: ''

2021-04-20 08:37:18 - [MESSAGE][INFO] - Starting 'Chrome' driver

2021-04-20 08:37:18 - [MESSAGE][INFO] - Action delay is set to 0 milliseconds

2021-04-20 08:37:19 - [MESSAGE][PASSED] - Browser is opened with url: ''

2021-04-20 08:37:19 - [TEST_STEP][PASSED] - navigateToUrl("https://youhadmeathelloworld.arcadier.io/"): Navigate to 'https://youhadmeathelloworld.arcadier.io/' successfully

2021-04-20 08:37:24 - [MESSAGE][PASSED] - Navigate to 'https://youhadmeathelloworld.arcadier.io/' successfully

2021-04-20 08:37:24 - [TEST_STEP][PASSED] - maximizeWindow(): Current window maximized

2021-04-20 08:37:24 - [MESSAGE][PASSED] - Current window maximized

2021-04-20 08:37:24 - [TEST_STEP][PASSED] - click(findTestObject("Object Repository/User/a_REGISTER  SIGN IN")): Object: 'Object Repository/User/a_REGISTER  SIGN IN' is clicked on

2021-04-20 08:37:26 - [MESSAGE][PASSED] - Object: 'Object Repository/User/a_REGISTER  SIGN IN' is clicked on

2021-04-20 08:37:26 - [TEST_STEP][PASSED] - setText(findTestObject("Object Repository/User/input_Your emailusername_username"), "athena"): Text 'athena' is set on object 'Object Repository/User/input_Your emailusername_username'

2021-04-20 08:37:27 - [MESSAGE][PASSED] - Text 'athena' is set on object 'Object Repository/User/input_Your emailusername_username'

2021-04-20 08:37:27 - [TEST_STEP][PASSED] - setEncryptedText(findTestObject("Object Repository/User/input_Your password_password"), "goxxgxvM2dP/z7G09p4JaTtn5QD+a0Kw"): Text ****** has been set on object 'Object Repository/User/input_Your password_password'

2021-04-20 08:37:27 - [MESSAGE][PASSED] - Text ****** has been set on object 'Object Repository/User/input_Your password_password'

2021-04-20 08:37:27 - [TEST_STEP][PASSED] - click(findTestObject("Object Repository/User/input_Your password_login-submit")): Object: 'Object Repository/User/input_Your password_login-submit' is clicked on

2021-04-20 08:37:29 - [MESSAGE][PASSED] - Object: 'Object Repository/User/input_Your password_login-submit' is clicked on

2021-04-20 08:37:29 - [TEST_STEP][PASSED] - mouseOver(findTestObject("User/i_EN_icon icon-down")): Object: 'Object Repository/User/i_EN_icon icon-down' is hovered

2021-04-20 08:37:31 - [MESSAGE][PASSED] - Object: 'Object Repository/User/i_EN_icon icon-down' is hovered

2021-04-20 08:37:31 - [TEST_STEP][PASSED] - click(findTestObject("User/a_Settings")): Object: 'Object Repository/User/a_Settings' is clicked on

2021-04-20 08:37:31 - [MESSAGE][PASSED] - Object: 'Object Repository/User/a_Settings' is clicked on

2021-04-20 08:37:31 - [MESSAGE][PASSED] - Call Test Case 'Test Cases/Utilities/Navigate to Buyer Settings' successfully

2021-04-20 08:37:31 - [TEST_STEP][PASSED] - verifyElementPresent(findTestObject("User/label_SAMPLE CUSTOMFIELD DROPDOWN"), 0): Object 'Object Repository/User/label_SAMPLE CUSTOMFIELD DROPDOWN' is present

2021-04-20 08:37:31 - [MESSAGE][WARNING] - Timeout '0' is invalid. Using default page load timeout: '30'

2021-04-20 08:37:33 - [MESSAGE][PASSED] - Object 'Object Repository/User/label_SAMPLE CUSTOMFIELD DROPDOWN' is present

2021-04-20 08:37:33 - [TEST_STEP][FAILED] - verifyElementText(findTestObject("User/label_SAMPLE CUSTOMFIELD CHECKBOX"), "SAMPLE CUSTOMFIELD DROPDOWN"): Verify element text of test object 'Object Repository/User/label_SAMPLE CUSTOMFIELD CHECKBOX' FAILED. (Root cause: com.kms.katalon.core.exception.StepFailedException: Verify element text of test object 'Object Repository/User/label_SAMPLE CUSTOMFIELD CHECKBOX' FAILED.
	at com.kms.katalon.core.webui.keyword.internal.WebUIKeywordMain.stepFailed(WebUIKeywordMain.groovy:64)
	at com.kms.katalon.core.webui.keyword.internal.WebUIKeywordMain.runKeyword(WebUIKeywordMain.groovy:26)
	at com.kms.katalon.core.webui.keyword.builtin.VerifyElementTextKeyword.verifyElementText(VerifyElementTextKeyword.groovy:72)
	at com.kms.katalon.core.webui.keyword.builtin.VerifyElementTextKeyword.execute(VerifyElementTextKeyword.groovy:40)
	at com.kms.katalon.core.keyword.internal.KeywordExecutor.executeKeywordForPlatform(KeywordExecutor.groovy:73)
	at com.kms.katalon.core.webui.keyword.WebUiBuiltInKeywords.verifyElementText(WebUiBuiltInKeywords.groovy:3689)
	at com.kms.katalon.core.webui.keyword.WebUiBuiltInKeywords$verifyElementText$9.call(Unknown Source)
	at TC_CMPLX_012.run(TC_CMPLX_012:25)
	at com.kms.katalon.core.main.ScriptEngine.run(ScriptEngine.java:194)
	at com.kms.katalon.core.main.ScriptEngine.runScriptAsRawText(ScriptEngine.java:119)
	at com.kms.katalon.core.main.TestCaseExecutor.runScript(TestCaseExecutor.java:339)
	at com.kms.katalon.core.main.TestCaseExecutor.doExecute(TestCaseExecutor.java:330)
	at com.kms.katalon.core.main.TestCaseExecutor.processExecutionPhase(TestCaseExecutor.java:309)
	at com.kms.katalon.core.main.TestCaseExecutor.accessMainPhase(TestCaseExecutor.java:301)
	at com.kms.katalon.core.main.TestCaseExecutor.execute(TestCaseExecutor.java:235)
	at com.kms.katalon.core.main.TestSuiteExecutor.accessTestCaseMainPhase(TestSuiteExecutor.java:191)
	at com.kms.katalon.core.main.TestSuiteExecutor.accessTestSuiteMainPhase(TestSuiteExecutor.java:141)
	at com.kms.katalon.core.main.TestSuiteExecutor.execute(TestSuiteExecutor.java:90)
	at com.kms.katalon.core.main.TestCaseMain.startTestSuite(TestCaseMain.java:157)
	at com.kms.katalon.core.main.TestCaseMain$startTestSuite$0.call(Unknown Source)
	at TempTestSuite1618878862596.run(TempTestSuite1618878862596.groovy:39)
Caused by: com.kms.katalon.core.exception.StepFailedException: Actual text 'SAMPLE TEXT CUSTOMFIELD' and expected text 'SAMPLE CUSTOMFIELD DROPDOWN' of test object 'Object Repository/User/label_SAMPLE CUSTOMFIELD CHECKBOX' are NOT matched.
	at com.kms.katalon.core.webui.keyword.internal.WebUIKeywordMain.stepFailed(WebUIKeywordMain.groovy:64)
	at com.kms.katalon.core.webui.keyword.builtin.VerifyElementTextKeyword$_verifyElementText_closure1.doCall(VerifyElementTextKeyword.groovy:57)
	at com.kms.katalon.core.webui.keyword.builtin.VerifyElementTextKeyword$_verifyElementText_closure1.call(VerifyElementTextKeyword.groovy)
	at com.kms.katalon.core.webui.keyword.internal.WebUIKeywordMain.runKeyword(WebUIKeywordMain.groovy:20)
	... 19 more
)

2021-04-20 08:37:33 - [MESSAGE][FAILED] - Actual text 'SAMPLE TEXT CUSTOMFIELD' and expected text 'SAMPLE CUSTOMFIELD DROPDOWN' of test object 'Object Repository/User/label_SAMPLE CUSTOMFIELD CHECKBOX' are NOT matched. (Root cause: com.kms.katalon.core.exception.StepFailedException: Actual text 'SAMPLE TEXT CUSTOMFIELD' and expected text 'SAMPLE CUSTOMFIELD DROPDOWN' of test object 'Object Repository/User/label_SAMPLE CUSTOMFIELD CHECKBOX' are NOT matched.
	at com.kms.katalon.core.webui.keyword.internal.WebUIKeywordMain.stepFailed(WebUIKeywordMain.groovy:64)
	at com.kms.katalon.core.webui.keyword.builtin.VerifyElementTextKeyword$_verifyElementText_closure1.doCall(VerifyElementTextKeyword.groovy:57)
	at com.kms.katalon.core.webui.keyword.builtin.VerifyElementTextKeyword$_verifyElementText_closure1.call(VerifyElementTextKeyword.groovy)
	at com.kms.katalon.core.webui.keyword.internal.WebUIKeywordMain.runKeyword(WebUIKeywordMain.groovy:20)
	at com.kms.katalon.core.webui.keyword.builtin.VerifyElementTextKeyword.verifyElementText(VerifyElementTextKeyword.groovy:72)
	at com.kms.katalon.core.webui.keyword.builtin.VerifyElementTextKeyword.execute(VerifyElementTextKeyword.groovy:40)
	at com.kms.katalon.core.keyword.internal.KeywordExecutor.executeKeywordForPlatform(KeywordExecutor.groovy:73)
	at com.kms.katalon.core.webui.keyword.WebUiBuiltInKeywords.verifyElementText(WebUiBuiltInKeywords.groovy:3689)
	at com.kms.katalon.core.webui.keyword.WebUiBuiltInKeywords$verifyElementText$9.call(Unknown Source)
	at TC_CMPLX_012.run(TC_CMPLX_012:25)
	at com.kms.katalon.core.main.ScriptEngine.run(ScriptEngine.java:194)
	at com.kms.katalon.core.main.ScriptEngine.runScriptAsRawText(ScriptEngine.java:119)
	at com.kms.katalon.core.main.TestCaseExecutor.runScript(TestCaseExecutor.java:339)
	at com.kms.katalon.core.main.TestCaseExecutor.doExecute(TestCaseExecutor.java:330)
	at com.kms.katalon.core.main.TestCaseExecutor.processExecutionPhase(TestCaseExecutor.java:309)
	at com.kms.katalon.core.main.TestCaseExecutor.accessMainPhase(TestCaseExecutor.java:301)
	at com.kms.katalon.core.main.TestCaseExecutor.execute(TestCaseExecutor.java:235)
	at com.kms.katalon.core.main.TestSuiteExecutor.accessTestCaseMainPhase(TestSuiteExecutor.java:191)
	at com.kms.katalon.core.main.TestSuiteExecutor.accessTestSuiteMainPhase(TestSuiteExecutor.java:141)
	at com.kms.katalon.core.main.TestSuiteExecutor.execute(TestSuiteExecutor.java:90)
	at com.kms.katalon.core.main.TestCaseMain.startTestSuite(TestCaseMain.java:157)
	at com.kms.katalon.core.main.TestCaseMain$startTestSuite$0.call(Unknown Source)
	at TempTestSuite1618878862596.run(TempTestSuite1618878862596.groovy:39)
)
[[ATTACHMENT|D:\\GITHUB\\automation_profile_input\\Reports\\20210420_083422\\User Settings\\20210420_083422\\1618879053367.png]]

2021-04-20 08:37:34 - [MESSAGE][FAILED] - Verify element text of test object 'Object Repository/User/label_SAMPLE CUSTOMFIELD CHECKBOX' FAILED. (Root cause: com.kms.katalon.core.exception.StepFailedException: Verify element text of test object 'Object Repository/User/label_SAMPLE CUSTOMFIELD CHECKBOX' FAILED.
	at com.kms.katalon.core.webui.keyword.internal.WebUIKeywordMain.stepFailed(WebUIKeywordMain.groovy:64)
	at com.kms.katalon.core.webui.keyword.internal.WebUIKeywordMain.runKeyword(WebUIKeywordMain.groovy:26)
	at com.kms.katalon.core.webui.keyword.builtin.VerifyElementTextKeyword.verifyElementText(VerifyElementTextKeyword.groovy:72)
	at com.kms.katalon.core.webui.keyword.builtin.VerifyElementTextKeyword.execute(VerifyElementTextKeyword.groovy:40)
	at com.kms.katalon.core.keyword.internal.KeywordExecutor.executeKeywordForPlatform(KeywordExecutor.groovy:73)
	at com.kms.katalon.core.webui.keyword.WebUiBuiltInKeywords.verifyElementText(WebUiBuiltInKeywords.groovy:3689)
	at com.kms.katalon.core.webui.keyword.WebUiBuiltInKeywords$verifyElementText$9.call(Unknown Source)
	at TC_CMPLX_012.run(TC_CMPLX_012:25)
	at com.kms.katalon.core.main.ScriptEngine.run(ScriptEngine.java:194)
	at com.kms.katalon.core.main.ScriptEngine.runScriptAsRawText(ScriptEngine.java:119)
	at com.kms.katalon.core.main.TestCaseExecutor.runScript(TestCaseExecutor.java:339)
	at com.kms.katalon.core.main.TestCaseExecutor.doExecute(TestCaseExecutor.java:330)
	at com.kms.katalon.core.main.TestCaseExecutor.processExecutionPhase(TestCaseExecutor.java:309)
	at com.kms.katalon.core.main.TestCaseExecutor.accessMainPhase(TestCaseExecutor.java:301)
	at com.kms.katalon.core.main.TestCaseExecutor.execute(TestCaseExecutor.java:235)
	at com.kms.katalon.core.main.TestSuiteExecutor.accessTestCaseMainPhase(TestSuiteExecutor.java:191)
	at com.kms.katalon.core.main.TestSuiteExecutor.accessTestSuiteMainPhase(TestSuiteExecutor.java:141)
	at com.kms.katalon.core.main.TestSuiteExecutor.execute(TestSuiteExecutor.java:90)
	at com.kms.katalon.core.main.TestCaseMain.startTestSuite(TestCaseMain.java:157)
	at com.kms.katalon.core.main.TestCaseMain$startTestSuite$0.call(Unknown Source)
	at TempTestSuite1618878862596.run(TempTestSuite1618878862596.groovy:39)
Caused by: com.kms.katalon.core.exception.StepFailedException: Actual text 'SAMPLE TEXT CUSTOMFIELD' and expected text 'SAMPLE CUSTOMFIELD DROPDOWN' of test object 'Object Repository/User/label_SAMPLE CUSTOMFIELD CHECKBOX' are NOT matched.
	at com.kms.katalon.core.webui.keyword.internal.WebUIKeywordMain.stepFailed(WebUIKeywordMain.groovy:64)
	at com.kms.katalon.core.webui.keyword.builtin.VerifyElementTextKeyword$_verifyElementText_closure1.doCall(VerifyElementTextKeyword.groovy:57)
	at com.kms.katalon.core.webui.keyword.builtin.VerifyElementTextKeyword$_verifyElementText_closure1.call(VerifyElementTextKeyword.groovy)
	at com.kms.katalon.core.webui.keyword.internal.WebUIKeywordMain.runKeyword(WebUIKeywordMain.groovy:20)
	... 19 more
)
[[ATTACHMENT|D:\\GITHUB\\automation_profile_input\\Reports\\20210420_083422\\User Settings\\20210420_083422\\1618879053720.png]]]]></system-out>
         <system-err><![CDATA[2021-04-20 08:36:53 - [TEST_CASE][FAILED] - Test Cases/User Settings/COMPLEX/TC_CMPLX_012: Test Cases/User Settings/COMPLEX/TC_CMPLX_012 FAILED.
Reason:
com.kms.katalon.core.exception.StepFailedException: Verify element text of test object 'Object Repository/User/label_SAMPLE CUSTOMFIELD CHECKBOX' FAILED.
	at com.kms.katalon.core.webui.keyword.internal.WebUIKeywordMain.stepFailed(WebUIKeywordMain.groovy:64)
	at com.kms.katalon.core.webui.keyword.internal.WebUIKeywordMain.runKeyword(WebUIKeywordMain.groovy:26)
	at com.kms.katalon.core.webui.keyword.builtin.VerifyElementTextKeyword.verifyElementText(VerifyElementTextKeyword.groovy:72)
	at com.kms.katalon.core.webui.keyword.builtin.VerifyElementTextKeyword.execute(VerifyElementTextKeyword.groovy:40)
	at com.kms.katalon.core.keyword.internal.KeywordExecutor.executeKeywordForPlatform(KeywordExecutor.groovy:73)
	at com.kms.katalon.core.webui.keyword.WebUiBuiltInKeywords.verifyElementText(WebUiBuiltInKeywords.groovy:3689)
	at com.kms.katalon.core.webui.keyword.WebUiBuiltInKeywords$verifyElementText$9.call(Unknown Source)
	at TC_CMPLX_012.run(TC_CMPLX_012:25)
	at com.kms.katalon.core.main.ScriptEngine.run(ScriptEngine.java:194)
	at com.kms.katalon.core.main.ScriptEngine.runScriptAsRawText(ScriptEngine.java:119)
	at com.kms.katalon.core.main.TestCaseExecutor.runScript(TestCaseExecutor.java:339)
	at com.kms.katalon.core.main.TestCaseExecutor.doExecute(TestCaseExecutor.java:330)
	at com.kms.katalon.core.main.TestCaseExecutor.processExecutionPhase(TestCaseExecutor.java:309)
	at com.kms.katalon.core.main.TestCaseExecutor.accessMainPhase(TestCaseExecutor.java:301)
	at com.kms.katalon.core.main.TestCaseExecutor.execute(TestCaseExecutor.java:235)
	at com.kms.katalon.core.main.TestSuiteExecutor.accessTestCaseMainPhase(TestSuiteExecutor.java:191)
	at com.kms.katalon.core.main.TestSuiteExecutor.accessTestSuiteMainPhase(TestSuiteExecutor.java:141)
	at com.kms.katalon.core.main.TestSuiteExecutor.execute(TestSuiteExecutor.java:90)
	at com.kms.katalon.core.main.TestCaseMain.startTestSuite(TestCaseMain.java:157)
	at com.kms.katalon.core.main.TestCaseMain$startTestSuite$0.call(Unknown Source)
	at TempTestSuite1618878862596.run(TempTestSuite1618878862596.groovy:39)
Caused by: com.kms.katalon.core.exception.StepFailedException: Actual text 'SAMPLE TEXT CUSTOMFIELD' and expected text 'SAMPLE CUSTOMFIELD DROPDOWN' of test object 'Object Repository/User/label_SAMPLE CUSTOMFIELD CHECKBOX' are NOT matched.
	at com.kms.katalon.core.webui.keyword.internal.WebUIKeywordMain.stepFailed(WebUIKeywordMain.groovy:64)
	at com.kms.katalon.core.webui.keyword.builtin.VerifyElementTextKeyword$_verifyElementText_closure1.doCall(VerifyElementTextKeyword.groovy:57)
	at com.kms.katalon.core.webui.keyword.builtin.VerifyElementTextKeyword$_verifyElementText_closure1.call(VerifyElementTextKeyword.groovy)
	at com.kms.katalon.core.webui.keyword.internal.WebUIKeywordMain.runKeyword(WebUIKeywordMain.groovy:20)
	... 19 more]]></system-err>
      </testcase>
      <testcase name="Test Cases/User Settings/COMPLEX/TC_CMPLX_013" time="69.102" classname="Test Cases/User Settings/COMPLEX/TC_CMPLX_013" status="FAILED">
         <failure type="FAILED" message="Test Cases/User Settings/COMPLEX/TC_CMPLX_013 FAILED.
Reason:
com.kms.katalon.core.exception.StepFailedException: Unable to verify object 'Object Repository/User/label_SAMPLE CUSTOM FIELD EDITED' is present
	at com.kms.katalon.core.webui.keyword.internal.WebUIKeywordMain.stepFailed(WebUIKeywordMain.groovy:64)
	at com.kms.katalon.core.webui.keyword.internal.WebUIKeywordMain.runKeyword(WebUIKeywordMain.groovy:26)
	at com.kms.katalon.core.webui.keyword.builtin.VerifyElementPresentKeyword.verifyElementPresent(VerifyElementPresentKeyword.groovy:92)
	at com.kms.katalon.core.webui.keyword.builtin.VerifyElementPresentKeyword.execute(VerifyElementPresentKeyword.groovy:68)
	at com.kms.katalon.core.keyword.internal.KeywordExecutor.executeKeywordForPlatform(KeywordExecutor.groovy:73)
	at com.kms.katalon.core.webui.keyword.WebUiBuiltInKeywords.verifyElementPresent(WebUiBuiltInKeywords.groovy:1460)
	at com.kms.katalon.core.webui.keyword.WebUiBuiltInKeywords$verifyElementPresent$8.call(Unknown Source)
	at TC_CMPLX_013.run(TC_CMPLX_013:23)
	at com.kms.katalon.core.main.ScriptEngine.run(ScriptEngine.java:194)
	at com.kms.katalon.core.main.ScriptEngine.runScriptAsRawText(ScriptEngine.java:119)
	at com.kms.katalon.core.main.TestCaseExecutor.runScript(TestCaseExecutor.java:339)
	at com.kms.katalon.core.main.TestCaseExecutor.doExecute(TestCaseExecutor.java:330)
	at com.kms.katalon.core.main.TestCaseExecutor.processExecutionPhase(TestCaseExecutor.java:309)
	at com.kms.katalon.core.main.TestCaseExecutor.accessMainPhase(TestCaseExecutor.java:301)
	at com.kms.katalon.core.main.TestCaseExecutor.execute(TestCaseExecutor.java:235)
	at com.kms.katalon.core.main.TestSuiteExecutor.accessTestCaseMainPhase(TestSuiteExecutor.java:191)
	at com.kms.katalon.core.main.TestSuiteExecutor.accessTestSuiteMainPhase(TestSuiteExecutor.java:141)
	at com.kms.katalon.core.main.TestSuiteExecutor.execute(TestSuiteExecutor.java:90)
	at com.kms.katalon.core.main.TestCaseMain.startTestSuite(TestCaseMain.java:157)
	at com.kms.katalon.core.main.TestCaseMain$startTestSuite$0.call(Unknown Source)
	at TempTestSuite1618878862596.run(TempTestSuite1618878862596.groovy:39)
Caused by: com.kms.katalon.core.exception.StepFailedException: com.kms.katalon.core.webui.exception.WebElementNotFoundException: Web element with id: 'Object Repository/User/label_SAMPLE CUSTOM FIELD EDITED' located by '//label[(text() = 'SAMPLE CUSTOM FIELD EDITED' or . = 'SAMPLE CUSTOM FIELD EDITED')]' not found
	at com.kms.katalon.core.webui.keyword.internal.WebUIKeywordMain.stepFailed(WebUIKeywordMain.groovy:64)
	at com.kms.katalon.core.webui.keyword.builtin.VerifyElementPresentKeyword$_verifyElementPresent_closure1.doCall(VerifyElementPresentKeyword.groovy:85)
	at com.kms.katalon.core.webui.keyword.builtin.VerifyElementPresentKeyword$_verifyElementPresent_closure1.call(VerifyElementPresentKeyword.groovy)
	at com.kms.katalon.core.webui.keyword.internal.WebUIKeywordMain.runKeyword(WebUIKeywordMain.groovy:20)
	... 19 more
"/>
         <system-out><![CDATA[2021-04-20 08:37:34 - [TEST_CASE][FAILED] - Test Cases/User Settings/COMPLEX/TC_CMPLX_013: Test Cases/User Settings/COMPLEX/TC_CMPLX_013 FAILED.
Reason:
com.kms.katalon.core.exception.StepFailedException: Unable to verify object 'Object Repository/User/label_SAMPLE CUSTOM FIELD EDITED' is present
	at com.kms.katalon.core.webui.keyword.internal.WebUIKeywordMain.stepFailed(WebUIKeywordMain.groovy:64)
	at com.kms.katalon.core.webui.keyword.internal.WebUIKeywordMain.runKeyword(WebUIKeywordMain.groovy:26)
	at com.kms.katalon.core.webui.keyword.builtin.VerifyElementPresentKeyword.verifyElementPresent(VerifyElementPresentKeyword.groovy:92)
	at com.kms.katalon.core.webui.keyword.builtin.VerifyElementPresentKeyword.execute(VerifyElementPresentKeyword.groovy:68)
	at com.kms.katalon.core.keyword.internal.KeywordExecutor.executeKeywordForPlatform(KeywordExecutor.groovy:73)
	at com.kms.katalon.core.webui.keyword.WebUiBuiltInKeywords.verifyElementPresent(WebUiBuiltInKeywords.groovy:1460)
	at com.kms.katalon.core.webui.keyword.WebUiBuiltInKeywords$verifyElementPresent$8.call(Unknown Source)
	at TC_CMPLX_013.run(TC_CMPLX_013:23)
	at com.kms.katalon.core.main.ScriptEngine.run(ScriptEngine.java:194)
	at com.kms.katalon.core.main.ScriptEngine.runScriptAsRawText(ScriptEngine.java:119)
	at com.kms.katalon.core.main.TestCaseExecutor.runScript(TestCaseExecutor.java:339)
	at com.kms.katalon.core.main.TestCaseExecutor.doExecute(TestCaseExecutor.java:330)
	at com.kms.katalon.core.main.TestCaseExecutor.processExecutionPhase(TestCaseExecutor.java:309)
	at com.kms.katalon.core.main.TestCaseExecutor.accessMainPhase(TestCaseExecutor.java:301)
	at com.kms.katalon.core.main.TestCaseExecutor.execute(TestCaseExecutor.java:235)
	at com.kms.katalon.core.main.TestSuiteExecutor.accessTestCaseMainPhase(TestSuiteExecutor.java:191)
	at com.kms.katalon.core.main.TestSuiteExecutor.accessTestSuiteMainPhase(TestSuiteExecutor.java:141)
	at com.kms.katalon.core.main.TestSuiteExecutor.execute(TestSuiteExecutor.java:90)
	at com.kms.katalon.core.main.TestCaseMain.startTestSuite(TestCaseMain.java:157)
	at com.kms.katalon.core.main.TestCaseMain$startTestSuite$0.call(Unknown Source)
	at TempTestSuite1618878862596.run(TempTestSuite1618878862596.groovy:39)
Caused by: com.kms.katalon.core.exception.StepFailedException: com.kms.katalon.core.webui.exception.WebElementNotFoundException: Web element with id: 'Object Repository/User/label_SAMPLE CUSTOM FIELD EDITED' located by '//label[(text() = 'SAMPLE CUSTOM FIELD EDITED' or . = 'SAMPLE CUSTOM FIELD EDITED')]' not found
	at com.kms.katalon.core.webui.keyword.internal.WebUIKeywordMain.stepFailed(WebUIKeywordMain.groovy:64)
	at com.kms.katalon.core.webui.keyword.builtin.VerifyElementPresentKeyword$_verifyElementPresent_closure1.doCall(VerifyElementPresentKeyword.groovy:85)
	at com.kms.katalon.core.webui.keyword.builtin.VerifyElementPresentKeyword$_verifyElementPresent_closure1.call(VerifyElementPresentKeyword.groovy)
	at com.kms.katalon.core.webui.keyword.internal.WebUIKeywordMain.runKeyword(WebUIKeywordMain.groovy:20)
	... 19 more


2021-04-20 08:37:34 - [TEST_STEP][PASSED] - callTestCase(findTestCase("Utilities/Edit Custom Field"), [:], STOP_ON_FAILURE): Call Test Case 'Test Cases/Utilities/Edit Custom Field' successfully

2021-04-20 08:37:34 - [TEST_CASE][PASSED] - Test Cases/Utilities/Edit Custom Field: Test Cases/Utilities/Edit Custom Field

2021-04-20 08:37:34 - [TEST_STEP][PASSED] - callTestCase(findTestCase("Utilities/Admin Login"), [:], STOP_ON_FAILURE): Call Test Case 'Test Cases/Utilities/Admin Login' successfully

2021-04-20 08:37:34 - [TEST_CASE][PASSED] - Test Cases/Utilities/Admin Login: Test Cases/Utilities/Admin Login

2021-04-20 08:37:34 - [TEST_STEP][PASSED] - openBrowser(""): Browser is opened with url: ''

2021-04-20 08:37:34 - [MESSAGE][WARNING] - A browser is already opened. Closing browser and opening a new one

2021-04-20 08:37:35 - [MESSAGE][INFO] - Starting 'Chrome' driver

2021-04-20 08:37:35 - [MESSAGE][INFO] - Action delay is set to 0 milliseconds

2021-04-20 08:37:36 - [MESSAGE][PASSED] - Browser is opened with url: ''

2021-04-20 08:37:36 - [TEST_STEP][PASSED] - maximizeWindow(): Current window maximized

2021-04-20 08:37:36 - [MESSAGE][PASSED] - Current window maximized

2021-04-20 08:37:36 - [TEST_STEP][PASSED] - navigateToUrl(admin_url): Navigate to 'https://youhadmeathelloworld.staging.arcadier.io/admin' successfully

2021-04-20 08:37:39 - [MESSAGE][PASSED] - Navigate to 'https://youhadmeathelloworld.staging.arcadier.io/admin' successfully

2021-04-20 08:37:39 - [TEST_STEP][PASSED] - waitForPageLoad(2): Wait for page load successfully

2021-04-20 08:37:39 - [MESSAGE][PASSED] - Wait for page load successfully

2021-04-20 08:37:39 - [TEST_STEP][PASSED] - setText(findTestObject("Admin/Admin Login/txt_username"), admin_username): Text 'codemafia' is set on object 'Object Repository/Admin/Admin Login/txt_username'

2021-04-20 08:37:41 - [MESSAGE][PASSED] - Text 'codemafia' is set on object 'Object Repository/Admin/Admin Login/txt_username'

2021-04-20 08:37:41 - [TEST_STEP][PASSED] - setText(findTestObject("Admin/Admin Login/txt_password"), admin_password): Text 'welcome8' is set on object 'Object Repository/Admin/Admin Login/txt_password'

2021-04-20 08:37:41 - [MESSAGE][PASSED] - Text 'welcome8' is set on object 'Object Repository/Admin/Admin Login/txt_password'

2021-04-20 08:37:41 - [TEST_STEP][PASSED] - click(findTestObject("Admin/Admin Login/button_login")): Object: 'Object Repository/Admin/Admin Login/button_login' is clicked on

2021-04-20 08:37:50 - [MESSAGE][PASSED] - Object: 'Object Repository/Admin/Admin Login/button_login' is clicked on

2021-04-20 08:37:50 - [MESSAGE][PASSED] - Call Test Case 'Test Cases/Utilities/Admin Login' successfully

2021-04-20 08:37:50 - [TEST_STEP][PASSED] - callTestCase(findTestCase("Utilities/Navigate to Plugin"), [:], STOP_ON_FAILURE): Call Test Case 'Test Cases/Utilities/Navigate to Plugin' successfully

2021-04-20 08:37:50 - [TEST_CASE][PASSED] - Test Cases/Utilities/Navigate to Plugin: Test Cases/Utilities/Navigate to Plugin

2021-04-20 08:37:50 - [TEST_STEP][PASSED] - click(findTestObject("Admin/Plugin Navigation/link_plugin")): Object: 'Object Repository/Admin/Plugin Navigation/link_plugin' is clicked on

2021-04-20 08:37:51 - [MESSAGE][PASSED] - Object: 'Object Repository/Admin/Plugin Navigation/link_plugin' is clicked on

2021-04-20 08:37:51 - [TEST_STEP][PASSED] - click(findTestObject("Admin/Plugin Navigation/link_profile")): Object: 'Object Repository/Admin/Plugin Navigation/link_profile' is clicked on

2021-04-20 08:37:53 - [MESSAGE][PASSED] - Object: 'Object Repository/Admin/Plugin Navigation/link_profile' is clicked on

2021-04-20 08:37:53 - [MESSAGE][PASSED] - Call Test Case 'Test Cases/Utilities/Navigate to Plugin' successfully

2021-04-20 08:37:53 - [TEST_STEP][PASSED] - click(findTestObject("Admin/Plugin Page/Add New Text CF/a_Add Profile Input Field")): Object: 'Object Repository/Admin/Plugin Page/Add New Text CF/a_Add Profile Input Field' is clicked on

2021-04-20 08:37:53 - [MESSAGE][PASSED] - Object: 'Object Repository/Admin/Plugin Page/Add New Text CF/a_Add Profile Input Field' is clicked on

2021-04-20 08:37:53 - [TEST_STEP][PASSED] - setText(findTestObject("Admin/Plugin Page/Add New Text CF/input_Custom Field Name_custom_name"), "Sample Custom field "): Text 'Sample Custom field ' is set on object 'Object Repository/Admin/Plugin Page/Add New Text CF/input_Custom Field Name_custom_name'

2021-04-20 08:37:54 - [MESSAGE][PASSED] - Text 'Sample Custom field ' is set on object 'Object Repository/Admin/Plugin Page/Add New Text CF/input_Custom Field Name_custom_name'

2021-04-20 08:37:54 - [TEST_STEP][PASSED] - click(findTestObject("Admin/Plugin Page/Add New Text CF/input_Add Option_saveCustomDetails")): Object: 'Object Repository/Admin/Plugin Page/Add New Text CF/input_Add Option_saveCustomDetails' is clicked on

2021-04-20 08:37:55 - [MESSAGE][PASSED] - Object: 'Object Repository/Admin/Plugin Page/Add New Text CF/input_Add Option_saveCustomDetails' is clicked on

2021-04-20 08:37:55 - [TEST_STEP][PASSED] - click(findTestObject("Object Repository/Admin/Plugin Page/Add New Text CF/i_Textfield_icon icon-edit")): Object: 'Object Repository/Admin/Plugin Page/Add New Text CF/i_Textfield_icon icon-edit' is clicked on

2021-04-20 08:37:56 - [MESSAGE][PASSED] - Object: 'Object Repository/Admin/Plugin Page/Add New Text CF/i_Textfield_icon icon-edit' is clicked on

2021-04-20 08:37:56 - [TEST_STEP][PASSED] - setText(findTestObject("Admin/Plugin Page/Add New Text CF/input_Custom Field Name_custom_name"), "Sample Custom field Edited"): Text 'Sample Custom field Edited' is set on object 'Object Repository/Admin/Plugin Page/Add New Text CF/input_Custom Field Name_custom_name'

2021-04-20 08:37:57 - [MESSAGE][PASSED] - Text 'Sample Custom field Edited' is set on object 'Object Repository/Admin/Plugin Page/Add New Text CF/input_Custom Field Name_custom_name'

2021-04-20 08:37:57 - [TEST_STEP][PASSED] - click(findTestObject("Admin/Plugin Page/Add New Text CF/input_Add Option_saveCustomDetails")): Object: 'Object Repository/Admin/Plugin Page/Add New Text CF/input_Add Option_saveCustomDetails' is clicked on

2021-04-20 08:37:58 - [MESSAGE][PASSED] - Object: 'Object Repository/Admin/Plugin Page/Add New Text CF/input_Add Option_saveCustomDetails' is clicked on

2021-04-20 08:37:58 - [TEST_STEP][PASSED] - closeBrowser(): Browser is closed

2021-04-20 08:37:59 - [MESSAGE][PASSED] - Browser is closed

2021-04-20 08:37:59 - [MESSAGE][PASSED] - Call Test Case 'Test Cases/Utilities/Edit Custom Field' successfully

2021-04-20 08:37:59 - [TEST_STEP][PASSED] - callTestCase(findTestCase("Utilities/Navigate to Buyer Settings"), [:], STOP_ON_FAILURE): Call Test Case 'Test Cases/Utilities/Navigate to Buyer Settings' successfully

2021-04-20 08:37:59 - [TEST_CASE][PASSED] - Test Cases/Utilities/Navigate to Buyer Settings: Test Cases/Utilities/Navigate to Buyer Settings

2021-04-20 08:37:59 - [TEST_STEP][PASSED] - openBrowser(""): Browser is opened with url: ''

2021-04-20 08:37:59 - [MESSAGE][INFO] - Starting 'Chrome' driver

2021-04-20 08:37:59 - [MESSAGE][INFO] - Action delay is set to 0 milliseconds

2021-04-20 08:38:00 - [MESSAGE][PASSED] - Browser is opened with url: ''

2021-04-20 08:38:00 - [TEST_STEP][PASSED] - navigateToUrl("https://youhadmeathelloworld.arcadier.io/"): Navigate to 'https://youhadmeathelloworld.arcadier.io/' successfully

2021-04-20 08:38:03 - [MESSAGE][PASSED] - Navigate to 'https://youhadmeathelloworld.arcadier.io/' successfully

2021-04-20 08:38:03 - [TEST_STEP][PASSED] - maximizeWindow(): Current window maximized

2021-04-20 08:38:03 - [MESSAGE][PASSED] - Current window maximized

2021-04-20 08:38:03 - [TEST_STEP][PASSED] - click(findTestObject("Object Repository/User/a_REGISTER  SIGN IN")): Object: 'Object Repository/User/a_REGISTER  SIGN IN' is clicked on

2021-04-20 08:38:05 - [MESSAGE][PASSED] - Object: 'Object Repository/User/a_REGISTER  SIGN IN' is clicked on

2021-04-20 08:38:05 - [TEST_STEP][PASSED] - setText(findTestObject("Object Repository/User/input_Your emailusername_username"), "athena"): Text 'athena' is set on object 'Object Repository/User/input_Your emailusername_username'

2021-04-20 08:38:06 - [MESSAGE][PASSED] - Text 'athena' is set on object 'Object Repository/User/input_Your emailusername_username'

2021-04-20 08:38:06 - [TEST_STEP][PASSED] - setEncryptedText(findTestObject("Object Repository/User/input_Your password_password"), "goxxgxvM2dP/z7G09p4JaTtn5QD+a0Kw"): Text ****** has been set on object 'Object Repository/User/input_Your password_password'

2021-04-20 08:38:06 - [MESSAGE][PASSED] - Text ****** has been set on object 'Object Repository/User/input_Your password_password'

2021-04-20 08:38:06 - [TEST_STEP][PASSED] - click(findTestObject("Object Repository/User/input_Your password_login-submit")): Object: 'Object Repository/User/input_Your password_login-submit' is clicked on

2021-04-20 08:38:08 - [MESSAGE][PASSED] - Object: 'Object Repository/User/input_Your password_login-submit' is clicked on

2021-04-20 08:38:08 - [TEST_STEP][PASSED] - mouseOver(findTestObject("User/i_EN_icon icon-down")): Object: 'Object Repository/User/i_EN_icon icon-down' is hovered

2021-04-20 08:38:10 - [MESSAGE][PASSED] - Object: 'Object Repository/User/i_EN_icon icon-down' is hovered

2021-04-20 08:38:10 - [TEST_STEP][PASSED] - click(findTestObject("User/a_Settings")): Object: 'Object Repository/User/a_Settings' is clicked on

2021-04-20 08:38:11 - [MESSAGE][PASSED] - Object: 'Object Repository/User/a_Settings' is clicked on

2021-04-20 08:38:11 - [MESSAGE][PASSED] - Call Test Case 'Test Cases/Utilities/Navigate to Buyer Settings' successfully

2021-04-20 08:38:11 - [TEST_STEP][FAILED] - verifyElementPresent(findTestObject("User/label_SAMPLE CUSTOM FIELD EDITED"), 0): Unable to verify object 'Object Repository/User/label_SAMPLE CUSTOM FIELD EDITED' is present (Root cause: com.kms.katalon.core.exception.StepFailedException: Unable to verify object 'Object Repository/User/label_SAMPLE CUSTOM FIELD EDITED' is present
	at com.kms.katalon.core.webui.keyword.internal.WebUIKeywordMain.stepFailed(WebUIKeywordMain.groovy:64)
	at com.kms.katalon.core.webui.keyword.internal.WebUIKeywordMain.runKeyword(WebUIKeywordMain.groovy:26)
	at com.kms.katalon.core.webui.keyword.builtin.VerifyElementPresentKeyword.verifyElementPresent(VerifyElementPresentKeyword.groovy:92)
	at com.kms.katalon.core.webui.keyword.builtin.VerifyElementPresentKeyword.execute(VerifyElementPresentKeyword.groovy:68)
	at com.kms.katalon.core.keyword.internal.KeywordExecutor.executeKeywordForPlatform(KeywordExecutor.groovy:73)
	at com.kms.katalon.core.webui.keyword.WebUiBuiltInKeywords.verifyElementPresent(WebUiBuiltInKeywords.groovy:1460)
	at com.kms.katalon.core.webui.keyword.WebUiBuiltInKeywords$verifyElementPresent$8.call(Unknown Source)
	at TC_CMPLX_013.run(TC_CMPLX_013:23)
	at com.kms.katalon.core.main.ScriptEngine.run(ScriptEngine.java:194)
	at com.kms.katalon.core.main.ScriptEngine.runScriptAsRawText(ScriptEngine.java:119)
	at com.kms.katalon.core.main.TestCaseExecutor.runScript(TestCaseExecutor.java:339)
	at com.kms.katalon.core.main.TestCaseExecutor.doExecute(TestCaseExecutor.java:330)
	at com.kms.katalon.core.main.TestCaseExecutor.processExecutionPhase(TestCaseExecutor.java:309)
	at com.kms.katalon.core.main.TestCaseExecutor.accessMainPhase(TestCaseExecutor.java:301)
	at com.kms.katalon.core.main.TestCaseExecutor.execute(TestCaseExecutor.java:235)
	at com.kms.katalon.core.main.TestSuiteExecutor.accessTestCaseMainPhase(TestSuiteExecutor.java:191)
	at com.kms.katalon.core.main.TestSuiteExecutor.accessTestSuiteMainPhase(TestSuiteExecutor.java:141)
	at com.kms.katalon.core.main.TestSuiteExecutor.execute(TestSuiteExecutor.java:90)
	at com.kms.katalon.core.main.TestCaseMain.startTestSuite(TestCaseMain.java:157)
	at com.kms.katalon.core.main.TestCaseMain$startTestSuite$0.call(Unknown Source)
	at TempTestSuite1618878862596.run(TempTestSuite1618878862596.groovy:39)
Caused by: com.kms.katalon.core.exception.StepFailedException: com.kms.katalon.core.webui.exception.WebElementNotFoundException: Web element with id: 'Object Repository/User/label_SAMPLE CUSTOM FIELD EDITED' located by '//label[(text() = 'SAMPLE CUSTOM FIELD EDITED' or . = 'SAMPLE CUSTOM FIELD EDITED')]' not found
	at com.kms.katalon.core.webui.keyword.internal.WebUIKeywordMain.stepFailed(WebUIKeywordMain.groovy:64)
	at com.kms.katalon.core.webui.keyword.builtin.VerifyElementPresentKeyword$_verifyElementPresent_closure1.doCall(VerifyElementPresentKeyword.groovy:85)
	at com.kms.katalon.core.webui.keyword.builtin.VerifyElementPresentKeyword$_verifyElementPresent_closure1.call(VerifyElementPresentKeyword.groovy)
	at com.kms.katalon.core.webui.keyword.internal.WebUIKeywordMain.runKeyword(WebUIKeywordMain.groovy:20)
	... 19 more
)

2021-04-20 08:38:11 - [MESSAGE][WARNING] - Timeout '0' is invalid. Using default page load timeout: '30'

2021-04-20 08:38:42 - [MESSAGE][INFO] - Unable to find the element located by 'By.xpath: //label[(text() = 'SAMPLE CUSTOM FIELD EDITED' or . = 'SAMPLE CUSTOM FIELD EDITED')]'. Please recheck the objects properties to make sure the desired element is located. 

2021-04-20 08:38:42 - [MESSAGE][FAILED] - com.kms.katalon.core.webui.exception.WebElementNotFoundException: Web element with id: 'Object Repository/User/label_SAMPLE CUSTOM FIELD EDITED' located by '//label[(text() = 'SAMPLE CUSTOM FIELD EDITED' or . = 'SAMPLE CUSTOM FIELD EDITED')]' not found (Root cause: com.kms.katalon.core.exception.StepFailedException: com.kms.katalon.core.webui.exception.WebElementNotFoundException: Web element with id: 'Object Repository/User/label_SAMPLE CUSTOM FIELD EDITED' located by '//label[(text() = 'SAMPLE CUSTOM FIELD EDITED' or . = 'SAMPLE CUSTOM FIELD EDITED')]' not found
	at com.kms.katalon.core.webui.keyword.internal.WebUIKeywordMain.stepFailed(WebUIKeywordMain.groovy:64)
	at com.kms.katalon.core.webui.keyword.builtin.VerifyElementPresentKeyword$_verifyElementPresent_closure1.doCall(VerifyElementPresentKeyword.groovy:85)
	at com.kms.katalon.core.webui.keyword.builtin.VerifyElementPresentKeyword$_verifyElementPresent_closure1.call(VerifyElementPresentKeyword.groovy)
	at com.kms.katalon.core.webui.keyword.internal.WebUIKeywordMain.runKeyword(WebUIKeywordMain.groovy:20)
	at com.kms.katalon.core.webui.keyword.builtin.VerifyElementPresentKeyword.verifyElementPresent(VerifyElementPresentKeyword.groovy:92)
	at com.kms.katalon.core.webui.keyword.builtin.VerifyElementPresentKeyword.execute(VerifyElementPresentKeyword.groovy:68)
	at com.kms.katalon.core.keyword.internal.KeywordExecutor.executeKeywordForPlatform(KeywordExecutor.groovy:73)
	at com.kms.katalon.core.webui.keyword.WebUiBuiltInKeywords.verifyElementPresent(WebUiBuiltInKeywords.groovy:1460)
	at com.kms.katalon.core.webui.keyword.WebUiBuiltInKeywords$verifyElementPresent$8.call(Unknown Source)
	at TC_CMPLX_013.run(TC_CMPLX_013:23)
	at com.kms.katalon.core.main.ScriptEngine.run(ScriptEngine.java:194)
	at com.kms.katalon.core.main.ScriptEngine.runScriptAsRawText(ScriptEngine.java:119)
	at com.kms.katalon.core.main.TestCaseExecutor.runScript(TestCaseExecutor.java:339)
	at com.kms.katalon.core.main.TestCaseExecutor.doExecute(TestCaseExecutor.java:330)
	at com.kms.katalon.core.main.TestCaseExecutor.processExecutionPhase(TestCaseExecutor.java:309)
	at com.kms.katalon.core.main.TestCaseExecutor.accessMainPhase(TestCaseExecutor.java:301)
	at com.kms.katalon.core.main.TestCaseExecutor.execute(TestCaseExecutor.java:235)
	at com.kms.katalon.core.main.TestSuiteExecutor.accessTestCaseMainPhase(TestSuiteExecutor.java:191)
	at com.kms.katalon.core.main.TestSuiteExecutor.accessTestSuiteMainPhase(TestSuiteExecutor.java:141)
	at com.kms.katalon.core.main.TestSuiteExecutor.execute(TestSuiteExecutor.java:90)
	at com.kms.katalon.core.main.TestCaseMain.startTestSuite(TestCaseMain.java:157)
	at com.kms.katalon.core.main.TestCaseMain$startTestSuite$0.call(Unknown Source)
	at TempTestSuite1618878862596.run(TempTestSuite1618878862596.groovy:39)
)
[[ATTACHMENT|D:\\GITHUB\\automation_profile_input\\Reports\\20210420_083422\\User Settings\\20210420_083422\\1618879122488.png]]

2021-04-20 08:38:43 - [MESSAGE][FAILED] - Unable to verify object 'Object Repository/User/label_SAMPLE CUSTOM FIELD EDITED' is present (Root cause: com.kms.katalon.core.exception.StepFailedException: Unable to verify object 'Object Repository/User/label_SAMPLE CUSTOM FIELD EDITED' is present
	at com.kms.katalon.core.webui.keyword.internal.WebUIKeywordMain.stepFailed(WebUIKeywordMain.groovy:64)
	at com.kms.katalon.core.webui.keyword.internal.WebUIKeywordMain.runKeyword(WebUIKeywordMain.groovy:26)
	at com.kms.katalon.core.webui.keyword.builtin.VerifyElementPresentKeyword.verifyElementPresent(VerifyElementPresentKeyword.groovy:92)
	at com.kms.katalon.core.webui.keyword.builtin.VerifyElementPresentKeyword.execute(VerifyElementPresentKeyword.groovy:68)
	at com.kms.katalon.core.keyword.internal.KeywordExecutor.executeKeywordForPlatform(KeywordExecutor.groovy:73)
	at com.kms.katalon.core.webui.keyword.WebUiBuiltInKeywords.verifyElementPresent(WebUiBuiltInKeywords.groovy:1460)
	at com.kms.katalon.core.webui.keyword.WebUiBuiltInKeywords$verifyElementPresent$8.call(Unknown Source)
	at TC_CMPLX_013.run(TC_CMPLX_013:23)
	at com.kms.katalon.core.main.ScriptEngine.run(ScriptEngine.java:194)
	at com.kms.katalon.core.main.ScriptEngine.runScriptAsRawText(ScriptEngine.java:119)
	at com.kms.katalon.core.main.TestCaseExecutor.runScript(TestCaseExecutor.java:339)
	at com.kms.katalon.core.main.TestCaseExecutor.doExecute(TestCaseExecutor.java:330)
	at com.kms.katalon.core.main.TestCaseExecutor.processExecutionPhase(TestCaseExecutor.java:309)
	at com.kms.katalon.core.main.TestCaseExecutor.accessMainPhase(TestCaseExecutor.java:301)
	at com.kms.katalon.core.main.TestCaseExecutor.execute(TestCaseExecutor.java:235)
	at com.kms.katalon.core.main.TestSuiteExecutor.accessTestCaseMainPhase(TestSuiteExecutor.java:191)
	at com.kms.katalon.core.main.TestSuiteExecutor.accessTestSuiteMainPhase(TestSuiteExecutor.java:141)
	at com.kms.katalon.core.main.TestSuiteExecutor.execute(TestSuiteExecutor.java:90)
	at com.kms.katalon.core.main.TestCaseMain.startTestSuite(TestCaseMain.java:157)
	at com.kms.katalon.core.main.TestCaseMain$startTestSuite$0.call(Unknown Source)
	at TempTestSuite1618878862596.run(TempTestSuite1618878862596.groovy:39)
Caused by: com.kms.katalon.core.exception.StepFailedException: com.kms.katalon.core.webui.exception.WebElementNotFoundException: Web element with id: 'Object Repository/User/label_SAMPLE CUSTOM FIELD EDITED' located by '//label[(text() = 'SAMPLE CUSTOM FIELD EDITED' or . = 'SAMPLE CUSTOM FIELD EDITED')]' not found
	at com.kms.katalon.core.webui.keyword.internal.WebUIKeywordMain.stepFailed(WebUIKeywordMain.groovy:64)
	at com.kms.katalon.core.webui.keyword.builtin.VerifyElementPresentKeyword$_verifyElementPresent_closure1.doCall(VerifyElementPresentKeyword.groovy:85)
	at com.kms.katalon.core.webui.keyword.builtin.VerifyElementPresentKeyword$_verifyElementPresent_closure1.call(VerifyElementPresentKeyword.groovy)
	at com.kms.katalon.core.webui.keyword.internal.WebUIKeywordMain.runKeyword(WebUIKeywordMain.groovy:20)
	... 19 more
)
[[ATTACHMENT|D:\\GITHUB\\automation_profile_input\\Reports\\20210420_083422\\User Settings\\20210420_083422\\1618879122811.png]]]]></system-out>
         <system-err><![CDATA[2021-04-20 08:37:34 - [TEST_CASE][FAILED] - Test Cases/User Settings/COMPLEX/TC_CMPLX_013: Test Cases/User Settings/COMPLEX/TC_CMPLX_013 FAILED.
Reason:
com.kms.katalon.core.exception.StepFailedException: Unable to verify object 'Object Repository/User/label_SAMPLE CUSTOM FIELD EDITED' is present
	at com.kms.katalon.core.webui.keyword.internal.WebUIKeywordMain.stepFailed(WebUIKeywordMain.groovy:64)
	at com.kms.katalon.core.webui.keyword.internal.WebUIKeywordMain.runKeyword(WebUIKeywordMain.groovy:26)
	at com.kms.katalon.core.webui.keyword.builtin.VerifyElementPresentKeyword.verifyElementPresent(VerifyElementPresentKeyword.groovy:92)
	at com.kms.katalon.core.webui.keyword.builtin.VerifyElementPresentKeyword.execute(VerifyElementPresentKeyword.groovy:68)
	at com.kms.katalon.core.keyword.internal.KeywordExecutor.executeKeywordForPlatform(KeywordExecutor.groovy:73)
	at com.kms.katalon.core.webui.keyword.WebUiBuiltInKeywords.verifyElementPresent(WebUiBuiltInKeywords.groovy:1460)
	at com.kms.katalon.core.webui.keyword.WebUiBuiltInKeywords$verifyElementPresent$8.call(Unknown Source)
	at TC_CMPLX_013.run(TC_CMPLX_013:23)
	at com.kms.katalon.core.main.ScriptEngine.run(ScriptEngine.java:194)
	at com.kms.katalon.core.main.ScriptEngine.runScriptAsRawText(ScriptEngine.java:119)
	at com.kms.katalon.core.main.TestCaseExecutor.runScript(TestCaseExecutor.java:339)
	at com.kms.katalon.core.main.TestCaseExecutor.doExecute(TestCaseExecutor.java:330)
	at com.kms.katalon.core.main.TestCaseExecutor.processExecutionPhase(TestCaseExecutor.java:309)
	at com.kms.katalon.core.main.TestCaseExecutor.accessMainPhase(TestCaseExecutor.java:301)
	at com.kms.katalon.core.main.TestCaseExecutor.execute(TestCaseExecutor.java:235)
	at com.kms.katalon.core.main.TestSuiteExecutor.accessTestCaseMainPhase(TestSuiteExecutor.java:191)
	at com.kms.katalon.core.main.TestSuiteExecutor.accessTestSuiteMainPhase(TestSuiteExecutor.java:141)
	at com.kms.katalon.core.main.TestSuiteExecutor.execute(TestSuiteExecutor.java:90)
	at com.kms.katalon.core.main.TestCaseMain.startTestSuite(TestCaseMain.java:157)
	at com.kms.katalon.core.main.TestCaseMain$startTestSuite$0.call(Unknown Source)
	at TempTestSuite1618878862596.run(TempTestSuite1618878862596.groovy:39)
Caused by: com.kms.katalon.core.exception.StepFailedException: com.kms.katalon.core.webui.exception.WebElementNotFoundException: Web element with id: 'Object Repository/User/label_SAMPLE CUSTOM FIELD EDITED' located by '//label[(text() = 'SAMPLE CUSTOM FIELD EDITED' or . = 'SAMPLE CUSTOM FIELD EDITED')]' not found
	at com.kms.katalon.core.webui.keyword.internal.WebUIKeywordMain.stepFailed(WebUIKeywordMain.groovy:64)
	at com.kms.katalon.core.webui.keyword.builtin.VerifyElementPresentKeyword$_verifyElementPresent_closure1.doCall(VerifyElementPresentKeyword.groovy:85)
	at com.kms.katalon.core.webui.keyword.builtin.VerifyElementPresentKeyword$_verifyElementPresent_closure1.call(VerifyElementPresentKeyword.groovy)
	at com.kms.katalon.core.webui.keyword.internal.WebUIKeywordMain.runKeyword(WebUIKeywordMain.groovy:20)
	... 19 more]]></system-err>
      </testcase>
      <testcase name="Test Cases/User Settings/COMPLEX/TC_CMPLX_014" time="87.838" classname="Test Cases/User Settings/COMPLEX/TC_CMPLX_014" status="FAILED">
         <failure type="FAILED" message="Test Cases/User Settings/COMPLEX/TC_CMPLX_014 FAILED.
Reason:
com.kms.katalon.core.exception.StepFailedException: Unable to verify object 'Object Repository/User/input_SAMPLE TEXT CUSTOMFIELD_Sample Text Customfield' is not present
	at com.kms.katalon.core.webui.keyword.internal.WebUIKeywordMain.stepFailed(WebUIKeywordMain.groovy:64)
	at com.kms.katalon.core.webui.keyword.internal.WebUIKeywordMain.runKeyword(WebUIKeywordMain.groovy:26)
	at com.kms.katalon.core.webui.keyword.internal.WebUIKeywordMain$runKeyword.call(Unknown Source)
	at com.kms.katalon.core.webui.keyword.builtin.VerifyElementNotPresentKeyword.verifyElementNotPresent(VerifyElementNotPresentKeyword.groovy:117)
	at com.kms.katalon.core.webui.keyword.builtin.VerifyElementNotPresentKeyword.execute(VerifyElementNotPresentKeyword.groovy:68)
	at com.kms.katalon.core.keyword.internal.KeywordExecutor.executeKeywordForPlatform(KeywordExecutor.groovy:73)
	at com.kms.katalon.core.webui.keyword.WebUiBuiltInKeywords.verifyElementNotPresent(WebUiBuiltInKeywords.groovy:1493)
	at com.kms.katalon.core.webui.keyword.WebUiBuiltInKeywords$verifyElementNotPresent$12.call(Unknown Source)
	at TC_CMPLX_014.run(TC_CMPLX_014:25)
	at com.kms.katalon.core.main.ScriptEngine.run(ScriptEngine.java:194)
	at com.kms.katalon.core.main.ScriptEngine.runScriptAsRawText(ScriptEngine.java:119)
	at com.kms.katalon.core.main.TestCaseExecutor.runScript(TestCaseExecutor.java:339)
	at com.kms.katalon.core.main.TestCaseExecutor.doExecute(TestCaseExecutor.java:330)
	at com.kms.katalon.core.main.TestCaseExecutor.processExecutionPhase(TestCaseExecutor.java:309)
	at com.kms.katalon.core.main.TestCaseExecutor.accessMainPhase(TestCaseExecutor.java:301)
	at com.kms.katalon.core.main.TestCaseExecutor.execute(TestCaseExecutor.java:235)
	at com.kms.katalon.core.main.TestSuiteExecutor.accessTestCaseMainPhase(TestSuiteExecutor.java:191)
	at com.kms.katalon.core.main.TestSuiteExecutor.accessTestSuiteMainPhase(TestSuiteExecutor.java:141)
	at com.kms.katalon.core.main.TestSuiteExecutor.execute(TestSuiteExecutor.java:90)
	at com.kms.katalon.core.main.TestCaseMain.startTestSuite(TestCaseMain.java:157)
	at com.kms.katalon.core.main.TestCaseMain$startTestSuite$0.call(Unknown Source)
	at TempTestSuite1618878862596.run(TempTestSuite1618878862596.groovy:39)
Caused by: com.kms.katalon.core.exception.StepFailedException: Web element with id: 'Object Repository/User/input_SAMPLE TEXT CUSTOMFIELD_Sample Text Customfield' located by 'By.xpath: //*[@type = 'text' and @name = 'Sample Text Customfield']' is present after '30' second(s)
	at com.kms.katalon.core.webui.keyword.internal.WebUIKeywordMain.stepFailed(WebUIKeywordMain.groovy:64)
	at com.kms.katalon.core.webui.keyword.internal.WebUIKeywordMain$stepFailed$0.call(Unknown Source)
	at com.kms.katalon.core.webui.keyword.builtin.VerifyElementNotPresentKeyword$_verifyElementNotPresent_closure1.doCall(VerifyElementNotPresentKeyword.groovy:106)
	at com.kms.katalon.core.webui.keyword.builtin.VerifyElementNotPresentKeyword$_verifyElementNotPresent_closure1.doCall(VerifyElementNotPresentKeyword.groovy)
	at com.kms.katalon.core.webui.keyword.internal.WebUIKeywordMain.runKeyword(WebUIKeywordMain.groovy:20)
	... 20 more
"/>
         <system-out><![CDATA[2021-04-20 08:38:43 - [TEST_CASE][FAILED] - Test Cases/User Settings/COMPLEX/TC_CMPLX_014: Test Cases/User Settings/COMPLEX/TC_CMPLX_014 FAILED.
Reason:
com.kms.katalon.core.exception.StepFailedException: Unable to verify object 'Object Repository/User/input_SAMPLE TEXT CUSTOMFIELD_Sample Text Customfield' is not present
	at com.kms.katalon.core.webui.keyword.internal.WebUIKeywordMain.stepFailed(WebUIKeywordMain.groovy:64)
	at com.kms.katalon.core.webui.keyword.internal.WebUIKeywordMain.runKeyword(WebUIKeywordMain.groovy:26)
	at com.kms.katalon.core.webui.keyword.internal.WebUIKeywordMain$runKeyword.call(Unknown Source)
	at com.kms.katalon.core.webui.keyword.builtin.VerifyElementNotPresentKeyword.verifyElementNotPresent(VerifyElementNotPresentKeyword.groovy:117)
	at com.kms.katalon.core.webui.keyword.builtin.VerifyElementNotPresentKeyword.execute(VerifyElementNotPresentKeyword.groovy:68)
	at com.kms.katalon.core.keyword.internal.KeywordExecutor.executeKeywordForPlatform(KeywordExecutor.groovy:73)
	at com.kms.katalon.core.webui.keyword.WebUiBuiltInKeywords.verifyElementNotPresent(WebUiBuiltInKeywords.groovy:1493)
	at com.kms.katalon.core.webui.keyword.WebUiBuiltInKeywords$verifyElementNotPresent$12.call(Unknown Source)
	at TC_CMPLX_014.run(TC_CMPLX_014:25)
	at com.kms.katalon.core.main.ScriptEngine.run(ScriptEngine.java:194)
	at com.kms.katalon.core.main.ScriptEngine.runScriptAsRawText(ScriptEngine.java:119)
	at com.kms.katalon.core.main.TestCaseExecutor.runScript(TestCaseExecutor.java:339)
	at com.kms.katalon.core.main.TestCaseExecutor.doExecute(TestCaseExecutor.java:330)
	at com.kms.katalon.core.main.TestCaseExecutor.processExecutionPhase(TestCaseExecutor.java:309)
	at com.kms.katalon.core.main.TestCaseExecutor.accessMainPhase(TestCaseExecutor.java:301)
	at com.kms.katalon.core.main.TestCaseExecutor.execute(TestCaseExecutor.java:235)
	at com.kms.katalon.core.main.TestSuiteExecutor.accessTestCaseMainPhase(TestSuiteExecutor.java:191)
	at com.kms.katalon.core.main.TestSuiteExecutor.accessTestSuiteMainPhase(TestSuiteExecutor.java:141)
	at com.kms.katalon.core.main.TestSuiteExecutor.execute(TestSuiteExecutor.java:90)
	at com.kms.katalon.core.main.TestCaseMain.startTestSuite(TestCaseMain.java:157)
	at com.kms.katalon.core.main.TestCaseMain$startTestSuite$0.call(Unknown Source)
	at TempTestSuite1618878862596.run(TempTestSuite1618878862596.groovy:39)
Caused by: com.kms.katalon.core.exception.StepFailedException: Web element with id: 'Object Repository/User/input_SAMPLE TEXT CUSTOMFIELD_Sample Text Customfield' located by 'By.xpath: //*[@type = 'text' and @name = 'Sample Text Customfield']' is present after '30' second(s)
	at com.kms.katalon.core.webui.keyword.internal.WebUIKeywordMain.stepFailed(WebUIKeywordMain.groovy:64)
	at com.kms.katalon.core.webui.keyword.internal.WebUIKeywordMain$stepFailed$0.call(Unknown Source)
	at com.kms.katalon.core.webui.keyword.builtin.VerifyElementNotPresentKeyword$_verifyElementNotPresent_closure1.doCall(VerifyElementNotPresentKeyword.groovy:106)
	at com.kms.katalon.core.webui.keyword.builtin.VerifyElementNotPresentKeyword$_verifyElementNotPresent_closure1.doCall(VerifyElementNotPresentKeyword.groovy)
	at com.kms.katalon.core.webui.keyword.internal.WebUIKeywordMain.runKeyword(WebUIKeywordMain.groovy:20)
	... 20 more


2021-04-20 08:38:43 - [TEST_STEP][PASSED] - callTestCase(findTestCase("Utilities/Add New Text Custom Field"), [:], STOP_ON_FAILURE): Call Test Case 'Test Cases/Utilities/Add New Text Custom Field' successfully

2021-04-20 08:38:43 - [TEST_CASE][PASSED] - Test Cases/Utilities/Add New Text Custom Field: Test Cases/Utilities/Add New Text Custom Field

2021-04-20 08:38:43 - [TEST_STEP][PASSED] - callTestCase(findTestCase("Utilities/Admin Login"), [:], STOP_ON_FAILURE): Call Test Case 'Test Cases/Utilities/Admin Login' successfully

2021-04-20 08:38:43 - [TEST_CASE][PASSED] - Test Cases/Utilities/Admin Login: Test Cases/Utilities/Admin Login

2021-04-20 08:38:43 - [TEST_STEP][PASSED] - openBrowser(""): Browser is opened with url: ''

2021-04-20 08:38:43 - [MESSAGE][WARNING] - A browser is already opened. Closing browser and opening a new one

2021-04-20 08:38:44 - [MESSAGE][INFO] - Starting 'Chrome' driver

2021-04-20 08:38:44 - [MESSAGE][INFO] - Action delay is set to 0 milliseconds

2021-04-20 08:38:45 - [MESSAGE][PASSED] - Browser is opened with url: ''

2021-04-20 08:38:45 - [TEST_STEP][PASSED] - maximizeWindow(): Current window maximized

2021-04-20 08:38:45 - [MESSAGE][PASSED] - Current window maximized

2021-04-20 08:38:45 - [TEST_STEP][PASSED] - navigateToUrl(admin_url): Navigate to 'https://youhadmeathelloworld.staging.arcadier.io/admin' successfully

2021-04-20 08:38:47 - [MESSAGE][PASSED] - Navigate to 'https://youhadmeathelloworld.staging.arcadier.io/admin' successfully

2021-04-20 08:38:47 - [TEST_STEP][PASSED] - waitForPageLoad(2): Wait for page load successfully

2021-04-20 08:38:47 - [MESSAGE][PASSED] - Wait for page load successfully

2021-04-20 08:38:47 - [TEST_STEP][PASSED] - setText(findTestObject("Admin/Admin Login/txt_username"), admin_username): Text 'codemafia' is set on object 'Object Repository/Admin/Admin Login/txt_username'

2021-04-20 08:38:49 - [MESSAGE][PASSED] - Text 'codemafia' is set on object 'Object Repository/Admin/Admin Login/txt_username'

2021-04-20 08:38:49 - [TEST_STEP][PASSED] - setText(findTestObject("Admin/Admin Login/txt_password"), admin_password): Text 'welcome8' is set on object 'Object Repository/Admin/Admin Login/txt_password'

2021-04-20 08:38:49 - [MESSAGE][PASSED] - Text 'welcome8' is set on object 'Object Repository/Admin/Admin Login/txt_password'

2021-04-20 08:38:49 - [TEST_STEP][PASSED] - click(findTestObject("Admin/Admin Login/button_login")): Object: 'Object Repository/Admin/Admin Login/button_login' is clicked on

2021-04-20 08:38:57 - [MESSAGE][PASSED] - Object: 'Object Repository/Admin/Admin Login/button_login' is clicked on

2021-04-20 08:38:57 - [MESSAGE][PASSED] - Call Test Case 'Test Cases/Utilities/Admin Login' successfully

2021-04-20 08:38:57 - [TEST_STEP][PASSED] - callTestCase(findTestCase("Utilities/Navigate to Plugin"), [:], STOP_ON_FAILURE): Call Test Case 'Test Cases/Utilities/Navigate to Plugin' successfully

2021-04-20 08:38:57 - [TEST_CASE][PASSED] - Test Cases/Utilities/Navigate to Plugin: Test Cases/Utilities/Navigate to Plugin

2021-04-20 08:38:57 - [TEST_STEP][PASSED] - click(findTestObject("Admin/Plugin Navigation/link_plugin")): Object: 'Object Repository/Admin/Plugin Navigation/link_plugin' is clicked on

2021-04-20 08:38:58 - [MESSAGE][PASSED] - Object: 'Object Repository/Admin/Plugin Navigation/link_plugin' is clicked on

2021-04-20 08:38:58 - [TEST_STEP][PASSED] - click(findTestObject("Admin/Plugin Navigation/link_profile")): Object: 'Object Repository/Admin/Plugin Navigation/link_profile' is clicked on

2021-04-20 08:39:00 - [MESSAGE][PASSED] - Object: 'Object Repository/Admin/Plugin Navigation/link_profile' is clicked on

2021-04-20 08:39:00 - [MESSAGE][PASSED] - Call Test Case 'Test Cases/Utilities/Navigate to Plugin' successfully

2021-04-20 08:39:00 - [TEST_STEP][PASSED] - click(findTestObject("Admin/Plugin Page/Add New Text CF/a_Add Profile Input Field")): Object: 'Object Repository/Admin/Plugin Page/Add New Text CF/a_Add Profile Input Field' is clicked on

2021-04-20 08:39:01 - [MESSAGE][PASSED] - Object: 'Object Repository/Admin/Plugin Page/Add New Text CF/a_Add Profile Input Field' is clicked on

2021-04-20 08:39:01 - [TEST_STEP][PASSED] - setText(findTestObject("Admin/Plugin Page/Add New Text CF/input_Custom Field Name_custom_name"), "Sample Text Customfield"): Text 'Sample Text Customfield' is set on object 'Object Repository/Admin/Plugin Page/Add New Text CF/input_Custom Field Name_custom_name'

2021-04-20 08:39:02 - [MESSAGE][PASSED] - Text 'Sample Text Customfield' is set on object 'Object Repository/Admin/Plugin Page/Add New Text CF/input_Custom Field Name_custom_name'

2021-04-20 08:39:02 - [TEST_STEP][PASSED] - click(findTestObject("Admin/Plugin Page/Add New Text CF/input_Add Option_saveCustomDetails")): Object: 'Object Repository/Admin/Plugin Page/Add New Text CF/input_Add Option_saveCustomDetails' is clicked on

2021-04-20 08:39:02 - [MESSAGE][PASSED] - Object: 'Object Repository/Admin/Plugin Page/Add New Text CF/input_Add Option_saveCustomDetails' is clicked on

2021-04-20 08:39:02 - [TEST_STEP][PASSED] - closeBrowser(): Browser is closed

2021-04-20 08:39:03 - [MESSAGE][PASSED] - Browser is closed

2021-04-20 08:39:03 - [MESSAGE][PASSED] - Call Test Case 'Test Cases/Utilities/Add New Text Custom Field' successfully

2021-04-20 08:39:03 - [TEST_STEP][PASSED] - callTestCase(findTestCase("Utilities/Deleting Custom Field"), [:], STOP_ON_FAILURE): Call Test Case 'Test Cases/Utilities/Deleting Custom Field' successfully

2021-04-20 08:39:03 - [TEST_CASE][PASSED] - Test Cases/Utilities/Deleting Custom Field: Test Cases/Utilities/Deleting Custom Field

2021-04-20 08:39:03 - [TEST_STEP][PASSED] - callTestCase(findTestCase("Utilities/Admin Login"), [:], STOP_ON_FAILURE): Call Test Case 'Test Cases/Utilities/Admin Login' successfully

2021-04-20 08:39:03 - [TEST_CASE][PASSED] - Test Cases/Utilities/Admin Login: Test Cases/Utilities/Admin Login

2021-04-20 08:39:03 - [TEST_STEP][PASSED] - openBrowser(""): Browser is opened with url: ''

2021-04-20 08:39:03 - [MESSAGE][INFO] - Starting 'Chrome' driver

2021-04-20 08:39:03 - [MESSAGE][INFO] - Action delay is set to 0 milliseconds

2021-04-20 08:39:04 - [MESSAGE][PASSED] - Browser is opened with url: ''

2021-04-20 08:39:04 - [TEST_STEP][PASSED] - maximizeWindow(): Current window maximized

2021-04-20 08:39:04 - [MESSAGE][PASSED] - Current window maximized

2021-04-20 08:39:04 - [TEST_STEP][PASSED] - navigateToUrl(admin_url): Navigate to 'https://youhadmeathelloworld.staging.arcadier.io/admin' successfully

2021-04-20 08:39:09 - [MESSAGE][PASSED] - Navigate to 'https://youhadmeathelloworld.staging.arcadier.io/admin' successfully

2021-04-20 08:39:09 - [TEST_STEP][PASSED] - waitForPageLoad(2): Wait for page load successfully

2021-04-20 08:39:10 - [MESSAGE][PASSED] - Wait for page load successfully

2021-04-20 08:39:10 - [TEST_STEP][PASSED] - setText(findTestObject("Admin/Admin Login/txt_username"), admin_username): Text 'codemafia' is set on object 'Object Repository/Admin/Admin Login/txt_username'

2021-04-20 08:39:11 - [MESSAGE][PASSED] - Text 'codemafia' is set on object 'Object Repository/Admin/Admin Login/txt_username'

2021-04-20 08:39:11 - [TEST_STEP][PASSED] - setText(findTestObject("Admin/Admin Login/txt_password"), admin_password): Text 'welcome8' is set on object 'Object Repository/Admin/Admin Login/txt_password'

2021-04-20 08:39:11 - [MESSAGE][PASSED] - Text 'welcome8' is set on object 'Object Repository/Admin/Admin Login/txt_password'

2021-04-20 08:39:11 - [TEST_STEP][PASSED] - click(findTestObject("Admin/Admin Login/button_login")): Object: 'Object Repository/Admin/Admin Login/button_login' is clicked on

2021-04-20 08:39:22 - [MESSAGE][PASSED] - Object: 'Object Repository/Admin/Admin Login/button_login' is clicked on

2021-04-20 08:39:22 - [MESSAGE][PASSED] - Call Test Case 'Test Cases/Utilities/Admin Login' successfully

2021-04-20 08:39:22 - [TEST_STEP][PASSED] - callTestCase(findTestCase("Utilities/Navigate to Plugin"), [:], STOP_ON_FAILURE): Call Test Case 'Test Cases/Utilities/Navigate to Plugin' successfully

2021-04-20 08:39:22 - [TEST_CASE][PASSED] - Test Cases/Utilities/Navigate to Plugin: Test Cases/Utilities/Navigate to Plugin

2021-04-20 08:39:22 - [TEST_STEP][PASSED] - click(findTestObject("Admin/Plugin Navigation/link_plugin")): Object: 'Object Repository/Admin/Plugin Navigation/link_plugin' is clicked on

2021-04-20 08:39:23 - [MESSAGE][PASSED] - Object: 'Object Repository/Admin/Plugin Navigation/link_plugin' is clicked on

2021-04-20 08:39:23 - [TEST_STEP][PASSED] - click(findTestObject("Admin/Plugin Navigation/link_profile")): Object: 'Object Repository/Admin/Plugin Navigation/link_profile' is clicked on

2021-04-20 08:39:24 - [MESSAGE][PASSED] - Object: 'Object Repository/Admin/Plugin Navigation/link_profile' is clicked on

2021-04-20 08:39:24 - [MESSAGE][PASSED] - Call Test Case 'Test Cases/Utilities/Navigate to Plugin' successfully

2021-04-20 08:39:24 - [TEST_STEP][PASSED] - click(findTestObject("Admin/Plugin Page/Deleting Custom Fields/i_Textfield_icon icon-delete")): Object: 'Object Repository/Admin/Plugin Page/Deleting Custom Fields/i_Textfield_icon icon-delete' is clicked on

2021-04-20 08:39:25 - [MESSAGE][PASSED] - Object: 'Object Repository/Admin/Plugin Page/Deleting Custom Fields/i_Textfield_icon icon-delete' is clicked on

2021-04-20 08:39:25 - [TEST_STEP][PASSED] - click(findTestObject("Admin/Plugin Page/Deleting Custom Fields/del_confirm")): Object: 'Object Repository/Admin/Plugin Page/Deleting Custom Fields/del_confirm' is clicked on

2021-04-20 08:39:25 - [MESSAGE][PASSED] - Object: 'Object Repository/Admin/Plugin Page/Deleting Custom Fields/del_confirm' is clicked on

2021-04-20 08:39:25 - [TEST_STEP][PASSED] - closeBrowser(): Browser is closed

2021-04-20 08:39:26 - [MESSAGE][PASSED] - Browser is closed

2021-04-20 08:39:26 - [MESSAGE][PASSED] - Call Test Case 'Test Cases/Utilities/Deleting Custom Field' successfully

2021-04-20 08:39:26 - [TEST_STEP][PASSED] - callTestCase(findTestCase("Utilities/Navigate to Buyer Settings"), [:], STOP_ON_FAILURE): Call Test Case 'Test Cases/Utilities/Navigate to Buyer Settings' successfully

2021-04-20 08:39:26 - [TEST_CASE][PASSED] - Test Cases/Utilities/Navigate to Buyer Settings: Test Cases/Utilities/Navigate to Buyer Settings

2021-04-20 08:39:26 - [TEST_STEP][PASSED] - openBrowser(""): Browser is opened with url: ''

2021-04-20 08:39:26 - [MESSAGE][INFO] - Starting 'Chrome' driver

2021-04-20 08:39:26 - [MESSAGE][INFO] - Action delay is set to 0 milliseconds

2021-04-20 08:39:28 - [MESSAGE][PASSED] - Browser is opened with url: ''

2021-04-20 08:39:28 - [TEST_STEP][PASSED] - navigateToUrl("https://youhadmeathelloworld.arcadier.io/"): Navigate to 'https://youhadmeathelloworld.arcadier.io/' successfully

2021-04-20 08:39:32 - [MESSAGE][PASSED] - Navigate to 'https://youhadmeathelloworld.arcadier.io/' successfully

2021-04-20 08:39:32 - [TEST_STEP][PASSED] - maximizeWindow(): Current window maximized

2021-04-20 08:39:32 - [MESSAGE][PASSED] - Current window maximized

2021-04-20 08:39:32 - [TEST_STEP][PASSED] - click(findTestObject("Object Repository/User/a_REGISTER  SIGN IN")): Object: 'Object Repository/User/a_REGISTER  SIGN IN' is clicked on

2021-04-20 08:39:33 - [MESSAGE][PASSED] - Object: 'Object Repository/User/a_REGISTER  SIGN IN' is clicked on

2021-04-20 08:39:33 - [TEST_STEP][PASSED] - setText(findTestObject("Object Repository/User/input_Your emailusername_username"), "athena"): Text 'athena' is set on object 'Object Repository/User/input_Your emailusername_username'

2021-04-20 08:39:34 - [MESSAGE][PASSED] - Text 'athena' is set on object 'Object Repository/User/input_Your emailusername_username'

2021-04-20 08:39:34 - [TEST_STEP][PASSED] - setEncryptedText(findTestObject("Object Repository/User/input_Your password_password"), "goxxgxvM2dP/z7G09p4JaTtn5QD+a0Kw"): Text ****** has been set on object 'Object Repository/User/input_Your password_password'

2021-04-20 08:39:35 - [MESSAGE][PASSED] - Text ****** has been set on object 'Object Repository/User/input_Your password_password'

2021-04-20 08:39:35 - [TEST_STEP][PASSED] - click(findTestObject("Object Repository/User/input_Your password_login-submit")): Object: 'Object Repository/User/input_Your password_login-submit' is clicked on

2021-04-20 08:39:37 - [MESSAGE][PASSED] - Object: 'Object Repository/User/input_Your password_login-submit' is clicked on

2021-04-20 08:39:37 - [TEST_STEP][PASSED] - mouseOver(findTestObject("User/i_EN_icon icon-down")): Object: 'Object Repository/User/i_EN_icon icon-down' is hovered

2021-04-20 08:39:38 - [MESSAGE][PASSED] - Object: 'Object Repository/User/i_EN_icon icon-down' is hovered

2021-04-20 08:39:38 - [TEST_STEP][PASSED] - click(findTestObject("User/a_Settings")): Object: 'Object Repository/User/a_Settings' is clicked on

2021-04-20 08:39:39 - [MESSAGE][PASSED] - Object: 'Object Repository/User/a_Settings' is clicked on

2021-04-20 08:39:39 - [MESSAGE][PASSED] - Call Test Case 'Test Cases/Utilities/Navigate to Buyer Settings' successfully

2021-04-20 08:39:39 - [TEST_STEP][FAILED] - verifyElementNotPresent(findTestObject("User/input_SAMPLE TEXT CUSTOMFIELD_Sample Text Customfield"), 0): Unable to verify object 'Object Repository/User/input_SAMPLE TEXT CUSTOMFIELD_Sample Text Customfield' is not present (Root cause: com.kms.katalon.core.exception.StepFailedException: Unable to verify object 'Object Repository/User/input_SAMPLE TEXT CUSTOMFIELD_Sample Text Customfield' is not present
	at com.kms.katalon.core.webui.keyword.internal.WebUIKeywordMain.stepFailed(WebUIKeywordMain.groovy:64)
	at com.kms.katalon.core.webui.keyword.internal.WebUIKeywordMain.runKeyword(WebUIKeywordMain.groovy:26)
	at com.kms.katalon.core.webui.keyword.internal.WebUIKeywordMain$runKeyword.call(Unknown Source)
	at com.kms.katalon.core.webui.keyword.builtin.VerifyElementNotPresentKeyword.verifyElementNotPresent(VerifyElementNotPresentKeyword.groovy:117)
	at com.kms.katalon.core.webui.keyword.builtin.VerifyElementNotPresentKeyword.execute(VerifyElementNotPresentKeyword.groovy:68)
	at com.kms.katalon.core.keyword.internal.KeywordExecutor.executeKeywordForPlatform(KeywordExecutor.groovy:73)
	at com.kms.katalon.core.webui.keyword.WebUiBuiltInKeywords.verifyElementNotPresent(WebUiBuiltInKeywords.groovy:1493)
	at com.kms.katalon.core.webui.keyword.WebUiBuiltInKeywords$verifyElementNotPresent$12.call(Unknown Source)
	at TC_CMPLX_014.run(TC_CMPLX_014:25)
	at com.kms.katalon.core.main.ScriptEngine.run(ScriptEngine.java:194)
	at com.kms.katalon.core.main.ScriptEngine.runScriptAsRawText(ScriptEngine.java:119)
	at com.kms.katalon.core.main.TestCaseExecutor.runScript(TestCaseExecutor.java:339)
	at com.kms.katalon.core.main.TestCaseExecutor.doExecute(TestCaseExecutor.java:330)
	at com.kms.katalon.core.main.TestCaseExecutor.processExecutionPhase(TestCaseExecutor.java:309)
	at com.kms.katalon.core.main.TestCaseExecutor.accessMainPhase(TestCaseExecutor.java:301)
	at com.kms.katalon.core.main.TestCaseExecutor.execute(TestCaseExecutor.java:235)
	at com.kms.katalon.core.main.TestSuiteExecutor.accessTestCaseMainPhase(TestSuiteExecutor.java:191)
	at com.kms.katalon.core.main.TestSuiteExecutor.accessTestSuiteMainPhase(TestSuiteExecutor.java:141)
	at com.kms.katalon.core.main.TestSuiteExecutor.execute(TestSuiteExecutor.java:90)
	at com.kms.katalon.core.main.TestCaseMain.startTestSuite(TestCaseMain.java:157)
	at com.kms.katalon.core.main.TestCaseMain$startTestSuite$0.call(Unknown Source)
	at TempTestSuite1618878862596.run(TempTestSuite1618878862596.groovy:39)
Caused by: com.kms.katalon.core.exception.StepFailedException: Web element with id: 'Object Repository/User/input_SAMPLE TEXT CUSTOMFIELD_Sample Text Customfield' located by 'By.xpath: //*[@type = 'text' and @name = 'Sample Text Customfield']' is present after '30' second(s)
	at com.kms.katalon.core.webui.keyword.internal.WebUIKeywordMain.stepFailed(WebUIKeywordMain.groovy:64)
	at com.kms.katalon.core.webui.keyword.internal.WebUIKeywordMain$stepFailed$0.call(Unknown Source)
	at com.kms.katalon.core.webui.keyword.builtin.VerifyElementNotPresentKeyword$_verifyElementNotPresent_closure1.doCall(VerifyElementNotPresentKeyword.groovy:106)
	at com.kms.katalon.core.webui.keyword.builtin.VerifyElementNotPresentKeyword$_verifyElementNotPresent_closure1.doCall(VerifyElementNotPresentKeyword.groovy)
	at com.kms.katalon.core.webui.keyword.internal.WebUIKeywordMain.runKeyword(WebUIKeywordMain.groovy:20)
	... 20 more
)

2021-04-20 08:39:39 - [MESSAGE][WARNING] - Timeout '0' is invalid. Using default page load timeout: '30'

2021-04-20 08:40:10 - [MESSAGE][FAILED] - Web element with id: 'Object Repository/User/input_SAMPLE TEXT CUSTOMFIELD_Sample Text Customfield' located by 'By.xpath: //*[@type = 'text' and @name = 'Sample Text Customfield']' is present after '30' second(s) (Root cause: com.kms.katalon.core.exception.StepFailedException: Web element with id: 'Object Repository/User/input_SAMPLE TEXT CUSTOMFIELD_Sample Text Customfield' located by 'By.xpath: //*[@type = 'text' and @name = 'Sample Text Customfield']' is present after '30' second(s)
	at com.kms.katalon.core.webui.keyword.internal.WebUIKeywordMain.stepFailed(WebUIKeywordMain.groovy:64)
	at com.kms.katalon.core.webui.keyword.internal.WebUIKeywordMain$stepFailed$0.call(Unknown Source)
	at com.kms.katalon.core.webui.keyword.builtin.VerifyElementNotPresentKeyword$_verifyElementNotPresent_closure1.doCall(VerifyElementNotPresentKeyword.groovy:106)
	at com.kms.katalon.core.webui.keyword.builtin.VerifyElementNotPresentKeyword$_verifyElementNotPresent_closure1.doCall(VerifyElementNotPresentKeyword.groovy)
	at com.kms.katalon.core.webui.keyword.internal.WebUIKeywordMain.runKeyword(WebUIKeywordMain.groovy:20)
	at com.kms.katalon.core.webui.keyword.internal.WebUIKeywordMain$runKeyword.call(Unknown Source)
	at com.kms.katalon.core.webui.keyword.builtin.VerifyElementNotPresentKeyword.verifyElementNotPresent(VerifyElementNotPresentKeyword.groovy:117)
	at com.kms.katalon.core.webui.keyword.builtin.VerifyElementNotPresentKeyword.execute(VerifyElementNotPresentKeyword.groovy:68)
	at com.kms.katalon.core.keyword.internal.KeywordExecutor.executeKeywordForPlatform(KeywordExecutor.groovy:73)
	at com.kms.katalon.core.webui.keyword.WebUiBuiltInKeywords.verifyElementNotPresent(WebUiBuiltInKeywords.groovy:1493)
	at com.kms.katalon.core.webui.keyword.WebUiBuiltInKeywords$verifyElementNotPresent$12.call(Unknown Source)
	at TC_CMPLX_014.run(TC_CMPLX_014:25)
	at com.kms.katalon.core.main.ScriptEngine.run(ScriptEngine.java:194)
	at com.kms.katalon.core.main.ScriptEngine.runScriptAsRawText(ScriptEngine.java:119)
	at com.kms.katalon.core.main.TestCaseExecutor.runScript(TestCaseExecutor.java:339)
	at com.kms.katalon.core.main.TestCaseExecutor.doExecute(TestCaseExecutor.java:330)
	at com.kms.katalon.core.main.TestCaseExecutor.processExecutionPhase(TestCaseExecutor.java:309)
	at com.kms.katalon.core.main.TestCaseExecutor.accessMainPhase(TestCaseExecutor.java:301)
	at com.kms.katalon.core.main.TestCaseExecutor.execute(TestCaseExecutor.java:235)
	at com.kms.katalon.core.main.TestSuiteExecutor.accessTestCaseMainPhase(TestSuiteExecutor.java:191)
	at com.kms.katalon.core.main.TestSuiteExecutor.accessTestSuiteMainPhase(TestSuiteExecutor.java:141)
	at com.kms.katalon.core.main.TestSuiteExecutor.execute(TestSuiteExecutor.java:90)
	at com.kms.katalon.core.main.TestCaseMain.startTestSuite(TestCaseMain.java:157)
	at com.kms.katalon.core.main.TestCaseMain$startTestSuite$0.call(Unknown Source)
	at TempTestSuite1618878862596.run(TempTestSuite1618878862596.groovy:39)
)
[[ATTACHMENT|D:\\GITHUB\\automation_profile_input\\Reports\\20210420_083422\\User Settings\\20210420_083422\\1618879210340.png]]

2021-04-20 08:40:10 - [MESSAGE][FAILED] - Unable to verify object 'Object Repository/User/input_SAMPLE TEXT CUSTOMFIELD_Sample Text Customfield' is not present (Root cause: com.kms.katalon.core.exception.StepFailedException: Unable to verify object 'Object Repository/User/input_SAMPLE TEXT CUSTOMFIELD_Sample Text Customfield' is not present
	at com.kms.katalon.core.webui.keyword.internal.WebUIKeywordMain.stepFailed(WebUIKeywordMain.groovy:64)
	at com.kms.katalon.core.webui.keyword.internal.WebUIKeywordMain.runKeyword(WebUIKeywordMain.groovy:26)
	at com.kms.katalon.core.webui.keyword.internal.WebUIKeywordMain$runKeyword.call(Unknown Source)
	at com.kms.katalon.core.webui.keyword.builtin.VerifyElementNotPresentKeyword.verifyElementNotPresent(VerifyElementNotPresentKeyword.groovy:117)
	at com.kms.katalon.core.webui.keyword.builtin.VerifyElementNotPresentKeyword.execute(VerifyElementNotPresentKeyword.groovy:68)
	at com.kms.katalon.core.keyword.internal.KeywordExecutor.executeKeywordForPlatform(KeywordExecutor.groovy:73)
	at com.kms.katalon.core.webui.keyword.WebUiBuiltInKeywords.verifyElementNotPresent(WebUiBuiltInKeywords.groovy:1493)
	at com.kms.katalon.core.webui.keyword.WebUiBuiltInKeywords$verifyElementNotPresent$12.call(Unknown Source)
	at TC_CMPLX_014.run(TC_CMPLX_014:25)
	at com.kms.katalon.core.main.ScriptEngine.run(ScriptEngine.java:194)
	at com.kms.katalon.core.main.ScriptEngine.runScriptAsRawText(ScriptEngine.java:119)
	at com.kms.katalon.core.main.TestCaseExecutor.runScript(TestCaseExecutor.java:339)
	at com.kms.katalon.core.main.TestCaseExecutor.doExecute(TestCaseExecutor.java:330)
	at com.kms.katalon.core.main.TestCaseExecutor.processExecutionPhase(TestCaseExecutor.java:309)
	at com.kms.katalon.core.main.TestCaseExecutor.accessMainPhase(TestCaseExecutor.java:301)
	at com.kms.katalon.core.main.TestCaseExecutor.execute(TestCaseExecutor.java:235)
	at com.kms.katalon.core.main.TestSuiteExecutor.accessTestCaseMainPhase(TestSuiteExecutor.java:191)
	at com.kms.katalon.core.main.TestSuiteExecutor.accessTestSuiteMainPhase(TestSuiteExecutor.java:141)
	at com.kms.katalon.core.main.TestSuiteExecutor.execute(TestSuiteExecutor.java:90)
	at com.kms.katalon.core.main.TestCaseMain.startTestSuite(TestCaseMain.java:157)
	at com.kms.katalon.core.main.TestCaseMain$startTestSuite$0.call(Unknown Source)
	at TempTestSuite1618878862596.run(TempTestSuite1618878862596.groovy:39)
Caused by: com.kms.katalon.core.exception.StepFailedException: Web element with id: 'Object Repository/User/input_SAMPLE TEXT CUSTOMFIELD_Sample Text Customfield' located by 'By.xpath: //*[@type = 'text' and @name = 'Sample Text Customfield']' is present after '30' second(s)
	at com.kms.katalon.core.webui.keyword.internal.WebUIKeywordMain.stepFailed(WebUIKeywordMain.groovy:64)
	at com.kms.katalon.core.webui.keyword.internal.WebUIKeywordMain$stepFailed$0.call(Unknown Source)
	at com.kms.katalon.core.webui.keyword.builtin.VerifyElementNotPresentKeyword$_verifyElementNotPresent_closure1.doCall(VerifyElementNotPresentKeyword.groovy:106)
	at com.kms.katalon.core.webui.keyword.builtin.VerifyElementNotPresentKeyword$_verifyElementNotPresent_closure1.doCall(VerifyElementNotPresentKeyword.groovy)
	at com.kms.katalon.core.webui.keyword.internal.WebUIKeywordMain.runKeyword(WebUIKeywordMain.groovy:20)
	... 20 more
)
[[ATTACHMENT|D:\\GITHUB\\automation_profile_input\\Reports\\20210420_083422\\User Settings\\20210420_083422\\1618879210659.png]]]]></system-out>
         <system-err><![CDATA[2021-04-20 08:38:43 - [TEST_CASE][FAILED] - Test Cases/User Settings/COMPLEX/TC_CMPLX_014: Test Cases/User Settings/COMPLEX/TC_CMPLX_014 FAILED.
Reason:
com.kms.katalon.core.exception.StepFailedException: Unable to verify object 'Object Repository/User/input_SAMPLE TEXT CUSTOMFIELD_Sample Text Customfield' is not present
	at com.kms.katalon.core.webui.keyword.internal.WebUIKeywordMain.stepFailed(WebUIKeywordMain.groovy:64)
	at com.kms.katalon.core.webui.keyword.internal.WebUIKeywordMain.runKeyword(WebUIKeywordMain.groovy:26)
	at com.kms.katalon.core.webui.keyword.internal.WebUIKeywordMain$runKeyword.call(Unknown Source)
	at com.kms.katalon.core.webui.keyword.builtin.VerifyElementNotPresentKeyword.verifyElementNotPresent(VerifyElementNotPresentKeyword.groovy:117)
	at com.kms.katalon.core.webui.keyword.builtin.VerifyElementNotPresentKeyword.execute(VerifyElementNotPresentKeyword.groovy:68)
	at com.kms.katalon.core.keyword.internal.KeywordExecutor.executeKeywordForPlatform(KeywordExecutor.groovy:73)
	at com.kms.katalon.core.webui.keyword.WebUiBuiltInKeywords.verifyElementNotPresent(WebUiBuiltInKeywords.groovy:1493)
	at com.kms.katalon.core.webui.keyword.WebUiBuiltInKeywords$verifyElementNotPresent$12.call(Unknown Source)
	at TC_CMPLX_014.run(TC_CMPLX_014:25)
	at com.kms.katalon.core.main.ScriptEngine.run(ScriptEngine.java:194)
	at com.kms.katalon.core.main.ScriptEngine.runScriptAsRawText(ScriptEngine.java:119)
	at com.kms.katalon.core.main.TestCaseExecutor.runScript(TestCaseExecutor.java:339)
	at com.kms.katalon.core.main.TestCaseExecutor.doExecute(TestCaseExecutor.java:330)
	at com.kms.katalon.core.main.TestCaseExecutor.processExecutionPhase(TestCaseExecutor.java:309)
	at com.kms.katalon.core.main.TestCaseExecutor.accessMainPhase(TestCaseExecutor.java:301)
	at com.kms.katalon.core.main.TestCaseExecutor.execute(TestCaseExecutor.java:235)
	at com.kms.katalon.core.main.TestSuiteExecutor.accessTestCaseMainPhase(TestSuiteExecutor.java:191)
	at com.kms.katalon.core.main.TestSuiteExecutor.accessTestSuiteMainPhase(TestSuiteExecutor.java:141)
	at com.kms.katalon.core.main.TestSuiteExecutor.execute(TestSuiteExecutor.java:90)
	at com.kms.katalon.core.main.TestCaseMain.startTestSuite(TestCaseMain.java:157)
	at com.kms.katalon.core.main.TestCaseMain$startTestSuite$0.call(Unknown Source)
	at TempTestSuite1618878862596.run(TempTestSuite1618878862596.groovy:39)
Caused by: com.kms.katalon.core.exception.StepFailedException: Web element with id: 'Object Repository/User/input_SAMPLE TEXT CUSTOMFIELD_Sample Text Customfield' located by 'By.xpath: //*[@type = 'text' and @name = 'Sample Text Customfield']' is present after '30' second(s)
	at com.kms.katalon.core.webui.keyword.internal.WebUIKeywordMain.stepFailed(WebUIKeywordMain.groovy:64)
	at com.kms.katalon.core.webui.keyword.internal.WebUIKeywordMain$stepFailed$0.call(Unknown Source)
	at com.kms.katalon.core.webui.keyword.builtin.VerifyElementNotPresentKeyword$_verifyElementNotPresent_closure1.doCall(VerifyElementNotPresentKeyword.groovy:106)
	at com.kms.katalon.core.webui.keyword.builtin.VerifyElementNotPresentKeyword$_verifyElementNotPresent_closure1.doCall(VerifyElementNotPresentKeyword.groovy)
	at com.kms.katalon.core.webui.keyword.internal.WebUIKeywordMain.runKeyword(WebUIKeywordMain.groovy:20)
	... 20 more]]></system-err>
      </testcase>
      <testcase name="Test Cases/User Settings/COMPLEX/TC_CMPLX_015" time="70.606" classname="Test Cases/User Settings/COMPLEX/TC_CMPLX_015" status="PASSED">
         <system-out><![CDATA[2021-04-20 08:40:11 - [TEST_CASE][PASSED] - Test Cases/User Settings/COMPLEX/TC_CMPLX_015: Test Cases/User Settings/COMPLEX/TC_CMPLX_015

2021-04-20 08:40:11 - [TEST_STEP][PASSED] - callTestCase(findTestCase("Utilities/Add New Text Custom Field"), [:], STOP_ON_FAILURE): Call Test Case 'Test Cases/Utilities/Add New Text Custom Field' successfully

2021-04-20 08:40:11 - [TEST_CASE][PASSED] - Test Cases/Utilities/Add New Text Custom Field: Test Cases/Utilities/Add New Text Custom Field

2021-04-20 08:40:11 - [TEST_STEP][PASSED] - callTestCase(findTestCase("Utilities/Admin Login"), [:], STOP_ON_FAILURE): Call Test Case 'Test Cases/Utilities/Admin Login' successfully

2021-04-20 08:40:11 - [TEST_CASE][PASSED] - Test Cases/Utilities/Admin Login: Test Cases/Utilities/Admin Login

2021-04-20 08:40:11 - [TEST_STEP][PASSED] - openBrowser(""): Browser is opened with url: ''

2021-04-20 08:40:11 - [MESSAGE][WARNING] - A browser is already opened. Closing browser and opening a new one

2021-04-20 08:40:12 - [MESSAGE][INFO] - Starting 'Chrome' driver

2021-04-20 08:40:12 - [MESSAGE][INFO] - Action delay is set to 0 milliseconds

2021-04-20 08:40:13 - [MESSAGE][PASSED] - Browser is opened with url: ''

2021-04-20 08:40:13 - [TEST_STEP][PASSED] - maximizeWindow(): Current window maximized

2021-04-20 08:40:13 - [MESSAGE][PASSED] - Current window maximized

2021-04-20 08:40:13 - [TEST_STEP][PASSED] - navigateToUrl(admin_url): Navigate to 'https://youhadmeathelloworld.staging.arcadier.io/admin' successfully

2021-04-20 08:40:18 - [MESSAGE][PASSED] - Navigate to 'https://youhadmeathelloworld.staging.arcadier.io/admin' successfully

2021-04-20 08:40:18 - [TEST_STEP][PASSED] - waitForPageLoad(2): Wait for page load successfully

2021-04-20 08:40:18 - [MESSAGE][PASSED] - Wait for page load successfully

2021-04-20 08:40:18 - [TEST_STEP][PASSED] - setText(findTestObject("Admin/Admin Login/txt_username"), admin_username): Text 'codemafia' is set on object 'Object Repository/Admin/Admin Login/txt_username'

2021-04-20 08:40:19 - [MESSAGE][PASSED] - Text 'codemafia' is set on object 'Object Repository/Admin/Admin Login/txt_username'

2021-04-20 08:40:19 - [TEST_STEP][PASSED] - setText(findTestObject("Admin/Admin Login/txt_password"), admin_password): Text 'welcome8' is set on object 'Object Repository/Admin/Admin Login/txt_password'

2021-04-20 08:40:20 - [MESSAGE][PASSED] - Text 'welcome8' is set on object 'Object Repository/Admin/Admin Login/txt_password'

2021-04-20 08:40:20 - [TEST_STEP][PASSED] - click(findTestObject("Admin/Admin Login/button_login")): Object: 'Object Repository/Admin/Admin Login/button_login' is clicked on

2021-04-20 08:40:34 - [MESSAGE][PASSED] - Object: 'Object Repository/Admin/Admin Login/button_login' is clicked on

2021-04-20 08:40:34 - [MESSAGE][PASSED] - Call Test Case 'Test Cases/Utilities/Admin Login' successfully

2021-04-20 08:40:34 - [TEST_STEP][PASSED] - callTestCase(findTestCase("Utilities/Navigate to Plugin"), [:], STOP_ON_FAILURE): Call Test Case 'Test Cases/Utilities/Navigate to Plugin' successfully

2021-04-20 08:40:34 - [TEST_CASE][PASSED] - Test Cases/Utilities/Navigate to Plugin: Test Cases/Utilities/Navigate to Plugin

2021-04-20 08:40:34 - [TEST_STEP][PASSED] - click(findTestObject("Admin/Plugin Navigation/link_plugin")): Object: 'Object Repository/Admin/Plugin Navigation/link_plugin' is clicked on

2021-04-20 08:40:35 - [MESSAGE][PASSED] - Object: 'Object Repository/Admin/Plugin Navigation/link_plugin' is clicked on

2021-04-20 08:40:35 - [TEST_STEP][PASSED] - click(findTestObject("Admin/Plugin Navigation/link_profile")): Object: 'Object Repository/Admin/Plugin Navigation/link_profile' is clicked on

2021-04-20 08:40:37 - [MESSAGE][PASSED] - Object: 'Object Repository/Admin/Plugin Navigation/link_profile' is clicked on

2021-04-20 08:40:37 - [MESSAGE][PASSED] - Call Test Case 'Test Cases/Utilities/Navigate to Plugin' successfully

2021-04-20 08:40:37 - [TEST_STEP][PASSED] - click(findTestObject("Admin/Plugin Page/Add New Text CF/a_Add Profile Input Field")): Object: 'Object Repository/Admin/Plugin Page/Add New Text CF/a_Add Profile Input Field' is clicked on

2021-04-20 08:40:37 - [MESSAGE][PASSED] - Object: 'Object Repository/Admin/Plugin Page/Add New Text CF/a_Add Profile Input Field' is clicked on

2021-04-20 08:40:37 - [TEST_STEP][PASSED] - setText(findTestObject("Admin/Plugin Page/Add New Text CF/input_Custom Field Name_custom_name"), "Sample Text Customfield"): Text 'Sample Text Customfield' is set on object 'Object Repository/Admin/Plugin Page/Add New Text CF/input_Custom Field Name_custom_name'

2021-04-20 08:40:38 - [MESSAGE][PASSED] - Text 'Sample Text Customfield' is set on object 'Object Repository/Admin/Plugin Page/Add New Text CF/input_Custom Field Name_custom_name'

2021-04-20 08:40:38 - [TEST_STEP][PASSED] - click(findTestObject("Admin/Plugin Page/Add New Text CF/input_Add Option_saveCustomDetails")): Object: 'Object Repository/Admin/Plugin Page/Add New Text CF/input_Add Option_saveCustomDetails' is clicked on

2021-04-20 08:40:39 - [MESSAGE][PASSED] - Object: 'Object Repository/Admin/Plugin Page/Add New Text CF/input_Add Option_saveCustomDetails' is clicked on

2021-04-20 08:40:39 - [TEST_STEP][PASSED] - closeBrowser(): Browser is closed

2021-04-20 08:40:39 - [MESSAGE][PASSED] - Browser is closed

2021-04-20 08:40:39 - [MESSAGE][PASSED] - Call Test Case 'Test Cases/Utilities/Add New Text Custom Field' successfully

2021-04-20 08:40:39 - [TEST_STEP][PASSED] - callTestCase(findTestCase("Utilities/Navigate to Buyer Settings"), [:], STOP_ON_FAILURE): Call Test Case 'Test Cases/Utilities/Navigate to Buyer Settings' successfully

2021-04-20 08:40:40 - [TEST_CASE][PASSED] - Test Cases/Utilities/Navigate to Buyer Settings: Test Cases/Utilities/Navigate to Buyer Settings

2021-04-20 08:40:40 - [TEST_STEP][PASSED] - openBrowser(""): Browser is opened with url: ''

2021-04-20 08:40:40 - [MESSAGE][INFO] - Starting 'Chrome' driver

2021-04-20 08:40:40 - [MESSAGE][INFO] - Action delay is set to 0 milliseconds

2021-04-20 08:40:41 - [MESSAGE][PASSED] - Browser is opened with url: ''

2021-04-20 08:40:41 - [TEST_STEP][PASSED] - navigateToUrl("https://youhadmeathelloworld.arcadier.io/"): Navigate to 'https://youhadmeathelloworld.arcadier.io/' successfully

2021-04-20 08:40:43 - [MESSAGE][PASSED] - Navigate to 'https://youhadmeathelloworld.arcadier.io/' successfully

2021-04-20 08:40:43 - [TEST_STEP][PASSED] - maximizeWindow(): Current window maximized

2021-04-20 08:40:43 - [MESSAGE][PASSED] - Current window maximized

2021-04-20 08:40:43 - [TEST_STEP][PASSED] - click(findTestObject("Object Repository/User/a_REGISTER  SIGN IN")): Object: 'Object Repository/User/a_REGISTER  SIGN IN' is clicked on

2021-04-20 08:40:45 - [MESSAGE][PASSED] - Object: 'Object Repository/User/a_REGISTER  SIGN IN' is clicked on

2021-04-20 08:40:45 - [TEST_STEP][PASSED] - setText(findTestObject("Object Repository/User/input_Your emailusername_username"), "athena"): Text 'athena' is set on object 'Object Repository/User/input_Your emailusername_username'

2021-04-20 08:40:46 - [MESSAGE][PASSED] - Text 'athena' is set on object 'Object Repository/User/input_Your emailusername_username'

2021-04-20 08:40:46 - [TEST_STEP][PASSED] - setEncryptedText(findTestObject("Object Repository/User/input_Your password_password"), "goxxgxvM2dP/z7G09p4JaTtn5QD+a0Kw"): Text ****** has been set on object 'Object Repository/User/input_Your password_password'

2021-04-20 08:40:47 - [MESSAGE][PASSED] - Text ****** has been set on object 'Object Repository/User/input_Your password_password'

2021-04-20 08:40:47 - [TEST_STEP][PASSED] - click(findTestObject("Object Repository/User/input_Your password_login-submit")): Object: 'Object Repository/User/input_Your password_login-submit' is clicked on

2021-04-20 08:40:50 - [MESSAGE][PASSED] - Object: 'Object Repository/User/input_Your password_login-submit' is clicked on

2021-04-20 08:40:50 - [TEST_STEP][PASSED] - mouseOver(findTestObject("User/i_EN_icon icon-down")): Object: 'Object Repository/User/i_EN_icon icon-down' is hovered

2021-04-20 08:40:51 - [MESSAGE][PASSED] - Object: 'Object Repository/User/i_EN_icon icon-down' is hovered

2021-04-20 08:40:51 - [TEST_STEP][PASSED] - click(findTestObject("User/a_Settings")): Object: 'Object Repository/User/a_Settings' is clicked on

2021-04-20 08:40:53 - [MESSAGE][PASSED] - Object: 'Object Repository/User/a_Settings' is clicked on

2021-04-20 08:40:53 - [MESSAGE][PASSED] - Call Test Case 'Test Cases/Utilities/Navigate to Buyer Settings' successfully

2021-04-20 08:40:53 - [TEST_STEP][PASSED] - setText(findTestObject("Object Repository/User/custom values/input_SAMPLE TEXT CUSTOMFIELD_Sample Text C_ce5c8c"), "customfield value"): Text 'customfield value' is set on object 'Object Repository/User/custom values/input_SAMPLE TEXT CUSTOMFIELD_Sample Text C_ce5c8c'

2021-04-20 08:40:54 - [MESSAGE][PASSED] - Text 'customfield value' is set on object 'Object Repository/User/custom values/input_SAMPLE TEXT CUSTOMFIELD_Sample Text C_ce5c8c'

2021-04-20 08:40:54 - [TEST_STEP][PASSED] - click(findTestObject("User/accept_cookies")): Object: 'Object Repository/User/accept_cookies' is clicked on

2021-04-20 08:40:54 - [MESSAGE][PASSED] - Object: 'Object Repository/User/accept_cookies' is clicked on

2021-04-20 08:40:54 - [TEST_STEP][PASSED] - click(findTestObject("User/custom values/a_NEXT")): Object: 'Object Repository/User/custom values/a_NEXT' is clicked on

2021-04-20 08:40:55 - [MESSAGE][PASSED] - Object: 'Object Repository/User/custom values/a_NEXT' is clicked on

2021-04-20 08:40:55 - [TEST_STEP][PASSED] - click(findTestObject("User/custom values/a_SAVE")): Object: 'Object Repository/User/custom values/a_SAVE' is clicked on

2021-04-20 08:40:58 - [MESSAGE][PASSED] - Object: 'Object Repository/User/custom values/a_SAVE' is clicked on

2021-04-20 08:40:58 - [TEST_STEP][PASSED] - mouseOver(findTestObject("User/i_EN_icon icon-down")): Object: 'Object Repository/User/i_EN_icon icon-down' is hovered

2021-04-20 08:41:00 - [MESSAGE][PASSED] - Object: 'Object Repository/User/i_EN_icon icon-down' is hovered

2021-04-20 08:41:00 - [TEST_STEP][PASSED] - click(findTestObject("User/a_Settings")): Object: 'Object Repository/User/a_Settings' is clicked on

2021-04-20 08:41:01 - [MESSAGE][PASSED] - Object: 'Object Repository/User/a_Settings' is clicked on

2021-04-20 08:41:01 - [TEST_STEP][PASSED] - verifyElementAttributeValue(findTestObject("User/custom values/input_SAMPLE TEXT CUSTOMFIELD_Sample Text C_ce5c8c"), "value", "customfield value", 0): Object 'Object Repository/User/custom values/input_SAMPLE TEXT CUSTOMFIELD_Sample Text C_ce5c8c' has attribute 'value' with value 'customfield value'

2021-04-20 08:41:01 - [MESSAGE][WARNING] - Timeout '0' is invalid. Using default page load timeout: '30'

2021-04-20 08:41:02 - [MESSAGE][PASSED] - Object 'Object Repository/User/custom values/input_SAMPLE TEXT CUSTOMFIELD_Sample Text C_ce5c8c' has attribute 'value' with value 'customfield value'

2021-04-20 08:41:02 - [TEST_STEP][PASSED] - closeBrowser(): Browser is closed

2021-04-20 08:41:03 - [MESSAGE][PASSED] - Browser is closed

2021-04-20 08:41:03 - [TEST_STEP][PASSED] - callTestCase(findTestCase("Utilities/Deleting Custom Field"), [:], STOP_ON_FAILURE): Call Test Case 'Test Cases/Utilities/Deleting Custom Field' successfully

2021-04-20 08:41:03 - [TEST_CASE][PASSED] - Test Cases/Utilities/Deleting Custom Field: Test Cases/Utilities/Deleting Custom Field

2021-04-20 08:41:03 - [TEST_STEP][PASSED] - callTestCase(findTestCase("Utilities/Admin Login"), [:], STOP_ON_FAILURE): Call Test Case 'Test Cases/Utilities/Admin Login' successfully

2021-04-20 08:41:03 - [TEST_CASE][PASSED] - Test Cases/Utilities/Admin Login: Test Cases/Utilities/Admin Login

2021-04-20 08:41:03 - [TEST_STEP][PASSED] - openBrowser(""): Browser is opened with url: ''

2021-04-20 08:41:03 - [MESSAGE][INFO] - Starting 'Chrome' driver

2021-04-20 08:41:03 - [MESSAGE][INFO] - Action delay is set to 0 milliseconds

2021-04-20 08:41:04 - [MESSAGE][PASSED] - Browser is opened with url: ''

2021-04-20 08:41:04 - [TEST_STEP][PASSED] - maximizeWindow(): Current window maximized

2021-04-20 08:41:04 - [MESSAGE][PASSED] - Current window maximized

2021-04-20 08:41:04 - [TEST_STEP][PASSED] - navigateToUrl(admin_url): Navigate to 'https://youhadmeathelloworld.staging.arcadier.io/admin' successfully

2021-04-20 08:41:06 - [MESSAGE][PASSED] - Navigate to 'https://youhadmeathelloworld.staging.arcadier.io/admin' successfully

2021-04-20 08:41:06 - [TEST_STEP][PASSED] - waitForPageLoad(2): Wait for page load successfully

2021-04-20 08:41:06 - [MESSAGE][PASSED] - Wait for page load successfully

2021-04-20 08:41:06 - [TEST_STEP][PASSED] - setText(findTestObject("Admin/Admin Login/txt_username"), admin_username): Text 'codemafia' is set on object 'Object Repository/Admin/Admin Login/txt_username'

2021-04-20 08:41:07 - [MESSAGE][PASSED] - Text 'codemafia' is set on object 'Object Repository/Admin/Admin Login/txt_username'

2021-04-20 08:41:07 - [TEST_STEP][PASSED] - setText(findTestObject("Admin/Admin Login/txt_password"), admin_password): Text 'welcome8' is set on object 'Object Repository/Admin/Admin Login/txt_password'

2021-04-20 08:41:08 - [MESSAGE][PASSED] - Text 'welcome8' is set on object 'Object Repository/Admin/Admin Login/txt_password'

2021-04-20 08:41:08 - [TEST_STEP][PASSED] - click(findTestObject("Admin/Admin Login/button_login")): Object: 'Object Repository/Admin/Admin Login/button_login' is clicked on

2021-04-20 08:41:16 - [MESSAGE][PASSED] - Object: 'Object Repository/Admin/Admin Login/button_login' is clicked on

2021-04-20 08:41:16 - [MESSAGE][PASSED] - Call Test Case 'Test Cases/Utilities/Admin Login' successfully

2021-04-20 08:41:16 - [TEST_STEP][PASSED] - callTestCase(findTestCase("Utilities/Navigate to Plugin"), [:], STOP_ON_FAILURE): Call Test Case 'Test Cases/Utilities/Navigate to Plugin' successfully

2021-04-20 08:41:16 - [TEST_CASE][PASSED] - Test Cases/Utilities/Navigate to Plugin: Test Cases/Utilities/Navigate to Plugin

2021-04-20 08:41:16 - [TEST_STEP][PASSED] - click(findTestObject("Admin/Plugin Navigation/link_plugin")): Object: 'Object Repository/Admin/Plugin Navigation/link_plugin' is clicked on

2021-04-20 08:41:17 - [MESSAGE][PASSED] - Object: 'Object Repository/Admin/Plugin Navigation/link_plugin' is clicked on

2021-04-20 08:41:17 - [TEST_STEP][PASSED] - click(findTestObject("Admin/Plugin Navigation/link_profile")): Object: 'Object Repository/Admin/Plugin Navigation/link_profile' is clicked on

2021-04-20 08:41:19 - [MESSAGE][PASSED] - Object: 'Object Repository/Admin/Plugin Navigation/link_profile' is clicked on

2021-04-20 08:41:19 - [MESSAGE][PASSED] - Call Test Case 'Test Cases/Utilities/Navigate to Plugin' successfully

2021-04-20 08:41:19 - [TEST_STEP][PASSED] - click(findTestObject("Admin/Plugin Page/Deleting Custom Fields/i_Textfield_icon icon-delete")): Object: 'Object Repository/Admin/Plugin Page/Deleting Custom Fields/i_Textfield_icon icon-delete' is clicked on

2021-04-20 08:41:20 - [MESSAGE][PASSED] - Object: 'Object Repository/Admin/Plugin Page/Deleting Custom Fields/i_Textfield_icon icon-delete' is clicked on

2021-04-20 08:41:20 - [TEST_STEP][PASSED] - click(findTestObject("Admin/Plugin Page/Deleting Custom Fields/del_confirm")): Object: 'Object Repository/Admin/Plugin Page/Deleting Custom Fields/del_confirm' is clicked on

2021-04-20 08:41:20 - [MESSAGE][PASSED] - Object: 'Object Repository/Admin/Plugin Page/Deleting Custom Fields/del_confirm' is clicked on

2021-04-20 08:41:20 - [TEST_STEP][PASSED] - closeBrowser(): Browser is closed

2021-04-20 08:41:21 - [MESSAGE][PASSED] - Browser is closed

2021-04-20 08:41:21 - [MESSAGE][PASSED] - Call Test Case 'Test Cases/Utilities/Deleting Custom Field' successfully]]></system-out>
         <system-err><![CDATA[]]></system-err>
      </testcase>
      <testcase name="Test Cases/User Settings/COMPLEX/TC_CMPLX_016" time="81.157" classname="Test Cases/User Settings/COMPLEX/TC_CMPLX_016" status="PASSED">
         <system-out><![CDATA[2021-04-20 08:41:21 - [TEST_CASE][PASSED] - Test Cases/User Settings/COMPLEX/TC_CMPLX_016: Test Cases/User Settings/COMPLEX/TC_CMPLX_016

2021-04-20 08:41:21 - [TEST_STEP][PASSED] - callTestCase(findTestCase("Utilities/Add New Text Custom Field"), [:], STOP_ON_FAILURE): Call Test Case 'Test Cases/Utilities/Add New Text Custom Field' successfully

2021-04-20 08:41:21 - [TEST_CASE][PASSED] - Test Cases/Utilities/Add New Text Custom Field: Test Cases/Utilities/Add New Text Custom Field

2021-04-20 08:41:21 - [TEST_STEP][PASSED] - callTestCase(findTestCase("Utilities/Admin Login"), [:], STOP_ON_FAILURE): Call Test Case 'Test Cases/Utilities/Admin Login' successfully

2021-04-20 08:41:21 - [TEST_CASE][PASSED] - Test Cases/Utilities/Admin Login: Test Cases/Utilities/Admin Login

2021-04-20 08:41:21 - [TEST_STEP][PASSED] - openBrowser(""): Browser is opened with url: ''

2021-04-20 08:41:21 - [MESSAGE][INFO] - Starting 'Chrome' driver

2021-04-20 08:41:21 - [MESSAGE][INFO] - Action delay is set to 0 milliseconds

2021-04-20 08:41:23 - [MESSAGE][PASSED] - Browser is opened with url: ''

2021-04-20 08:41:23 - [TEST_STEP][PASSED] - maximizeWindow(): Current window maximized

2021-04-20 08:41:23 - [MESSAGE][PASSED] - Current window maximized

2021-04-20 08:41:23 - [TEST_STEP][PASSED] - navigateToUrl(admin_url): Navigate to 'https://youhadmeathelloworld.staging.arcadier.io/admin' successfully

2021-04-20 08:41:26 - [MESSAGE][PASSED] - Navigate to 'https://youhadmeathelloworld.staging.arcadier.io/admin' successfully

2021-04-20 08:41:26 - [TEST_STEP][PASSED] - waitForPageLoad(2): Wait for page load successfully

2021-04-20 08:41:26 - [MESSAGE][PASSED] - Wait for page load successfully

2021-04-20 08:41:26 - [TEST_STEP][PASSED] - setText(findTestObject("Admin/Admin Login/txt_username"), admin_username): Text 'codemafia' is set on object 'Object Repository/Admin/Admin Login/txt_username'

2021-04-20 08:41:27 - [MESSAGE][PASSED] - Text 'codemafia' is set on object 'Object Repository/Admin/Admin Login/txt_username'

2021-04-20 08:41:27 - [TEST_STEP][PASSED] - setText(findTestObject("Admin/Admin Login/txt_password"), admin_password): Text 'welcome8' is set on object 'Object Repository/Admin/Admin Login/txt_password'

2021-04-20 08:41:28 - [MESSAGE][PASSED] - Text 'welcome8' is set on object 'Object Repository/Admin/Admin Login/txt_password'

2021-04-20 08:41:28 - [TEST_STEP][PASSED] - click(findTestObject("Admin/Admin Login/button_login")): Object: 'Object Repository/Admin/Admin Login/button_login' is clicked on

2021-04-20 08:41:39 - [MESSAGE][PASSED] - Object: 'Object Repository/Admin/Admin Login/button_login' is clicked on

2021-04-20 08:41:39 - [MESSAGE][PASSED] - Call Test Case 'Test Cases/Utilities/Admin Login' successfully

2021-04-20 08:41:39 - [TEST_STEP][PASSED] - callTestCase(findTestCase("Utilities/Navigate to Plugin"), [:], STOP_ON_FAILURE): Call Test Case 'Test Cases/Utilities/Navigate to Plugin' successfully

2021-04-20 08:41:39 - [TEST_CASE][PASSED] - Test Cases/Utilities/Navigate to Plugin: Test Cases/Utilities/Navigate to Plugin

2021-04-20 08:41:39 - [TEST_STEP][PASSED] - click(findTestObject("Admin/Plugin Navigation/link_plugin")): Object: 'Object Repository/Admin/Plugin Navigation/link_plugin' is clicked on

2021-04-20 08:41:41 - [MESSAGE][PASSED] - Object: 'Object Repository/Admin/Plugin Navigation/link_plugin' is clicked on

2021-04-20 08:41:41 - [TEST_STEP][PASSED] - click(findTestObject("Admin/Plugin Navigation/link_profile")): Object: 'Object Repository/Admin/Plugin Navigation/link_profile' is clicked on

2021-04-20 08:41:42 - [MESSAGE][PASSED] - Object: 'Object Repository/Admin/Plugin Navigation/link_profile' is clicked on

2021-04-20 08:41:42 - [MESSAGE][PASSED] - Call Test Case 'Test Cases/Utilities/Navigate to Plugin' successfully

2021-04-20 08:41:42 - [TEST_STEP][PASSED] - click(findTestObject("Admin/Plugin Page/Add New Text CF/a_Add Profile Input Field")): Object: 'Object Repository/Admin/Plugin Page/Add New Text CF/a_Add Profile Input Field' is clicked on

2021-04-20 08:41:43 - [MESSAGE][PASSED] - Object: 'Object Repository/Admin/Plugin Page/Add New Text CF/a_Add Profile Input Field' is clicked on

2021-04-20 08:41:43 - [TEST_STEP][PASSED] - setText(findTestObject("Admin/Plugin Page/Add New Text CF/input_Custom Field Name_custom_name"), "Sample Text Customfield"): Text 'Sample Text Customfield' is set on object 'Object Repository/Admin/Plugin Page/Add New Text CF/input_Custom Field Name_custom_name'

2021-04-20 08:41:44 - [MESSAGE][PASSED] - Text 'Sample Text Customfield' is set on object 'Object Repository/Admin/Plugin Page/Add New Text CF/input_Custom Field Name_custom_name'

2021-04-20 08:41:44 - [TEST_STEP][PASSED] - click(findTestObject("Admin/Plugin Page/Add New Text CF/input_Add Option_saveCustomDetails")): Object: 'Object Repository/Admin/Plugin Page/Add New Text CF/input_Add Option_saveCustomDetails' is clicked on

2021-04-20 08:41:45 - [MESSAGE][PASSED] - Object: 'Object Repository/Admin/Plugin Page/Add New Text CF/input_Add Option_saveCustomDetails' is clicked on

2021-04-20 08:41:45 - [TEST_STEP][PASSED] - closeBrowser(): Browser is closed

2021-04-20 08:41:45 - [MESSAGE][PASSED] - Browser is closed

2021-04-20 08:41:45 - [MESSAGE][PASSED] - Call Test Case 'Test Cases/Utilities/Add New Text Custom Field' successfully

2021-04-20 08:41:45 - [TEST_STEP][PASSED] - callTestCase(findTestCase("Utilities/Navigate to Buyer Settings"), [:], STOP_ON_FAILURE): Call Test Case 'Test Cases/Utilities/Navigate to Buyer Settings' successfully

2021-04-20 08:41:45 - [TEST_CASE][PASSED] - Test Cases/Utilities/Navigate to Buyer Settings: Test Cases/Utilities/Navigate to Buyer Settings

2021-04-20 08:41:45 - [TEST_STEP][PASSED] - openBrowser(""): Browser is opened with url: ''

2021-04-20 08:41:45 - [MESSAGE][INFO] - Starting 'Chrome' driver

2021-04-20 08:41:45 - [MESSAGE][INFO] - Action delay is set to 0 milliseconds

2021-04-20 08:41:47 - [MESSAGE][PASSED] - Browser is opened with url: ''

2021-04-20 08:41:47 - [TEST_STEP][PASSED] - navigateToUrl("https://youhadmeathelloworld.arcadier.io/"): Navigate to 'https://youhadmeathelloworld.arcadier.io/' successfully

2021-04-20 08:41:49 - [MESSAGE][PASSED] - Navigate to 'https://youhadmeathelloworld.arcadier.io/' successfully

2021-04-20 08:41:49 - [TEST_STEP][PASSED] - maximizeWindow(): Current window maximized

2021-04-20 08:41:49 - [MESSAGE][PASSED] - Current window maximized

2021-04-20 08:41:49 - [TEST_STEP][PASSED] - click(findTestObject("Object Repository/User/a_REGISTER  SIGN IN")): Object: 'Object Repository/User/a_REGISTER  SIGN IN' is clicked on

2021-04-20 08:41:51 - [MESSAGE][PASSED] - Object: 'Object Repository/User/a_REGISTER  SIGN IN' is clicked on

2021-04-20 08:41:51 - [TEST_STEP][PASSED] - setText(findTestObject("Object Repository/User/input_Your emailusername_username"), "athena"): Text 'athena' is set on object 'Object Repository/User/input_Your emailusername_username'

2021-04-20 08:41:52 - [MESSAGE][PASSED] - Text 'athena' is set on object 'Object Repository/User/input_Your emailusername_username'

2021-04-20 08:41:52 - [TEST_STEP][PASSED] - setEncryptedText(findTestObject("Object Repository/User/input_Your password_password"), "goxxgxvM2dP/z7G09p4JaTtn5QD+a0Kw"): Text ****** has been set on object 'Object Repository/User/input_Your password_password'

2021-04-20 08:41:53 - [MESSAGE][PASSED] - Text ****** has been set on object 'Object Repository/User/input_Your password_password'

2021-04-20 08:41:53 - [TEST_STEP][PASSED] - click(findTestObject("Object Repository/User/input_Your password_login-submit")): Object: 'Object Repository/User/input_Your password_login-submit' is clicked on

2021-04-20 08:41:55 - [MESSAGE][PASSED] - Object: 'Object Repository/User/input_Your password_login-submit' is clicked on

2021-04-20 08:41:55 - [TEST_STEP][PASSED] - mouseOver(findTestObject("User/i_EN_icon icon-down")): Object: 'Object Repository/User/i_EN_icon icon-down' is hovered

2021-04-20 08:41:56 - [MESSAGE][PASSED] - Object: 'Object Repository/User/i_EN_icon icon-down' is hovered

2021-04-20 08:41:56 - [TEST_STEP][PASSED] - click(findTestObject("User/a_Settings")): Object: 'Object Repository/User/a_Settings' is clicked on

2021-04-20 08:41:57 - [MESSAGE][PASSED] - Object: 'Object Repository/User/a_Settings' is clicked on

2021-04-20 08:41:57 - [MESSAGE][PASSED] - Call Test Case 'Test Cases/Utilities/Navigate to Buyer Settings' successfully

2021-04-20 08:41:57 - [TEST_STEP][PASSED] - setText(findTestObject("Object Repository/User/custom values/input_SAMPLE TEXT CUSTOMFIELD_Sample Text C_ce5c8c"), "customfield value"): Text 'customfield value' is set on object 'Object Repository/User/custom values/input_SAMPLE TEXT CUSTOMFIELD_Sample Text C_ce5c8c'

2021-04-20 08:41:59 - [MESSAGE][PASSED] - Text 'customfield value' is set on object 'Object Repository/User/custom values/input_SAMPLE TEXT CUSTOMFIELD_Sample Text C_ce5c8c'

2021-04-20 08:41:59 - [TEST_STEP][PASSED] - click(findTestObject("User/accept_cookies")): Object: 'Object Repository/User/accept_cookies' is clicked on

2021-04-20 08:41:59 - [MESSAGE][PASSED] - Object: 'Object Repository/User/accept_cookies' is clicked on

2021-04-20 08:41:59 - [TEST_STEP][PASSED] - click(findTestObject("User/custom values/a_NEXT")): Object: 'Object Repository/User/custom values/a_NEXT' is clicked on

2021-04-20 08:42:00 - [MESSAGE][PASSED] - Object: 'Object Repository/User/custom values/a_NEXT' is clicked on

2021-04-20 08:42:00 - [TEST_STEP][PASSED] - click(findTestObject("User/custom values/a_SAVE")): Object: 'Object Repository/User/custom values/a_SAVE' is clicked on

2021-04-20 08:42:02 - [MESSAGE][PASSED] - Object: 'Object Repository/User/custom values/a_SAVE' is clicked on

2021-04-20 08:42:02 - [TEST_STEP][PASSED] - mouseOver(findTestObject("User/i_EN_icon icon-down")): Object: 'Object Repository/User/i_EN_icon icon-down' is hovered

2021-04-20 08:42:04 - [MESSAGE][PASSED] - Object: 'Object Repository/User/i_EN_icon icon-down' is hovered

2021-04-20 08:42:04 - [TEST_STEP][PASSED] - click(findTestObject("User/a_Settings")): Object: 'Object Repository/User/a_Settings' is clicked on

2021-04-20 08:42:05 - [MESSAGE][PASSED] - Object: 'Object Repository/User/a_Settings' is clicked on

2021-04-20 08:42:05 - [TEST_STEP][PASSED] - setText(findTestObject("Object Repository/User/custom values/input_SAMPLE TEXT CUSTOMFIELD_Sample Text C_ce5c8c"), "customfield value edited"): Text 'customfield value edited' is set on object 'Object Repository/User/custom values/input_SAMPLE TEXT CUSTOMFIELD_Sample Text C_ce5c8c'

2021-04-20 08:42:07 - [MESSAGE][PASSED] - Text 'customfield value edited' is set on object 'Object Repository/User/custom values/input_SAMPLE TEXT CUSTOMFIELD_Sample Text C_ce5c8c'

2021-04-20 08:42:07 - [TEST_STEP][PASSED] - click(findTestObject("User/custom values/a_NEXT")): Object: 'Object Repository/User/custom values/a_NEXT' is clicked on

2021-04-20 08:42:07 - [MESSAGE][PASSED] - Object: 'Object Repository/User/custom values/a_NEXT' is clicked on

2021-04-20 08:42:07 - [TEST_STEP][PASSED] - click(findTestObject("User/custom values/a_SAVE")): Object: 'Object Repository/User/custom values/a_SAVE' is clicked on

2021-04-20 08:42:09 - [MESSAGE][PASSED] - Object: 'Object Repository/User/custom values/a_SAVE' is clicked on

2021-04-20 08:42:09 - [TEST_STEP][PASSED] - mouseOver(findTestObject("User/i_EN_icon icon-down")): Object: 'Object Repository/User/i_EN_icon icon-down' is hovered

2021-04-20 08:42:11 - [MESSAGE][PASSED] - Object: 'Object Repository/User/i_EN_icon icon-down' is hovered

2021-04-20 08:42:11 - [TEST_STEP][PASSED] - click(findTestObject("User/a_Settings")): Object: 'Object Repository/User/a_Settings' is clicked on

2021-04-20 08:42:12 - [MESSAGE][PASSED] - Object: 'Object Repository/User/a_Settings' is clicked on

2021-04-20 08:42:12 - [TEST_STEP][PASSED] - verifyElementAttributeValue(findTestObject("User/custom values/input_SAMPLE TEXT CUSTOMFIELD_Sample Text C_ce5c8c"), "value", "customfield value edited", 0): Object 'Object Repository/User/custom values/input_SAMPLE TEXT CUSTOMFIELD_Sample Text C_ce5c8c' has attribute 'value' with value 'customfield value edited'

2021-04-20 08:42:12 - [MESSAGE][WARNING] - Timeout '0' is invalid. Using default page load timeout: '30'

2021-04-20 08:42:13 - [MESSAGE][PASSED] - Object 'Object Repository/User/custom values/input_SAMPLE TEXT CUSTOMFIELD_Sample Text C_ce5c8c' has attribute 'value' with value 'customfield value edited'

2021-04-20 08:42:13 - [TEST_STEP][PASSED] - closeBrowser(): Browser is closed

2021-04-20 08:42:13 - [MESSAGE][PASSED] - Browser is closed

2021-04-20 08:42:13 - [TEST_STEP][PASSED] - callTestCase(findTestCase("Utilities/Deleting Custom Field"), [:], STOP_ON_FAILURE): Call Test Case 'Test Cases/Utilities/Deleting Custom Field' successfully

2021-04-20 08:42:13 - [TEST_CASE][PASSED] - Test Cases/Utilities/Deleting Custom Field: Test Cases/Utilities/Deleting Custom Field

2021-04-20 08:42:13 - [TEST_STEP][PASSED] - callTestCase(findTestCase("Utilities/Admin Login"), [:], STOP_ON_FAILURE): Call Test Case 'Test Cases/Utilities/Admin Login' successfully

2021-04-20 08:42:13 - [TEST_CASE][PASSED] - Test Cases/Utilities/Admin Login: Test Cases/Utilities/Admin Login

2021-04-20 08:42:13 - [TEST_STEP][PASSED] - openBrowser(""): Browser is opened with url: ''

2021-04-20 08:42:13 - [MESSAGE][INFO] - Starting 'Chrome' driver

2021-04-20 08:42:13 - [MESSAGE][INFO] - Action delay is set to 0 milliseconds

2021-04-20 08:42:15 - [MESSAGE][PASSED] - Browser is opened with url: ''

2021-04-20 08:42:15 - [TEST_STEP][PASSED] - maximizeWindow(): Current window maximized

2021-04-20 08:42:15 - [MESSAGE][PASSED] - Current window maximized

2021-04-20 08:42:15 - [TEST_STEP][PASSED] - navigateToUrl(admin_url): Navigate to 'https://youhadmeathelloworld.staging.arcadier.io/admin' successfully

2021-04-20 08:42:21 - [MESSAGE][PASSED] - Navigate to 'https://youhadmeathelloworld.staging.arcadier.io/admin' successfully

2021-04-20 08:42:21 - [TEST_STEP][PASSED] - waitForPageLoad(2): Wait for page load successfully

2021-04-20 08:42:21 - [MESSAGE][PASSED] - Wait for page load successfully

2021-04-20 08:42:21 - [TEST_STEP][PASSED] - setText(findTestObject("Admin/Admin Login/txt_username"), admin_username): Text 'codemafia' is set on object 'Object Repository/Admin/Admin Login/txt_username'

2021-04-20 08:42:22 - [MESSAGE][PASSED] - Text 'codemafia' is set on object 'Object Repository/Admin/Admin Login/txt_username'

2021-04-20 08:42:22 - [TEST_STEP][PASSED] - setText(findTestObject("Admin/Admin Login/txt_password"), admin_password): Text 'welcome8' is set on object 'Object Repository/Admin/Admin Login/txt_password'

2021-04-20 08:42:23 - [MESSAGE][PASSED] - Text 'welcome8' is set on object 'Object Repository/Admin/Admin Login/txt_password'

2021-04-20 08:42:23 - [TEST_STEP][PASSED] - click(findTestObject("Admin/Admin Login/button_login")): Object: 'Object Repository/Admin/Admin Login/button_login' is clicked on

2021-04-20 08:42:37 - [MESSAGE][PASSED] - Object: 'Object Repository/Admin/Admin Login/button_login' is clicked on

2021-04-20 08:42:37 - [MESSAGE][PASSED] - Call Test Case 'Test Cases/Utilities/Admin Login' successfully

2021-04-20 08:42:37 - [TEST_STEP][PASSED] - callTestCase(findTestCase("Utilities/Navigate to Plugin"), [:], STOP_ON_FAILURE): Call Test Case 'Test Cases/Utilities/Navigate to Plugin' successfully

2021-04-20 08:42:37 - [TEST_CASE][PASSED] - Test Cases/Utilities/Navigate to Plugin: Test Cases/Utilities/Navigate to Plugin

2021-04-20 08:42:37 - [TEST_STEP][PASSED] - click(findTestObject("Admin/Plugin Navigation/link_plugin")): Object: 'Object Repository/Admin/Plugin Navigation/link_plugin' is clicked on

2021-04-20 08:42:39 - [MESSAGE][PASSED] - Object: 'Object Repository/Admin/Plugin Navigation/link_plugin' is clicked on

2021-04-20 08:42:39 - [TEST_STEP][PASSED] - click(findTestObject("Admin/Plugin Navigation/link_profile")): Object: 'Object Repository/Admin/Plugin Navigation/link_profile' is clicked on

2021-04-20 08:42:40 - [MESSAGE][PASSED] - Object: 'Object Repository/Admin/Plugin Navigation/link_profile' is clicked on

2021-04-20 08:42:40 - [MESSAGE][PASSED] - Call Test Case 'Test Cases/Utilities/Navigate to Plugin' successfully

2021-04-20 08:42:40 - [TEST_STEP][PASSED] - click(findTestObject("Admin/Plugin Page/Deleting Custom Fields/i_Textfield_icon icon-delete")): Object: 'Object Repository/Admin/Plugin Page/Deleting Custom Fields/i_Textfield_icon icon-delete' is clicked on

2021-04-20 08:42:41 - [MESSAGE][PASSED] - Object: 'Object Repository/Admin/Plugin Page/Deleting Custom Fields/i_Textfield_icon icon-delete' is clicked on

2021-04-20 08:42:41 - [TEST_STEP][PASSED] - click(findTestObject("Admin/Plugin Page/Deleting Custom Fields/del_confirm")): Object: 'Object Repository/Admin/Plugin Page/Deleting Custom Fields/del_confirm' is clicked on

2021-04-20 08:42:41 - [MESSAGE][PASSED] - Object: 'Object Repository/Admin/Plugin Page/Deleting Custom Fields/del_confirm' is clicked on

2021-04-20 08:42:41 - [TEST_STEP][PASSED] - closeBrowser(): Browser is closed

2021-04-20 08:42:42 - [MESSAGE][PASSED] - Browser is closed

2021-04-20 08:42:42 - [MESSAGE][PASSED] - Call Test Case 'Test Cases/Utilities/Deleting Custom Field' successfully]]></system-out>
         <system-err><![CDATA[]]></system-err>
      </testcase>
      <system-out><![CDATA[2021-04-20 08:34:29 - [TEST_SUITE][FAILED] - User Settings: Test Cases/User Settings/COMPLEX/TC_CMPLX_010 FAILED.
Reason:
com.kms.katalon.core.exception.StepFailedException: Verify element text of test object 'Object Repository/User/label_SAMPLE CUSTOMFIELD NUMBER' FAILED.
	at com.kms.katalon.core.webui.keyword.internal.WebUIKeywordMain.stepFailed(WebUIKeywordMain.groovy:64)
	at com.kms.katalon.core.webui.keyword.internal.WebUIKeywordMain.runKeyword(WebUIKeywordMain.groovy:26)
	at com.kms.katalon.core.webui.keyword.builtin.VerifyElementTextKeyword.verifyElementText(VerifyElementTextKeyword.groovy:72)
	at com.kms.katalon.core.webui.keyword.builtin.VerifyElementTextKeyword.execute(VerifyElementTextKeyword.groovy:40)
	at com.kms.katalon.core.keyword.internal.KeywordExecutor.executeKeywordForPlatform(KeywordExecutor.groovy:73)
	at com.kms.katalon.core.webui.keyword.WebUiBuiltInKeywords.verifyElementText(WebUiBuiltInKeywords.groovy:3689)
	at com.kms.katalon.core.webui.keyword.WebUiBuiltInKeywords$verifyElementText$9.call(Unknown Source)
	at TC_CMPLX_010.run(TC_CMPLX_010:25)
	at com.kms.katalon.core.main.ScriptEngine.run(ScriptEngine.java:194)
	at com.kms.katalon.core.main.ScriptEngine.runScriptAsRawText(ScriptEngine.java:119)
	at com.kms.katalon.core.main.TestCaseExecutor.runScript(TestCaseExecutor.java:339)
	at com.kms.katalon.core.main.TestCaseExecutor.doExecute(TestCaseExecutor.java:330)
	at com.kms.katalon.core.main.TestCaseExecutor.processExecutionPhase(TestCaseExecutor.java:309)
	at com.kms.katalon.core.main.TestCaseExecutor.accessMainPhase(TestCaseExecutor.java:301)
	at com.kms.katalon.core.main.TestCaseExecutor.execute(TestCaseExecutor.java:235)
	at com.kms.katalon.core.main.TestSuiteExecutor.accessTestCaseMainPhase(TestSuiteExecutor.java:191)
	at com.kms.katalon.core.main.TestSuiteExecutor.accessTestSuiteMainPhase(TestSuiteExecutor.java:141)
	at com.kms.katalon.core.main.TestSuiteExecutor.execute(TestSuiteExecutor.java:90)
	at com.kms.katalon.core.main.TestCaseMain.startTestSuite(TestCaseMain.java:157)
	at com.kms.katalon.core.main.TestCaseMain$startTestSuite$0.call(Unknown Source)
	at TempTestSuite1618878862596.run(TempTestSuite1618878862596.groovy:39)
Caused by: com.kms.katalon.core.exception.StepFailedException: Actual text 'SAMPLE TEXT CUSTOMFIELD' and expected text 'SAMPLE CUSTOMFIELD NUMBER' of test object 'Object Repository/User/label_SAMPLE CUSTOMFIELD NUMBER' are NOT matched.
	at com.kms.katalon.core.webui.keyword.internal.WebUIKeywordMain.stepFailed(WebUIKeywordMain.groovy:64)
	at com.kms.katalon.core.webui.keyword.builtin.VerifyElementTextKeyword$_verifyElementText_closure1.doCall(VerifyElementTextKeyword.groovy:57)
	at com.kms.katalon.core.webui.keyword.builtin.VerifyElementTextKeyword$_verifyElementText_closure1.call(VerifyElementTextKeyword.groovy)
	at com.kms.katalon.core.webui.keyword.internal.WebUIKeywordMain.runKeyword(WebUIKeywordMain.groovy:20)
	... 19 more]]></system-out>
      <system-err><![CDATA[2021-04-20 08:34:29 - [TEST_SUITE][FAILED] - User Settings: Test Cases/User Settings/COMPLEX/TC_CMPLX_010 FAILED.
Reason:
com.kms.katalon.core.exception.StepFailedException: Verify element text of test object 'Object Repository/User/label_SAMPLE CUSTOMFIELD NUMBER' FAILED.
	at com.kms.katalon.core.webui.keyword.internal.WebUIKeywordMain.stepFailed(WebUIKeywordMain.groovy:64)
	at com.kms.katalon.core.webui.keyword.internal.WebUIKeywordMain.runKeyword(WebUIKeywordMain.groovy:26)
	at com.kms.katalon.core.webui.keyword.builtin.VerifyElementTextKeyword.verifyElementText(VerifyElementTextKeyword.groovy:72)
	at com.kms.katalon.core.webui.keyword.builtin.VerifyElementTextKeyword.execute(VerifyElementTextKeyword.groovy:40)
	at com.kms.katalon.core.keyword.internal.KeywordExecutor.executeKeywordForPlatform(KeywordExecutor.groovy:73)
	at com.kms.katalon.core.webui.keyword.WebUiBuiltInKeywords.verifyElementText(WebUiBuiltInKeywords.groovy:3689)
	at com.kms.katalon.core.webui.keyword.WebUiBuiltInKeywords$verifyElementText$9.call(Unknown Source)
	at TC_CMPLX_010.run(TC_CMPLX_010:25)
	at com.kms.katalon.core.main.ScriptEngine.run(ScriptEngine.java:194)
	at com.kms.katalon.core.main.ScriptEngine.runScriptAsRawText(ScriptEngine.java:119)
	at com.kms.katalon.core.main.TestCaseExecutor.runScript(TestCaseExecutor.java:339)
	at com.kms.katalon.core.main.TestCaseExecutor.doExecute(TestCaseExecutor.java:330)
	at com.kms.katalon.core.main.TestCaseExecutor.processExecutionPhase(TestCaseExecutor.java:309)
	at com.kms.katalon.core.main.TestCaseExecutor.accessMainPhase(TestCaseExecutor.java:301)
	at com.kms.katalon.core.main.TestCaseExecutor.execute(TestCaseExecutor.java:235)
	at com.kms.katalon.core.main.TestSuiteExecutor.accessTestCaseMainPhase(TestSuiteExecutor.java:191)
	at com.kms.katalon.core.main.TestSuiteExecutor.accessTestSuiteMainPhase(TestSuiteExecutor.java:141)
	at com.kms.katalon.core.main.TestSuiteExecutor.execute(TestSuiteExecutor.java:90)
	at com.kms.katalon.core.main.TestCaseMain.startTestSuite(TestCaseMain.java:157)
	at com.kms.katalon.core.main.TestCaseMain$startTestSuite$0.call(Unknown Source)
	at TempTestSuite1618878862596.run(TempTestSuite1618878862596.groovy:39)
Caused by: com.kms.katalon.core.exception.StepFailedException: Actual text 'SAMPLE TEXT CUSTOMFIELD' and expected text 'SAMPLE CUSTOMFIELD NUMBER' of test object 'Object Repository/User/label_SAMPLE CUSTOMFIELD NUMBER' are NOT matched.
	at com.kms.katalon.core.webui.keyword.internal.WebUIKeywordMain.stepFailed(WebUIKeywordMain.groovy:64)
	at com.kms.katalon.core.webui.keyword.builtin.VerifyElementTextKeyword$_verifyElementText_closure1.doCall(VerifyElementTextKeyword.groovy:57)
	at com.kms.katalon.core.webui.keyword.builtin.VerifyElementTextKeyword$_verifyElementText_closure1.call(VerifyElementTextKeyword.groovy)
	at com.kms.katalon.core.webui.keyword.internal.WebUIKeywordMain.runKeyword(WebUIKeywordMain.groovy:20)
	... 19 more]]></system-err>
   </testsuite>
</testsuites>
