<?xml version="1.0" encoding="UTF-8"?>
<testsuites name="User Settings" time="419.852" tests="8" failures="0" errors="0">
   <testsuite name="User Settings" tests="8" failures="0" errors="0" time="419.852" timestamp="2021-03-15 12:40:50" hostname="Natasha - Natasha-PC" id="Test Suites/User Settings">
      <properties>
         <property name="deviceName" value=""/>
         <property name="devicePlatform" value=""/>
         <property name="logFolder" value="D:\\GITHUB\\automation_profile_input\\Reports\\20210315_124040\\User Settings\\20210315_124040"/>
         <property name="logFiles" value="D:\\GITHUB\\automation_profile_input\\Reports\\20210315_124040\\User Settings\\20210315_124040\\execution0.log"/>
         <property name="attachments" value=""/>
         <property name="hostName" value="Natasha - Natasha-PC"/>
         <property name="os" value="Windows 10 64bit"/>
         <property name="katalonVersion" value="7.6.6.205"/>
         <property name="browser" value="Chrome 89.0.4389.82"/>
         <property name="hostAddress" value="192.168.56.1"/>
         <property name="sessionId" value="9cde74045a71ccafe844dac8de448bec"/>
         <property name="seleniumVersion" value="3.141.59"/>
         <property name="proxyInformation" value="ProxyInformation { proxyOption=NO_PROXY, proxyServerType=HTTP, username=, password=********, proxyServerAddress=, proxyServerPort=0, executionList=&quot;&quot;, isApplyToDesiredCapabilities=true }"/>
         <property name="platform" value="Windows 10"/>
      </properties>
      <testcase name="Test Cases/User Settings/COMPLEX/TC_CMPLX_009" time="45.708" classname="Test Cases/User Settings/COMPLEX/TC_CMPLX_009" status="PASSED">
         <system-out><![CDATA[2021-03-15 12:40:50 - [TEST_CASE][PASSED] - Test Cases/User Settings/COMPLEX/TC_CMPLX_009: Test Cases/User Settings/COMPLEX/TC_CMPLX_009

2021-03-15 12:40:51 - [TEST_STEP][PASSED] - callTestCase(findTestCase("Utilities/Add New Text Custom Field"), [:], STOP_ON_FAILURE): Call Test Case 'Test Cases/Utilities/Add New Text Custom Field' successfully

2021-03-15 12:40:51 - [TEST_CASE][PASSED] - Test Cases/Utilities/Add New Text Custom Field: Test Cases/Utilities/Add New Text Custom Field

2021-03-15 12:40:51 - [TEST_STEP][PASSED] - callTestCase(findTestCase("Utilities/Admin Login"), [:], STOP_ON_FAILURE): Call Test Case 'Test Cases/Utilities/Admin Login' successfully

2021-03-15 12:40:51 - [TEST_CASE][PASSED] - Test Cases/Utilities/Admin Login: Test Cases/Utilities/Admin Login

2021-03-15 12:40:52 - [TEST_STEP][PASSED] - openBrowser(""): Browser is opened with url: ''

2021-03-15 12:40:52 - [MESSAGE][INFO] - Starting 'Chrome' driver

2021-03-15 12:40:52 - [MESSAGE][INFO] - Action delay is set to 0 milliseconds

2021-03-15 12:40:54 - [MESSAGE][PASSED] - Browser is opened with url: ''

2021-03-15 12:40:54 - [TEST_STEP][PASSED] - maximizeWindow(): Current window maximized

2021-03-15 12:40:54 - [MESSAGE][PASSED] - Current window maximized

2021-03-15 12:40:54 - [TEST_STEP][PASSED] - navigateToUrl(admin_url): Navigate to 'https://youhadmeathelloworld.arcadier.io/admin' successfully

2021-03-15 12:40:56 - [MESSAGE][PASSED] - Navigate to 'https://youhadmeathelloworld.arcadier.io/admin' successfully

2021-03-15 12:40:56 - [TEST_STEP][PASSED] - waitForPageLoad(2): Wait for page load successfully

2021-03-15 12:40:56 - [MESSAGE][PASSED] - Wait for page load successfully

2021-03-15 12:40:56 - [TEST_STEP][PASSED] - setText(findTestObject("Admin/Admin Login/txt_username"), admin_username): Text 'codemafia' is set on object 'Object Repository/Admin/Admin Login/txt_username'

2021-03-15 12:40:57 - [MESSAGE][PASSED] - Text 'codemafia' is set on object 'Object Repository/Admin/Admin Login/txt_username'

2021-03-15 12:40:57 - [TEST_STEP][PASSED] - setText(findTestObject("Admin/Admin Login/txt_password"), admin_password): Text 'welcome8' is set on object 'Object Repository/Admin/Admin Login/txt_password'

2021-03-15 12:40:57 - [MESSAGE][PASSED] - Text 'welcome8' is set on object 'Object Repository/Admin/Admin Login/txt_password'

2021-03-15 12:40:57 - [TEST_STEP][PASSED] - click(findTestObject("Admin/Admin Login/button_login")): Object: 'Object Repository/Admin/Admin Login/button_login' is clicked on

2021-03-15 12:41:01 - [MESSAGE][PASSED] - Object: 'Object Repository/Admin/Admin Login/button_login' is clicked on

2021-03-15 12:41:01 - [MESSAGE][PASSED] - Call Test Case 'Test Cases/Utilities/Admin Login' successfully

2021-03-15 12:41:01 - [TEST_STEP][PASSED] - callTestCase(findTestCase("Utilities/Navigate to Plugin"), [:], STOP_ON_FAILURE): Call Test Case 'Test Cases/Utilities/Navigate to Plugin' successfully

2021-03-15 12:41:01 - [TEST_CASE][PASSED] - Test Cases/Utilities/Navigate to Plugin: Test Cases/Utilities/Navigate to Plugin

2021-03-15 12:41:01 - [TEST_STEP][PASSED] - click(findTestObject("Admin/Plugin Navigation/link_plugin")): Object: 'Object Repository/Admin/Plugin Navigation/link_plugin' is clicked on

2021-03-15 12:41:02 - [MESSAGE][PASSED] - Object: 'Object Repository/Admin/Plugin Navigation/link_plugin' is clicked on

2021-03-15 12:41:02 - [TEST_STEP][PASSED] - click(findTestObject("Admin/Plugin Navigation/link_profile")): Object: 'Object Repository/Admin/Plugin Navigation/link_profile' is clicked on

2021-03-15 12:41:04 - [MESSAGE][PASSED] - Object: 'Object Repository/Admin/Plugin Navigation/link_profile' is clicked on

2021-03-15 12:41:04 - [MESSAGE][PASSED] - Call Test Case 'Test Cases/Utilities/Navigate to Plugin' successfully

2021-03-15 12:41:04 - [TEST_STEP][PASSED] - click(findTestObject("Admin/Plugin Page/Add New Text CF/a_Add Profile Input Field")): Object: 'Object Repository/Admin/Plugin Page/Add New Text CF/a_Add Profile Input Field' is clicked on

2021-03-15 12:41:05 - [MESSAGE][PASSED] - Object: 'Object Repository/Admin/Plugin Page/Add New Text CF/a_Add Profile Input Field' is clicked on

2021-03-15 12:41:05 - [TEST_STEP][PASSED] - setText(findTestObject("Admin/Plugin Page/Add New Text CF/input_Custom Field Name_custom_name"), "Sample Text Customfield"): Text 'Sample Text Customfield' is set on object 'Object Repository/Admin/Plugin Page/Add New Text CF/input_Custom Field Name_custom_name'

2021-03-15 12:41:06 - [MESSAGE][PASSED] - Text 'Sample Text Customfield' is set on object 'Object Repository/Admin/Plugin Page/Add New Text CF/input_Custom Field Name_custom_name'

2021-03-15 12:41:06 - [TEST_STEP][PASSED] - click(findTestObject("Admin/Plugin Page/Add New Text CF/input_Add Option_saveCustomDetails")): Object: 'Object Repository/Admin/Plugin Page/Add New Text CF/input_Add Option_saveCustomDetails' is clicked on

2021-03-15 12:41:06 - [MESSAGE][PASSED] - Object: 'Object Repository/Admin/Plugin Page/Add New Text CF/input_Add Option_saveCustomDetails' is clicked on

2021-03-15 12:41:06 - [TEST_STEP][PASSED] - closeBrowser(): Browser is closed

2021-03-15 12:41:07 - [MESSAGE][PASSED] - Browser is closed

2021-03-15 12:41:07 - [MESSAGE][PASSED] - Call Test Case 'Test Cases/Utilities/Add New Text Custom Field' successfully

2021-03-15 12:41:07 - [TEST_STEP][PASSED] - callTestCase(findTestCase("Utilities/Navigate to Buyer Settings"), [:], STOP_ON_FAILURE): Call Test Case 'Test Cases/Utilities/Navigate to Buyer Settings' successfully

2021-03-15 12:41:07 - [TEST_CASE][PASSED] - Test Cases/Utilities/Navigate to Buyer Settings: Test Cases/Utilities/Navigate to Buyer Settings

2021-03-15 12:41:07 - [TEST_STEP][PASSED] - openBrowser(""): Browser is opened with url: ''

2021-03-15 12:41:07 - [MESSAGE][INFO] - Starting 'Chrome' driver

2021-03-15 12:41:07 - [MESSAGE][INFO] - Action delay is set to 0 milliseconds

2021-03-15 12:41:08 - [MESSAGE][PASSED] - Browser is opened with url: ''

2021-03-15 12:41:08 - [TEST_STEP][PASSED] - navigateToUrl("https://youhadmeathelloworld.arcadier.io/"): Navigate to 'https://youhadmeathelloworld.arcadier.io/' successfully

2021-03-15 12:41:11 - [MESSAGE][PASSED] - Navigate to 'https://youhadmeathelloworld.arcadier.io/' successfully

2021-03-15 12:41:11 - [TEST_STEP][PASSED] - maximizeWindow(): Current window maximized

2021-03-15 12:41:11 - [MESSAGE][PASSED] - Current window maximized

2021-03-15 12:41:11 - [TEST_STEP][PASSED] - click(findTestObject("Object Repository/User/a_REGISTER  SIGN IN")): Object: 'Object Repository/User/a_REGISTER  SIGN IN' is clicked on

2021-03-15 12:41:13 - [MESSAGE][PASSED] - Object: 'Object Repository/User/a_REGISTER  SIGN IN' is clicked on

2021-03-15 12:41:13 - [TEST_STEP][PASSED] - setText(findTestObject("Object Repository/User/input_Your emailusername_username"), "athena"): Text 'athena' is set on object 'Object Repository/User/input_Your emailusername_username'

2021-03-15 12:41:13 - [MESSAGE][PASSED] - Text 'athena' is set on object 'Object Repository/User/input_Your emailusername_username'

2021-03-15 12:41:13 - [TEST_STEP][PASSED] - setEncryptedText(findTestObject("Object Repository/User/input_Your password_password"), "goxxgxvM2dP/z7G09p4JaTtn5QD+a0Kw"): Text ****** has been set on object 'Object Repository/User/input_Your password_password'

2021-03-15 12:41:14 - [MESSAGE][PASSED] - Text ****** has been set on object 'Object Repository/User/input_Your password_password'

2021-03-15 12:41:14 - [TEST_STEP][PASSED] - click(findTestObject("Object Repository/User/input_Your password_login-submit")): Object: 'Object Repository/User/input_Your password_login-submit' is clicked on

2021-03-15 12:41:16 - [MESSAGE][PASSED] - Object: 'Object Repository/User/input_Your password_login-submit' is clicked on

2021-03-15 12:41:16 - [TEST_STEP][PASSED] - mouseOver(findTestObject("User/i_EN_icon icon-down")): Object: 'Object Repository/User/i_EN_icon icon-down' is hovered

2021-03-15 12:41:18 - [MESSAGE][PASSED] - Object: 'Object Repository/User/i_EN_icon icon-down' is hovered

2021-03-15 12:41:18 - [TEST_STEP][PASSED] - click(findTestObject("User/a_Settings")): Object: 'Object Repository/User/a_Settings' is clicked on

2021-03-15 12:41:19 - [MESSAGE][PASSED] - Object: 'Object Repository/User/a_Settings' is clicked on

2021-03-15 12:41:19 - [MESSAGE][PASSED] - Call Test Case 'Test Cases/Utilities/Navigate to Buyer Settings' successfully

2021-03-15 12:41:19 - [TEST_STEP][PASSED] - verifyElementPresent(findTestObject("User/label_SAMPLE TEXT CUSTOMFIELD"), 0): Object 'Object Repository/User/label_SAMPLE TEXT CUSTOMFIELD' is present

2021-03-15 12:41:19 - [MESSAGE][WARNING] - Timeout '0' is invalid. Using default page load timeout: '30'

2021-03-15 12:41:20 - [MESSAGE][PASSED] - Object 'Object Repository/User/label_SAMPLE TEXT CUSTOMFIELD' is present

2021-03-15 12:41:20 - [TEST_STEP][PASSED] - verifyElementText(findTestObject("User/label_SAMPLE TEXT CUSTOMFIELD"), "SAMPLE TEXT CUSTOMFIELD"): Actual text and expected text of test object 'Object Repository/User/label_SAMPLE TEXT CUSTOMFIELD' are matched.

2021-03-15 12:41:20 - [MESSAGE][PASSED] - Actual text and expected text of test object 'Object Repository/User/label_SAMPLE TEXT CUSTOMFIELD' are matched.

2021-03-15 12:41:20 - [TEST_STEP][PASSED] - verifyElementAttributeValue(findTestObject("User/input_SAMPLE TEXT CUSTOMFIELD_Sample Text Customfield"), "type", "text", 0): Object 'Object Repository/User/input_SAMPLE TEXT CUSTOMFIELD_Sample Text Customfield' has attribute 'type' with value 'text'

2021-03-15 12:41:20 - [MESSAGE][WARNING] - Timeout '0' is invalid. Using default page load timeout: '30'

2021-03-15 12:41:21 - [MESSAGE][PASSED] - Object 'Object Repository/User/input_SAMPLE TEXT CUSTOMFIELD_Sample Text Customfield' has attribute 'type' with value 'text'

2021-03-15 12:41:21 - [TEST_STEP][PASSED] - callTestCase(findTestCase("Utilities/Deleting Custom Field"), [:], STOP_ON_FAILURE): Call Test Case 'Test Cases/Utilities/Deleting Custom Field' successfully

2021-03-15 12:41:21 - [TEST_CASE][PASSED] - Test Cases/Utilities/Deleting Custom Field: Test Cases/Utilities/Deleting Custom Field

2021-03-15 12:41:21 - [TEST_STEP][PASSED] - callTestCase(findTestCase("Utilities/Admin Login"), [:], STOP_ON_FAILURE): Call Test Case 'Test Cases/Utilities/Admin Login' successfully

2021-03-15 12:41:21 - [TEST_CASE][PASSED] - Test Cases/Utilities/Admin Login: Test Cases/Utilities/Admin Login

2021-03-15 12:41:21 - [TEST_STEP][PASSED] - openBrowser(""): Browser is opened with url: ''

2021-03-15 12:41:21 - [MESSAGE][WARNING] - A browser is already opened. Closing browser and opening a new one

2021-03-15 12:41:22 - [MESSAGE][INFO] - Starting 'Chrome' driver

2021-03-15 12:41:22 - [MESSAGE][INFO] - Action delay is set to 0 milliseconds

2021-03-15 12:41:23 - [MESSAGE][PASSED] - Browser is opened with url: ''

2021-03-15 12:41:23 - [TEST_STEP][PASSED] - maximizeWindow(): Current window maximized

2021-03-15 12:41:23 - [MESSAGE][PASSED] - Current window maximized

2021-03-15 12:41:23 - [TEST_STEP][PASSED] - navigateToUrl(admin_url): Navigate to 'https://youhadmeathelloworld.arcadier.io/admin' successfully

2021-03-15 12:41:26 - [MESSAGE][PASSED] - Navigate to 'https://youhadmeathelloworld.arcadier.io/admin' successfully

2021-03-15 12:41:26 - [TEST_STEP][PASSED] - waitForPageLoad(2): Wait for page load successfully

2021-03-15 12:41:26 - [MESSAGE][PASSED] - Wait for page load successfully

2021-03-15 12:41:26 - [TEST_STEP][PASSED] - setText(findTestObject("Admin/Admin Login/txt_username"), admin_username): Text 'codemafia' is set on object 'Object Repository/Admin/Admin Login/txt_username'

2021-03-15 12:41:26 - [MESSAGE][PASSED] - Text 'codemafia' is set on object 'Object Repository/Admin/Admin Login/txt_username'

2021-03-15 12:41:26 - [TEST_STEP][PASSED] - setText(findTestObject("Admin/Admin Login/txt_password"), admin_password): Text 'welcome8' is set on object 'Object Repository/Admin/Admin Login/txt_password'

2021-03-15 12:41:27 - [MESSAGE][PASSED] - Text 'welcome8' is set on object 'Object Repository/Admin/Admin Login/txt_password'

2021-03-15 12:41:27 - [TEST_STEP][PASSED] - click(findTestObject("Admin/Admin Login/button_login")): Object: 'Object Repository/Admin/Admin Login/button_login' is clicked on

2021-03-15 12:41:31 - [MESSAGE][PASSED] - Object: 'Object Repository/Admin/Admin Login/button_login' is clicked on

2021-03-15 12:41:31 - [MESSAGE][PASSED] - Call Test Case 'Test Cases/Utilities/Admin Login' successfully

2021-03-15 12:41:31 - [TEST_STEP][PASSED] - callTestCase(findTestCase("Utilities/Navigate to Plugin"), [:], STOP_ON_FAILURE): Call Test Case 'Test Cases/Utilities/Navigate to Plugin' successfully

2021-03-15 12:41:31 - [TEST_CASE][PASSED] - Test Cases/Utilities/Navigate to Plugin: Test Cases/Utilities/Navigate to Plugin

2021-03-15 12:41:31 - [TEST_STEP][PASSED] - click(findTestObject("Admin/Plugin Navigation/link_plugin")): Object: 'Object Repository/Admin/Plugin Navigation/link_plugin' is clicked on

2021-03-15 12:41:32 - [MESSAGE][PASSED] - Object: 'Object Repository/Admin/Plugin Navigation/link_plugin' is clicked on

2021-03-15 12:41:32 - [TEST_STEP][PASSED] - click(findTestObject("Admin/Plugin Navigation/link_profile")): Object: 'Object Repository/Admin/Plugin Navigation/link_profile' is clicked on

2021-03-15 12:41:34 - [MESSAGE][PASSED] - Object: 'Object Repository/Admin/Plugin Navigation/link_profile' is clicked on

2021-03-15 12:41:34 - [MESSAGE][PASSED] - Call Test Case 'Test Cases/Utilities/Navigate to Plugin' successfully

2021-03-15 12:41:34 - [TEST_STEP][PASSED] - click(findTestObject("Admin/Plugin Page/Deleting Custom Fields/i_Textfield_icon icon-delete")): Object: 'Object Repository/Admin/Plugin Page/Deleting Custom Fields/i_Textfield_icon icon-delete' is clicked on

2021-03-15 12:41:35 - [MESSAGE][PASSED] - Object: 'Object Repository/Admin/Plugin Page/Deleting Custom Fields/i_Textfield_icon icon-delete' is clicked on

2021-03-15 12:41:35 - [TEST_STEP][PASSED] - click(findTestObject("Admin/Plugin Page/Deleting Custom Fields/del_confirm")): Object: 'Object Repository/Admin/Plugin Page/Deleting Custom Fields/del_confirm' is clicked on

2021-03-15 12:41:35 - [MESSAGE][PASSED] - Object: 'Object Repository/Admin/Plugin Page/Deleting Custom Fields/del_confirm' is clicked on

2021-03-15 12:41:35 - [TEST_STEP][PASSED] - closeBrowser(): Browser is closed

2021-03-15 12:41:36 - [MESSAGE][PASSED] - Browser is closed

2021-03-15 12:41:36 - [MESSAGE][PASSED] - Call Test Case 'Test Cases/Utilities/Deleting Custom Field' successfully]]></system-out>
         <system-err><![CDATA[]]></system-err>
      </testcase>
      <testcase name="Test Cases/User Settings/COMPLEX/TC_CMPLX_010" time="51.079" classname="Test Cases/User Settings/COMPLEX/TC_CMPLX_010" status="PASSED">
         <system-out><![CDATA[2021-03-15 12:41:36 - [TEST_CASE][PASSED] - Test Cases/User Settings/COMPLEX/TC_CMPLX_010: Test Cases/User Settings/COMPLEX/TC_CMPLX_010

2021-03-15 12:41:36 - [TEST_STEP][PASSED] - callTestCase(findTestCase("Utilities/Add new Number customfield"), [:], STOP_ON_FAILURE): Call Test Case 'Test Cases/Utilities/Add new Number customfield' successfully

2021-03-15 12:41:36 - [TEST_CASE][PASSED] - Test Cases/Utilities/Add new Number customfield: Test Cases/Utilities/Add new Number customfield

2021-03-15 12:41:37 - [TEST_STEP][PASSED] - callTestCase(findTestCase("Utilities/Admin Login"), [:], STOP_ON_FAILURE): Call Test Case 'Test Cases/Utilities/Admin Login' successfully

2021-03-15 12:41:37 - [TEST_CASE][PASSED] - Test Cases/Utilities/Admin Login: Test Cases/Utilities/Admin Login

2021-03-15 12:41:37 - [TEST_STEP][PASSED] - openBrowser(""): Browser is opened with url: ''

2021-03-15 12:41:37 - [MESSAGE][INFO] - Starting 'Chrome' driver

2021-03-15 12:41:37 - [MESSAGE][INFO] - Action delay is set to 0 milliseconds

2021-03-15 12:41:38 - [MESSAGE][PASSED] - Browser is opened with url: ''

2021-03-15 12:41:38 - [TEST_STEP][PASSED] - maximizeWindow(): Current window maximized

2021-03-15 12:41:38 - [MESSAGE][PASSED] - Current window maximized

2021-03-15 12:41:38 - [TEST_STEP][PASSED] - navigateToUrl(admin_url): Navigate to 'https://youhadmeathelloworld.arcadier.io/admin' successfully

2021-03-15 12:41:40 - [MESSAGE][PASSED] - Navigate to 'https://youhadmeathelloworld.arcadier.io/admin' successfully

2021-03-15 12:41:40 - [TEST_STEP][PASSED] - waitForPageLoad(2): Wait for page load successfully

2021-03-15 12:41:40 - [MESSAGE][PASSED] - Wait for page load successfully

2021-03-15 12:41:40 - [TEST_STEP][PASSED] - setText(findTestObject("Admin/Admin Login/txt_username"), admin_username): Text 'codemafia' is set on object 'Object Repository/Admin/Admin Login/txt_username'

2021-03-15 12:41:41 - [MESSAGE][PASSED] - Text 'codemafia' is set on object 'Object Repository/Admin/Admin Login/txt_username'

2021-03-15 12:41:41 - [TEST_STEP][PASSED] - setText(findTestObject("Admin/Admin Login/txt_password"), admin_password): Text 'welcome8' is set on object 'Object Repository/Admin/Admin Login/txt_password'

2021-03-15 12:41:41 - [MESSAGE][PASSED] - Text 'welcome8' is set on object 'Object Repository/Admin/Admin Login/txt_password'

2021-03-15 12:41:41 - [TEST_STEP][PASSED] - click(findTestObject("Admin/Admin Login/button_login")): Object: 'Object Repository/Admin/Admin Login/button_login' is clicked on

2021-03-15 12:41:45 - [MESSAGE][PASSED] - Object: 'Object Repository/Admin/Admin Login/button_login' is clicked on

2021-03-15 12:41:45 - [MESSAGE][PASSED] - Call Test Case 'Test Cases/Utilities/Admin Login' successfully

2021-03-15 12:41:45 - [TEST_STEP][PASSED] - callTestCase(findTestCase("Utilities/Navigate to Plugin"), [:], STOP_ON_FAILURE): Call Test Case 'Test Cases/Utilities/Navigate to Plugin' successfully

2021-03-15 12:41:45 - [TEST_CASE][PASSED] - Test Cases/Utilities/Navigate to Plugin: Test Cases/Utilities/Navigate to Plugin

2021-03-15 12:41:45 - [TEST_STEP][PASSED] - click(findTestObject("Admin/Plugin Navigation/link_plugin")): Object: 'Object Repository/Admin/Plugin Navigation/link_plugin' is clicked on

2021-03-15 12:41:47 - [MESSAGE][PASSED] - Object: 'Object Repository/Admin/Plugin Navigation/link_plugin' is clicked on

2021-03-15 12:41:47 - [TEST_STEP][PASSED] - click(findTestObject("Admin/Plugin Navigation/link_profile")): Object: 'Object Repository/Admin/Plugin Navigation/link_profile' is clicked on

2021-03-15 12:41:49 - [MESSAGE][PASSED] - Object: 'Object Repository/Admin/Plugin Navigation/link_profile' is clicked on

2021-03-15 12:41:49 - [MESSAGE][PASSED] - Call Test Case 'Test Cases/Utilities/Navigate to Plugin' successfully

2021-03-15 12:41:49 - [TEST_STEP][PASSED] - click(findTestObject("Admin/Plugin Page/Add New Text CF/a_Add Profile Input Field")): Object: 'Object Repository/Admin/Plugin Page/Add New Text CF/a_Add Profile Input Field' is clicked on

2021-03-15 12:41:50 - [MESSAGE][PASSED] - Object: 'Object Repository/Admin/Plugin Page/Add New Text CF/a_Add Profile Input Field' is clicked on

2021-03-15 12:41:50 - [TEST_STEP][PASSED] - setText(findTestObject("Admin/Plugin Page/Add New Text CF/input_Custom Field Name_custom_name"), "Sample Customfield Number"): Text 'Sample Customfield Number' is set on object 'Object Repository/Admin/Plugin Page/Add New Text CF/input_Custom Field Name_custom_name'

2021-03-15 12:41:51 - [MESSAGE][PASSED] - Text 'Sample Customfield Number' is set on object 'Object Repository/Admin/Plugin Page/Add New Text CF/input_Custom Field Name_custom_name'

2021-03-15 12:41:51 - [TEST_STEP][PASSED] - selectOptionByValue(findTestObject("Object Repository/Admin/Plugin Page/Add New Text CF/select_Text                                _e22ab6"), "number", true): All options with value 'number' are selected in object 'Object Repository/Admin/Plugin Page/Add New Text CF/select_Text                                _e22ab6'  using regular expression

2021-03-15 12:41:51 - [MESSAGE][PASSED] - All options with value 'number' are selected in object 'Object Repository/Admin/Plugin Page/Add New Text CF/select_Text                                _e22ab6'  using regular expression

2021-03-15 12:41:51 - [TEST_STEP][PASSED] - click(findTestObject("Admin/Plugin Page/Add New Text CF/input_Add Option_saveCustomDetails")): Object: 'Object Repository/Admin/Plugin Page/Add New Text CF/input_Add Option_saveCustomDetails' is clicked on

2021-03-15 12:41:52 - [MESSAGE][PASSED] - Object: 'Object Repository/Admin/Plugin Page/Add New Text CF/input_Add Option_saveCustomDetails' is clicked on

2021-03-15 12:41:52 - [TEST_STEP][PASSED] - closeBrowser(): Browser is closed

2021-03-15 12:41:53 - [MESSAGE][PASSED] - Browser is closed

2021-03-15 12:41:53 - [MESSAGE][PASSED] - Call Test Case 'Test Cases/Utilities/Add new Number customfield' successfully

2021-03-15 12:41:53 - [TEST_STEP][PASSED] - callTestCase(findTestCase("Utilities/Navigate to Buyer Settings"), [:], STOP_ON_FAILURE): Call Test Case 'Test Cases/Utilities/Navigate to Buyer Settings' successfully

2021-03-15 12:41:53 - [TEST_CASE][PASSED] - Test Cases/Utilities/Navigate to Buyer Settings: Test Cases/Utilities/Navigate to Buyer Settings

2021-03-15 12:41:53 - [TEST_STEP][PASSED] - openBrowser(""): Browser is opened with url: ''

2021-03-15 12:41:53 - [MESSAGE][INFO] - Starting 'Chrome' driver

2021-03-15 12:41:53 - [MESSAGE][INFO] - Action delay is set to 0 milliseconds

2021-03-15 12:41:54 - [MESSAGE][PASSED] - Browser is opened with url: ''

2021-03-15 12:41:54 - [TEST_STEP][PASSED] - navigateToUrl("https://youhadmeathelloworld.arcadier.io/"): Navigate to 'https://youhadmeathelloworld.arcadier.io/' successfully

2021-03-15 12:41:57 - [MESSAGE][PASSED] - Navigate to 'https://youhadmeathelloworld.arcadier.io/' successfully

2021-03-15 12:41:57 - [TEST_STEP][PASSED] - maximizeWindow(): Current window maximized

2021-03-15 12:41:57 - [MESSAGE][PASSED] - Current window maximized

2021-03-15 12:41:57 - [TEST_STEP][PASSED] - click(findTestObject("Object Repository/User/a_REGISTER  SIGN IN")): Object: 'Object Repository/User/a_REGISTER  SIGN IN' is clicked on

2021-03-15 12:41:59 - [MESSAGE][PASSED] - Object: 'Object Repository/User/a_REGISTER  SIGN IN' is clicked on

2021-03-15 12:41:59 - [TEST_STEP][PASSED] - setText(findTestObject("Object Repository/User/input_Your emailusername_username"), "athena"): Text 'athena' is set on object 'Object Repository/User/input_Your emailusername_username'

2021-03-15 12:41:59 - [MESSAGE][PASSED] - Text 'athena' is set on object 'Object Repository/User/input_Your emailusername_username'

2021-03-15 12:41:59 - [TEST_STEP][PASSED] - setEncryptedText(findTestObject("Object Repository/User/input_Your password_password"), "goxxgxvM2dP/z7G09p4JaTtn5QD+a0Kw"): Text ****** has been set on object 'Object Repository/User/input_Your password_password'

2021-03-15 12:42:00 - [MESSAGE][PASSED] - Text ****** has been set on object 'Object Repository/User/input_Your password_password'

2021-03-15 12:42:00 - [TEST_STEP][PASSED] - click(findTestObject("Object Repository/User/input_Your password_login-submit")): Object: 'Object Repository/User/input_Your password_login-submit' is clicked on

2021-03-15 12:42:02 - [MESSAGE][PASSED] - Object: 'Object Repository/User/input_Your password_login-submit' is clicked on

2021-03-15 12:42:02 - [TEST_STEP][PASSED] - mouseOver(findTestObject("User/i_EN_icon icon-down")): Object: 'Object Repository/User/i_EN_icon icon-down' is hovered

2021-03-15 12:42:04 - [MESSAGE][PASSED] - Object: 'Object Repository/User/i_EN_icon icon-down' is hovered

2021-03-15 12:42:04 - [TEST_STEP][PASSED] - click(findTestObject("User/a_Settings")): Object: 'Object Repository/User/a_Settings' is clicked on

2021-03-15 12:42:06 - [MESSAGE][PASSED] - Object: 'Object Repository/User/a_Settings' is clicked on

2021-03-15 12:42:06 - [MESSAGE][PASSED] - Call Test Case 'Test Cases/Utilities/Navigate to Buyer Settings' successfully

2021-03-15 12:42:06 - [TEST_STEP][PASSED] - verifyElementPresent(findTestObject("User/label_SAMPLE CUSTOMFIELD NUMBER"), 0): Object 'Object Repository/User/label_SAMPLE CUSTOMFIELD NUMBER' is present

2021-03-15 12:42:06 - [MESSAGE][WARNING] - Timeout '0' is invalid. Using default page load timeout: '30'

2021-03-15 12:42:06 - [MESSAGE][PASSED] - Object 'Object Repository/User/label_SAMPLE CUSTOMFIELD NUMBER' is present

2021-03-15 12:42:06 - [TEST_STEP][PASSED] - verifyElementText(findTestObject("User/label_SAMPLE CUSTOMFIELD NUMBER"), "SAMPLE CUSTOMFIELD NUMBER"): Actual text and expected text of test object 'Object Repository/User/label_SAMPLE CUSTOMFIELD NUMBER' are matched.

2021-03-15 12:42:07 - [MESSAGE][PASSED] - Actual text and expected text of test object 'Object Repository/User/label_SAMPLE CUSTOMFIELD NUMBER' are matched.

2021-03-15 12:42:07 - [TEST_STEP][PASSED] - verifyElementAttributeValue(findTestObject("User/input_SAMPLE CUSTOMFIELD NUMBER_Sample Customfield Number"), "type", "number", 0): Object 'Object Repository/User/input_SAMPLE CUSTOMFIELD NUMBER_Sample Customfield Number' has attribute 'type' with value 'number'

2021-03-15 12:42:07 - [MESSAGE][WARNING] - Timeout '0' is invalid. Using default page load timeout: '30'

2021-03-15 12:42:07 - [MESSAGE][PASSED] - Object 'Object Repository/User/input_SAMPLE CUSTOMFIELD NUMBER_Sample Customfield Number' has attribute 'type' with value 'number'

2021-03-15 12:42:07 - [TEST_STEP][PASSED] - callTestCase(findTestCase("Utilities/Deleting Custom Field"), [:], STOP_ON_FAILURE): Call Test Case 'Test Cases/Utilities/Deleting Custom Field' successfully

2021-03-15 12:42:07 - [TEST_CASE][PASSED] - Test Cases/Utilities/Deleting Custom Field: Test Cases/Utilities/Deleting Custom Field

2021-03-15 12:42:07 - [TEST_STEP][PASSED] - callTestCase(findTestCase("Utilities/Admin Login"), [:], STOP_ON_FAILURE): Call Test Case 'Test Cases/Utilities/Admin Login' successfully

2021-03-15 12:42:07 - [TEST_CASE][PASSED] - Test Cases/Utilities/Admin Login: Test Cases/Utilities/Admin Login

2021-03-15 12:42:07 - [TEST_STEP][PASSED] - openBrowser(""): Browser is opened with url: ''

2021-03-15 12:42:07 - [MESSAGE][WARNING] - A browser is already opened. Closing browser and opening a new one

2021-03-15 12:42:08 - [MESSAGE][INFO] - Starting 'Chrome' driver

2021-03-15 12:42:08 - [MESSAGE][INFO] - Action delay is set to 0 milliseconds

2021-03-15 12:42:09 - [MESSAGE][PASSED] - Browser is opened with url: ''

2021-03-15 12:42:09 - [TEST_STEP][PASSED] - maximizeWindow(): Current window maximized

2021-03-15 12:42:09 - [MESSAGE][PASSED] - Current window maximized

2021-03-15 12:42:09 - [TEST_STEP][PASSED] - navigateToUrl(admin_url): Navigate to 'https://youhadmeathelloworld.arcadier.io/admin' successfully

2021-03-15 12:42:14 - [MESSAGE][PASSED] - Navigate to 'https://youhadmeathelloworld.arcadier.io/admin' successfully

2021-03-15 12:42:14 - [TEST_STEP][PASSED] - waitForPageLoad(2): Wait for page load successfully

2021-03-15 12:42:14 - [MESSAGE][PASSED] - Wait for page load successfully

2021-03-15 12:42:14 - [TEST_STEP][PASSED] - setText(findTestObject("Admin/Admin Login/txt_username"), admin_username): Text 'codemafia' is set on object 'Object Repository/Admin/Admin Login/txt_username'

2021-03-15 12:42:15 - [MESSAGE][PASSED] - Text 'codemafia' is set on object 'Object Repository/Admin/Admin Login/txt_username'

2021-03-15 12:42:15 - [TEST_STEP][PASSED] - setText(findTestObject("Admin/Admin Login/txt_password"), admin_password): Text 'welcome8' is set on object 'Object Repository/Admin/Admin Login/txt_password'

2021-03-15 12:42:16 - [MESSAGE][PASSED] - Text 'welcome8' is set on object 'Object Repository/Admin/Admin Login/txt_password'

2021-03-15 12:42:16 - [TEST_STEP][PASSED] - click(findTestObject("Admin/Admin Login/button_login")): Object: 'Object Repository/Admin/Admin Login/button_login' is clicked on

2021-03-15 12:42:22 - [MESSAGE][PASSED] - Object: 'Object Repository/Admin/Admin Login/button_login' is clicked on

2021-03-15 12:42:22 - [MESSAGE][PASSED] - Call Test Case 'Test Cases/Utilities/Admin Login' successfully

2021-03-15 12:42:22 - [TEST_STEP][PASSED] - callTestCase(findTestCase("Utilities/Navigate to Plugin"), [:], STOP_ON_FAILURE): Call Test Case 'Test Cases/Utilities/Navigate to Plugin' successfully

2021-03-15 12:42:22 - [TEST_CASE][PASSED] - Test Cases/Utilities/Navigate to Plugin: Test Cases/Utilities/Navigate to Plugin

2021-03-15 12:42:22 - [TEST_STEP][PASSED] - click(findTestObject("Admin/Plugin Navigation/link_plugin")): Object: 'Object Repository/Admin/Plugin Navigation/link_plugin' is clicked on

2021-03-15 12:42:23 - [MESSAGE][PASSED] - Object: 'Object Repository/Admin/Plugin Navigation/link_plugin' is clicked on

2021-03-15 12:42:23 - [TEST_STEP][PASSED] - click(findTestObject("Admin/Plugin Navigation/link_profile")): Object: 'Object Repository/Admin/Plugin Navigation/link_profile' is clicked on

2021-03-15 12:42:26 - [MESSAGE][PASSED] - Object: 'Object Repository/Admin/Plugin Navigation/link_profile' is clicked on

2021-03-15 12:42:26 - [MESSAGE][PASSED] - Call Test Case 'Test Cases/Utilities/Navigate to Plugin' successfully

2021-03-15 12:42:26 - [TEST_STEP][PASSED] - click(findTestObject("Admin/Plugin Page/Deleting Custom Fields/i_Textfield_icon icon-delete")): Object: 'Object Repository/Admin/Plugin Page/Deleting Custom Fields/i_Textfield_icon icon-delete' is clicked on

2021-03-15 12:42:26 - [MESSAGE][PASSED] - Object: 'Object Repository/Admin/Plugin Page/Deleting Custom Fields/i_Textfield_icon icon-delete' is clicked on

2021-03-15 12:42:26 - [TEST_STEP][PASSED] - click(findTestObject("Admin/Plugin Page/Deleting Custom Fields/del_confirm")): Object: 'Object Repository/Admin/Plugin Page/Deleting Custom Fields/del_confirm' is clicked on

2021-03-15 12:42:26 - [MESSAGE][PASSED] - Object: 'Object Repository/Admin/Plugin Page/Deleting Custom Fields/del_confirm' is clicked on

2021-03-15 12:42:26 - [TEST_STEP][PASSED] - closeBrowser(): Browser is closed

2021-03-15 12:42:27 - [MESSAGE][PASSED] - Browser is closed

2021-03-15 12:42:27 - [MESSAGE][PASSED] - Call Test Case 'Test Cases/Utilities/Deleting Custom Field' successfully]]></system-out>
         <system-err><![CDATA[]]></system-err>
      </testcase>
      <testcase name="Test Cases/User Settings/COMPLEX/TC_CMPLX_011" time="47.014" classname="Test Cases/User Settings/COMPLEX/TC_CMPLX_011" status="PASSED">
         <system-out><![CDATA[2021-03-15 12:42:27 - [TEST_CASE][PASSED] - Test Cases/User Settings/COMPLEX/TC_CMPLX_011: Test Cases/User Settings/COMPLEX/TC_CMPLX_011

2021-03-15 12:42:27 - [TEST_STEP][PASSED] - callTestCase(findTestCase("Utilities/Adding Custom field Checkbox"), [:], STOP_ON_FAILURE): Call Test Case 'Test Cases/Utilities/Adding Custom field Checkbox' successfully

2021-03-15 12:42:27 - [TEST_CASE][PASSED] - Test Cases/Utilities/Adding Custom field Checkbox: Test Cases/Utilities/Adding Custom field Checkbox

2021-03-15 12:42:28 - [TEST_STEP][PASSED] - callTestCase(findTestCase("Utilities/Admin Login"), [:], STOP_ON_FAILURE): Call Test Case 'Test Cases/Utilities/Admin Login' successfully

2021-03-15 12:42:28 - [TEST_CASE][PASSED] - Test Cases/Utilities/Admin Login: Test Cases/Utilities/Admin Login

2021-03-15 12:42:28 - [TEST_STEP][PASSED] - openBrowser(""): Browser is opened with url: ''

2021-03-15 12:42:28 - [MESSAGE][INFO] - Starting 'Chrome' driver

2021-03-15 12:42:28 - [MESSAGE][INFO] - Action delay is set to 0 milliseconds

2021-03-15 12:42:29 - [MESSAGE][PASSED] - Browser is opened with url: ''

2021-03-15 12:42:29 - [TEST_STEP][PASSED] - maximizeWindow(): Current window maximized

2021-03-15 12:42:29 - [MESSAGE][PASSED] - Current window maximized

2021-03-15 12:42:29 - [TEST_STEP][PASSED] - navigateToUrl(admin_url): Navigate to 'https://youhadmeathelloworld.arcadier.io/admin' successfully

2021-03-15 12:42:33 - [MESSAGE][PASSED] - Navigate to 'https://youhadmeathelloworld.arcadier.io/admin' successfully

2021-03-15 12:42:33 - [TEST_STEP][PASSED] - waitForPageLoad(2): Wait for page load successfully

2021-03-15 12:42:33 - [MESSAGE][PASSED] - Wait for page load successfully

2021-03-15 12:42:33 - [TEST_STEP][PASSED] - setText(findTestObject("Admin/Admin Login/txt_username"), admin_username): Text 'codemafia' is set on object 'Object Repository/Admin/Admin Login/txt_username'

2021-03-15 12:42:34 - [MESSAGE][PASSED] - Text 'codemafia' is set on object 'Object Repository/Admin/Admin Login/txt_username'

2021-03-15 12:42:34 - [TEST_STEP][PASSED] - setText(findTestObject("Admin/Admin Login/txt_password"), admin_password): Text 'welcome8' is set on object 'Object Repository/Admin/Admin Login/txt_password'

2021-03-15 12:42:34 - [MESSAGE][PASSED] - Text 'welcome8' is set on object 'Object Repository/Admin/Admin Login/txt_password'

2021-03-15 12:42:34 - [TEST_STEP][PASSED] - click(findTestObject("Admin/Admin Login/button_login")): Object: 'Object Repository/Admin/Admin Login/button_login' is clicked on

2021-03-15 12:42:38 - [MESSAGE][PASSED] - Object: 'Object Repository/Admin/Admin Login/button_login' is clicked on

2021-03-15 12:42:38 - [MESSAGE][PASSED] - Call Test Case 'Test Cases/Utilities/Admin Login' successfully

2021-03-15 12:42:38 - [TEST_STEP][PASSED] - callTestCase(findTestCase("Utilities/Navigate to Plugin"), [:], STOP_ON_FAILURE): Call Test Case 'Test Cases/Utilities/Navigate to Plugin' successfully

2021-03-15 12:42:38 - [TEST_CASE][PASSED] - Test Cases/Utilities/Navigate to Plugin: Test Cases/Utilities/Navigate to Plugin

2021-03-15 12:42:38 - [TEST_STEP][PASSED] - click(findTestObject("Admin/Plugin Navigation/link_plugin")): Object: 'Object Repository/Admin/Plugin Navigation/link_plugin' is clicked on

2021-03-15 12:42:38 - [MESSAGE][PASSED] - Object: 'Object Repository/Admin/Plugin Navigation/link_plugin' is clicked on

2021-03-15 12:42:38 - [TEST_STEP][PASSED] - click(findTestObject("Admin/Plugin Navigation/link_profile")): Object: 'Object Repository/Admin/Plugin Navigation/link_profile' is clicked on

2021-03-15 12:42:40 - [MESSAGE][PASSED] - Object: 'Object Repository/Admin/Plugin Navigation/link_profile' is clicked on

2021-03-15 12:42:40 - [MESSAGE][PASSED] - Call Test Case 'Test Cases/Utilities/Navigate to Plugin' successfully

2021-03-15 12:42:40 - [TEST_STEP][PASSED] - click(findTestObject("Admin/Plugin Page/Add New Text CF/a_Add Profile Input Field")): Object: 'Object Repository/Admin/Plugin Page/Add New Text CF/a_Add Profile Input Field' is clicked on

2021-03-15 12:42:41 - [MESSAGE][PASSED] - Object: 'Object Repository/Admin/Plugin Page/Add New Text CF/a_Add Profile Input Field' is clicked on

2021-03-15 12:42:41 - [TEST_STEP][PASSED] - setText(findTestObject("Admin/Plugin Page/Add New Text CF/input_Custom Field Name_custom_name"), "Sample Customfield Checkbox"): Text 'Sample Customfield Checkbox' is set on object 'Object Repository/Admin/Plugin Page/Add New Text CF/input_Custom Field Name_custom_name'

2021-03-15 12:42:42 - [MESSAGE][PASSED] - Text 'Sample Customfield Checkbox' is set on object 'Object Repository/Admin/Plugin Page/Add New Text CF/input_Custom Field Name_custom_name'

2021-03-15 12:42:42 - [TEST_STEP][PASSED] - selectOptionByValue(findTestObject("Admin/Plugin Page/Add New Text CF/select_Text                                _e22ab6"), "checkbox", true): All options with value 'checkbox' are selected in object 'Object Repository/Admin/Plugin Page/Add New Text CF/select_Text                                _e22ab6'  using regular expression

2021-03-15 12:42:43 - [MESSAGE][PASSED] - All options with value 'checkbox' are selected in object 'Object Repository/Admin/Plugin Page/Add New Text CF/select_Text                                _e22ab6'  using regular expression

2021-03-15 12:42:43 - [TEST_STEP][PASSED] - setText(findTestObject("Admin/Plugin Page/Add New Text CF/input_Options_checkbox-opt"), "Option 1"): Text 'Option 1' is set on object 'Object Repository/Admin/Plugin Page/Add New Text CF/input_Options_checkbox-opt'

2021-03-15 12:42:44 - [MESSAGE][PASSED] - Text 'Option 1' is set on object 'Object Repository/Admin/Plugin Page/Add New Text CF/input_Options_checkbox-opt'

2021-03-15 12:42:44 - [TEST_STEP][PASSED] - click(findTestObject("Admin/Plugin Page/Add New Text CF/input_Add Option_saveCustomDetails")): Object: 'Object Repository/Admin/Plugin Page/Add New Text CF/input_Add Option_saveCustomDetails' is clicked on

2021-03-15 12:42:44 - [MESSAGE][PASSED] - Object: 'Object Repository/Admin/Plugin Page/Add New Text CF/input_Add Option_saveCustomDetails' is clicked on

2021-03-15 12:42:44 - [TEST_STEP][PASSED] - closeBrowser(): Browser is closed

2021-03-15 12:42:45 - [MESSAGE][PASSED] - Browser is closed

2021-03-15 12:42:45 - [MESSAGE][PASSED] - Call Test Case 'Test Cases/Utilities/Adding Custom field Checkbox' successfully

2021-03-15 12:42:45 - [TEST_STEP][PASSED] - callTestCase(findTestCase("Utilities/Navigate to Buyer Settings"), [:], STOP_ON_FAILURE): Call Test Case 'Test Cases/Utilities/Navigate to Buyer Settings' successfully

2021-03-15 12:42:45 - [TEST_CASE][PASSED] - Test Cases/Utilities/Navigate to Buyer Settings: Test Cases/Utilities/Navigate to Buyer Settings

2021-03-15 12:42:45 - [TEST_STEP][PASSED] - openBrowser(""): Browser is opened with url: ''

2021-03-15 12:42:45 - [MESSAGE][INFO] - Starting 'Chrome' driver

2021-03-15 12:42:45 - [MESSAGE][INFO] - Action delay is set to 0 milliseconds

2021-03-15 12:42:46 - [MESSAGE][PASSED] - Browser is opened with url: ''

2021-03-15 12:42:46 - [TEST_STEP][PASSED] - navigateToUrl("https://youhadmeathelloworld.arcadier.io/"): Navigate to 'https://youhadmeathelloworld.arcadier.io/' successfully

2021-03-15 12:42:50 - [MESSAGE][PASSED] - Navigate to 'https://youhadmeathelloworld.arcadier.io/' successfully

2021-03-15 12:42:50 - [TEST_STEP][PASSED] - maximizeWindow(): Current window maximized

2021-03-15 12:42:51 - [MESSAGE][PASSED] - Current window maximized

2021-03-15 12:42:51 - [TEST_STEP][PASSED] - click(findTestObject("Object Repository/User/a_REGISTER  SIGN IN")): Object: 'Object Repository/User/a_REGISTER  SIGN IN' is clicked on

2021-03-15 12:42:51 - [MESSAGE][PASSED] - Object: 'Object Repository/User/a_REGISTER  SIGN IN' is clicked on

2021-03-15 12:42:51 - [TEST_STEP][PASSED] - setText(findTestObject("Object Repository/User/input_Your emailusername_username"), "athena"): Text 'athena' is set on object 'Object Repository/User/input_Your emailusername_username'

2021-03-15 12:42:52 - [MESSAGE][PASSED] - Text 'athena' is set on object 'Object Repository/User/input_Your emailusername_username'

2021-03-15 12:42:52 - [TEST_STEP][PASSED] - setEncryptedText(findTestObject("Object Repository/User/input_Your password_password"), "goxxgxvM2dP/z7G09p4JaTtn5QD+a0Kw"): Text ****** has been set on object 'Object Repository/User/input_Your password_password'

2021-03-15 12:42:53 - [MESSAGE][PASSED] - Text ****** has been set on object 'Object Repository/User/input_Your password_password'

2021-03-15 12:42:53 - [TEST_STEP][PASSED] - click(findTestObject("Object Repository/User/input_Your password_login-submit")): Object: 'Object Repository/User/input_Your password_login-submit' is clicked on

2021-03-15 12:42:55 - [MESSAGE][PASSED] - Object: 'Object Repository/User/input_Your password_login-submit' is clicked on

2021-03-15 12:42:55 - [TEST_STEP][PASSED] - mouseOver(findTestObject("User/i_EN_icon icon-down")): Object: 'Object Repository/User/i_EN_icon icon-down' is hovered

2021-03-15 12:42:56 - [MESSAGE][PASSED] - Object: 'Object Repository/User/i_EN_icon icon-down' is hovered

2021-03-15 12:42:56 - [TEST_STEP][PASSED] - click(findTestObject("User/a_Settings")): Object: 'Object Repository/User/a_Settings' is clicked on

2021-03-15 12:42:57 - [MESSAGE][PASSED] - Object: 'Object Repository/User/a_Settings' is clicked on

2021-03-15 12:42:57 - [MESSAGE][PASSED] - Call Test Case 'Test Cases/Utilities/Navigate to Buyer Settings' successfully

2021-03-15 12:42:57 - [TEST_STEP][PASSED] - verifyElementPresent(findTestObject("User/label_SAMPLE CUSTOMFIELD CHECKBOX"), 0): Object 'Object Repository/User/label_SAMPLE CUSTOMFIELD CHECKBOX' is present

2021-03-15 12:42:57 - [MESSAGE][WARNING] - Timeout '0' is invalid. Using default page load timeout: '30'

2021-03-15 12:42:58 - [MESSAGE][PASSED] - Object 'Object Repository/User/label_SAMPLE CUSTOMFIELD CHECKBOX' is present

2021-03-15 12:42:58 - [TEST_STEP][PASSED] - verifyElementText(findTestObject("User/label_SAMPLE CUSTOMFIELD CHECKBOX"), "SAMPLE CUSTOMFIELD CHECKBOX"): Actual text and expected text of test object 'Object Repository/User/label_SAMPLE CUSTOMFIELD CHECKBOX' are matched.

2021-03-15 12:42:58 - [MESSAGE][PASSED] - Actual text and expected text of test object 'Object Repository/User/label_SAMPLE CUSTOMFIELD CHECKBOX' are matched.

2021-03-15 12:42:58 - [TEST_STEP][PASSED] - verifyElementAttributeValue(findTestObject("User/input_checkbox"), "type", "checkbox", 0): Object 'Object Repository/User/input_checkbox' has attribute 'type' with value 'checkbox'

2021-03-15 12:42:58 - [MESSAGE][WARNING] - Timeout '0' is invalid. Using default page load timeout: '30'

2021-03-15 12:42:59 - [MESSAGE][PASSED] - Object 'Object Repository/User/input_checkbox' has attribute 'type' with value 'checkbox'

2021-03-15 12:42:59 - [TEST_STEP][PASSED] - callTestCase(findTestCase("Utilities/Deleting Custom Field"), [:], STOP_ON_FAILURE): Call Test Case 'Test Cases/Utilities/Deleting Custom Field' successfully

2021-03-15 12:42:59 - [TEST_CASE][PASSED] - Test Cases/Utilities/Deleting Custom Field: Test Cases/Utilities/Deleting Custom Field

2021-03-15 12:42:59 - [TEST_STEP][PASSED] - callTestCase(findTestCase("Utilities/Admin Login"), [:], STOP_ON_FAILURE): Call Test Case 'Test Cases/Utilities/Admin Login' successfully

2021-03-15 12:42:59 - [TEST_CASE][PASSED] - Test Cases/Utilities/Admin Login: Test Cases/Utilities/Admin Login

2021-03-15 12:42:59 - [TEST_STEP][PASSED] - openBrowser(""): Browser is opened with url: ''

2021-03-15 12:42:59 - [MESSAGE][WARNING] - A browser is already opened. Closing browser and opening a new one

2021-03-15 12:42:59 - [MESSAGE][INFO] - Starting 'Chrome' driver

2021-03-15 12:42:59 - [MESSAGE][INFO] - Action delay is set to 0 milliseconds

2021-03-15 12:43:01 - [MESSAGE][PASSED] - Browser is opened with url: ''

2021-03-15 12:43:01 - [TEST_STEP][PASSED] - maximizeWindow(): Current window maximized

2021-03-15 12:43:01 - [MESSAGE][PASSED] - Current window maximized

2021-03-15 12:43:01 - [TEST_STEP][PASSED] - navigateToUrl(admin_url): Navigate to 'https://youhadmeathelloworld.arcadier.io/admin' successfully

2021-03-15 12:43:04 - [MESSAGE][PASSED] - Navigate to 'https://youhadmeathelloworld.arcadier.io/admin' successfully

2021-03-15 12:43:04 - [TEST_STEP][PASSED] - waitForPageLoad(2): Wait for page load successfully

2021-03-15 12:43:04 - [MESSAGE][PASSED] - Wait for page load successfully

2021-03-15 12:43:04 - [TEST_STEP][PASSED] - setText(findTestObject("Admin/Admin Login/txt_username"), admin_username): Text 'codemafia' is set on object 'Object Repository/Admin/Admin Login/txt_username'

2021-03-15 12:43:05 - [MESSAGE][PASSED] - Text 'codemafia' is set on object 'Object Repository/Admin/Admin Login/txt_username'

2021-03-15 12:43:05 - [TEST_STEP][PASSED] - setText(findTestObject("Admin/Admin Login/txt_password"), admin_password): Text 'welcome8' is set on object 'Object Repository/Admin/Admin Login/txt_password'

2021-03-15 12:43:06 - [MESSAGE][PASSED] - Text 'welcome8' is set on object 'Object Repository/Admin/Admin Login/txt_password'

2021-03-15 12:43:06 - [TEST_STEP][PASSED] - click(findTestObject("Admin/Admin Login/button_login")): Object: 'Object Repository/Admin/Admin Login/button_login' is clicked on

2021-03-15 12:43:10 - [MESSAGE][PASSED] - Object: 'Object Repository/Admin/Admin Login/button_login' is clicked on

2021-03-15 12:43:10 - [MESSAGE][PASSED] - Call Test Case 'Test Cases/Utilities/Admin Login' successfully

2021-03-15 12:43:10 - [TEST_STEP][PASSED] - callTestCase(findTestCase("Utilities/Navigate to Plugin"), [:], STOP_ON_FAILURE): Call Test Case 'Test Cases/Utilities/Navigate to Plugin' successfully

2021-03-15 12:43:10 - [TEST_CASE][PASSED] - Test Cases/Utilities/Navigate to Plugin: Test Cases/Utilities/Navigate to Plugin

2021-03-15 12:43:10 - [TEST_STEP][PASSED] - click(findTestObject("Admin/Plugin Navigation/link_plugin")): Object: 'Object Repository/Admin/Plugin Navigation/link_plugin' is clicked on

2021-03-15 12:43:10 - [MESSAGE][PASSED] - Object: 'Object Repository/Admin/Plugin Navigation/link_plugin' is clicked on

2021-03-15 12:43:10 - [TEST_STEP][PASSED] - click(findTestObject("Admin/Plugin Navigation/link_profile")): Object: 'Object Repository/Admin/Plugin Navigation/link_profile' is clicked on

2021-03-15 12:43:12 - [MESSAGE][PASSED] - Object: 'Object Repository/Admin/Plugin Navigation/link_profile' is clicked on

2021-03-15 12:43:12 - [MESSAGE][PASSED] - Call Test Case 'Test Cases/Utilities/Navigate to Plugin' successfully

2021-03-15 12:43:12 - [TEST_STEP][PASSED] - click(findTestObject("Admin/Plugin Page/Deleting Custom Fields/i_Textfield_icon icon-delete")): Object: 'Object Repository/Admin/Plugin Page/Deleting Custom Fields/i_Textfield_icon icon-delete' is clicked on

2021-03-15 12:43:13 - [MESSAGE][PASSED] - Object: 'Object Repository/Admin/Plugin Page/Deleting Custom Fields/i_Textfield_icon icon-delete' is clicked on

2021-03-15 12:43:13 - [TEST_STEP][PASSED] - click(findTestObject("Admin/Plugin Page/Deleting Custom Fields/del_confirm")): Object: 'Object Repository/Admin/Plugin Page/Deleting Custom Fields/del_confirm' is clicked on

2021-03-15 12:43:13 - [MESSAGE][PASSED] - Object: 'Object Repository/Admin/Plugin Page/Deleting Custom Fields/del_confirm' is clicked on

2021-03-15 12:43:13 - [TEST_STEP][PASSED] - closeBrowser(): Browser is closed

2021-03-15 12:43:14 - [MESSAGE][PASSED] - Browser is closed

2021-03-15 12:43:14 - [MESSAGE][PASSED] - Call Test Case 'Test Cases/Utilities/Deleting Custom Field' successfully]]></system-out>
         <system-err><![CDATA[]]></system-err>
      </testcase>
      <testcase name="Test Cases/User Settings/COMPLEX/TC_CMPLX_012" time="57.89" classname="Test Cases/User Settings/COMPLEX/TC_CMPLX_012" status="PASSED">
         <system-out><![CDATA[2021-03-15 12:43:14 - [TEST_CASE][PASSED] - Test Cases/User Settings/COMPLEX/TC_CMPLX_012: Test Cases/User Settings/COMPLEX/TC_CMPLX_012

2021-03-15 12:43:14 - [TEST_STEP][PASSED] - callTestCase(findTestCase("Utilities/Add Customfield Dropdown"), [:], STOP_ON_FAILURE): Call Test Case 'Test Cases/Utilities/Add Customfield Dropdown' successfully

2021-03-15 12:43:14 - [TEST_CASE][PASSED] - Test Cases/Utilities/Add Customfield Dropdown: Test Cases/Utilities/Add Customfield Dropdown

2021-03-15 12:43:15 - [TEST_STEP][PASSED] - callTestCase(findTestCase("Utilities/Admin Login"), [:], STOP_ON_FAILURE): Call Test Case 'Test Cases/Utilities/Admin Login' successfully

2021-03-15 12:43:15 - [TEST_CASE][PASSED] - Test Cases/Utilities/Admin Login: Test Cases/Utilities/Admin Login

2021-03-15 12:43:15 - [TEST_STEP][PASSED] - openBrowser(""): Browser is opened with url: ''

2021-03-15 12:43:15 - [MESSAGE][INFO] - Starting 'Chrome' driver

2021-03-15 12:43:15 - [MESSAGE][INFO] - Action delay is set to 0 milliseconds

2021-03-15 12:43:16 - [MESSAGE][PASSED] - Browser is opened with url: ''

2021-03-15 12:43:16 - [TEST_STEP][PASSED] - maximizeWindow(): Current window maximized

2021-03-15 12:43:16 - [MESSAGE][PASSED] - Current window maximized

2021-03-15 12:43:16 - [TEST_STEP][PASSED] - navigateToUrl(admin_url): Navigate to 'https://youhadmeathelloworld.arcadier.io/admin' successfully

2021-03-15 12:43:19 - [MESSAGE][PASSED] - Navigate to 'https://youhadmeathelloworld.arcadier.io/admin' successfully

2021-03-15 12:43:19 - [TEST_STEP][PASSED] - waitForPageLoad(2): Wait for page load successfully

2021-03-15 12:43:19 - [MESSAGE][PASSED] - Wait for page load successfully

2021-03-15 12:43:19 - [TEST_STEP][PASSED] - setText(findTestObject("Admin/Admin Login/txt_username"), admin_username): Text 'codemafia' is set on object 'Object Repository/Admin/Admin Login/txt_username'

2021-03-15 12:43:23 - [MESSAGE][PASSED] - Text 'codemafia' is set on object 'Object Repository/Admin/Admin Login/txt_username'

2021-03-15 12:43:23 - [TEST_STEP][PASSED] - setText(findTestObject("Admin/Admin Login/txt_password"), admin_password): Text 'welcome8' is set on object 'Object Repository/Admin/Admin Login/txt_password'

2021-03-15 12:43:27 - [MESSAGE][PASSED] - Text 'welcome8' is set on object 'Object Repository/Admin/Admin Login/txt_password'

2021-03-15 12:43:27 - [TEST_STEP][PASSED] - click(findTestObject("Admin/Admin Login/button_login")): Object: 'Object Repository/Admin/Admin Login/button_login' is clicked on

2021-03-15 12:43:33 - [MESSAGE][PASSED] - Object: 'Object Repository/Admin/Admin Login/button_login' is clicked on

2021-03-15 12:43:33 - [MESSAGE][PASSED] - Call Test Case 'Test Cases/Utilities/Admin Login' successfully

2021-03-15 12:43:33 - [TEST_STEP][PASSED] - callTestCase(findTestCase("Utilities/Navigate to Plugin"), [:], STOP_ON_FAILURE): Call Test Case 'Test Cases/Utilities/Navigate to Plugin' successfully

2021-03-15 12:43:33 - [TEST_CASE][PASSED] - Test Cases/Utilities/Navigate to Plugin: Test Cases/Utilities/Navigate to Plugin

2021-03-15 12:43:33 - [TEST_STEP][PASSED] - click(findTestObject("Admin/Plugin Navigation/link_plugin")): Object: 'Object Repository/Admin/Plugin Navigation/link_plugin' is clicked on

2021-03-15 12:43:35 - [MESSAGE][PASSED] - Object: 'Object Repository/Admin/Plugin Navigation/link_plugin' is clicked on

2021-03-15 12:43:35 - [TEST_STEP][PASSED] - click(findTestObject("Admin/Plugin Navigation/link_profile")): Object: 'Object Repository/Admin/Plugin Navigation/link_profile' is clicked on

2021-03-15 12:43:36 - [MESSAGE][PASSED] - Object: 'Object Repository/Admin/Plugin Navigation/link_profile' is clicked on

2021-03-15 12:43:36 - [MESSAGE][PASSED] - Call Test Case 'Test Cases/Utilities/Navigate to Plugin' successfully

2021-03-15 12:43:36 - [TEST_STEP][PASSED] - click(findTestObject("Admin/Plugin Page/Add New Text CF/a_Add Profile Input Field")): Object: 'Object Repository/Admin/Plugin Page/Add New Text CF/a_Add Profile Input Field' is clicked on

2021-03-15 12:43:37 - [MESSAGE][PASSED] - Object: 'Object Repository/Admin/Plugin Page/Add New Text CF/a_Add Profile Input Field' is clicked on

2021-03-15 12:43:37 - [TEST_STEP][PASSED] - setText(findTestObject("Admin/Plugin Page/Add New Text CF/input_Custom Field Name_custom_name"), "Sample Customfield Dropdown"): Text 'Sample Customfield Dropdown' is set on object 'Object Repository/Admin/Plugin Page/Add New Text CF/input_Custom Field Name_custom_name'

2021-03-15 12:43:38 - [MESSAGE][PASSED] - Text 'Sample Customfield Dropdown' is set on object 'Object Repository/Admin/Plugin Page/Add New Text CF/input_Custom Field Name_custom_name'

2021-03-15 12:43:38 - [TEST_STEP][PASSED] - selectOptionByValue(findTestObject("Admin/Plugin Page/Add New Text CF/select_Text                                _e22ab6"), "dropdown", true): All options with value 'dropdown' are selected in object 'Object Repository/Admin/Plugin Page/Add New Text CF/select_Text                                _e22ab6'  using regular expression

2021-03-15 12:43:39 - [MESSAGE][PASSED] - All options with value 'dropdown' are selected in object 'Object Repository/Admin/Plugin Page/Add New Text CF/select_Text                                _e22ab6'  using regular expression

2021-03-15 12:43:39 - [TEST_STEP][PASSED] - setText(findTestObject("Admin/Plugin Page/Add New Text CF/input_Options_checkbox-opt"), "option 1"): Text 'option 1' is set on object 'Object Repository/Admin/Plugin Page/Add New Text CF/input_Options_checkbox-opt'

2021-03-15 12:43:39 - [MESSAGE][PASSED] - Text 'option 1' is set on object 'Object Repository/Admin/Plugin Page/Add New Text CF/input_Options_checkbox-opt'

2021-03-15 12:43:39 - [TEST_STEP][PASSED] - click(findTestObject("Admin/Plugin Page/Add New Text CF/input_Add Option_saveCustomDetails")): Object: 'Object Repository/Admin/Plugin Page/Add New Text CF/input_Add Option_saveCustomDetails' is clicked on

2021-03-15 12:43:40 - [MESSAGE][PASSED] - Object: 'Object Repository/Admin/Plugin Page/Add New Text CF/input_Add Option_saveCustomDetails' is clicked on

2021-03-15 12:43:40 - [TEST_STEP][PASSED] - closeBrowser(): Browser is closed

2021-03-15 12:43:41 - [MESSAGE][PASSED] - Browser is closed

2021-03-15 12:43:41 - [MESSAGE][PASSED] - Call Test Case 'Test Cases/Utilities/Add Customfield Dropdown' successfully

2021-03-15 12:43:41 - [TEST_STEP][PASSED] - callTestCase(findTestCase("Utilities/Navigate to Buyer Settings"), [:], STOP_ON_FAILURE): Call Test Case 'Test Cases/Utilities/Navigate to Buyer Settings' successfully

2021-03-15 12:43:41 - [TEST_CASE][PASSED] - Test Cases/Utilities/Navigate to Buyer Settings: Test Cases/Utilities/Navigate to Buyer Settings

2021-03-15 12:43:41 - [TEST_STEP][PASSED] - openBrowser(""): Browser is opened with url: ''

2021-03-15 12:43:41 - [MESSAGE][INFO] - Starting 'Chrome' driver

2021-03-15 12:43:41 - [MESSAGE][INFO] - Action delay is set to 0 milliseconds

2021-03-15 12:43:42 - [MESSAGE][PASSED] - Browser is opened with url: ''

2021-03-15 12:43:42 - [TEST_STEP][PASSED] - navigateToUrl("https://youhadmeathelloworld.arcadier.io/"): Navigate to 'https://youhadmeathelloworld.arcadier.io/' successfully

2021-03-15 12:43:47 - [MESSAGE][PASSED] - Navigate to 'https://youhadmeathelloworld.arcadier.io/' successfully

2021-03-15 12:43:47 - [TEST_STEP][PASSED] - maximizeWindow(): Current window maximized

2021-03-15 12:43:47 - [MESSAGE][PASSED] - Current window maximized

2021-03-15 12:43:47 - [TEST_STEP][PASSED] - click(findTestObject("Object Repository/User/a_REGISTER  SIGN IN")): Object: 'Object Repository/User/a_REGISTER  SIGN IN' is clicked on

2021-03-15 12:43:49 - [MESSAGE][PASSED] - Object: 'Object Repository/User/a_REGISTER  SIGN IN' is clicked on

2021-03-15 12:43:49 - [TEST_STEP][PASSED] - setText(findTestObject("Object Repository/User/input_Your emailusername_username"), "athena"): Text 'athena' is set on object 'Object Repository/User/input_Your emailusername_username'

2021-03-15 12:43:49 - [MESSAGE][PASSED] - Text 'athena' is set on object 'Object Repository/User/input_Your emailusername_username'

2021-03-15 12:43:49 - [TEST_STEP][PASSED] - setEncryptedText(findTestObject("Object Repository/User/input_Your password_password"), "goxxgxvM2dP/z7G09p4JaTtn5QD+a0Kw"): Text ****** has been set on object 'Object Repository/User/input_Your password_password'

2021-03-15 12:43:50 - [MESSAGE][PASSED] - Text ****** has been set on object 'Object Repository/User/input_Your password_password'

2021-03-15 12:43:50 - [TEST_STEP][PASSED] - click(findTestObject("Object Repository/User/input_Your password_login-submit")): Object: 'Object Repository/User/input_Your password_login-submit' is clicked on

2021-03-15 12:43:52 - [MESSAGE][PASSED] - Object: 'Object Repository/User/input_Your password_login-submit' is clicked on

2021-03-15 12:43:52 - [TEST_STEP][PASSED] - mouseOver(findTestObject("User/i_EN_icon icon-down")): Object: 'Object Repository/User/i_EN_icon icon-down' is hovered

2021-03-15 12:43:53 - [MESSAGE][PASSED] - Object: 'Object Repository/User/i_EN_icon icon-down' is hovered

2021-03-15 12:43:53 - [TEST_STEP][PASSED] - click(findTestObject("User/a_Settings")): Object: 'Object Repository/User/a_Settings' is clicked on

2021-03-15 12:43:54 - [MESSAGE][PASSED] - Object: 'Object Repository/User/a_Settings' is clicked on

2021-03-15 12:43:54 - [MESSAGE][PASSED] - Call Test Case 'Test Cases/Utilities/Navigate to Buyer Settings' successfully

2021-03-15 12:43:54 - [TEST_STEP][PASSED] - verifyElementPresent(findTestObject("User/label_SAMPLE CUSTOMFIELD DROPDOWN"), 0): Object 'Object Repository/User/label_SAMPLE CUSTOMFIELD DROPDOWN' is present

2021-03-15 12:43:54 - [MESSAGE][WARNING] - Timeout '0' is invalid. Using default page load timeout: '30'

2021-03-15 12:43:55 - [MESSAGE][PASSED] - Object 'Object Repository/User/label_SAMPLE CUSTOMFIELD DROPDOWN' is present

2021-03-15 12:43:55 - [TEST_STEP][PASSED] - verifyElementText(findTestObject("User/label_SAMPLE CUSTOMFIELD CHECKBOX"), "SAMPLE CUSTOMFIELD DROPDOWN"): Actual text and expected text of test object 'Object Repository/User/label_SAMPLE CUSTOMFIELD CHECKBOX' are matched.

2021-03-15 12:43:55 - [MESSAGE][PASSED] - Actual text and expected text of test object 'Object Repository/User/label_SAMPLE CUSTOMFIELD CHECKBOX' are matched.

2021-03-15 12:43:55 - [TEST_STEP][PASSED] - callTestCase(findTestCase("Utilities/Deleting Custom Field"), [:], STOP_ON_FAILURE): Call Test Case 'Test Cases/Utilities/Deleting Custom Field' successfully

2021-03-15 12:43:55 - [TEST_CASE][PASSED] - Test Cases/Utilities/Deleting Custom Field: Test Cases/Utilities/Deleting Custom Field

2021-03-15 12:43:55 - [TEST_STEP][PASSED] - callTestCase(findTestCase("Utilities/Admin Login"), [:], STOP_ON_FAILURE): Call Test Case 'Test Cases/Utilities/Admin Login' successfully

2021-03-15 12:43:55 - [TEST_CASE][PASSED] - Test Cases/Utilities/Admin Login: Test Cases/Utilities/Admin Login

2021-03-15 12:43:55 - [TEST_STEP][PASSED] - openBrowser(""): Browser is opened with url: ''

2021-03-15 12:43:55 - [MESSAGE][WARNING] - A browser is already opened. Closing browser and opening a new one

2021-03-15 12:43:56 - [MESSAGE][INFO] - Starting 'Chrome' driver

2021-03-15 12:43:56 - [MESSAGE][INFO] - Action delay is set to 0 milliseconds

2021-03-15 12:43:57 - [MESSAGE][PASSED] - Browser is opened with url: ''

2021-03-15 12:43:57 - [TEST_STEP][PASSED] - maximizeWindow(): Current window maximized

2021-03-15 12:43:58 - [MESSAGE][PASSED] - Current window maximized

2021-03-15 12:43:58 - [TEST_STEP][PASSED] - navigateToUrl(admin_url): Navigate to 'https://youhadmeathelloworld.arcadier.io/admin' successfully

2021-03-15 12:44:02 - [MESSAGE][PASSED] - Navigate to 'https://youhadmeathelloworld.arcadier.io/admin' successfully

2021-03-15 12:44:02 - [TEST_STEP][PASSED] - waitForPageLoad(2): Wait for page load successfully

2021-03-15 12:44:02 - [MESSAGE][PASSED] - Wait for page load successfully

2021-03-15 12:44:02 - [TEST_STEP][PASSED] - setText(findTestObject("Admin/Admin Login/txt_username"), admin_username): Text 'codemafia' is set on object 'Object Repository/Admin/Admin Login/txt_username'

2021-03-15 12:44:03 - [MESSAGE][PASSED] - Text 'codemafia' is set on object 'Object Repository/Admin/Admin Login/txt_username'

2021-03-15 12:44:03 - [TEST_STEP][PASSED] - setText(findTestObject("Admin/Admin Login/txt_password"), admin_password): Text 'welcome8' is set on object 'Object Repository/Admin/Admin Login/txt_password'

2021-03-15 12:44:03 - [MESSAGE][PASSED] - Text 'welcome8' is set on object 'Object Repository/Admin/Admin Login/txt_password'

2021-03-15 12:44:03 - [TEST_STEP][PASSED] - click(findTestObject("Admin/Admin Login/button_login")): Object: 'Object Repository/Admin/Admin Login/button_login' is clicked on

2021-03-15 12:44:07 - [MESSAGE][PASSED] - Object: 'Object Repository/Admin/Admin Login/button_login' is clicked on

2021-03-15 12:44:07 - [MESSAGE][PASSED] - Call Test Case 'Test Cases/Utilities/Admin Login' successfully

2021-03-15 12:44:07 - [TEST_STEP][PASSED] - callTestCase(findTestCase("Utilities/Navigate to Plugin"), [:], STOP_ON_FAILURE): Call Test Case 'Test Cases/Utilities/Navigate to Plugin' successfully

2021-03-15 12:44:07 - [TEST_CASE][PASSED] - Test Cases/Utilities/Navigate to Plugin: Test Cases/Utilities/Navigate to Plugin

2021-03-15 12:44:07 - [TEST_STEP][PASSED] - click(findTestObject("Admin/Plugin Navigation/link_plugin")): Object: 'Object Repository/Admin/Plugin Navigation/link_plugin' is clicked on

2021-03-15 12:44:08 - [MESSAGE][PASSED] - Object: 'Object Repository/Admin/Plugin Navigation/link_plugin' is clicked on

2021-03-15 12:44:08 - [TEST_STEP][PASSED] - click(findTestObject("Admin/Plugin Navigation/link_profile")): Object: 'Object Repository/Admin/Plugin Navigation/link_profile' is clicked on

2021-03-15 12:44:10 - [MESSAGE][PASSED] - Object: 'Object Repository/Admin/Plugin Navigation/link_profile' is clicked on

2021-03-15 12:44:10 - [MESSAGE][PASSED] - Call Test Case 'Test Cases/Utilities/Navigate to Plugin' successfully

2021-03-15 12:44:10 - [TEST_STEP][PASSED] - click(findTestObject("Admin/Plugin Page/Deleting Custom Fields/i_Textfield_icon icon-delete")): Object: 'Object Repository/Admin/Plugin Page/Deleting Custom Fields/i_Textfield_icon icon-delete' is clicked on

2021-03-15 12:44:11 - [MESSAGE][PASSED] - Object: 'Object Repository/Admin/Plugin Page/Deleting Custom Fields/i_Textfield_icon icon-delete' is clicked on

2021-03-15 12:44:11 - [TEST_STEP][PASSED] - click(findTestObject("Admin/Plugin Page/Deleting Custom Fields/del_confirm")): Object: 'Object Repository/Admin/Plugin Page/Deleting Custom Fields/del_confirm' is clicked on

2021-03-15 12:44:11 - [MESSAGE][PASSED] - Object: 'Object Repository/Admin/Plugin Page/Deleting Custom Fields/del_confirm' is clicked on

2021-03-15 12:44:11 - [TEST_STEP][PASSED] - closeBrowser(): Browser is closed

2021-03-15 12:44:12 - [MESSAGE][PASSED] - Browser is closed

2021-03-15 12:44:12 - [MESSAGE][PASSED] - Call Test Case 'Test Cases/Utilities/Deleting Custom Field' successfully]]></system-out>
         <system-err><![CDATA[]]></system-err>
      </testcase>
      <testcase name="Test Cases/User Settings/COMPLEX/TC_CMPLX_013" time="48.703" classname="Test Cases/User Settings/COMPLEX/TC_CMPLX_013" status="PASSED">
         <system-out><![CDATA[2021-03-15 12:44:12 - [TEST_CASE][PASSED] - Test Cases/User Settings/COMPLEX/TC_CMPLX_013: Test Cases/User Settings/COMPLEX/TC_CMPLX_013

2021-03-15 12:44:12 - [TEST_STEP][PASSED] - callTestCase(findTestCase("Utilities/Edit Custom Field"), [:], STOP_ON_FAILURE): Call Test Case 'Test Cases/Utilities/Edit Custom Field' successfully

2021-03-15 12:44:12 - [TEST_CASE][PASSED] - Test Cases/Utilities/Edit Custom Field: Test Cases/Utilities/Edit Custom Field

2021-03-15 12:44:12 - [TEST_STEP][PASSED] - callTestCase(findTestCase("Utilities/Admin Login"), [:], STOP_ON_FAILURE): Call Test Case 'Test Cases/Utilities/Admin Login' successfully

2021-03-15 12:44:12 - [TEST_CASE][PASSED] - Test Cases/Utilities/Admin Login: Test Cases/Utilities/Admin Login

2021-03-15 12:44:12 - [TEST_STEP][PASSED] - openBrowser(""): Browser is opened with url: ''

2021-03-15 12:44:12 - [MESSAGE][INFO] - Starting 'Chrome' driver

2021-03-15 12:44:12 - [MESSAGE][INFO] - Action delay is set to 0 milliseconds

2021-03-15 12:44:14 - [MESSAGE][PASSED] - Browser is opened with url: ''

2021-03-15 12:44:14 - [TEST_STEP][PASSED] - maximizeWindow(): Current window maximized

2021-03-15 12:44:14 - [MESSAGE][PASSED] - Current window maximized

2021-03-15 12:44:14 - [TEST_STEP][PASSED] - navigateToUrl(admin_url): Navigate to 'https://youhadmeathelloworld.arcadier.io/admin' successfully

2021-03-15 12:44:19 - [MESSAGE][PASSED] - Navigate to 'https://youhadmeathelloworld.arcadier.io/admin' successfully

2021-03-15 12:44:19 - [TEST_STEP][PASSED] - waitForPageLoad(2): Wait for page load successfully

2021-03-15 12:44:19 - [MESSAGE][PASSED] - Wait for page load successfully

2021-03-15 12:44:19 - [TEST_STEP][PASSED] - setText(findTestObject("Admin/Admin Login/txt_username"), admin_username): Text 'codemafia' is set on object 'Object Repository/Admin/Admin Login/txt_username'

2021-03-15 12:44:19 - [MESSAGE][PASSED] - Text 'codemafia' is set on object 'Object Repository/Admin/Admin Login/txt_username'

2021-03-15 12:44:19 - [TEST_STEP][PASSED] - setText(findTestObject("Admin/Admin Login/txt_password"), admin_password): Text 'welcome8' is set on object 'Object Repository/Admin/Admin Login/txt_password'

2021-03-15 12:44:20 - [MESSAGE][PASSED] - Text 'welcome8' is set on object 'Object Repository/Admin/Admin Login/txt_password'

2021-03-15 12:44:20 - [TEST_STEP][PASSED] - click(findTestObject("Admin/Admin Login/button_login")): Object: 'Object Repository/Admin/Admin Login/button_login' is clicked on

2021-03-15 12:44:24 - [MESSAGE][PASSED] - Object: 'Object Repository/Admin/Admin Login/button_login' is clicked on

2021-03-15 12:44:24 - [MESSAGE][PASSED] - Call Test Case 'Test Cases/Utilities/Admin Login' successfully

2021-03-15 12:44:24 - [TEST_STEP][PASSED] - callTestCase(findTestCase("Utilities/Navigate to Plugin"), [:], STOP_ON_FAILURE): Call Test Case 'Test Cases/Utilities/Navigate to Plugin' successfully

2021-03-15 12:44:24 - [TEST_CASE][PASSED] - Test Cases/Utilities/Navigate to Plugin: Test Cases/Utilities/Navigate to Plugin

2021-03-15 12:44:24 - [TEST_STEP][PASSED] - click(findTestObject("Admin/Plugin Navigation/link_plugin")): Object: 'Object Repository/Admin/Plugin Navigation/link_plugin' is clicked on

2021-03-15 12:44:25 - [MESSAGE][PASSED] - Object: 'Object Repository/Admin/Plugin Navigation/link_plugin' is clicked on

2021-03-15 12:44:25 - [TEST_STEP][PASSED] - click(findTestObject("Admin/Plugin Navigation/link_profile")): Object: 'Object Repository/Admin/Plugin Navigation/link_profile' is clicked on

2021-03-15 12:44:27 - [MESSAGE][PASSED] - Object: 'Object Repository/Admin/Plugin Navigation/link_profile' is clicked on

2021-03-15 12:44:27 - [MESSAGE][PASSED] - Call Test Case 'Test Cases/Utilities/Navigate to Plugin' successfully

2021-03-15 12:44:27 - [TEST_STEP][PASSED] - click(findTestObject("Admin/Plugin Page/Add New Text CF/a_Add Profile Input Field")): Object: 'Object Repository/Admin/Plugin Page/Add New Text CF/a_Add Profile Input Field' is clicked on

2021-03-15 12:44:28 - [MESSAGE][PASSED] - Object: 'Object Repository/Admin/Plugin Page/Add New Text CF/a_Add Profile Input Field' is clicked on

2021-03-15 12:44:28 - [TEST_STEP][PASSED] - setText(findTestObject("Admin/Plugin Page/Add New Text CF/input_Custom Field Name_custom_name"), "Sample Custom field "): Text 'Sample Custom field ' is set on object 'Object Repository/Admin/Plugin Page/Add New Text CF/input_Custom Field Name_custom_name'

2021-03-15 12:44:29 - [MESSAGE][PASSED] - Text 'Sample Custom field ' is set on object 'Object Repository/Admin/Plugin Page/Add New Text CF/input_Custom Field Name_custom_name'

2021-03-15 12:44:29 - [TEST_STEP][PASSED] - click(findTestObject("Admin/Plugin Page/Add New Text CF/input_Add Option_saveCustomDetails")): Object: 'Object Repository/Admin/Plugin Page/Add New Text CF/input_Add Option_saveCustomDetails' is clicked on

2021-03-15 12:44:29 - [MESSAGE][PASSED] - Object: 'Object Repository/Admin/Plugin Page/Add New Text CF/input_Add Option_saveCustomDetails' is clicked on

2021-03-15 12:44:29 - [TEST_STEP][PASSED] - click(findTestObject("Object Repository/Admin/Plugin Page/Add New Text CF/i_Textfield_icon icon-edit")): Object: 'Object Repository/Admin/Plugin Page/Add New Text CF/i_Textfield_icon icon-edit' is clicked on

2021-03-15 12:44:31 - [MESSAGE][PASSED] - Object: 'Object Repository/Admin/Plugin Page/Add New Text CF/i_Textfield_icon icon-edit' is clicked on

2021-03-15 12:44:31 - [TEST_STEP][PASSED] - setText(findTestObject("Admin/Plugin Page/Add New Text CF/input_Custom Field Name_custom_name"), "Sample Custom field Edited"): Text 'Sample Custom field Edited' is set on object 'Object Repository/Admin/Plugin Page/Add New Text CF/input_Custom Field Name_custom_name'

2021-03-15 12:44:32 - [MESSAGE][PASSED] - Text 'Sample Custom field Edited' is set on object 'Object Repository/Admin/Plugin Page/Add New Text CF/input_Custom Field Name_custom_name'

2021-03-15 12:44:32 - [TEST_STEP][PASSED] - click(findTestObject("Admin/Plugin Page/Add New Text CF/input_Add Option_saveCustomDetails")): Object: 'Object Repository/Admin/Plugin Page/Add New Text CF/input_Add Option_saveCustomDetails' is clicked on

2021-03-15 12:44:32 - [MESSAGE][PASSED] - Object: 'Object Repository/Admin/Plugin Page/Add New Text CF/input_Add Option_saveCustomDetails' is clicked on

2021-03-15 12:44:32 - [TEST_STEP][PASSED] - closeBrowser(): Browser is closed

2021-03-15 12:44:33 - [MESSAGE][PASSED] - Browser is closed

2021-03-15 12:44:33 - [MESSAGE][PASSED] - Call Test Case 'Test Cases/Utilities/Edit Custom Field' successfully

2021-03-15 12:44:33 - [TEST_STEP][PASSED] - callTestCase(findTestCase("Utilities/Navigate to Buyer Settings"), [:], STOP_ON_FAILURE): Call Test Case 'Test Cases/Utilities/Navigate to Buyer Settings' successfully

2021-03-15 12:44:33 - [TEST_CASE][PASSED] - Test Cases/Utilities/Navigate to Buyer Settings: Test Cases/Utilities/Navigate to Buyer Settings

2021-03-15 12:44:33 - [TEST_STEP][PASSED] - openBrowser(""): Browser is opened with url: ''

2021-03-15 12:44:33 - [MESSAGE][INFO] - Starting 'Chrome' driver

2021-03-15 12:44:33 - [MESSAGE][INFO] - Action delay is set to 0 milliseconds

2021-03-15 12:44:34 - [MESSAGE][PASSED] - Browser is opened with url: ''

2021-03-15 12:44:34 - [TEST_STEP][PASSED] - navigateToUrl("https://youhadmeathelloworld.arcadier.io/"): Navigate to 'https://youhadmeathelloworld.arcadier.io/' successfully

2021-03-15 12:44:37 - [MESSAGE][PASSED] - Navigate to 'https://youhadmeathelloworld.arcadier.io/' successfully

2021-03-15 12:44:37 - [TEST_STEP][PASSED] - maximizeWindow(): Current window maximized

2021-03-15 12:44:37 - [MESSAGE][PASSED] - Current window maximized

2021-03-15 12:44:37 - [TEST_STEP][PASSED] - click(findTestObject("Object Repository/User/a_REGISTER  SIGN IN")): Object: 'Object Repository/User/a_REGISTER  SIGN IN' is clicked on

2021-03-15 12:44:39 - [MESSAGE][PASSED] - Object: 'Object Repository/User/a_REGISTER  SIGN IN' is clicked on

2021-03-15 12:44:39 - [TEST_STEP][PASSED] - setText(findTestObject("Object Repository/User/input_Your emailusername_username"), "athena"): Text 'athena' is set on object 'Object Repository/User/input_Your emailusername_username'

2021-03-15 12:44:40 - [MESSAGE][PASSED] - Text 'athena' is set on object 'Object Repository/User/input_Your emailusername_username'

2021-03-15 12:44:40 - [TEST_STEP][PASSED] - setEncryptedText(findTestObject("Object Repository/User/input_Your password_password"), "goxxgxvM2dP/z7G09p4JaTtn5QD+a0Kw"): Text ****** has been set on object 'Object Repository/User/input_Your password_password'

2021-03-15 12:44:40 - [MESSAGE][PASSED] - Text ****** has been set on object 'Object Repository/User/input_Your password_password'

2021-03-15 12:44:40 - [TEST_STEP][PASSED] - click(findTestObject("Object Repository/User/input_Your password_login-submit")): Object: 'Object Repository/User/input_Your password_login-submit' is clicked on

2021-03-15 12:44:42 - [MESSAGE][PASSED] - Object: 'Object Repository/User/input_Your password_login-submit' is clicked on

2021-03-15 12:44:42 - [TEST_STEP][PASSED] - mouseOver(findTestObject("User/i_EN_icon icon-down")): Object: 'Object Repository/User/i_EN_icon icon-down' is hovered

2021-03-15 12:44:43 - [MESSAGE][PASSED] - Object: 'Object Repository/User/i_EN_icon icon-down' is hovered

2021-03-15 12:44:43 - [TEST_STEP][PASSED] - click(findTestObject("User/a_Settings")): Object: 'Object Repository/User/a_Settings' is clicked on

2021-03-15 12:44:44 - [MESSAGE][PASSED] - Object: 'Object Repository/User/a_Settings' is clicked on

2021-03-15 12:44:44 - [MESSAGE][PASSED] - Call Test Case 'Test Cases/Utilities/Navigate to Buyer Settings' successfully

2021-03-15 12:44:44 - [TEST_STEP][PASSED] - verifyElementPresent(findTestObject("User/label_SAMPLE CUSTOM FIELD EDITED"), 0): Object 'Object Repository/User/label_SAMPLE CUSTOM FIELD EDITED' is present

2021-03-15 12:44:44 - [MESSAGE][WARNING] - Timeout '0' is invalid. Using default page load timeout: '30'

2021-03-15 12:44:45 - [MESSAGE][PASSED] - Object 'Object Repository/User/label_SAMPLE CUSTOM FIELD EDITED' is present

2021-03-15 12:44:45 - [TEST_STEP][PASSED] - verifyElementText(findTestObject("User/label_SAMPLE CUSTOM FIELD EDITED"), "SAMPLE CUSTOM FIELD EDITED"): Actual text and expected text of test object 'Object Repository/User/label_SAMPLE CUSTOM FIELD EDITED' are matched.

2021-03-15 12:44:45 - [MESSAGE][PASSED] - Actual text and expected text of test object 'Object Repository/User/label_SAMPLE CUSTOM FIELD EDITED' are matched.

2021-03-15 12:44:45 - [TEST_STEP][PASSED] - callTestCase(findTestCase("Utilities/Deleting Custom Field"), [:], STOP_ON_FAILURE): Call Test Case 'Test Cases/Utilities/Deleting Custom Field' successfully

2021-03-15 12:44:45 - [TEST_CASE][PASSED] - Test Cases/Utilities/Deleting Custom Field: Test Cases/Utilities/Deleting Custom Field

2021-03-15 12:44:45 - [TEST_STEP][PASSED] - callTestCase(findTestCase("Utilities/Admin Login"), [:], STOP_ON_FAILURE): Call Test Case 'Test Cases/Utilities/Admin Login' successfully

2021-03-15 12:44:45 - [TEST_CASE][PASSED] - Test Cases/Utilities/Admin Login: Test Cases/Utilities/Admin Login

2021-03-15 12:44:45 - [TEST_STEP][PASSED] - openBrowser(""): Browser is opened with url: ''

2021-03-15 12:44:45 - [MESSAGE][WARNING] - A browser is already opened. Closing browser and opening a new one

2021-03-15 12:44:46 - [MESSAGE][INFO] - Starting 'Chrome' driver

2021-03-15 12:44:46 - [MESSAGE][INFO] - Action delay is set to 0 milliseconds

2021-03-15 12:44:47 - [MESSAGE][PASSED] - Browser is opened with url: ''

2021-03-15 12:44:47 - [TEST_STEP][PASSED] - maximizeWindow(): Current window maximized

2021-03-15 12:44:48 - [MESSAGE][PASSED] - Current window maximized

2021-03-15 12:44:48 - [TEST_STEP][PASSED] - navigateToUrl(admin_url): Navigate to 'https://youhadmeathelloworld.arcadier.io/admin' successfully

2021-03-15 12:44:51 - [MESSAGE][PASSED] - Navigate to 'https://youhadmeathelloworld.arcadier.io/admin' successfully

2021-03-15 12:44:51 - [TEST_STEP][PASSED] - waitForPageLoad(2): Wait for page load successfully

2021-03-15 12:44:51 - [MESSAGE][PASSED] - Wait for page load successfully

2021-03-15 12:44:51 - [TEST_STEP][PASSED] - setText(findTestObject("Admin/Admin Login/txt_username"), admin_username): Text 'codemafia' is set on object 'Object Repository/Admin/Admin Login/txt_username'

2021-03-15 12:44:51 - [MESSAGE][PASSED] - Text 'codemafia' is set on object 'Object Repository/Admin/Admin Login/txt_username'

2021-03-15 12:44:51 - [TEST_STEP][PASSED] - setText(findTestObject("Admin/Admin Login/txt_password"), admin_password): Text 'welcome8' is set on object 'Object Repository/Admin/Admin Login/txt_password'

2021-03-15 12:44:52 - [MESSAGE][PASSED] - Text 'welcome8' is set on object 'Object Repository/Admin/Admin Login/txt_password'

2021-03-15 12:44:52 - [TEST_STEP][PASSED] - click(findTestObject("Admin/Admin Login/button_login")): Object: 'Object Repository/Admin/Admin Login/button_login' is clicked on

2021-03-15 12:44:57 - [MESSAGE][PASSED] - Object: 'Object Repository/Admin/Admin Login/button_login' is clicked on

2021-03-15 12:44:57 - [MESSAGE][PASSED] - Call Test Case 'Test Cases/Utilities/Admin Login' successfully

2021-03-15 12:44:57 - [TEST_STEP][PASSED] - callTestCase(findTestCase("Utilities/Navigate to Plugin"), [:], STOP_ON_FAILURE): Call Test Case 'Test Cases/Utilities/Navigate to Plugin' successfully

2021-03-15 12:44:57 - [TEST_CASE][PASSED] - Test Cases/Utilities/Navigate to Plugin: Test Cases/Utilities/Navigate to Plugin

2021-03-15 12:44:57 - [TEST_STEP][PASSED] - click(findTestObject("Admin/Plugin Navigation/link_plugin")): Object: 'Object Repository/Admin/Plugin Navigation/link_plugin' is clicked on

2021-03-15 12:44:58 - [MESSAGE][PASSED] - Object: 'Object Repository/Admin/Plugin Navigation/link_plugin' is clicked on

2021-03-15 12:44:58 - [TEST_STEP][PASSED] - click(findTestObject("Admin/Plugin Navigation/link_profile")): Object: 'Object Repository/Admin/Plugin Navigation/link_profile' is clicked on

2021-03-15 12:44:59 - [MESSAGE][PASSED] - Object: 'Object Repository/Admin/Plugin Navigation/link_profile' is clicked on

2021-03-15 12:44:59 - [MESSAGE][PASSED] - Call Test Case 'Test Cases/Utilities/Navigate to Plugin' successfully

2021-03-15 12:44:59 - [TEST_STEP][PASSED] - click(findTestObject("Admin/Plugin Page/Deleting Custom Fields/i_Textfield_icon icon-delete")): Object: 'Object Repository/Admin/Plugin Page/Deleting Custom Fields/i_Textfield_icon icon-delete' is clicked on

2021-03-15 12:44:59 - [MESSAGE][PASSED] - Object: 'Object Repository/Admin/Plugin Page/Deleting Custom Fields/i_Textfield_icon icon-delete' is clicked on

2021-03-15 12:44:59 - [TEST_STEP][PASSED] - click(findTestObject("Admin/Plugin Page/Deleting Custom Fields/del_confirm")): Object: 'Object Repository/Admin/Plugin Page/Deleting Custom Fields/del_confirm' is clicked on

2021-03-15 12:45:00 - [MESSAGE][PASSED] - Object: 'Object Repository/Admin/Plugin Page/Deleting Custom Fields/del_confirm' is clicked on

2021-03-15 12:45:00 - [TEST_STEP][PASSED] - closeBrowser(): Browser is closed

2021-03-15 12:45:01 - [MESSAGE][PASSED] - Browser is closed

2021-03-15 12:45:01 - [MESSAGE][PASSED] - Call Test Case 'Test Cases/Utilities/Deleting Custom Field' successfully]]></system-out>
         <system-err><![CDATA[]]></system-err>
      </testcase>
      <testcase name="Test Cases/User Settings/COMPLEX/TC_CMPLX_014" time="45.358" classname="Test Cases/User Settings/COMPLEX/TC_CMPLX_014" status="PASSED">
         <system-out><![CDATA[2021-03-15 12:45:01 - [TEST_CASE][PASSED] - Test Cases/User Settings/COMPLEX/TC_CMPLX_014: Test Cases/User Settings/COMPLEX/TC_CMPLX_014

2021-03-15 12:45:01 - [TEST_STEP][PASSED] - callTestCase(findTestCase("Utilities/Add New Text Custom Field"), [:], STOP_ON_FAILURE): Call Test Case 'Test Cases/Utilities/Add New Text Custom Field' successfully

2021-03-15 12:45:01 - [TEST_CASE][PASSED] - Test Cases/Utilities/Add New Text Custom Field: Test Cases/Utilities/Add New Text Custom Field

2021-03-15 12:45:01 - [TEST_STEP][PASSED] - callTestCase(findTestCase("Utilities/Admin Login"), [:], STOP_ON_FAILURE): Call Test Case 'Test Cases/Utilities/Admin Login' successfully

2021-03-15 12:45:01 - [TEST_CASE][PASSED] - Test Cases/Utilities/Admin Login: Test Cases/Utilities/Admin Login

2021-03-15 12:45:01 - [TEST_STEP][PASSED] - openBrowser(""): Browser is opened with url: ''

2021-03-15 12:45:01 - [MESSAGE][INFO] - Starting 'Chrome' driver

2021-03-15 12:45:01 - [MESSAGE][INFO] - Action delay is set to 0 milliseconds

2021-03-15 12:45:02 - [MESSAGE][PASSED] - Browser is opened with url: ''

2021-03-15 12:45:02 - [TEST_STEP][PASSED] - maximizeWindow(): Current window maximized

2021-03-15 12:45:03 - [MESSAGE][PASSED] - Current window maximized

2021-03-15 12:45:03 - [TEST_STEP][PASSED] - navigateToUrl(admin_url): Navigate to 'https://youhadmeathelloworld.arcadier.io/admin' successfully

2021-03-15 12:45:06 - [MESSAGE][PASSED] - Navigate to 'https://youhadmeathelloworld.arcadier.io/admin' successfully

2021-03-15 12:45:06 - [TEST_STEP][PASSED] - waitForPageLoad(2): Wait for page load successfully

2021-03-15 12:45:06 - [MESSAGE][PASSED] - Wait for page load successfully

2021-03-15 12:45:06 - [TEST_STEP][PASSED] - setText(findTestObject("Admin/Admin Login/txt_username"), admin_username): Text 'codemafia' is set on object 'Object Repository/Admin/Admin Login/txt_username'

2021-03-15 12:45:07 - [MESSAGE][PASSED] - Text 'codemafia' is set on object 'Object Repository/Admin/Admin Login/txt_username'

2021-03-15 12:45:07 - [TEST_STEP][PASSED] - setText(findTestObject("Admin/Admin Login/txt_password"), admin_password): Text 'welcome8' is set on object 'Object Repository/Admin/Admin Login/txt_password'

2021-03-15 12:45:08 - [MESSAGE][PASSED] - Text 'welcome8' is set on object 'Object Repository/Admin/Admin Login/txt_password'

2021-03-15 12:45:08 - [TEST_STEP][PASSED] - click(findTestObject("Admin/Admin Login/button_login")): Object: 'Object Repository/Admin/Admin Login/button_login' is clicked on

2021-03-15 12:45:11 - [MESSAGE][PASSED] - Object: 'Object Repository/Admin/Admin Login/button_login' is clicked on

2021-03-15 12:45:11 - [MESSAGE][PASSED] - Call Test Case 'Test Cases/Utilities/Admin Login' successfully

2021-03-15 12:45:11 - [TEST_STEP][PASSED] - callTestCase(findTestCase("Utilities/Navigate to Plugin"), [:], STOP_ON_FAILURE): Call Test Case 'Test Cases/Utilities/Navigate to Plugin' successfully

2021-03-15 12:45:11 - [TEST_CASE][PASSED] - Test Cases/Utilities/Navigate to Plugin: Test Cases/Utilities/Navigate to Plugin

2021-03-15 12:45:11 - [TEST_STEP][PASSED] - click(findTestObject("Admin/Plugin Navigation/link_plugin")): Object: 'Object Repository/Admin/Plugin Navigation/link_plugin' is clicked on

2021-03-15 12:45:12 - [MESSAGE][PASSED] - Object: 'Object Repository/Admin/Plugin Navigation/link_plugin' is clicked on

2021-03-15 12:45:12 - [TEST_STEP][PASSED] - click(findTestObject("Admin/Plugin Navigation/link_profile")): Object: 'Object Repository/Admin/Plugin Navigation/link_profile' is clicked on

2021-03-15 12:45:14 - [MESSAGE][PASSED] - Object: 'Object Repository/Admin/Plugin Navigation/link_profile' is clicked on

2021-03-15 12:45:14 - [MESSAGE][PASSED] - Call Test Case 'Test Cases/Utilities/Navigate to Plugin' successfully

2021-03-15 12:45:14 - [TEST_STEP][PASSED] - click(findTestObject("Admin/Plugin Page/Add New Text CF/a_Add Profile Input Field")): Object: 'Object Repository/Admin/Plugin Page/Add New Text CF/a_Add Profile Input Field' is clicked on

2021-03-15 12:45:14 - [MESSAGE][PASSED] - Object: 'Object Repository/Admin/Plugin Page/Add New Text CF/a_Add Profile Input Field' is clicked on

2021-03-15 12:45:14 - [TEST_STEP][PASSED] - setText(findTestObject("Admin/Plugin Page/Add New Text CF/input_Custom Field Name_custom_name"), "Sample Text Customfield"): Text 'Sample Text Customfield' is set on object 'Object Repository/Admin/Plugin Page/Add New Text CF/input_Custom Field Name_custom_name'

2021-03-15 12:45:15 - [MESSAGE][PASSED] - Text 'Sample Text Customfield' is set on object 'Object Repository/Admin/Plugin Page/Add New Text CF/input_Custom Field Name_custom_name'

2021-03-15 12:45:15 - [TEST_STEP][PASSED] - click(findTestObject("Admin/Plugin Page/Add New Text CF/input_Add Option_saveCustomDetails")): Object: 'Object Repository/Admin/Plugin Page/Add New Text CF/input_Add Option_saveCustomDetails' is clicked on

2021-03-15 12:45:16 - [MESSAGE][PASSED] - Object: 'Object Repository/Admin/Plugin Page/Add New Text CF/input_Add Option_saveCustomDetails' is clicked on

2021-03-15 12:45:16 - [TEST_STEP][PASSED] - closeBrowser(): Browser is closed

2021-03-15 12:45:17 - [MESSAGE][PASSED] - Browser is closed

2021-03-15 12:45:17 - [MESSAGE][PASSED] - Call Test Case 'Test Cases/Utilities/Add New Text Custom Field' successfully

2021-03-15 12:45:17 - [TEST_STEP][PASSED] - callTestCase(findTestCase("Utilities/Deleting Custom Field"), [:], STOP_ON_FAILURE): Call Test Case 'Test Cases/Utilities/Deleting Custom Field' successfully

2021-03-15 12:45:17 - [TEST_CASE][PASSED] - Test Cases/Utilities/Deleting Custom Field: Test Cases/Utilities/Deleting Custom Field

2021-03-15 12:45:17 - [TEST_STEP][PASSED] - callTestCase(findTestCase("Utilities/Admin Login"), [:], STOP_ON_FAILURE): Call Test Case 'Test Cases/Utilities/Admin Login' successfully

2021-03-15 12:45:17 - [TEST_CASE][PASSED] - Test Cases/Utilities/Admin Login: Test Cases/Utilities/Admin Login

2021-03-15 12:45:17 - [TEST_STEP][PASSED] - openBrowser(""): Browser is opened with url: ''

2021-03-15 12:45:17 - [MESSAGE][INFO] - Starting 'Chrome' driver

2021-03-15 12:45:17 - [MESSAGE][INFO] - Action delay is set to 0 milliseconds

2021-03-15 12:45:18 - [MESSAGE][PASSED] - Browser is opened with url: ''

2021-03-15 12:45:18 - [TEST_STEP][PASSED] - maximizeWindow(): Current window maximized

2021-03-15 12:45:18 - [MESSAGE][PASSED] - Current window maximized

2021-03-15 12:45:18 - [TEST_STEP][PASSED] - navigateToUrl(admin_url): Navigate to 'https://youhadmeathelloworld.arcadier.io/admin' successfully

2021-03-15 12:45:22 - [MESSAGE][PASSED] - Navigate to 'https://youhadmeathelloworld.arcadier.io/admin' successfully

2021-03-15 12:45:22 - [TEST_STEP][PASSED] - waitForPageLoad(2): Wait for page load successfully

2021-03-15 12:45:22 - [MESSAGE][PASSED] - Wait for page load successfully

2021-03-15 12:45:22 - [TEST_STEP][PASSED] - setText(findTestObject("Admin/Admin Login/txt_username"), admin_username): Text 'codemafia' is set on object 'Object Repository/Admin/Admin Login/txt_username'

2021-03-15 12:45:23 - [MESSAGE][PASSED] - Text 'codemafia' is set on object 'Object Repository/Admin/Admin Login/txt_username'

2021-03-15 12:45:23 - [TEST_STEP][PASSED] - setText(findTestObject("Admin/Admin Login/txt_password"), admin_password): Text 'welcome8' is set on object 'Object Repository/Admin/Admin Login/txt_password'

2021-03-15 12:45:24 - [MESSAGE][PASSED] - Text 'welcome8' is set on object 'Object Repository/Admin/Admin Login/txt_password'

2021-03-15 12:45:24 - [TEST_STEP][PASSED] - click(findTestObject("Admin/Admin Login/button_login")): Object: 'Object Repository/Admin/Admin Login/button_login' is clicked on

2021-03-15 12:45:28 - [MESSAGE][PASSED] - Object: 'Object Repository/Admin/Admin Login/button_login' is clicked on

2021-03-15 12:45:28 - [MESSAGE][PASSED] - Call Test Case 'Test Cases/Utilities/Admin Login' successfully

2021-03-15 12:45:28 - [TEST_STEP][PASSED] - callTestCase(findTestCase("Utilities/Navigate to Plugin"), [:], STOP_ON_FAILURE): Call Test Case 'Test Cases/Utilities/Navigate to Plugin' successfully

2021-03-15 12:45:28 - [TEST_CASE][PASSED] - Test Cases/Utilities/Navigate to Plugin: Test Cases/Utilities/Navigate to Plugin

2021-03-15 12:45:28 - [TEST_STEP][PASSED] - click(findTestObject("Admin/Plugin Navigation/link_plugin")): Object: 'Object Repository/Admin/Plugin Navigation/link_plugin' is clicked on

2021-03-15 12:45:29 - [MESSAGE][PASSED] - Object: 'Object Repository/Admin/Plugin Navigation/link_plugin' is clicked on

2021-03-15 12:45:29 - [TEST_STEP][PASSED] - click(findTestObject("Admin/Plugin Navigation/link_profile")): Object: 'Object Repository/Admin/Plugin Navigation/link_profile' is clicked on

2021-03-15 12:45:31 - [MESSAGE][PASSED] - Object: 'Object Repository/Admin/Plugin Navigation/link_profile' is clicked on

2021-03-15 12:45:31 - [MESSAGE][PASSED] - Call Test Case 'Test Cases/Utilities/Navigate to Plugin' successfully

2021-03-15 12:45:31 - [TEST_STEP][PASSED] - click(findTestObject("Admin/Plugin Page/Deleting Custom Fields/i_Textfield_icon icon-delete")): Object: 'Object Repository/Admin/Plugin Page/Deleting Custom Fields/i_Textfield_icon icon-delete' is clicked on

2021-03-15 12:45:31 - [MESSAGE][PASSED] - Object: 'Object Repository/Admin/Plugin Page/Deleting Custom Fields/i_Textfield_icon icon-delete' is clicked on

2021-03-15 12:45:31 - [TEST_STEP][PASSED] - click(findTestObject("Admin/Plugin Page/Deleting Custom Fields/del_confirm")): Object: 'Object Repository/Admin/Plugin Page/Deleting Custom Fields/del_confirm' is clicked on

2021-03-15 12:45:32 - [MESSAGE][PASSED] - Object: 'Object Repository/Admin/Plugin Page/Deleting Custom Fields/del_confirm' is clicked on

2021-03-15 12:45:32 - [TEST_STEP][PASSED] - closeBrowser(): Browser is closed

2021-03-15 12:45:33 - [MESSAGE][PASSED] - Browser is closed

2021-03-15 12:45:33 - [MESSAGE][PASSED] - Call Test Case 'Test Cases/Utilities/Deleting Custom Field' successfully

2021-03-15 12:45:33 - [TEST_STEP][PASSED] - callTestCase(findTestCase("Utilities/Navigate to Buyer Settings"), [:], STOP_ON_FAILURE): Call Test Case 'Test Cases/Utilities/Navigate to Buyer Settings' successfully

2021-03-15 12:45:33 - [TEST_CASE][PASSED] - Test Cases/Utilities/Navigate to Buyer Settings: Test Cases/Utilities/Navigate to Buyer Settings

2021-03-15 12:45:33 - [TEST_STEP][PASSED] - openBrowser(""): Browser is opened with url: ''

2021-03-15 12:45:33 - [MESSAGE][INFO] - Starting 'Chrome' driver

2021-03-15 12:45:33 - [MESSAGE][INFO] - Action delay is set to 0 milliseconds

2021-03-15 12:45:34 - [MESSAGE][PASSED] - Browser is opened with url: ''

2021-03-15 12:45:34 - [TEST_STEP][PASSED] - navigateToUrl("https://youhadmeathelloworld.arcadier.io/"): Navigate to 'https://youhadmeathelloworld.arcadier.io/' successfully

2021-03-15 12:45:37 - [MESSAGE][PASSED] - Navigate to 'https://youhadmeathelloworld.arcadier.io/' successfully

2021-03-15 12:45:37 - [TEST_STEP][PASSED] - maximizeWindow(): Current window maximized

2021-03-15 12:45:37 - [MESSAGE][PASSED] - Current window maximized

2021-03-15 12:45:37 - [TEST_STEP][PASSED] - click(findTestObject("Object Repository/User/a_REGISTER  SIGN IN")): Object: 'Object Repository/User/a_REGISTER  SIGN IN' is clicked on

2021-03-15 12:45:39 - [MESSAGE][PASSED] - Object: 'Object Repository/User/a_REGISTER  SIGN IN' is clicked on

2021-03-15 12:45:39 - [TEST_STEP][PASSED] - setText(findTestObject("Object Repository/User/input_Your emailusername_username"), "athena"): Text 'athena' is set on object 'Object Repository/User/input_Your emailusername_username'

2021-03-15 12:45:40 - [MESSAGE][PASSED] - Text 'athena' is set on object 'Object Repository/User/input_Your emailusername_username'

2021-03-15 12:45:40 - [TEST_STEP][PASSED] - setEncryptedText(findTestObject("Object Repository/User/input_Your password_password"), "goxxgxvM2dP/z7G09p4JaTtn5QD+a0Kw"): Text ****** has been set on object 'Object Repository/User/input_Your password_password'

2021-03-15 12:45:40 - [MESSAGE][PASSED] - Text ****** has been set on object 'Object Repository/User/input_Your password_password'

2021-03-15 12:45:40 - [TEST_STEP][PASSED] - click(findTestObject("Object Repository/User/input_Your password_login-submit")): Object: 'Object Repository/User/input_Your password_login-submit' is clicked on

2021-03-15 12:45:43 - [MESSAGE][PASSED] - Object: 'Object Repository/User/input_Your password_login-submit' is clicked on

2021-03-15 12:45:43 - [TEST_STEP][PASSED] - mouseOver(findTestObject("User/i_EN_icon icon-down")): Object: 'Object Repository/User/i_EN_icon icon-down' is hovered

2021-03-15 12:45:44 - [MESSAGE][PASSED] - Object: 'Object Repository/User/i_EN_icon icon-down' is hovered

2021-03-15 12:45:44 - [TEST_STEP][PASSED] - click(findTestObject("User/a_Settings")): Object: 'Object Repository/User/a_Settings' is clicked on

2021-03-15 12:45:45 - [MESSAGE][PASSED] - Object: 'Object Repository/User/a_Settings' is clicked on

2021-03-15 12:45:45 - [MESSAGE][PASSED] - Call Test Case 'Test Cases/Utilities/Navigate to Buyer Settings' successfully

2021-03-15 12:45:45 - [TEST_STEP][PASSED] - verifyElementNotPresent(findTestObject("User/input_SAMPLE TEXT CUSTOMFIELD_Sample Text Customfield"), 0): Web element with id: 'Object Repository/User/input_SAMPLE TEXT CUSTOMFIELD_Sample Text Customfield' located by 'By.xpath: //*[@type = 'text' and @name = 'Sample Text Customfield']' is not present after '30' second(s)

2021-03-15 12:45:45 - [MESSAGE][WARNING] - Timeout '0' is invalid. Using default page load timeout: '30'

2021-03-15 12:45:46 - [MESSAGE][PASSED] - Web element with id: 'Object Repository/User/input_SAMPLE TEXT CUSTOMFIELD_Sample Text Customfield' located by 'By.xpath: //*[@type = 'text' and @name = 'Sample Text Customfield']' is not present after '30' second(s)]]></system-out>
         <system-err><![CDATA[]]></system-err>
      </testcase>
      <testcase name="Test Cases/User Settings/COMPLEX/TC_CMPLX_015" time="60.135" classname="Test Cases/User Settings/COMPLEX/TC_CMPLX_015" status="PASSED">
         <system-out><![CDATA[2021-03-15 12:45:46 - [TEST_CASE][PASSED] - Test Cases/User Settings/COMPLEX/TC_CMPLX_015: Test Cases/User Settings/COMPLEX/TC_CMPLX_015

2021-03-15 12:45:46 - [TEST_STEP][PASSED] - callTestCase(findTestCase("Utilities/Add New Text Custom Field"), [:], STOP_ON_FAILURE): Call Test Case 'Test Cases/Utilities/Add New Text Custom Field' successfully

2021-03-15 12:45:46 - [TEST_CASE][PASSED] - Test Cases/Utilities/Add New Text Custom Field: Test Cases/Utilities/Add New Text Custom Field

2021-03-15 12:45:46 - [TEST_STEP][PASSED] - callTestCase(findTestCase("Utilities/Admin Login"), [:], STOP_ON_FAILURE): Call Test Case 'Test Cases/Utilities/Admin Login' successfully

2021-03-15 12:45:46 - [TEST_CASE][PASSED] - Test Cases/Utilities/Admin Login: Test Cases/Utilities/Admin Login

2021-03-15 12:45:46 - [TEST_STEP][PASSED] - openBrowser(""): Browser is opened with url: ''

2021-03-15 12:45:46 - [MESSAGE][WARNING] - A browser is already opened. Closing browser and opening a new one

2021-03-15 12:45:47 - [MESSAGE][INFO] - Starting 'Chrome' driver

2021-03-15 12:45:47 - [MESSAGE][INFO] - Action delay is set to 0 milliseconds

2021-03-15 12:45:48 - [MESSAGE][PASSED] - Browser is opened with url: ''

2021-03-15 12:45:48 - [TEST_STEP][PASSED] - maximizeWindow(): Current window maximized

2021-03-15 12:45:49 - [MESSAGE][PASSED] - Current window maximized

2021-03-15 12:45:49 - [TEST_STEP][PASSED] - navigateToUrl(admin_url): Navigate to 'https://youhadmeathelloworld.arcadier.io/admin' successfully

2021-03-15 12:45:54 - [MESSAGE][PASSED] - Navigate to 'https://youhadmeathelloworld.arcadier.io/admin' successfully

2021-03-15 12:45:54 - [TEST_STEP][PASSED] - waitForPageLoad(2): Wait for page load successfully

2021-03-15 12:45:54 - [MESSAGE][PASSED] - Wait for page load successfully

2021-03-15 12:45:54 - [TEST_STEP][PASSED] - setText(findTestObject("Admin/Admin Login/txt_username"), admin_username): Text 'codemafia' is set on object 'Object Repository/Admin/Admin Login/txt_username'

2021-03-15 12:45:54 - [MESSAGE][PASSED] - Text 'codemafia' is set on object 'Object Repository/Admin/Admin Login/txt_username'

2021-03-15 12:45:54 - [TEST_STEP][PASSED] - setText(findTestObject("Admin/Admin Login/txt_password"), admin_password): Text 'welcome8' is set on object 'Object Repository/Admin/Admin Login/txt_password'

2021-03-15 12:45:55 - [MESSAGE][PASSED] - Text 'welcome8' is set on object 'Object Repository/Admin/Admin Login/txt_password'

2021-03-15 12:45:55 - [TEST_STEP][PASSED] - click(findTestObject("Admin/Admin Login/button_login")): Object: 'Object Repository/Admin/Admin Login/button_login' is clicked on

2021-03-15 12:46:00 - [MESSAGE][PASSED] - Object: 'Object Repository/Admin/Admin Login/button_login' is clicked on

2021-03-15 12:46:00 - [MESSAGE][PASSED] - Call Test Case 'Test Cases/Utilities/Admin Login' successfully

2021-03-15 12:46:00 - [TEST_STEP][PASSED] - callTestCase(findTestCase("Utilities/Navigate to Plugin"), [:], STOP_ON_FAILURE): Call Test Case 'Test Cases/Utilities/Navigate to Plugin' successfully

2021-03-15 12:46:00 - [TEST_CASE][PASSED] - Test Cases/Utilities/Navigate to Plugin: Test Cases/Utilities/Navigate to Plugin

2021-03-15 12:46:00 - [TEST_STEP][PASSED] - click(findTestObject("Admin/Plugin Navigation/link_plugin")): Object: 'Object Repository/Admin/Plugin Navigation/link_plugin' is clicked on

2021-03-15 12:46:01 - [MESSAGE][PASSED] - Object: 'Object Repository/Admin/Plugin Navigation/link_plugin' is clicked on

2021-03-15 12:46:01 - [TEST_STEP][PASSED] - click(findTestObject("Admin/Plugin Navigation/link_profile")): Object: 'Object Repository/Admin/Plugin Navigation/link_profile' is clicked on

2021-03-15 12:46:04 - [MESSAGE][PASSED] - Object: 'Object Repository/Admin/Plugin Navigation/link_profile' is clicked on

2021-03-15 12:46:04 - [MESSAGE][PASSED] - Call Test Case 'Test Cases/Utilities/Navigate to Plugin' successfully

2021-03-15 12:46:04 - [TEST_STEP][PASSED] - click(findTestObject("Admin/Plugin Page/Add New Text CF/a_Add Profile Input Field")): Object: 'Object Repository/Admin/Plugin Page/Add New Text CF/a_Add Profile Input Field' is clicked on

2021-03-15 12:46:04 - [MESSAGE][PASSED] - Object: 'Object Repository/Admin/Plugin Page/Add New Text CF/a_Add Profile Input Field' is clicked on

2021-03-15 12:46:04 - [TEST_STEP][PASSED] - setText(findTestObject("Admin/Plugin Page/Add New Text CF/input_Custom Field Name_custom_name"), "Sample Text Customfield"): Text 'Sample Text Customfield' is set on object 'Object Repository/Admin/Plugin Page/Add New Text CF/input_Custom Field Name_custom_name'

2021-03-15 12:46:05 - [MESSAGE][PASSED] - Text 'Sample Text Customfield' is set on object 'Object Repository/Admin/Plugin Page/Add New Text CF/input_Custom Field Name_custom_name'

2021-03-15 12:46:05 - [TEST_STEP][PASSED] - click(findTestObject("Admin/Plugin Page/Add New Text CF/input_Add Option_saveCustomDetails")): Object: 'Object Repository/Admin/Plugin Page/Add New Text CF/input_Add Option_saveCustomDetails' is clicked on

2021-03-15 12:46:05 - [MESSAGE][PASSED] - Object: 'Object Repository/Admin/Plugin Page/Add New Text CF/input_Add Option_saveCustomDetails' is clicked on

2021-03-15 12:46:05 - [TEST_STEP][PASSED] - closeBrowser(): Browser is closed

2021-03-15 12:46:07 - [MESSAGE][PASSED] - Browser is closed

2021-03-15 12:46:07 - [MESSAGE][PASSED] - Call Test Case 'Test Cases/Utilities/Add New Text Custom Field' successfully

2021-03-15 12:46:07 - [TEST_STEP][PASSED] - callTestCase(findTestCase("Utilities/Navigate to Buyer Settings"), [:], STOP_ON_FAILURE): Call Test Case 'Test Cases/Utilities/Navigate to Buyer Settings' successfully

2021-03-15 12:46:07 - [TEST_CASE][PASSED] - Test Cases/Utilities/Navigate to Buyer Settings: Test Cases/Utilities/Navigate to Buyer Settings

2021-03-15 12:46:07 - [TEST_STEP][PASSED] - openBrowser(""): Browser is opened with url: ''

2021-03-15 12:46:07 - [MESSAGE][INFO] - Starting 'Chrome' driver

2021-03-15 12:46:07 - [MESSAGE][INFO] - Action delay is set to 0 milliseconds

2021-03-15 12:46:08 - [MESSAGE][PASSED] - Browser is opened with url: ''

2021-03-15 12:46:08 - [TEST_STEP][PASSED] - navigateToUrl("https://youhadmeathelloworld.arcadier.io/"): Navigate to 'https://youhadmeathelloworld.arcadier.io/' successfully

2021-03-15 12:46:11 - [MESSAGE][PASSED] - Navigate to 'https://youhadmeathelloworld.arcadier.io/' successfully

2021-03-15 12:46:11 - [TEST_STEP][PASSED] - maximizeWindow(): Current window maximized

2021-03-15 12:46:11 - [MESSAGE][PASSED] - Current window maximized

2021-03-15 12:46:11 - [TEST_STEP][PASSED] - click(findTestObject("Object Repository/User/a_REGISTER  SIGN IN")): Object: 'Object Repository/User/a_REGISTER  SIGN IN' is clicked on

2021-03-15 12:46:13 - [MESSAGE][PASSED] - Object: 'Object Repository/User/a_REGISTER  SIGN IN' is clicked on

2021-03-15 12:46:13 - [TEST_STEP][PASSED] - setText(findTestObject("Object Repository/User/input_Your emailusername_username"), "athena"): Text 'athena' is set on object 'Object Repository/User/input_Your emailusername_username'

2021-03-15 12:46:14 - [MESSAGE][PASSED] - Text 'athena' is set on object 'Object Repository/User/input_Your emailusername_username'

2021-03-15 12:46:14 - [TEST_STEP][PASSED] - setEncryptedText(findTestObject("Object Repository/User/input_Your password_password"), "goxxgxvM2dP/z7G09p4JaTtn5QD+a0Kw"): Text ****** has been set on object 'Object Repository/User/input_Your password_password'

2021-03-15 12:46:14 - [MESSAGE][PASSED] - Text ****** has been set on object 'Object Repository/User/input_Your password_password'

2021-03-15 12:46:14 - [TEST_STEP][PASSED] - click(findTestObject("Object Repository/User/input_Your password_login-submit")): Object: 'Object Repository/User/input_Your password_login-submit' is clicked on

2021-03-15 12:46:16 - [MESSAGE][PASSED] - Object: 'Object Repository/User/input_Your password_login-submit' is clicked on

2021-03-15 12:46:16 - [TEST_STEP][PASSED] - mouseOver(findTestObject("User/i_EN_icon icon-down")): Object: 'Object Repository/User/i_EN_icon icon-down' is hovered

2021-03-15 12:46:18 - [MESSAGE][PASSED] - Object: 'Object Repository/User/i_EN_icon icon-down' is hovered

2021-03-15 12:46:18 - [TEST_STEP][PASSED] - click(findTestObject("User/a_Settings")): Object: 'Object Repository/User/a_Settings' is clicked on

2021-03-15 12:46:18 - [MESSAGE][PASSED] - Object: 'Object Repository/User/a_Settings' is clicked on

2021-03-15 12:46:18 - [MESSAGE][PASSED] - Call Test Case 'Test Cases/Utilities/Navigate to Buyer Settings' successfully

2021-03-15 12:46:18 - [TEST_STEP][PASSED] - setText(findTestObject("Object Repository/User/custom values/input_SAMPLE TEXT CUSTOMFIELD_Sample Text C_ce5c8c"), "customfield value"): Text 'customfield value' is set on object 'Object Repository/User/custom values/input_SAMPLE TEXT CUSTOMFIELD_Sample Text C_ce5c8c'

2021-03-15 12:46:20 - [MESSAGE][PASSED] - Text 'customfield value' is set on object 'Object Repository/User/custom values/input_SAMPLE TEXT CUSTOMFIELD_Sample Text C_ce5c8c'

2021-03-15 12:46:20 - [TEST_STEP][PASSED] - click(findTestObject("User/accept_cookies")): Object: 'Object Repository/User/accept_cookies' is clicked on

2021-03-15 12:46:21 - [MESSAGE][PASSED] - Object: 'Object Repository/User/accept_cookies' is clicked on

2021-03-15 12:46:21 - [TEST_STEP][PASSED] - click(findTestObject("User/custom values/a_NEXT")): Object: 'Object Repository/User/custom values/a_NEXT' is clicked on

2021-03-15 12:46:22 - [MESSAGE][PASSED] - Object: 'Object Repository/User/custom values/a_NEXT' is clicked on

2021-03-15 12:46:22 - [TEST_STEP][PASSED] - click(findTestObject("User/custom values/a_SAVE")): Object: 'Object Repository/User/custom values/a_SAVE' is clicked on

2021-03-15 12:46:25 - [MESSAGE][PASSED] - Object: 'Object Repository/User/custom values/a_SAVE' is clicked on

2021-03-15 12:46:25 - [TEST_STEP][PASSED] - mouseOver(findTestObject("User/i_EN_icon icon-down")): Object: 'Object Repository/User/i_EN_icon icon-down' is hovered

2021-03-15 12:46:26 - [MESSAGE][PASSED] - Object: 'Object Repository/User/i_EN_icon icon-down' is hovered

2021-03-15 12:46:26 - [TEST_STEP][PASSED] - click(findTestObject("User/a_Settings")): Object: 'Object Repository/User/a_Settings' is clicked on

2021-03-15 12:46:27 - [MESSAGE][PASSED] - Object: 'Object Repository/User/a_Settings' is clicked on

2021-03-15 12:46:27 - [TEST_STEP][PASSED] - verifyElementAttributeValue(findTestObject("User/custom values/input_SAMPLE TEXT CUSTOMFIELD_Sample Text C_ce5c8c"), "value", "customfield value", 0): Object 'Object Repository/User/custom values/input_SAMPLE TEXT CUSTOMFIELD_Sample Text C_ce5c8c' has attribute 'value' with value 'customfield value'

2021-03-15 12:46:27 - [MESSAGE][WARNING] - Timeout '0' is invalid. Using default page load timeout: '30'

2021-03-15 12:46:28 - [MESSAGE][PASSED] - Object 'Object Repository/User/custom values/input_SAMPLE TEXT CUSTOMFIELD_Sample Text C_ce5c8c' has attribute 'value' with value 'customfield value'

2021-03-15 12:46:28 - [TEST_STEP][PASSED] - closeBrowser(): Browser is closed

2021-03-15 12:46:29 - [MESSAGE][PASSED] - Browser is closed

2021-03-15 12:46:29 - [TEST_STEP][PASSED] - callTestCase(findTestCase("Utilities/Deleting Custom Field"), [:], STOP_ON_FAILURE): Call Test Case 'Test Cases/Utilities/Deleting Custom Field' successfully

2021-03-15 12:46:29 - [TEST_CASE][PASSED] - Test Cases/Utilities/Deleting Custom Field: Test Cases/Utilities/Deleting Custom Field

2021-03-15 12:46:29 - [TEST_STEP][PASSED] - callTestCase(findTestCase("Utilities/Admin Login"), [:], STOP_ON_FAILURE): Call Test Case 'Test Cases/Utilities/Admin Login' successfully

2021-03-15 12:46:29 - [TEST_CASE][PASSED] - Test Cases/Utilities/Admin Login: Test Cases/Utilities/Admin Login

2021-03-15 12:46:29 - [TEST_STEP][PASSED] - openBrowser(""): Browser is opened with url: ''

2021-03-15 12:46:29 - [MESSAGE][INFO] - Starting 'Chrome' driver

2021-03-15 12:46:29 - [MESSAGE][INFO] - Action delay is set to 0 milliseconds

2021-03-15 12:46:30 - [MESSAGE][PASSED] - Browser is opened with url: ''

2021-03-15 12:46:30 - [TEST_STEP][PASSED] - maximizeWindow(): Current window maximized

2021-03-15 12:46:31 - [MESSAGE][PASSED] - Current window maximized

2021-03-15 12:46:31 - [TEST_STEP][PASSED] - navigateToUrl(admin_url): Navigate to 'https://youhadmeathelloworld.arcadier.io/admin' successfully

2021-03-15 12:46:36 - [MESSAGE][PASSED] - Navigate to 'https://youhadmeathelloworld.arcadier.io/admin' successfully

2021-03-15 12:46:36 - [TEST_STEP][PASSED] - waitForPageLoad(2): Wait for page load successfully

2021-03-15 12:46:36 - [MESSAGE][PASSED] - Wait for page load successfully

2021-03-15 12:46:36 - [TEST_STEP][PASSED] - setText(findTestObject("Admin/Admin Login/txt_username"), admin_username): Text 'codemafia' is set on object 'Object Repository/Admin/Admin Login/txt_username'

2021-03-15 12:46:36 - [MESSAGE][PASSED] - Text 'codemafia' is set on object 'Object Repository/Admin/Admin Login/txt_username'

2021-03-15 12:46:36 - [TEST_STEP][PASSED] - setText(findTestObject("Admin/Admin Login/txt_password"), admin_password): Text 'welcome8' is set on object 'Object Repository/Admin/Admin Login/txt_password'

2021-03-15 12:46:37 - [MESSAGE][PASSED] - Text 'welcome8' is set on object 'Object Repository/Admin/Admin Login/txt_password'

2021-03-15 12:46:37 - [TEST_STEP][PASSED] - click(findTestObject("Admin/Admin Login/button_login")): Object: 'Object Repository/Admin/Admin Login/button_login' is clicked on

2021-03-15 12:46:42 - [MESSAGE][PASSED] - Object: 'Object Repository/Admin/Admin Login/button_login' is clicked on

2021-03-15 12:46:42 - [MESSAGE][PASSED] - Call Test Case 'Test Cases/Utilities/Admin Login' successfully

2021-03-15 12:46:42 - [TEST_STEP][PASSED] - callTestCase(findTestCase("Utilities/Navigate to Plugin"), [:], STOP_ON_FAILURE): Call Test Case 'Test Cases/Utilities/Navigate to Plugin' successfully

2021-03-15 12:46:42 - [TEST_CASE][PASSED] - Test Cases/Utilities/Navigate to Plugin: Test Cases/Utilities/Navigate to Plugin

2021-03-15 12:46:42 - [TEST_STEP][PASSED] - click(findTestObject("Admin/Plugin Navigation/link_plugin")): Object: 'Object Repository/Admin/Plugin Navigation/link_plugin' is clicked on

2021-03-15 12:46:43 - [MESSAGE][PASSED] - Object: 'Object Repository/Admin/Plugin Navigation/link_plugin' is clicked on

2021-03-15 12:46:43 - [TEST_STEP][PASSED] - click(findTestObject("Admin/Plugin Navigation/link_profile")): Object: 'Object Repository/Admin/Plugin Navigation/link_profile' is clicked on

2021-03-15 12:46:45 - [MESSAGE][PASSED] - Object: 'Object Repository/Admin/Plugin Navigation/link_profile' is clicked on

2021-03-15 12:46:45 - [MESSAGE][PASSED] - Call Test Case 'Test Cases/Utilities/Navigate to Plugin' successfully

2021-03-15 12:46:45 - [TEST_STEP][PASSED] - click(findTestObject("Admin/Plugin Page/Deleting Custom Fields/i_Textfield_icon icon-delete")): Object: 'Object Repository/Admin/Plugin Page/Deleting Custom Fields/i_Textfield_icon icon-delete' is clicked on

2021-03-15 12:46:45 - [MESSAGE][PASSED] - Object: 'Object Repository/Admin/Plugin Page/Deleting Custom Fields/i_Textfield_icon icon-delete' is clicked on

2021-03-15 12:46:45 - [TEST_STEP][PASSED] - click(findTestObject("Admin/Plugin Page/Deleting Custom Fields/del_confirm")): Object: 'Object Repository/Admin/Plugin Page/Deleting Custom Fields/del_confirm' is clicked on

2021-03-15 12:46:46 - [MESSAGE][PASSED] - Object: 'Object Repository/Admin/Plugin Page/Deleting Custom Fields/del_confirm' is clicked on

2021-03-15 12:46:46 - [TEST_STEP][PASSED] - closeBrowser(): Browser is closed

2021-03-15 12:46:46 - [MESSAGE][PASSED] - Browser is closed

2021-03-15 12:46:46 - [MESSAGE][PASSED] - Call Test Case 'Test Cases/Utilities/Deleting Custom Field' successfully]]></system-out>
         <system-err><![CDATA[]]></system-err>
      </testcase>
      <testcase name="Test Cases/User Settings/COMPLEX/TC_CMPLX_016" time="63.633" classname="Test Cases/User Settings/COMPLEX/TC_CMPLX_016" status="PASSED">
         <system-out><![CDATA[2021-03-15 12:46:46 - [TEST_CASE][PASSED] - Test Cases/User Settings/COMPLEX/TC_CMPLX_016: Test Cases/User Settings/COMPLEX/TC_CMPLX_016

2021-03-15 12:46:46 - [TEST_STEP][PASSED] - callTestCase(findTestCase("Utilities/Add New Text Custom Field"), [:], STOP_ON_FAILURE): Call Test Case 'Test Cases/Utilities/Add New Text Custom Field' successfully

2021-03-15 12:46:47 - [TEST_CASE][PASSED] - Test Cases/Utilities/Add New Text Custom Field: Test Cases/Utilities/Add New Text Custom Field

2021-03-15 12:46:47 - [TEST_STEP][PASSED] - callTestCase(findTestCase("Utilities/Admin Login"), [:], STOP_ON_FAILURE): Call Test Case 'Test Cases/Utilities/Admin Login' successfully

2021-03-15 12:46:47 - [TEST_CASE][PASSED] - Test Cases/Utilities/Admin Login: Test Cases/Utilities/Admin Login

2021-03-15 12:46:47 - [TEST_STEP][PASSED] - openBrowser(""): Browser is opened with url: ''

2021-03-15 12:46:47 - [MESSAGE][INFO] - Starting 'Chrome' driver

2021-03-15 12:46:47 - [MESSAGE][INFO] - Action delay is set to 0 milliseconds

2021-03-15 12:46:48 - [MESSAGE][PASSED] - Browser is opened with url: ''

2021-03-15 12:46:48 - [TEST_STEP][PASSED] - maximizeWindow(): Current window maximized

2021-03-15 12:46:48 - [MESSAGE][PASSED] - Current window maximized

2021-03-15 12:46:48 - [TEST_STEP][PASSED] - navigateToUrl(admin_url): Navigate to 'https://youhadmeathelloworld.arcadier.io/admin' successfully

2021-03-15 12:46:51 - [MESSAGE][PASSED] - Navigate to 'https://youhadmeathelloworld.arcadier.io/admin' successfully

2021-03-15 12:46:51 - [TEST_STEP][PASSED] - waitForPageLoad(2): Wait for page load successfully

2021-03-15 12:46:51 - [MESSAGE][PASSED] - Wait for page load successfully

2021-03-15 12:46:51 - [TEST_STEP][PASSED] - setText(findTestObject("Admin/Admin Login/txt_username"), admin_username): Text 'codemafia' is set on object 'Object Repository/Admin/Admin Login/txt_username'

2021-03-15 12:46:52 - [MESSAGE][PASSED] - Text 'codemafia' is set on object 'Object Repository/Admin/Admin Login/txt_username'

2021-03-15 12:46:52 - [TEST_STEP][PASSED] - setText(findTestObject("Admin/Admin Login/txt_password"), admin_password): Text 'welcome8' is set on object 'Object Repository/Admin/Admin Login/txt_password'

2021-03-15 12:46:52 - [MESSAGE][PASSED] - Text 'welcome8' is set on object 'Object Repository/Admin/Admin Login/txt_password'

2021-03-15 12:46:52 - [TEST_STEP][PASSED] - click(findTestObject("Admin/Admin Login/button_login")): Object: 'Object Repository/Admin/Admin Login/button_login' is clicked on

2021-03-15 12:46:56 - [MESSAGE][PASSED] - Object: 'Object Repository/Admin/Admin Login/button_login' is clicked on

2021-03-15 12:46:56 - [MESSAGE][PASSED] - Call Test Case 'Test Cases/Utilities/Admin Login' successfully

2021-03-15 12:46:56 - [TEST_STEP][PASSED] - callTestCase(findTestCase("Utilities/Navigate to Plugin"), [:], STOP_ON_FAILURE): Call Test Case 'Test Cases/Utilities/Navigate to Plugin' successfully

2021-03-15 12:46:56 - [TEST_CASE][PASSED] - Test Cases/Utilities/Navigate to Plugin: Test Cases/Utilities/Navigate to Plugin

2021-03-15 12:46:56 - [TEST_STEP][PASSED] - click(findTestObject("Admin/Plugin Navigation/link_plugin")): Object: 'Object Repository/Admin/Plugin Navigation/link_plugin' is clicked on

2021-03-15 12:46:57 - [MESSAGE][PASSED] - Object: 'Object Repository/Admin/Plugin Navigation/link_plugin' is clicked on

2021-03-15 12:46:57 - [TEST_STEP][PASSED] - click(findTestObject("Admin/Plugin Navigation/link_profile")): Object: 'Object Repository/Admin/Plugin Navigation/link_profile' is clicked on

2021-03-15 12:46:59 - [MESSAGE][PASSED] - Object: 'Object Repository/Admin/Plugin Navigation/link_profile' is clicked on

2021-03-15 12:46:59 - [MESSAGE][PASSED] - Call Test Case 'Test Cases/Utilities/Navigate to Plugin' successfully

2021-03-15 12:46:59 - [TEST_STEP][PASSED] - click(findTestObject("Admin/Plugin Page/Add New Text CF/a_Add Profile Input Field")): Object: 'Object Repository/Admin/Plugin Page/Add New Text CF/a_Add Profile Input Field' is clicked on

2021-03-15 12:46:59 - [MESSAGE][PASSED] - Object: 'Object Repository/Admin/Plugin Page/Add New Text CF/a_Add Profile Input Field' is clicked on

2021-03-15 12:46:59 - [TEST_STEP][PASSED] - setText(findTestObject("Admin/Plugin Page/Add New Text CF/input_Custom Field Name_custom_name"), "Sample Text Customfield"): Text 'Sample Text Customfield' is set on object 'Object Repository/Admin/Plugin Page/Add New Text CF/input_Custom Field Name_custom_name'

2021-03-15 12:47:01 - [MESSAGE][PASSED] - Text 'Sample Text Customfield' is set on object 'Object Repository/Admin/Plugin Page/Add New Text CF/input_Custom Field Name_custom_name'

2021-03-15 12:47:01 - [TEST_STEP][PASSED] - click(findTestObject("Admin/Plugin Page/Add New Text CF/input_Add Option_saveCustomDetails")): Object: 'Object Repository/Admin/Plugin Page/Add New Text CF/input_Add Option_saveCustomDetails' is clicked on

2021-03-15 12:47:01 - [MESSAGE][PASSED] - Object: 'Object Repository/Admin/Plugin Page/Add New Text CF/input_Add Option_saveCustomDetails' is clicked on

2021-03-15 12:47:01 - [TEST_STEP][PASSED] - closeBrowser(): Browser is closed

2021-03-15 12:47:02 - [MESSAGE][PASSED] - Browser is closed

2021-03-15 12:47:02 - [MESSAGE][PASSED] - Call Test Case 'Test Cases/Utilities/Add New Text Custom Field' successfully

2021-03-15 12:47:02 - [TEST_STEP][PASSED] - callTestCase(findTestCase("Utilities/Navigate to Buyer Settings"), [:], STOP_ON_FAILURE): Call Test Case 'Test Cases/Utilities/Navigate to Buyer Settings' successfully

2021-03-15 12:47:02 - [TEST_CASE][PASSED] - Test Cases/Utilities/Navigate to Buyer Settings: Test Cases/Utilities/Navigate to Buyer Settings

2021-03-15 12:47:02 - [TEST_STEP][PASSED] - openBrowser(""): Browser is opened with url: ''

2021-03-15 12:47:02 - [MESSAGE][INFO] - Starting 'Chrome' driver

2021-03-15 12:47:02 - [MESSAGE][INFO] - Action delay is set to 0 milliseconds

2021-03-15 12:47:03 - [MESSAGE][PASSED] - Browser is opened with url: ''

2021-03-15 12:47:03 - [TEST_STEP][PASSED] - navigateToUrl("https://youhadmeathelloworld.arcadier.io/"): Navigate to 'https://youhadmeathelloworld.arcadier.io/' successfully

2021-03-15 12:47:09 - [MESSAGE][PASSED] - Navigate to 'https://youhadmeathelloworld.arcadier.io/' successfully

2021-03-15 12:47:09 - [TEST_STEP][PASSED] - maximizeWindow(): Current window maximized

2021-03-15 12:47:09 - [MESSAGE][PASSED] - Current window maximized

2021-03-15 12:47:09 - [TEST_STEP][PASSED] - click(findTestObject("Object Repository/User/a_REGISTER  SIGN IN")): Object: 'Object Repository/User/a_REGISTER  SIGN IN' is clicked on

2021-03-15 12:47:11 - [MESSAGE][PASSED] - Object: 'Object Repository/User/a_REGISTER  SIGN IN' is clicked on

2021-03-15 12:47:11 - [TEST_STEP][PASSED] - setText(findTestObject("Object Repository/User/input_Your emailusername_username"), "athena"): Text 'athena' is set on object 'Object Repository/User/input_Your emailusername_username'

2021-03-15 12:47:12 - [MESSAGE][PASSED] - Text 'athena' is set on object 'Object Repository/User/input_Your emailusername_username'

2021-03-15 12:47:12 - [TEST_STEP][PASSED] - setEncryptedText(findTestObject("Object Repository/User/input_Your password_password"), "goxxgxvM2dP/z7G09p4JaTtn5QD+a0Kw"): Text ****** has been set on object 'Object Repository/User/input_Your password_password'

2021-03-15 12:47:12 - [MESSAGE][PASSED] - Text ****** has been set on object 'Object Repository/User/input_Your password_password'

2021-03-15 12:47:12 - [TEST_STEP][PASSED] - click(findTestObject("Object Repository/User/input_Your password_login-submit")): Object: 'Object Repository/User/input_Your password_login-submit' is clicked on

2021-03-15 12:47:15 - [MESSAGE][PASSED] - Object: 'Object Repository/User/input_Your password_login-submit' is clicked on

2021-03-15 12:47:15 - [TEST_STEP][PASSED] - mouseOver(findTestObject("User/i_EN_icon icon-down")): Object: 'Object Repository/User/i_EN_icon icon-down' is hovered

2021-03-15 12:47:16 - [MESSAGE][PASSED] - Object: 'Object Repository/User/i_EN_icon icon-down' is hovered

2021-03-15 12:47:16 - [TEST_STEP][PASSED] - click(findTestObject("User/a_Settings")): Object: 'Object Repository/User/a_Settings' is clicked on

2021-03-15 12:47:18 - [MESSAGE][PASSED] - Object: 'Object Repository/User/a_Settings' is clicked on

2021-03-15 12:47:18 - [MESSAGE][PASSED] - Call Test Case 'Test Cases/Utilities/Navigate to Buyer Settings' successfully

2021-03-15 12:47:18 - [TEST_STEP][PASSED] - setText(findTestObject("Object Repository/User/custom values/input_SAMPLE TEXT CUSTOMFIELD_Sample Text C_ce5c8c"), "customfield value"): Text 'customfield value' is set on object 'Object Repository/User/custom values/input_SAMPLE TEXT CUSTOMFIELD_Sample Text C_ce5c8c'

2021-03-15 12:47:20 - [MESSAGE][PASSED] - Text 'customfield value' is set on object 'Object Repository/User/custom values/input_SAMPLE TEXT CUSTOMFIELD_Sample Text C_ce5c8c'

2021-03-15 12:47:20 - [TEST_STEP][PASSED] - click(findTestObject("User/accept_cookies")): Object: 'Object Repository/User/accept_cookies' is clicked on

2021-03-15 12:47:20 - [MESSAGE][PASSED] - Object: 'Object Repository/User/accept_cookies' is clicked on

2021-03-15 12:47:20 - [TEST_STEP][PASSED] - click(findTestObject("User/custom values/a_NEXT")): Object: 'Object Repository/User/custom values/a_NEXT' is clicked on

2021-03-15 12:47:21 - [MESSAGE][PASSED] - Object: 'Object Repository/User/custom values/a_NEXT' is clicked on

2021-03-15 12:47:21 - [TEST_STEP][PASSED] - click(findTestObject("User/custom values/a_SAVE")): Object: 'Object Repository/User/custom values/a_SAVE' is clicked on

2021-03-15 12:47:25 - [MESSAGE][PASSED] - Object: 'Object Repository/User/custom values/a_SAVE' is clicked on

2021-03-15 12:47:25 - [TEST_STEP][PASSED] - mouseOver(findTestObject("User/i_EN_icon icon-down")): Object: 'Object Repository/User/i_EN_icon icon-down' is hovered

2021-03-15 12:47:26 - [MESSAGE][PASSED] - Object: 'Object Repository/User/i_EN_icon icon-down' is hovered

2021-03-15 12:47:26 - [TEST_STEP][PASSED] - click(findTestObject("User/a_Settings")): Object: 'Object Repository/User/a_Settings' is clicked on

2021-03-15 12:47:27 - [MESSAGE][PASSED] - Object: 'Object Repository/User/a_Settings' is clicked on

2021-03-15 12:47:27 - [TEST_STEP][PASSED] - setText(findTestObject("Object Repository/User/custom values/input_SAMPLE TEXT CUSTOMFIELD_Sample Text C_ce5c8c"), "customfield value edited"): Text 'customfield value edited' is set on object 'Object Repository/User/custom values/input_SAMPLE TEXT CUSTOMFIELD_Sample Text C_ce5c8c'

2021-03-15 12:47:28 - [MESSAGE][PASSED] - Text 'customfield value edited' is set on object 'Object Repository/User/custom values/input_SAMPLE TEXT CUSTOMFIELD_Sample Text C_ce5c8c'

2021-03-15 12:47:28 - [TEST_STEP][PASSED] - click(findTestObject("User/custom values/a_NEXT")): Object: 'Object Repository/User/custom values/a_NEXT' is clicked on

2021-03-15 12:47:28 - [MESSAGE][PASSED] - Object: 'Object Repository/User/custom values/a_NEXT' is clicked on

2021-03-15 12:47:28 - [TEST_STEP][PASSED] - click(findTestObject("User/custom values/a_SAVE")): Object: 'Object Repository/User/custom values/a_SAVE' is clicked on

2021-03-15 12:47:31 - [MESSAGE][PASSED] - Object: 'Object Repository/User/custom values/a_SAVE' is clicked on

2021-03-15 12:47:31 - [TEST_STEP][PASSED] - mouseOver(findTestObject("User/i_EN_icon icon-down")): Object: 'Object Repository/User/i_EN_icon icon-down' is hovered

2021-03-15 12:47:33 - [MESSAGE][PASSED] - Object: 'Object Repository/User/i_EN_icon icon-down' is hovered

2021-03-15 12:47:33 - [TEST_STEP][PASSED] - click(findTestObject("User/a_Settings")): Object: 'Object Repository/User/a_Settings' is clicked on

2021-03-15 12:47:34 - [MESSAGE][PASSED] - Object: 'Object Repository/User/a_Settings' is clicked on

2021-03-15 12:47:34 - [TEST_STEP][PASSED] - verifyElementAttributeValue(findTestObject("User/custom values/input_SAMPLE TEXT CUSTOMFIELD_Sample Text C_ce5c8c"), "value", "customfield value edited", 0): Object 'Object Repository/User/custom values/input_SAMPLE TEXT CUSTOMFIELD_Sample Text C_ce5c8c' has attribute 'value' with value 'customfield value edited'

2021-03-15 12:47:34 - [MESSAGE][WARNING] - Timeout '0' is invalid. Using default page load timeout: '30'

2021-03-15 12:47:35 - [MESSAGE][PASSED] - Object 'Object Repository/User/custom values/input_SAMPLE TEXT CUSTOMFIELD_Sample Text C_ce5c8c' has attribute 'value' with value 'customfield value edited'

2021-03-15 12:47:35 - [TEST_STEP][PASSED] - closeBrowser(): Browser is closed

2021-03-15 12:47:35 - [MESSAGE][PASSED] - Browser is closed

2021-03-15 12:47:35 - [TEST_STEP][PASSED] - callTestCase(findTestCase("Utilities/Deleting Custom Field"), [:], STOP_ON_FAILURE): Call Test Case 'Test Cases/Utilities/Deleting Custom Field' successfully

2021-03-15 12:47:35 - [TEST_CASE][PASSED] - Test Cases/Utilities/Deleting Custom Field: Test Cases/Utilities/Deleting Custom Field

2021-03-15 12:47:35 - [TEST_STEP][PASSED] - callTestCase(findTestCase("Utilities/Admin Login"), [:], STOP_ON_FAILURE): Call Test Case 'Test Cases/Utilities/Admin Login' successfully

2021-03-15 12:47:36 - [TEST_CASE][PASSED] - Test Cases/Utilities/Admin Login: Test Cases/Utilities/Admin Login

2021-03-15 12:47:36 - [TEST_STEP][PASSED] - openBrowser(""): Browser is opened with url: ''

2021-03-15 12:47:36 - [MESSAGE][INFO] - Starting 'Chrome' driver

2021-03-15 12:47:36 - [MESSAGE][INFO] - Action delay is set to 0 milliseconds

2021-03-15 12:47:37 - [MESSAGE][PASSED] - Browser is opened with url: ''

2021-03-15 12:47:37 - [TEST_STEP][PASSED] - maximizeWindow(): Current window maximized

2021-03-15 12:47:37 - [MESSAGE][PASSED] - Current window maximized

2021-03-15 12:47:37 - [TEST_STEP][PASSED] - navigateToUrl(admin_url): Navigate to 'https://youhadmeathelloworld.arcadier.io/admin' successfully

2021-03-15 12:47:40 - [MESSAGE][PASSED] - Navigate to 'https://youhadmeathelloworld.arcadier.io/admin' successfully

2021-03-15 12:47:40 - [TEST_STEP][PASSED] - waitForPageLoad(2): Wait for page load successfully

2021-03-15 12:47:40 - [MESSAGE][PASSED] - Wait for page load successfully

2021-03-15 12:47:40 - [TEST_STEP][PASSED] - setText(findTestObject("Admin/Admin Login/txt_username"), admin_username): Text 'codemafia' is set on object 'Object Repository/Admin/Admin Login/txt_username'

2021-03-15 12:47:40 - [MESSAGE][PASSED] - Text 'codemafia' is set on object 'Object Repository/Admin/Admin Login/txt_username'

2021-03-15 12:47:40 - [TEST_STEP][PASSED] - setText(findTestObject("Admin/Admin Login/txt_password"), admin_password): Text 'welcome8' is set on object 'Object Repository/Admin/Admin Login/txt_password'

2021-03-15 12:47:41 - [MESSAGE][PASSED] - Text 'welcome8' is set on object 'Object Repository/Admin/Admin Login/txt_password'

2021-03-15 12:47:41 - [TEST_STEP][PASSED] - click(findTestObject("Admin/Admin Login/button_login")): Object: 'Object Repository/Admin/Admin Login/button_login' is clicked on

2021-03-15 12:47:46 - [MESSAGE][PASSED] - Object: 'Object Repository/Admin/Admin Login/button_login' is clicked on

2021-03-15 12:47:46 - [MESSAGE][PASSED] - Call Test Case 'Test Cases/Utilities/Admin Login' successfully

2021-03-15 12:47:46 - [TEST_STEP][PASSED] - callTestCase(findTestCase("Utilities/Navigate to Plugin"), [:], STOP_ON_FAILURE): Call Test Case 'Test Cases/Utilities/Navigate to Plugin' successfully

2021-03-15 12:47:46 - [TEST_CASE][PASSED] - Test Cases/Utilities/Navigate to Plugin: Test Cases/Utilities/Navigate to Plugin

2021-03-15 12:47:46 - [TEST_STEP][PASSED] - click(findTestObject("Admin/Plugin Navigation/link_plugin")): Object: 'Object Repository/Admin/Plugin Navigation/link_plugin' is clicked on

2021-03-15 12:47:47 - [MESSAGE][PASSED] - Object: 'Object Repository/Admin/Plugin Navigation/link_plugin' is clicked on

2021-03-15 12:47:47 - [TEST_STEP][PASSED] - click(findTestObject("Admin/Plugin Navigation/link_profile")): Object: 'Object Repository/Admin/Plugin Navigation/link_profile' is clicked on

2021-03-15 12:47:48 - [MESSAGE][PASSED] - Object: 'Object Repository/Admin/Plugin Navigation/link_profile' is clicked on

2021-03-15 12:47:48 - [MESSAGE][PASSED] - Call Test Case 'Test Cases/Utilities/Navigate to Plugin' successfully

2021-03-15 12:47:48 - [TEST_STEP][PASSED] - click(findTestObject("Admin/Plugin Page/Deleting Custom Fields/i_Textfield_icon icon-delete")): Object: 'Object Repository/Admin/Plugin Page/Deleting Custom Fields/i_Textfield_icon icon-delete' is clicked on

2021-03-15 12:47:49 - [MESSAGE][PASSED] - Object: 'Object Repository/Admin/Plugin Page/Deleting Custom Fields/i_Textfield_icon icon-delete' is clicked on

2021-03-15 12:47:49 - [TEST_STEP][PASSED] - click(findTestObject("Admin/Plugin Page/Deleting Custom Fields/del_confirm")): Object: 'Object Repository/Admin/Plugin Page/Deleting Custom Fields/del_confirm' is clicked on

2021-03-15 12:47:49 - [MESSAGE][PASSED] - Object: 'Object Repository/Admin/Plugin Page/Deleting Custom Fields/del_confirm' is clicked on

2021-03-15 12:47:49 - [TEST_STEP][PASSED] - closeBrowser(): Browser is closed

2021-03-15 12:47:50 - [MESSAGE][PASSED] - Browser is closed

2021-03-15 12:47:50 - [MESSAGE][PASSED] - Call Test Case 'Test Cases/Utilities/Deleting Custom Field' successfully]]></system-out>
         <system-err><![CDATA[]]></system-err>
      </testcase>
      <system-out><![CDATA[2021-03-15 12:40:50 - [TEST_SUITE][PASSED] - User Settings: Test Cases/User Settings/COMPLEX/TC_CMPLX_016]]></system-out>
      <system-err><![CDATA[]]></system-err>
   </testsuite>
</testsuites>
