<?xml version="1.0" encoding="UTF-8"?>
<testsuites name="User Settings" time="346.567" tests="8" failures="5" errors="0">
   <testsuite name="User Settings" tests="8" failures="5" errors="0" time="346.567" timestamp="2021-03-15 12:33:18" hostname="Natasha - Natasha-PC" id="Test Suites/User Settings">
      <properties>
         <property name="deviceName" value=""/>
         <property name="devicePlatform" value=""/>
         <property name="logFolder" value="D:\\GITHUB\\automation_profile_input\\Reports\\20210315_123307\\User Settings\\20210315_123307"/>
         <property name="logFiles" value="D:\\GITHUB\\automation_profile_input\\Reports\\20210315_123307\\User Settings\\20210315_123307\\execution0.log"/>
         <property name="attachments" value="D:\\GITHUB\\automation_profile_input\\Reports\\20210315_123307\\User Settings\\20210315_123307\\1615782884316.png, D:\\GITHUB\\automation_profile_input\\Reports\\20210315_123307\\User Settings\\20210315_123307\\1615782884699.png, D:\\GITHUB\\automation_profile_input\\Reports\\20210315_123307\\User Settings\\20210315_123307\\1615782958950.png, D:\\GITHUB\\automation_profile_input\\Reports\\20210315_123307\\User Settings\\20210315_123307\\1615782959279.png, D:\\GITHUB\\automation_profile_input\\Reports\\20210315_123307\\User Settings\\20210315_123307\\1615783077290.png, D:\\GITHUB\\automation_profile_input\\Reports\\20210315_123307\\User Settings\\20210315_123307\\1615783077640.png, D:\\GITHUB\\automation_profile_input\\Reports\\20210315_123307\\User Settings\\20210315_123307\\1615783113640.png, D:\\GITHUB\\automation_profile_input\\Reports\\20210315_123307\\User Settings\\20210315_123307\\1615783143488.png"/>
         <property name="hostName" value="Natasha - Natasha-PC"/>
         <property name="os" value="Windows 10 64bit"/>
         <property name="katalonVersion" value="7.6.6.205"/>
         <property name="browser" value="Chrome 89.0.4389.82"/>
         <property name="hostAddress" value="192.168.56.1"/>
         <property name="sessionId" value="2e6a1cefd79542e9397c2d8b1f55048d"/>
         <property name="seleniumVersion" value="3.141.59"/>
         <property name="proxyInformation" value="ProxyInformation { proxyOption=NO_PROXY, proxyServerType=HTTP, username=, password=********, proxyServerAddress=, proxyServerPort=0, executionList=&quot;&quot;, isApplyToDesiredCapabilities=true }"/>
         <property name="platform" value="Windows 10"/>
      </properties>
      <testcase name="Test Cases/User Settings/COMPLEX/TC_CMPLX_009" time="49.502" classname="Test Cases/User Settings/COMPLEX/TC_CMPLX_009" status="PASSED">
         <system-out><![CDATA[2021-03-15 12:33:18 - [TEST_CASE][PASSED] - Test Cases/User Settings/COMPLEX/TC_CMPLX_009: Test Cases/User Settings/COMPLEX/TC_CMPLX_009

2021-03-15 12:33:18 - [TEST_STEP][PASSED] - callTestCase(findTestCase("Utilities/Add New Text Custom Field"), [:], STOP_ON_FAILURE): Call Test Case 'Test Cases/Utilities/Add New Text Custom Field' successfully

2021-03-15 12:33:18 - [TEST_CASE][PASSED] - Test Cases/Utilities/Add New Text Custom Field: Test Cases/Utilities/Add New Text Custom Field

2021-03-15 12:33:18 - [TEST_STEP][PASSED] - callTestCase(findTestCase("Utilities/Admin Login"), [:], STOP_ON_FAILURE): Call Test Case 'Test Cases/Utilities/Admin Login' successfully

2021-03-15 12:33:18 - [TEST_CASE][PASSED] - Test Cases/Utilities/Admin Login: Test Cases/Utilities/Admin Login

2021-03-15 12:33:19 - [TEST_STEP][PASSED] - openBrowser(""): Browser is opened with url: ''

2021-03-15 12:33:19 - [MESSAGE][INFO] - Starting 'Chrome' driver

2021-03-15 12:33:19 - [MESSAGE][INFO] - Action delay is set to 0 milliseconds

2021-03-15 12:33:21 - [MESSAGE][PASSED] - Browser is opened with url: ''

2021-03-15 12:33:21 - [TEST_STEP][PASSED] - maximizeWindow(): Current window maximized

2021-03-15 12:33:21 - [MESSAGE][PASSED] - Current window maximized

2021-03-15 12:33:21 - [TEST_STEP][PASSED] - navigateToUrl(admin_url): Navigate to 'https://youhadmeathelloworld.arcadier.io/admin' successfully

2021-03-15 12:33:25 - [MESSAGE][PASSED] - Navigate to 'https://youhadmeathelloworld.arcadier.io/admin' successfully

2021-03-15 12:33:25 - [TEST_STEP][PASSED] - waitForPageLoad(2): Wait for page load successfully

2021-03-15 12:33:25 - [MESSAGE][PASSED] - Wait for page load successfully

2021-03-15 12:33:25 - [TEST_STEP][PASSED] - setText(findTestObject("Admin/Admin Login/txt_username"), admin_username): Text 'codemafia' is set on object 'Object Repository/Admin/Admin Login/txt_username'

2021-03-15 12:33:26 - [MESSAGE][PASSED] - Text 'codemafia' is set on object 'Object Repository/Admin/Admin Login/txt_username'

2021-03-15 12:33:26 - [TEST_STEP][PASSED] - setText(findTestObject("Admin/Admin Login/txt_password"), admin_password): Text 'welcome8' is set on object 'Object Repository/Admin/Admin Login/txt_password'

2021-03-15 12:33:26 - [MESSAGE][PASSED] - Text 'welcome8' is set on object 'Object Repository/Admin/Admin Login/txt_password'

2021-03-15 12:33:26 - [TEST_STEP][PASSED] - click(findTestObject("Admin/Admin Login/button_login")): Object: 'Object Repository/Admin/Admin Login/button_login' is clicked on

2021-03-15 12:33:30 - [MESSAGE][PASSED] - Object: 'Object Repository/Admin/Admin Login/button_login' is clicked on

2021-03-15 12:33:30 - [MESSAGE][PASSED] - Call Test Case 'Test Cases/Utilities/Admin Login' successfully

2021-03-15 12:33:30 - [TEST_STEP][PASSED] - callTestCase(findTestCase("Utilities/Navigate to Plugin"), [:], STOP_ON_FAILURE): Call Test Case 'Test Cases/Utilities/Navigate to Plugin' successfully

2021-03-15 12:33:30 - [TEST_CASE][PASSED] - Test Cases/Utilities/Navigate to Plugin: Test Cases/Utilities/Navigate to Plugin

2021-03-15 12:33:30 - [TEST_STEP][PASSED] - click(findTestObject("Admin/Plugin Navigation/link_plugin")): Object: 'Object Repository/Admin/Plugin Navigation/link_plugin' is clicked on

2021-03-15 12:33:31 - [MESSAGE][PASSED] - Object: 'Object Repository/Admin/Plugin Navigation/link_plugin' is clicked on

2021-03-15 12:33:31 - [TEST_STEP][PASSED] - click(findTestObject("Admin/Plugin Navigation/link_profile")): Object: 'Object Repository/Admin/Plugin Navigation/link_profile' is clicked on

2021-03-15 12:33:34 - [MESSAGE][PASSED] - Object: 'Object Repository/Admin/Plugin Navigation/link_profile' is clicked on

2021-03-15 12:33:34 - [MESSAGE][PASSED] - Call Test Case 'Test Cases/Utilities/Navigate to Plugin' successfully

2021-03-15 12:33:34 - [TEST_STEP][PASSED] - click(findTestObject("Admin/Plugin Page/Add New Text CF/a_Add Profile Input Field")): Object: 'Object Repository/Admin/Plugin Page/Add New Text CF/a_Add Profile Input Field' is clicked on

2021-03-15 12:33:34 - [MESSAGE][PASSED] - Object: 'Object Repository/Admin/Plugin Page/Add New Text CF/a_Add Profile Input Field' is clicked on

2021-03-15 12:33:34 - [TEST_STEP][PASSED] - setText(findTestObject("Admin/Plugin Page/Add New Text CF/input_Custom Field Name_custom_name"), "Sample Text Customfield"): Text 'Sample Text Customfield' is set on object 'Object Repository/Admin/Plugin Page/Add New Text CF/input_Custom Field Name_custom_name'

2021-03-15 12:33:36 - [MESSAGE][PASSED] - Text 'Sample Text Customfield' is set on object 'Object Repository/Admin/Plugin Page/Add New Text CF/input_Custom Field Name_custom_name'

2021-03-15 12:33:36 - [TEST_STEP][PASSED] - click(findTestObject("Admin/Plugin Page/Add New Text CF/input_Add Option_saveCustomDetails")): Object: 'Object Repository/Admin/Plugin Page/Add New Text CF/input_Add Option_saveCustomDetails' is clicked on

2021-03-15 12:33:36 - [MESSAGE][PASSED] - Object: 'Object Repository/Admin/Plugin Page/Add New Text CF/input_Add Option_saveCustomDetails' is clicked on

2021-03-15 12:33:36 - [TEST_STEP][PASSED] - closeBrowser(): Browser is closed

2021-03-15 12:33:37 - [MESSAGE][PASSED] - Browser is closed

2021-03-15 12:33:37 - [MESSAGE][PASSED] - Call Test Case 'Test Cases/Utilities/Add New Text Custom Field' successfully

2021-03-15 12:33:37 - [TEST_STEP][PASSED] - callTestCase(findTestCase("Utilities/Navigate to Buyer Settings"), [:], STOP_ON_FAILURE): Call Test Case 'Test Cases/Utilities/Navigate to Buyer Settings' successfully

2021-03-15 12:33:38 - [TEST_CASE][PASSED] - Test Cases/Utilities/Navigate to Buyer Settings: Test Cases/Utilities/Navigate to Buyer Settings

2021-03-15 12:33:38 - [TEST_STEP][PASSED] - openBrowser(""): Browser is opened with url: ''

2021-03-15 12:33:38 - [MESSAGE][INFO] - Starting 'Chrome' driver

2021-03-15 12:33:38 - [MESSAGE][INFO] - Action delay is set to 0 milliseconds

2021-03-15 12:33:39 - [MESSAGE][PASSED] - Browser is opened with url: ''

2021-03-15 12:33:39 - [TEST_STEP][PASSED] - navigateToUrl("https://youhadmeathelloworld.arcadier.io/"): Navigate to 'https://youhadmeathelloworld.arcadier.io/' successfully

2021-03-15 12:33:41 - [MESSAGE][PASSED] - Navigate to 'https://youhadmeathelloworld.arcadier.io/' successfully

2021-03-15 12:33:41 - [TEST_STEP][PASSED] - maximizeWindow(): Current window maximized

2021-03-15 12:33:41 - [MESSAGE][PASSED] - Current window maximized

2021-03-15 12:33:41 - [TEST_STEP][PASSED] - click(findTestObject("Object Repository/User/a_REGISTER  SIGN IN")): Object: 'Object Repository/User/a_REGISTER  SIGN IN' is clicked on

2021-03-15 12:33:43 - [MESSAGE][PASSED] - Object: 'Object Repository/User/a_REGISTER  SIGN IN' is clicked on

2021-03-15 12:33:43 - [TEST_STEP][PASSED] - setText(findTestObject("Object Repository/User/input_Your emailusername_username"), "athena"): Text 'athena' is set on object 'Object Repository/User/input_Your emailusername_username'

2021-03-15 12:33:44 - [MESSAGE][PASSED] - Text 'athena' is set on object 'Object Repository/User/input_Your emailusername_username'

2021-03-15 12:33:44 - [TEST_STEP][PASSED] - setEncryptedText(findTestObject("Object Repository/User/input_Your password_password"), "goxxgxvM2dP/z7G09p4JaTtn5QD+a0Kw"): Text ****** has been set on object 'Object Repository/User/input_Your password_password'

2021-03-15 12:33:44 - [MESSAGE][PASSED] - Text ****** has been set on object 'Object Repository/User/input_Your password_password'

2021-03-15 12:33:44 - [TEST_STEP][PASSED] - click(findTestObject("Object Repository/User/input_Your password_login-submit")): Object: 'Object Repository/User/input_Your password_login-submit' is clicked on

2021-03-15 12:33:47 - [MESSAGE][PASSED] - Object: 'Object Repository/User/input_Your password_login-submit' is clicked on

2021-03-15 12:33:47 - [TEST_STEP][PASSED] - mouseOver(findTestObject("User/i_EN_icon icon-down")): Object: 'Object Repository/User/i_EN_icon icon-down' is hovered

2021-03-15 12:33:49 - [MESSAGE][PASSED] - Object: 'Object Repository/User/i_EN_icon icon-down' is hovered

2021-03-15 12:33:49 - [TEST_STEP][PASSED] - click(findTestObject("User/a_Settings")): Object: 'Object Repository/User/a_Settings' is clicked on

2021-03-15 12:33:50 - [MESSAGE][PASSED] - Object: 'Object Repository/User/a_Settings' is clicked on

2021-03-15 12:33:50 - [MESSAGE][PASSED] - Call Test Case 'Test Cases/Utilities/Navigate to Buyer Settings' successfully

2021-03-15 12:33:50 - [TEST_STEP][PASSED] - verifyElementPresent(findTestObject("User/label_SAMPLE TEXT CUSTOMFIELD"), 0): Object 'Object Repository/User/label_SAMPLE TEXT CUSTOMFIELD' is present

2021-03-15 12:33:50 - [MESSAGE][WARNING] - Timeout '0' is invalid. Using default page load timeout: '30'

2021-03-15 12:33:51 - [MESSAGE][PASSED] - Object 'Object Repository/User/label_SAMPLE TEXT CUSTOMFIELD' is present

2021-03-15 12:33:51 - [TEST_STEP][PASSED] - verifyElementText(findTestObject("User/label_SAMPLE TEXT CUSTOMFIELD"), "SAMPLE TEXT CUSTOMFIELD"): Actual text and expected text of test object 'Object Repository/User/label_SAMPLE TEXT CUSTOMFIELD' are matched.

2021-03-15 12:33:52 - [MESSAGE][PASSED] - Actual text and expected text of test object 'Object Repository/User/label_SAMPLE TEXT CUSTOMFIELD' are matched.

2021-03-15 12:33:52 - [TEST_STEP][PASSED] - verifyElementAttributeValue(findTestObject("User/input_SAMPLE TEXT CUSTOMFIELD_Sample Text Customfield"), "type", "text", 0): Object 'Object Repository/User/input_SAMPLE TEXT CUSTOMFIELD_Sample Text Customfield' has attribute 'type' with value 'text'

2021-03-15 12:33:52 - [MESSAGE][WARNING] - Timeout '0' is invalid. Using default page load timeout: '30'

2021-03-15 12:33:52 - [MESSAGE][PASSED] - Object 'Object Repository/User/input_SAMPLE TEXT CUSTOMFIELD_Sample Text Customfield' has attribute 'type' with value 'text'

2021-03-15 12:33:52 - [TEST_STEP][PASSED] - callTestCase(findTestCase("Utilities/Deleting Custom Field"), [:], STOP_ON_FAILURE): Call Test Case 'Test Cases/Utilities/Deleting Custom Field' successfully

2021-03-15 12:33:52 - [TEST_CASE][PASSED] - Test Cases/Utilities/Deleting Custom Field: Test Cases/Utilities/Deleting Custom Field

2021-03-15 12:33:52 - [TEST_STEP][PASSED] - callTestCase(findTestCase("Utilities/Admin Login"), [:], STOP_ON_FAILURE): Call Test Case 'Test Cases/Utilities/Admin Login' successfully

2021-03-15 12:33:52 - [TEST_CASE][PASSED] - Test Cases/Utilities/Admin Login: Test Cases/Utilities/Admin Login

2021-03-15 12:33:52 - [TEST_STEP][PASSED] - openBrowser(""): Browser is opened with url: ''

2021-03-15 12:33:52 - [MESSAGE][WARNING] - A browser is already opened. Closing browser and opening a new one

2021-03-15 12:33:53 - [MESSAGE][INFO] - Starting 'Chrome' driver

2021-03-15 12:33:53 - [MESSAGE][INFO] - Action delay is set to 0 milliseconds

2021-03-15 12:33:55 - [MESSAGE][PASSED] - Browser is opened with url: ''

2021-03-15 12:33:55 - [TEST_STEP][PASSED] - maximizeWindow(): Current window maximized

2021-03-15 12:33:55 - [MESSAGE][PASSED] - Current window maximized

2021-03-15 12:33:55 - [TEST_STEP][PASSED] - navigateToUrl(admin_url): Navigate to 'https://youhadmeathelloworld.arcadier.io/admin' successfully

2021-03-15 12:33:57 - [MESSAGE][PASSED] - Navigate to 'https://youhadmeathelloworld.arcadier.io/admin' successfully

2021-03-15 12:33:57 - [TEST_STEP][PASSED] - waitForPageLoad(2): Wait for page load successfully

2021-03-15 12:33:58 - [MESSAGE][PASSED] - Wait for page load successfully

2021-03-15 12:33:58 - [TEST_STEP][PASSED] - setText(findTestObject("Admin/Admin Login/txt_username"), admin_username): Text 'codemafia' is set on object 'Object Repository/Admin/Admin Login/txt_username'

2021-03-15 12:33:58 - [MESSAGE][PASSED] - Text 'codemafia' is set on object 'Object Repository/Admin/Admin Login/txt_username'

2021-03-15 12:33:58 - [TEST_STEP][PASSED] - setText(findTestObject("Admin/Admin Login/txt_password"), admin_password): Text 'welcome8' is set on object 'Object Repository/Admin/Admin Login/txt_password'

2021-03-15 12:33:59 - [MESSAGE][PASSED] - Text 'welcome8' is set on object 'Object Repository/Admin/Admin Login/txt_password'

2021-03-15 12:33:59 - [TEST_STEP][PASSED] - click(findTestObject("Admin/Admin Login/button_login")): Object: 'Object Repository/Admin/Admin Login/button_login' is clicked on

2021-03-15 12:34:03 - [MESSAGE][PASSED] - Object: 'Object Repository/Admin/Admin Login/button_login' is clicked on

2021-03-15 12:34:03 - [MESSAGE][PASSED] - Call Test Case 'Test Cases/Utilities/Admin Login' successfully

2021-03-15 12:34:03 - [TEST_STEP][PASSED] - callTestCase(findTestCase("Utilities/Navigate to Plugin"), [:], STOP_ON_FAILURE): Call Test Case 'Test Cases/Utilities/Navigate to Plugin' successfully

2021-03-15 12:34:03 - [TEST_CASE][PASSED] - Test Cases/Utilities/Navigate to Plugin: Test Cases/Utilities/Navigate to Plugin

2021-03-15 12:34:03 - [TEST_STEP][PASSED] - click(findTestObject("Admin/Plugin Navigation/link_plugin")): Object: 'Object Repository/Admin/Plugin Navigation/link_plugin' is clicked on

2021-03-15 12:34:04 - [MESSAGE][PASSED] - Object: 'Object Repository/Admin/Plugin Navigation/link_plugin' is clicked on

2021-03-15 12:34:04 - [TEST_STEP][PASSED] - click(findTestObject("Admin/Plugin Navigation/link_profile")): Object: 'Object Repository/Admin/Plugin Navigation/link_profile' is clicked on

2021-03-15 12:34:06 - [MESSAGE][PASSED] - Object: 'Object Repository/Admin/Plugin Navigation/link_profile' is clicked on

2021-03-15 12:34:06 - [MESSAGE][PASSED] - Call Test Case 'Test Cases/Utilities/Navigate to Plugin' successfully

2021-03-15 12:34:06 - [TEST_STEP][PASSED] - click(findTestObject("Admin/Plugin Page/Deleting Custom Fields/i_Textfield_icon icon-delete")): Object: 'Object Repository/Admin/Plugin Page/Deleting Custom Fields/i_Textfield_icon icon-delete' is clicked on

2021-03-15 12:34:06 - [MESSAGE][PASSED] - Object: 'Object Repository/Admin/Plugin Page/Deleting Custom Fields/i_Textfield_icon icon-delete' is clicked on

2021-03-15 12:34:06 - [TEST_STEP][PASSED] - click(findTestObject("Admin/Plugin Page/Deleting Custom Fields/del_confirm")): Object: 'Object Repository/Admin/Plugin Page/Deleting Custom Fields/del_confirm' is clicked on

2021-03-15 12:34:06 - [MESSAGE][PASSED] - Object: 'Object Repository/Admin/Plugin Page/Deleting Custom Fields/del_confirm' is clicked on

2021-03-15 12:34:06 - [TEST_STEP][PASSED] - closeBrowser(): Browser is closed

2021-03-15 12:34:07 - [MESSAGE][PASSED] - Browser is closed

2021-03-15 12:34:07 - [MESSAGE][PASSED] - Call Test Case 'Test Cases/Utilities/Deleting Custom Field' successfully]]></system-out>
         <system-err><![CDATA[]]></system-err>
      </testcase>
      <testcase name="Test Cases/User Settings/COMPLEX/TC_CMPLX_010" time="37.25" classname="Test Cases/User Settings/COMPLEX/TC_CMPLX_010" status="FAILED">
         <failure type="FAILED" message="Test Cases/User Settings/COMPLEX/TC_CMPLX_010 FAILED.
Reason:
com.kms.katalon.core.exception.StepFailedException: Verify element text of test object 'Object Repository/User/label_SAMPLE CUSTOMFIELD NUMBER' FAILED.
	at com.kms.katalon.core.webui.keyword.internal.WebUIKeywordMain.stepFailed(WebUIKeywordMain.groovy:64)
	at com.kms.katalon.core.webui.keyword.internal.WebUIKeywordMain.runKeyword(WebUIKeywordMain.groovy:26)
	at com.kms.katalon.core.webui.keyword.builtin.VerifyElementTextKeyword.verifyElementText(VerifyElementTextKeyword.groovy:72)
	at com.kms.katalon.core.webui.keyword.builtin.VerifyElementTextKeyword.execute(VerifyElementTextKeyword.groovy:40)
	at com.kms.katalon.core.keyword.internal.KeywordExecutor.executeKeywordForPlatform(KeywordExecutor.groovy:73)
	at com.kms.katalon.core.webui.keyword.WebUiBuiltInKeywords.verifyElementText(WebUiBuiltInKeywords.groovy:3689)
	at com.kms.katalon.core.webui.keyword.WebUiBuiltInKeywords$verifyElementText$9.call(Unknown Source)
	at TC_CMPLX_010.run(TC_CMPLX_010:25)
	at com.kms.katalon.core.main.ScriptEngine.run(ScriptEngine.java:194)
	at com.kms.katalon.core.main.ScriptEngine.runScriptAsRawText(ScriptEngine.java:119)
	at com.kms.katalon.core.main.TestCaseExecutor.runScript(TestCaseExecutor.java:339)
	at com.kms.katalon.core.main.TestCaseExecutor.doExecute(TestCaseExecutor.java:330)
	at com.kms.katalon.core.main.TestCaseExecutor.processExecutionPhase(TestCaseExecutor.java:309)
	at com.kms.katalon.core.main.TestCaseExecutor.accessMainPhase(TestCaseExecutor.java:301)
	at com.kms.katalon.core.main.TestCaseExecutor.execute(TestCaseExecutor.java:235)
	at com.kms.katalon.core.main.TestSuiteExecutor.accessTestCaseMainPhase(TestSuiteExecutor.java:191)
	at com.kms.katalon.core.main.TestSuiteExecutor.accessTestSuiteMainPhase(TestSuiteExecutor.java:141)
	at com.kms.katalon.core.main.TestSuiteExecutor.execute(TestSuiteExecutor.java:90)
	at com.kms.katalon.core.main.TestCaseMain.startTestSuite(TestCaseMain.java:157)
	at com.kms.katalon.core.main.TestCaseMain$startTestSuite$0.call(Unknown Source)
	at TempTestSuite1615782787055.run(TempTestSuite1615782787055.groovy:39)
Caused by: com.kms.katalon.core.exception.StepFailedException: Actual text 'SAMPLE CUSTOMFIELD CHECKBOX' and expected text 'SAMPLE CUSTOMFIELD NUMBER' of test object 'Object Repository/User/label_SAMPLE CUSTOMFIELD NUMBER' are NOT matched.
	at com.kms.katalon.core.webui.keyword.internal.WebUIKeywordMain.stepFailed(WebUIKeywordMain.groovy:64)
	at com.kms.katalon.core.webui.keyword.builtin.VerifyElementTextKeyword$_verifyElementText_closure1.doCall(VerifyElementTextKeyword.groovy:57)
	at com.kms.katalon.core.webui.keyword.builtin.VerifyElementTextKeyword$_verifyElementText_closure1.call(VerifyElementTextKeyword.groovy)
	at com.kms.katalon.core.webui.keyword.internal.WebUIKeywordMain.runKeyword(WebUIKeywordMain.groovy:20)
	... 19 more
"/>
         <system-out><![CDATA[2021-03-15 12:34:07 - [TEST_CASE][FAILED] - Test Cases/User Settings/COMPLEX/TC_CMPLX_010: Test Cases/User Settings/COMPLEX/TC_CMPLX_010 FAILED.
Reason:
com.kms.katalon.core.exception.StepFailedException: Verify element text of test object 'Object Repository/User/label_SAMPLE CUSTOMFIELD NUMBER' FAILED.
	at com.kms.katalon.core.webui.keyword.internal.WebUIKeywordMain.stepFailed(WebUIKeywordMain.groovy:64)
	at com.kms.katalon.core.webui.keyword.internal.WebUIKeywordMain.runKeyword(WebUIKeywordMain.groovy:26)
	at com.kms.katalon.core.webui.keyword.builtin.VerifyElementTextKeyword.verifyElementText(VerifyElementTextKeyword.groovy:72)
	at com.kms.katalon.core.webui.keyword.builtin.VerifyElementTextKeyword.execute(VerifyElementTextKeyword.groovy:40)
	at com.kms.katalon.core.keyword.internal.KeywordExecutor.executeKeywordForPlatform(KeywordExecutor.groovy:73)
	at com.kms.katalon.core.webui.keyword.WebUiBuiltInKeywords.verifyElementText(WebUiBuiltInKeywords.groovy:3689)
	at com.kms.katalon.core.webui.keyword.WebUiBuiltInKeywords$verifyElementText$9.call(Unknown Source)
	at TC_CMPLX_010.run(TC_CMPLX_010:25)
	at com.kms.katalon.core.main.ScriptEngine.run(ScriptEngine.java:194)
	at com.kms.katalon.core.main.ScriptEngine.runScriptAsRawText(ScriptEngine.java:119)
	at com.kms.katalon.core.main.TestCaseExecutor.runScript(TestCaseExecutor.java:339)
	at com.kms.katalon.core.main.TestCaseExecutor.doExecute(TestCaseExecutor.java:330)
	at com.kms.katalon.core.main.TestCaseExecutor.processExecutionPhase(TestCaseExecutor.java:309)
	at com.kms.katalon.core.main.TestCaseExecutor.accessMainPhase(TestCaseExecutor.java:301)
	at com.kms.katalon.core.main.TestCaseExecutor.execute(TestCaseExecutor.java:235)
	at com.kms.katalon.core.main.TestSuiteExecutor.accessTestCaseMainPhase(TestSuiteExecutor.java:191)
	at com.kms.katalon.core.main.TestSuiteExecutor.accessTestSuiteMainPhase(TestSuiteExecutor.java:141)
	at com.kms.katalon.core.main.TestSuiteExecutor.execute(TestSuiteExecutor.java:90)
	at com.kms.katalon.core.main.TestCaseMain.startTestSuite(TestCaseMain.java:157)
	at com.kms.katalon.core.main.TestCaseMain$startTestSuite$0.call(Unknown Source)
	at TempTestSuite1615782787055.run(TempTestSuite1615782787055.groovy:39)
Caused by: com.kms.katalon.core.exception.StepFailedException: Actual text 'SAMPLE CUSTOMFIELD CHECKBOX' and expected text 'SAMPLE CUSTOMFIELD NUMBER' of test object 'Object Repository/User/label_SAMPLE CUSTOMFIELD NUMBER' are NOT matched.
	at com.kms.katalon.core.webui.keyword.internal.WebUIKeywordMain.stepFailed(WebUIKeywordMain.groovy:64)
	at com.kms.katalon.core.webui.keyword.builtin.VerifyElementTextKeyword$_verifyElementText_closure1.doCall(VerifyElementTextKeyword.groovy:57)
	at com.kms.katalon.core.webui.keyword.builtin.VerifyElementTextKeyword$_verifyElementText_closure1.call(VerifyElementTextKeyword.groovy)
	at com.kms.katalon.core.webui.keyword.internal.WebUIKeywordMain.runKeyword(WebUIKeywordMain.groovy:20)
	... 19 more


2021-03-15 12:34:08 - [TEST_STEP][PASSED] - callTestCase(findTestCase("Utilities/Add new Number customfield"), [:], STOP_ON_FAILURE): Call Test Case 'Test Cases/Utilities/Add new Number customfield' successfully

2021-03-15 12:34:08 - [TEST_CASE][PASSED] - Test Cases/Utilities/Add new Number customfield: Test Cases/Utilities/Add new Number customfield

2021-03-15 12:34:08 - [TEST_STEP][PASSED] - callTestCase(findTestCase("Utilities/Admin Login"), [:], STOP_ON_FAILURE): Call Test Case 'Test Cases/Utilities/Admin Login' successfully

2021-03-15 12:34:08 - [TEST_CASE][PASSED] - Test Cases/Utilities/Admin Login: Test Cases/Utilities/Admin Login

2021-03-15 12:34:08 - [TEST_STEP][PASSED] - openBrowser(""): Browser is opened with url: ''

2021-03-15 12:34:08 - [MESSAGE][INFO] - Starting 'Chrome' driver

2021-03-15 12:34:08 - [MESSAGE][INFO] - Action delay is set to 0 milliseconds

2021-03-15 12:34:09 - [MESSAGE][PASSED] - Browser is opened with url: ''

2021-03-15 12:34:09 - [TEST_STEP][PASSED] - maximizeWindow(): Current window maximized

2021-03-15 12:34:09 - [MESSAGE][PASSED] - Current window maximized

2021-03-15 12:34:09 - [TEST_STEP][PASSED] - navigateToUrl(admin_url): Navigate to 'https://youhadmeathelloworld.arcadier.io/admin' successfully

2021-03-15 12:34:12 - [MESSAGE][PASSED] - Navigate to 'https://youhadmeathelloworld.arcadier.io/admin' successfully

2021-03-15 12:34:12 - [TEST_STEP][PASSED] - waitForPageLoad(2): Wait for page load successfully

2021-03-15 12:34:12 - [MESSAGE][PASSED] - Wait for page load successfully

2021-03-15 12:34:12 - [TEST_STEP][PASSED] - setText(findTestObject("Admin/Admin Login/txt_username"), admin_username): Text 'codemafia' is set on object 'Object Repository/Admin/Admin Login/txt_username'

2021-03-15 12:34:13 - [MESSAGE][PASSED] - Text 'codemafia' is set on object 'Object Repository/Admin/Admin Login/txt_username'

2021-03-15 12:34:13 - [TEST_STEP][PASSED] - setText(findTestObject("Admin/Admin Login/txt_password"), admin_password): Text 'welcome8' is set on object 'Object Repository/Admin/Admin Login/txt_password'

2021-03-15 12:34:13 - [MESSAGE][PASSED] - Text 'welcome8' is set on object 'Object Repository/Admin/Admin Login/txt_password'

2021-03-15 12:34:13 - [TEST_STEP][PASSED] - click(findTestObject("Admin/Admin Login/button_login")): Object: 'Object Repository/Admin/Admin Login/button_login' is clicked on

2021-03-15 12:34:18 - [MESSAGE][PASSED] - Object: 'Object Repository/Admin/Admin Login/button_login' is clicked on

2021-03-15 12:34:18 - [MESSAGE][PASSED] - Call Test Case 'Test Cases/Utilities/Admin Login' successfully

2021-03-15 12:34:18 - [TEST_STEP][PASSED] - callTestCase(findTestCase("Utilities/Navigate to Plugin"), [:], STOP_ON_FAILURE): Call Test Case 'Test Cases/Utilities/Navigate to Plugin' successfully

2021-03-15 12:34:18 - [TEST_CASE][PASSED] - Test Cases/Utilities/Navigate to Plugin: Test Cases/Utilities/Navigate to Plugin

2021-03-15 12:34:18 - [TEST_STEP][PASSED] - click(findTestObject("Admin/Plugin Navigation/link_plugin")): Object: 'Object Repository/Admin/Plugin Navigation/link_plugin' is clicked on

2021-03-15 12:34:19 - [MESSAGE][PASSED] - Object: 'Object Repository/Admin/Plugin Navigation/link_plugin' is clicked on

2021-03-15 12:34:19 - [TEST_STEP][PASSED] - click(findTestObject("Admin/Plugin Navigation/link_profile")): Object: 'Object Repository/Admin/Plugin Navigation/link_profile' is clicked on

2021-03-15 12:34:23 - [MESSAGE][PASSED] - Object: 'Object Repository/Admin/Plugin Navigation/link_profile' is clicked on

2021-03-15 12:34:23 - [MESSAGE][PASSED] - Call Test Case 'Test Cases/Utilities/Navigate to Plugin' successfully

2021-03-15 12:34:23 - [TEST_STEP][PASSED] - click(findTestObject("Admin/Plugin Page/Add New Text CF/a_Add Profile Input Field")): Object: 'Object Repository/Admin/Plugin Page/Add New Text CF/a_Add Profile Input Field' is clicked on

2021-03-15 12:34:24 - [MESSAGE][PASSED] - Object: 'Object Repository/Admin/Plugin Page/Add New Text CF/a_Add Profile Input Field' is clicked on

2021-03-15 12:34:24 - [TEST_STEP][PASSED] - setText(findTestObject("Admin/Plugin Page/Add New Text CF/input_Custom Field Name_custom_name"), "Sample Customfield Number"): Text 'Sample Customfield Number' is set on object 'Object Repository/Admin/Plugin Page/Add New Text CF/input_Custom Field Name_custom_name'

2021-03-15 12:34:25 - [MESSAGE][PASSED] - Text 'Sample Customfield Number' is set on object 'Object Repository/Admin/Plugin Page/Add New Text CF/input_Custom Field Name_custom_name'

2021-03-15 12:34:25 - [TEST_STEP][PASSED] - selectOptionByValue(findTestObject("Object Repository/Admin/Plugin Page/Add New Text CF/select_Text                                _e22ab6"), "number", true): All options with value 'number' are selected in object 'Object Repository/Admin/Plugin Page/Add New Text CF/select_Text                                _e22ab6'  using regular expression

2021-03-15 12:34:26 - [MESSAGE][PASSED] - All options with value 'number' are selected in object 'Object Repository/Admin/Plugin Page/Add New Text CF/select_Text                                _e22ab6'  using regular expression

2021-03-15 12:34:26 - [TEST_STEP][PASSED] - click(findTestObject("Admin/Plugin Page/Add New Text CF/input_Add Option_saveCustomDetails")): Object: 'Object Repository/Admin/Plugin Page/Add New Text CF/input_Add Option_saveCustomDetails' is clicked on

2021-03-15 12:34:26 - [MESSAGE][PASSED] - Object: 'Object Repository/Admin/Plugin Page/Add New Text CF/input_Add Option_saveCustomDetails' is clicked on

2021-03-15 12:34:26 - [TEST_STEP][PASSED] - closeBrowser(): Browser is closed

2021-03-15 12:34:27 - [MESSAGE][PASSED] - Browser is closed

2021-03-15 12:34:27 - [MESSAGE][PASSED] - Call Test Case 'Test Cases/Utilities/Add new Number customfield' successfully

2021-03-15 12:34:27 - [TEST_STEP][PASSED] - callTestCase(findTestCase("Utilities/Navigate to Buyer Settings"), [:], STOP_ON_FAILURE): Call Test Case 'Test Cases/Utilities/Navigate to Buyer Settings' successfully

2021-03-15 12:34:27 - [TEST_CASE][PASSED] - Test Cases/Utilities/Navigate to Buyer Settings: Test Cases/Utilities/Navigate to Buyer Settings

2021-03-15 12:34:27 - [TEST_STEP][PASSED] - openBrowser(""): Browser is opened with url: ''

2021-03-15 12:34:27 - [MESSAGE][INFO] - Starting 'Chrome' driver

2021-03-15 12:34:27 - [MESSAGE][INFO] - Action delay is set to 0 milliseconds

2021-03-15 12:34:28 - [MESSAGE][PASSED] - Browser is opened with url: ''

2021-03-15 12:34:28 - [TEST_STEP][PASSED] - navigateToUrl("https://youhadmeathelloworld.arcadier.io/"): Navigate to 'https://youhadmeathelloworld.arcadier.io/' successfully

2021-03-15 12:34:35 - [MESSAGE][PASSED] - Navigate to 'https://youhadmeathelloworld.arcadier.io/' successfully

2021-03-15 12:34:35 - [TEST_STEP][PASSED] - maximizeWindow(): Current window maximized

2021-03-15 12:34:35 - [MESSAGE][PASSED] - Current window maximized

2021-03-15 12:34:35 - [TEST_STEP][PASSED] - click(findTestObject("Object Repository/User/a_REGISTER  SIGN IN")): Object: 'Object Repository/User/a_REGISTER  SIGN IN' is clicked on

2021-03-15 12:34:36 - [MESSAGE][PASSED] - Object: 'Object Repository/User/a_REGISTER  SIGN IN' is clicked on

2021-03-15 12:34:36 - [TEST_STEP][PASSED] - setText(findTestObject("Object Repository/User/input_Your emailusername_username"), "athena"): Text 'athena' is set on object 'Object Repository/User/input_Your emailusername_username'

2021-03-15 12:34:37 - [MESSAGE][PASSED] - Text 'athena' is set on object 'Object Repository/User/input_Your emailusername_username'

2021-03-15 12:34:37 - [TEST_STEP][PASSED] - setEncryptedText(findTestObject("Object Repository/User/input_Your password_password"), "goxxgxvM2dP/z7G09p4JaTtn5QD+a0Kw"): Text ****** has been set on object 'Object Repository/User/input_Your password_password'

2021-03-15 12:34:37 - [MESSAGE][PASSED] - Text ****** has been set on object 'Object Repository/User/input_Your password_password'

2021-03-15 12:34:37 - [TEST_STEP][PASSED] - click(findTestObject("Object Repository/User/input_Your password_login-submit")): Object: 'Object Repository/User/input_Your password_login-submit' is clicked on

2021-03-15 12:34:40 - [MESSAGE][PASSED] - Object: 'Object Repository/User/input_Your password_login-submit' is clicked on

2021-03-15 12:34:40 - [TEST_STEP][PASSED] - mouseOver(findTestObject("User/i_EN_icon icon-down")): Object: 'Object Repository/User/i_EN_icon icon-down' is hovered

2021-03-15 12:34:41 - [MESSAGE][PASSED] - Object: 'Object Repository/User/i_EN_icon icon-down' is hovered

2021-03-15 12:34:41 - [TEST_STEP][PASSED] - click(findTestObject("User/a_Settings")): Object: 'Object Repository/User/a_Settings' is clicked on

2021-03-15 12:34:42 - [MESSAGE][PASSED] - Object: 'Object Repository/User/a_Settings' is clicked on

2021-03-15 12:34:42 - [MESSAGE][PASSED] - Call Test Case 'Test Cases/Utilities/Navigate to Buyer Settings' successfully

2021-03-15 12:34:42 - [TEST_STEP][PASSED] - verifyElementPresent(findTestObject("User/label_SAMPLE CUSTOMFIELD NUMBER"), 0): Object 'Object Repository/User/label_SAMPLE CUSTOMFIELD NUMBER' is present

2021-03-15 12:34:42 - [MESSAGE][WARNING] - Timeout '0' is invalid. Using default page load timeout: '30'

2021-03-15 12:34:44 - [MESSAGE][PASSED] - Object 'Object Repository/User/label_SAMPLE CUSTOMFIELD NUMBER' is present

2021-03-15 12:34:44 - [TEST_STEP][FAILED] - verifyElementText(findTestObject("User/label_SAMPLE CUSTOMFIELD NUMBER"), "SAMPLE CUSTOMFIELD NUMBER"): Verify element text of test object 'Object Repository/User/label_SAMPLE CUSTOMFIELD NUMBER' FAILED. (Root cause: com.kms.katalon.core.exception.StepFailedException: Verify element text of test object 'Object Repository/User/label_SAMPLE CUSTOMFIELD NUMBER' FAILED.
	at com.kms.katalon.core.webui.keyword.internal.WebUIKeywordMain.stepFailed(WebUIKeywordMain.groovy:64)
	at com.kms.katalon.core.webui.keyword.internal.WebUIKeywordMain.runKeyword(WebUIKeywordMain.groovy:26)
	at com.kms.katalon.core.webui.keyword.builtin.VerifyElementTextKeyword.verifyElementText(VerifyElementTextKeyword.groovy:72)
	at com.kms.katalon.core.webui.keyword.builtin.VerifyElementTextKeyword.execute(VerifyElementTextKeyword.groovy:40)
	at com.kms.katalon.core.keyword.internal.KeywordExecutor.executeKeywordForPlatform(KeywordExecutor.groovy:73)
	at com.kms.katalon.core.webui.keyword.WebUiBuiltInKeywords.verifyElementText(WebUiBuiltInKeywords.groovy:3689)
	at com.kms.katalon.core.webui.keyword.WebUiBuiltInKeywords$verifyElementText$9.call(Unknown Source)
	at TC_CMPLX_010.run(TC_CMPLX_010:25)
	at com.kms.katalon.core.main.ScriptEngine.run(ScriptEngine.java:194)
	at com.kms.katalon.core.main.ScriptEngine.runScriptAsRawText(ScriptEngine.java:119)
	at com.kms.katalon.core.main.TestCaseExecutor.runScript(TestCaseExecutor.java:339)
	at com.kms.katalon.core.main.TestCaseExecutor.doExecute(TestCaseExecutor.java:330)
	at com.kms.katalon.core.main.TestCaseExecutor.processExecutionPhase(TestCaseExecutor.java:309)
	at com.kms.katalon.core.main.TestCaseExecutor.accessMainPhase(TestCaseExecutor.java:301)
	at com.kms.katalon.core.main.TestCaseExecutor.execute(TestCaseExecutor.java:235)
	at com.kms.katalon.core.main.TestSuiteExecutor.accessTestCaseMainPhase(TestSuiteExecutor.java:191)
	at com.kms.katalon.core.main.TestSuiteExecutor.accessTestSuiteMainPhase(TestSuiteExecutor.java:141)
	at com.kms.katalon.core.main.TestSuiteExecutor.execute(TestSuiteExecutor.java:90)
	at com.kms.katalon.core.main.TestCaseMain.startTestSuite(TestCaseMain.java:157)
	at com.kms.katalon.core.main.TestCaseMain$startTestSuite$0.call(Unknown Source)
	at TempTestSuite1615782787055.run(TempTestSuite1615782787055.groovy:39)
Caused by: com.kms.katalon.core.exception.StepFailedException: Actual text 'SAMPLE CUSTOMFIELD CHECKBOX' and expected text 'SAMPLE CUSTOMFIELD NUMBER' of test object 'Object Repository/User/label_SAMPLE CUSTOMFIELD NUMBER' are NOT matched.
	at com.kms.katalon.core.webui.keyword.internal.WebUIKeywordMain.stepFailed(WebUIKeywordMain.groovy:64)
	at com.kms.katalon.core.webui.keyword.builtin.VerifyElementTextKeyword$_verifyElementText_closure1.doCall(VerifyElementTextKeyword.groovy:57)
	at com.kms.katalon.core.webui.keyword.builtin.VerifyElementTextKeyword$_verifyElementText_closure1.call(VerifyElementTextKeyword.groovy)
	at com.kms.katalon.core.webui.keyword.internal.WebUIKeywordMain.runKeyword(WebUIKeywordMain.groovy:20)
	... 19 more
)

2021-03-15 12:34:44 - [MESSAGE][FAILED] - Actual text 'SAMPLE CUSTOMFIELD CHECKBOX' and expected text 'SAMPLE CUSTOMFIELD NUMBER' of test object 'Object Repository/User/label_SAMPLE CUSTOMFIELD NUMBER' are NOT matched. (Root cause: com.kms.katalon.core.exception.StepFailedException: Actual text 'SAMPLE CUSTOMFIELD CHECKBOX' and expected text 'SAMPLE CUSTOMFIELD NUMBER' of test object 'Object Repository/User/label_SAMPLE CUSTOMFIELD NUMBER' are NOT matched.
	at com.kms.katalon.core.webui.keyword.internal.WebUIKeywordMain.stepFailed(WebUIKeywordMain.groovy:64)
	at com.kms.katalon.core.webui.keyword.builtin.VerifyElementTextKeyword$_verifyElementText_closure1.doCall(VerifyElementTextKeyword.groovy:57)
	at com.kms.katalon.core.webui.keyword.builtin.VerifyElementTextKeyword$_verifyElementText_closure1.call(VerifyElementTextKeyword.groovy)
	at com.kms.katalon.core.webui.keyword.internal.WebUIKeywordMain.runKeyword(WebUIKeywordMain.groovy:20)
	at com.kms.katalon.core.webui.keyword.builtin.VerifyElementTextKeyword.verifyElementText(VerifyElementTextKeyword.groovy:72)
	at com.kms.katalon.core.webui.keyword.builtin.VerifyElementTextKeyword.execute(VerifyElementTextKeyword.groovy:40)
	at com.kms.katalon.core.keyword.internal.KeywordExecutor.executeKeywordForPlatform(KeywordExecutor.groovy:73)
	at com.kms.katalon.core.webui.keyword.WebUiBuiltInKeywords.verifyElementText(WebUiBuiltInKeywords.groovy:3689)
	at com.kms.katalon.core.webui.keyword.WebUiBuiltInKeywords$verifyElementText$9.call(Unknown Source)
	at TC_CMPLX_010.run(TC_CMPLX_010:25)
	at com.kms.katalon.core.main.ScriptEngine.run(ScriptEngine.java:194)
	at com.kms.katalon.core.main.ScriptEngine.runScriptAsRawText(ScriptEngine.java:119)
	at com.kms.katalon.core.main.TestCaseExecutor.runScript(TestCaseExecutor.java:339)
	at com.kms.katalon.core.main.TestCaseExecutor.doExecute(TestCaseExecutor.java:330)
	at com.kms.katalon.core.main.TestCaseExecutor.processExecutionPhase(TestCaseExecutor.java:309)
	at com.kms.katalon.core.main.TestCaseExecutor.accessMainPhase(TestCaseExecutor.java:301)
	at com.kms.katalon.core.main.TestCaseExecutor.execute(TestCaseExecutor.java:235)
	at com.kms.katalon.core.main.TestSuiteExecutor.accessTestCaseMainPhase(TestSuiteExecutor.java:191)
	at com.kms.katalon.core.main.TestSuiteExecutor.accessTestSuiteMainPhase(TestSuiteExecutor.java:141)
	at com.kms.katalon.core.main.TestSuiteExecutor.execute(TestSuiteExecutor.java:90)
	at com.kms.katalon.core.main.TestCaseMain.startTestSuite(TestCaseMain.java:157)
	at com.kms.katalon.core.main.TestCaseMain$startTestSuite$0.call(Unknown Source)
	at TempTestSuite1615782787055.run(TempTestSuite1615782787055.groovy:39)
)
[[ATTACHMENT|D:\\GITHUB\\automation_profile_input\\Reports\\20210315_123307\\User Settings\\20210315_123307\\1615782884316.png]]

2021-03-15 12:34:45 - [MESSAGE][FAILED] - Verify element text of test object 'Object Repository/User/label_SAMPLE CUSTOMFIELD NUMBER' FAILED. (Root cause: com.kms.katalon.core.exception.StepFailedException: Verify element text of test object 'Object Repository/User/label_SAMPLE CUSTOMFIELD NUMBER' FAILED.
	at com.kms.katalon.core.webui.keyword.internal.WebUIKeywordMain.stepFailed(WebUIKeywordMain.groovy:64)
	at com.kms.katalon.core.webui.keyword.internal.WebUIKeywordMain.runKeyword(WebUIKeywordMain.groovy:26)
	at com.kms.katalon.core.webui.keyword.builtin.VerifyElementTextKeyword.verifyElementText(VerifyElementTextKeyword.groovy:72)
	at com.kms.katalon.core.webui.keyword.builtin.VerifyElementTextKeyword.execute(VerifyElementTextKeyword.groovy:40)
	at com.kms.katalon.core.keyword.internal.KeywordExecutor.executeKeywordForPlatform(KeywordExecutor.groovy:73)
	at com.kms.katalon.core.webui.keyword.WebUiBuiltInKeywords.verifyElementText(WebUiBuiltInKeywords.groovy:3689)
	at com.kms.katalon.core.webui.keyword.WebUiBuiltInKeywords$verifyElementText$9.call(Unknown Source)
	at TC_CMPLX_010.run(TC_CMPLX_010:25)
	at com.kms.katalon.core.main.ScriptEngine.run(ScriptEngine.java:194)
	at com.kms.katalon.core.main.ScriptEngine.runScriptAsRawText(ScriptEngine.java:119)
	at com.kms.katalon.core.main.TestCaseExecutor.runScript(TestCaseExecutor.java:339)
	at com.kms.katalon.core.main.TestCaseExecutor.doExecute(TestCaseExecutor.java:330)
	at com.kms.katalon.core.main.TestCaseExecutor.processExecutionPhase(TestCaseExecutor.java:309)
	at com.kms.katalon.core.main.TestCaseExecutor.accessMainPhase(TestCaseExecutor.java:301)
	at com.kms.katalon.core.main.TestCaseExecutor.execute(TestCaseExecutor.java:235)
	at com.kms.katalon.core.main.TestSuiteExecutor.accessTestCaseMainPhase(TestSuiteExecutor.java:191)
	at com.kms.katalon.core.main.TestSuiteExecutor.accessTestSuiteMainPhase(TestSuiteExecutor.java:141)
	at com.kms.katalon.core.main.TestSuiteExecutor.execute(TestSuiteExecutor.java:90)
	at com.kms.katalon.core.main.TestCaseMain.startTestSuite(TestCaseMain.java:157)
	at com.kms.katalon.core.main.TestCaseMain$startTestSuite$0.call(Unknown Source)
	at TempTestSuite1615782787055.run(TempTestSuite1615782787055.groovy:39)
Caused by: com.kms.katalon.core.exception.StepFailedException: Actual text 'SAMPLE CUSTOMFIELD CHECKBOX' and expected text 'SAMPLE CUSTOMFIELD NUMBER' of test object 'Object Repository/User/label_SAMPLE CUSTOMFIELD NUMBER' are NOT matched.
	at com.kms.katalon.core.webui.keyword.internal.WebUIKeywordMain.stepFailed(WebUIKeywordMain.groovy:64)
	at com.kms.katalon.core.webui.keyword.builtin.VerifyElementTextKeyword$_verifyElementText_closure1.doCall(VerifyElementTextKeyword.groovy:57)
	at com.kms.katalon.core.webui.keyword.builtin.VerifyElementTextKeyword$_verifyElementText_closure1.call(VerifyElementTextKeyword.groovy)
	at com.kms.katalon.core.webui.keyword.internal.WebUIKeywordMain.runKeyword(WebUIKeywordMain.groovy:20)
	... 19 more
)
[[ATTACHMENT|D:\\GITHUB\\automation_profile_input\\Reports\\20210315_123307\\User Settings\\20210315_123307\\1615782884699.png]]]]></system-out>
         <system-err><![CDATA[2021-03-15 12:34:07 - [TEST_CASE][FAILED] - Test Cases/User Settings/COMPLEX/TC_CMPLX_010: Test Cases/User Settings/COMPLEX/TC_CMPLX_010 FAILED.
Reason:
com.kms.katalon.core.exception.StepFailedException: Verify element text of test object 'Object Repository/User/label_SAMPLE CUSTOMFIELD NUMBER' FAILED.
	at com.kms.katalon.core.webui.keyword.internal.WebUIKeywordMain.stepFailed(WebUIKeywordMain.groovy:64)
	at com.kms.katalon.core.webui.keyword.internal.WebUIKeywordMain.runKeyword(WebUIKeywordMain.groovy:26)
	at com.kms.katalon.core.webui.keyword.builtin.VerifyElementTextKeyword.verifyElementText(VerifyElementTextKeyword.groovy:72)
	at com.kms.katalon.core.webui.keyword.builtin.VerifyElementTextKeyword.execute(VerifyElementTextKeyword.groovy:40)
	at com.kms.katalon.core.keyword.internal.KeywordExecutor.executeKeywordForPlatform(KeywordExecutor.groovy:73)
	at com.kms.katalon.core.webui.keyword.WebUiBuiltInKeywords.verifyElementText(WebUiBuiltInKeywords.groovy:3689)
	at com.kms.katalon.core.webui.keyword.WebUiBuiltInKeywords$verifyElementText$9.call(Unknown Source)
	at TC_CMPLX_010.run(TC_CMPLX_010:25)
	at com.kms.katalon.core.main.ScriptEngine.run(ScriptEngine.java:194)
	at com.kms.katalon.core.main.ScriptEngine.runScriptAsRawText(ScriptEngine.java:119)
	at com.kms.katalon.core.main.TestCaseExecutor.runScript(TestCaseExecutor.java:339)
	at com.kms.katalon.core.main.TestCaseExecutor.doExecute(TestCaseExecutor.java:330)
	at com.kms.katalon.core.main.TestCaseExecutor.processExecutionPhase(TestCaseExecutor.java:309)
	at com.kms.katalon.core.main.TestCaseExecutor.accessMainPhase(TestCaseExecutor.java:301)
	at com.kms.katalon.core.main.TestCaseExecutor.execute(TestCaseExecutor.java:235)
	at com.kms.katalon.core.main.TestSuiteExecutor.accessTestCaseMainPhase(TestSuiteExecutor.java:191)
	at com.kms.katalon.core.main.TestSuiteExecutor.accessTestSuiteMainPhase(TestSuiteExecutor.java:141)
	at com.kms.katalon.core.main.TestSuiteExecutor.execute(TestSuiteExecutor.java:90)
	at com.kms.katalon.core.main.TestCaseMain.startTestSuite(TestCaseMain.java:157)
	at com.kms.katalon.core.main.TestCaseMain$startTestSuite$0.call(Unknown Source)
	at TempTestSuite1615782787055.run(TempTestSuite1615782787055.groovy:39)
Caused by: com.kms.katalon.core.exception.StepFailedException: Actual text 'SAMPLE CUSTOMFIELD CHECKBOX' and expected text 'SAMPLE CUSTOMFIELD NUMBER' of test object 'Object Repository/User/label_SAMPLE CUSTOMFIELD NUMBER' are NOT matched.
	at com.kms.katalon.core.webui.keyword.internal.WebUIKeywordMain.stepFailed(WebUIKeywordMain.groovy:64)
	at com.kms.katalon.core.webui.keyword.builtin.VerifyElementTextKeyword$_verifyElementText_closure1.doCall(VerifyElementTextKeyword.groovy:57)
	at com.kms.katalon.core.webui.keyword.builtin.VerifyElementTextKeyword$_verifyElementText_closure1.call(VerifyElementTextKeyword.groovy)
	at com.kms.katalon.core.webui.keyword.internal.WebUIKeywordMain.runKeyword(WebUIKeywordMain.groovy:20)
	... 19 more]]></system-err>
      </testcase>
      <testcase name="Test Cases/User Settings/COMPLEX/TC_CMPLX_011" time="45.607" classname="Test Cases/User Settings/COMPLEX/TC_CMPLX_011" status="PASSED">
         <system-out><![CDATA[2021-03-15 12:34:45 - [TEST_CASE][PASSED] - Test Cases/User Settings/COMPLEX/TC_CMPLX_011: Test Cases/User Settings/COMPLEX/TC_CMPLX_011

2021-03-15 12:34:45 - [TEST_STEP][PASSED] - callTestCase(findTestCase("Utilities/Adding Custom field Checkbox"), [:], STOP_ON_FAILURE): Call Test Case 'Test Cases/Utilities/Adding Custom field Checkbox' successfully

2021-03-15 12:34:45 - [TEST_CASE][PASSED] - Test Cases/Utilities/Adding Custom field Checkbox: Test Cases/Utilities/Adding Custom field Checkbox

2021-03-15 12:34:45 - [TEST_STEP][PASSED] - callTestCase(findTestCase("Utilities/Admin Login"), [:], STOP_ON_FAILURE): Call Test Case 'Test Cases/Utilities/Admin Login' successfully

2021-03-15 12:34:45 - [TEST_CASE][PASSED] - Test Cases/Utilities/Admin Login: Test Cases/Utilities/Admin Login

2021-03-15 12:34:45 - [TEST_STEP][PASSED] - openBrowser(""): Browser is opened with url: ''

2021-03-15 12:34:45 - [MESSAGE][WARNING] - A browser is already opened. Closing browser and opening a new one

2021-03-15 12:34:46 - [MESSAGE][INFO] - Starting 'Chrome' driver

2021-03-15 12:34:46 - [MESSAGE][INFO] - Action delay is set to 0 milliseconds

2021-03-15 12:34:47 - [MESSAGE][PASSED] - Browser is opened with url: ''

2021-03-15 12:34:47 - [TEST_STEP][PASSED] - maximizeWindow(): Current window maximized

2021-03-15 12:34:47 - [MESSAGE][PASSED] - Current window maximized

2021-03-15 12:34:47 - [TEST_STEP][PASSED] - navigateToUrl(admin_url): Navigate to 'https://youhadmeathelloworld.arcadier.io/admin' successfully

2021-03-15 12:34:49 - [MESSAGE][PASSED] - Navigate to 'https://youhadmeathelloworld.arcadier.io/admin' successfully

2021-03-15 12:34:49 - [TEST_STEP][PASSED] - waitForPageLoad(2): Wait for page load successfully

2021-03-15 12:34:49 - [MESSAGE][PASSED] - Wait for page load successfully

2021-03-15 12:34:49 - [TEST_STEP][PASSED] - setText(findTestObject("Admin/Admin Login/txt_username"), admin_username): Text 'codemafia' is set on object 'Object Repository/Admin/Admin Login/txt_username'

2021-03-15 12:34:50 - [MESSAGE][PASSED] - Text 'codemafia' is set on object 'Object Repository/Admin/Admin Login/txt_username'

2021-03-15 12:34:50 - [TEST_STEP][PASSED] - setText(findTestObject("Admin/Admin Login/txt_password"), admin_password): Text 'welcome8' is set on object 'Object Repository/Admin/Admin Login/txt_password'

2021-03-15 12:34:50 - [MESSAGE][PASSED] - Text 'welcome8' is set on object 'Object Repository/Admin/Admin Login/txt_password'

2021-03-15 12:34:50 - [TEST_STEP][PASSED] - click(findTestObject("Admin/Admin Login/button_login")): Object: 'Object Repository/Admin/Admin Login/button_login' is clicked on

2021-03-15 12:34:53 - [MESSAGE][PASSED] - Object: 'Object Repository/Admin/Admin Login/button_login' is clicked on

2021-03-15 12:34:53 - [MESSAGE][PASSED] - Call Test Case 'Test Cases/Utilities/Admin Login' successfully

2021-03-15 12:34:53 - [TEST_STEP][PASSED] - callTestCase(findTestCase("Utilities/Navigate to Plugin"), [:], STOP_ON_FAILURE): Call Test Case 'Test Cases/Utilities/Navigate to Plugin' successfully

2021-03-15 12:34:53 - [TEST_CASE][PASSED] - Test Cases/Utilities/Navigate to Plugin: Test Cases/Utilities/Navigate to Plugin

2021-03-15 12:34:53 - [TEST_STEP][PASSED] - click(findTestObject("Admin/Plugin Navigation/link_plugin")): Object: 'Object Repository/Admin/Plugin Navigation/link_plugin' is clicked on

2021-03-15 12:34:54 - [MESSAGE][PASSED] - Object: 'Object Repository/Admin/Plugin Navigation/link_plugin' is clicked on

2021-03-15 12:34:54 - [TEST_STEP][PASSED] - click(findTestObject("Admin/Plugin Navigation/link_profile")): Object: 'Object Repository/Admin/Plugin Navigation/link_profile' is clicked on

2021-03-15 12:34:56 - [MESSAGE][PASSED] - Object: 'Object Repository/Admin/Plugin Navigation/link_profile' is clicked on

2021-03-15 12:34:56 - [MESSAGE][PASSED] - Call Test Case 'Test Cases/Utilities/Navigate to Plugin' successfully

2021-03-15 12:34:56 - [TEST_STEP][PASSED] - click(findTestObject("Admin/Plugin Page/Add New Text CF/a_Add Profile Input Field")): Object: 'Object Repository/Admin/Plugin Page/Add New Text CF/a_Add Profile Input Field' is clicked on

2021-03-15 12:34:56 - [MESSAGE][PASSED] - Object: 'Object Repository/Admin/Plugin Page/Add New Text CF/a_Add Profile Input Field' is clicked on

2021-03-15 12:34:56 - [TEST_STEP][PASSED] - setText(findTestObject("Admin/Plugin Page/Add New Text CF/input_Custom Field Name_custom_name"), "Sample Customfield Checkbox"): Text 'Sample Customfield Checkbox' is set on object 'Object Repository/Admin/Plugin Page/Add New Text CF/input_Custom Field Name_custom_name'

2021-03-15 12:34:57 - [MESSAGE][PASSED] - Text 'Sample Customfield Checkbox' is set on object 'Object Repository/Admin/Plugin Page/Add New Text CF/input_Custom Field Name_custom_name'

2021-03-15 12:34:57 - [TEST_STEP][PASSED] - selectOptionByValue(findTestObject("Admin/Plugin Page/Add New Text CF/select_Text                                _e22ab6"), "checkbox", true): All options with value 'checkbox' are selected in object 'Object Repository/Admin/Plugin Page/Add New Text CF/select_Text                                _e22ab6'  using regular expression

2021-03-15 12:34:58 - [MESSAGE][PASSED] - All options with value 'checkbox' are selected in object 'Object Repository/Admin/Plugin Page/Add New Text CF/select_Text                                _e22ab6'  using regular expression

2021-03-15 12:34:58 - [TEST_STEP][PASSED] - setText(findTestObject("Admin/Plugin Page/Add New Text CF/input_Options_checkbox-opt"), "Option 1"): Text 'Option 1' is set on object 'Object Repository/Admin/Plugin Page/Add New Text CF/input_Options_checkbox-opt'

2021-03-15 12:34:59 - [MESSAGE][PASSED] - Text 'Option 1' is set on object 'Object Repository/Admin/Plugin Page/Add New Text CF/input_Options_checkbox-opt'

2021-03-15 12:34:59 - [TEST_STEP][PASSED] - click(findTestObject("Admin/Plugin Page/Add New Text CF/input_Add Option_saveCustomDetails")): Object: 'Object Repository/Admin/Plugin Page/Add New Text CF/input_Add Option_saveCustomDetails' is clicked on

2021-03-15 12:35:00 - [MESSAGE][PASSED] - Object: 'Object Repository/Admin/Plugin Page/Add New Text CF/input_Add Option_saveCustomDetails' is clicked on

2021-03-15 12:35:00 - [TEST_STEP][PASSED] - closeBrowser(): Browser is closed

2021-03-15 12:35:00 - [MESSAGE][PASSED] - Browser is closed

2021-03-15 12:35:00 - [MESSAGE][PASSED] - Call Test Case 'Test Cases/Utilities/Adding Custom field Checkbox' successfully

2021-03-15 12:35:00 - [TEST_STEP][PASSED] - callTestCase(findTestCase("Utilities/Navigate to Buyer Settings"), [:], STOP_ON_FAILURE): Call Test Case 'Test Cases/Utilities/Navigate to Buyer Settings' successfully

2021-03-15 12:35:00 - [TEST_CASE][PASSED] - Test Cases/Utilities/Navigate to Buyer Settings: Test Cases/Utilities/Navigate to Buyer Settings

2021-03-15 12:35:00 - [TEST_STEP][PASSED] - openBrowser(""): Browser is opened with url: ''

2021-03-15 12:35:00 - [MESSAGE][INFO] - Starting 'Chrome' driver

2021-03-15 12:35:00 - [MESSAGE][INFO] - Action delay is set to 0 milliseconds

2021-03-15 12:35:02 - [MESSAGE][PASSED] - Browser is opened with url: ''

2021-03-15 12:35:02 - [TEST_STEP][PASSED] - navigateToUrl("https://youhadmeathelloworld.arcadier.io/"): Navigate to 'https://youhadmeathelloworld.arcadier.io/' successfully

2021-03-15 12:35:04 - [MESSAGE][PASSED] - Navigate to 'https://youhadmeathelloworld.arcadier.io/' successfully

2021-03-15 12:35:04 - [TEST_STEP][PASSED] - maximizeWindow(): Current window maximized

2021-03-15 12:35:04 - [MESSAGE][PASSED] - Current window maximized

2021-03-15 12:35:04 - [TEST_STEP][PASSED] - click(findTestObject("Object Repository/User/a_REGISTER  SIGN IN")): Object: 'Object Repository/User/a_REGISTER  SIGN IN' is clicked on

2021-03-15 12:35:06 - [MESSAGE][PASSED] - Object: 'Object Repository/User/a_REGISTER  SIGN IN' is clicked on

2021-03-15 12:35:06 - [TEST_STEP][PASSED] - setText(findTestObject("Object Repository/User/input_Your emailusername_username"), "athena"): Text 'athena' is set on object 'Object Repository/User/input_Your emailusername_username'

2021-03-15 12:35:06 - [MESSAGE][PASSED] - Text 'athena' is set on object 'Object Repository/User/input_Your emailusername_username'

2021-03-15 12:35:06 - [TEST_STEP][PASSED] - setEncryptedText(findTestObject("Object Repository/User/input_Your password_password"), "goxxgxvM2dP/z7G09p4JaTtn5QD+a0Kw"): Text ****** has been set on object 'Object Repository/User/input_Your password_password'

2021-03-15 12:35:07 - [MESSAGE][PASSED] - Text ****** has been set on object 'Object Repository/User/input_Your password_password'

2021-03-15 12:35:07 - [TEST_STEP][PASSED] - click(findTestObject("Object Repository/User/input_Your password_login-submit")): Object: 'Object Repository/User/input_Your password_login-submit' is clicked on

2021-03-15 12:35:09 - [MESSAGE][PASSED] - Object: 'Object Repository/User/input_Your password_login-submit' is clicked on

2021-03-15 12:35:09 - [TEST_STEP][PASSED] - mouseOver(findTestObject("User/i_EN_icon icon-down")): Object: 'Object Repository/User/i_EN_icon icon-down' is hovered

2021-03-15 12:35:10 - [MESSAGE][PASSED] - Object: 'Object Repository/User/i_EN_icon icon-down' is hovered

2021-03-15 12:35:10 - [TEST_STEP][PASSED] - click(findTestObject("User/a_Settings")): Object: 'Object Repository/User/a_Settings' is clicked on

2021-03-15 12:35:11 - [MESSAGE][PASSED] - Object: 'Object Repository/User/a_Settings' is clicked on

2021-03-15 12:35:11 - [MESSAGE][PASSED] - Call Test Case 'Test Cases/Utilities/Navigate to Buyer Settings' successfully

2021-03-15 12:35:11 - [TEST_STEP][PASSED] - verifyElementPresent(findTestObject("User/label_SAMPLE CUSTOMFIELD CHECKBOX"), 0): Object 'Object Repository/User/label_SAMPLE CUSTOMFIELD CHECKBOX' is present

2021-03-15 12:35:11 - [MESSAGE][WARNING] - Timeout '0' is invalid. Using default page load timeout: '30'

2021-03-15 12:35:12 - [MESSAGE][PASSED] - Object 'Object Repository/User/label_SAMPLE CUSTOMFIELD CHECKBOX' is present

2021-03-15 12:35:12 - [TEST_STEP][PASSED] - verifyElementText(findTestObject("User/label_SAMPLE CUSTOMFIELD CHECKBOX"), "SAMPLE CUSTOMFIELD CHECKBOX"): Actual text and expected text of test object 'Object Repository/User/label_SAMPLE CUSTOMFIELD CHECKBOX' are matched.

2021-03-15 12:35:12 - [MESSAGE][PASSED] - Actual text and expected text of test object 'Object Repository/User/label_SAMPLE CUSTOMFIELD CHECKBOX' are matched.

2021-03-15 12:35:12 - [TEST_STEP][PASSED] - verifyElementAttributeValue(findTestObject("User/input_checkbox"), "type", "checkbox", 0): Object 'Object Repository/User/input_checkbox' has attribute 'type' with value 'checkbox'

2021-03-15 12:35:12 - [MESSAGE][WARNING] - Timeout '0' is invalid. Using default page load timeout: '30'

2021-03-15 12:35:13 - [MESSAGE][PASSED] - Object 'Object Repository/User/input_checkbox' has attribute 'type' with value 'checkbox'

2021-03-15 12:35:13 - [TEST_STEP][PASSED] - callTestCase(findTestCase("Utilities/Deleting Custom Field"), [:], STOP_ON_FAILURE): Call Test Case 'Test Cases/Utilities/Deleting Custom Field' successfully

2021-03-15 12:35:13 - [TEST_CASE][PASSED] - Test Cases/Utilities/Deleting Custom Field: Test Cases/Utilities/Deleting Custom Field

2021-03-15 12:35:13 - [TEST_STEP][PASSED] - callTestCase(findTestCase("Utilities/Admin Login"), [:], STOP_ON_FAILURE): Call Test Case 'Test Cases/Utilities/Admin Login' successfully

2021-03-15 12:35:13 - [TEST_CASE][PASSED] - Test Cases/Utilities/Admin Login: Test Cases/Utilities/Admin Login

2021-03-15 12:35:13 - [TEST_STEP][PASSED] - openBrowser(""): Browser is opened with url: ''

2021-03-15 12:35:13 - [MESSAGE][WARNING] - A browser is already opened. Closing browser and opening a new one

2021-03-15 12:35:14 - [MESSAGE][INFO] - Starting 'Chrome' driver

2021-03-15 12:35:14 - [MESSAGE][INFO] - Action delay is set to 0 milliseconds

2021-03-15 12:35:15 - [MESSAGE][PASSED] - Browser is opened with url: ''

2021-03-15 12:35:15 - [TEST_STEP][PASSED] - maximizeWindow(): Current window maximized

2021-03-15 12:35:15 - [MESSAGE][PASSED] - Current window maximized

2021-03-15 12:35:15 - [TEST_STEP][PASSED] - navigateToUrl(admin_url): Navigate to 'https://youhadmeathelloworld.arcadier.io/admin' successfully

2021-03-15 12:35:20 - [MESSAGE][PASSED] - Navigate to 'https://youhadmeathelloworld.arcadier.io/admin' successfully

2021-03-15 12:35:20 - [TEST_STEP][PASSED] - waitForPageLoad(2): Wait for page load successfully

2021-03-15 12:35:20 - [MESSAGE][PASSED] - Wait for page load successfully

2021-03-15 12:35:20 - [TEST_STEP][PASSED] - setText(findTestObject("Admin/Admin Login/txt_username"), admin_username): Text 'codemafia' is set on object 'Object Repository/Admin/Admin Login/txt_username'

2021-03-15 12:35:20 - [MESSAGE][PASSED] - Text 'codemafia' is set on object 'Object Repository/Admin/Admin Login/txt_username'

2021-03-15 12:35:20 - [TEST_STEP][PASSED] - setText(findTestObject("Admin/Admin Login/txt_password"), admin_password): Text 'welcome8' is set on object 'Object Repository/Admin/Admin Login/txt_password'

2021-03-15 12:35:21 - [MESSAGE][PASSED] - Text 'welcome8' is set on object 'Object Repository/Admin/Admin Login/txt_password'

2021-03-15 12:35:21 - [TEST_STEP][PASSED] - click(findTestObject("Admin/Admin Login/button_login")): Object: 'Object Repository/Admin/Admin Login/button_login' is clicked on

2021-03-15 12:35:26 - [MESSAGE][PASSED] - Object: 'Object Repository/Admin/Admin Login/button_login' is clicked on

2021-03-15 12:35:26 - [MESSAGE][PASSED] - Call Test Case 'Test Cases/Utilities/Admin Login' successfully

2021-03-15 12:35:26 - [TEST_STEP][PASSED] - callTestCase(findTestCase("Utilities/Navigate to Plugin"), [:], STOP_ON_FAILURE): Call Test Case 'Test Cases/Utilities/Navigate to Plugin' successfully

2021-03-15 12:35:26 - [TEST_CASE][PASSED] - Test Cases/Utilities/Navigate to Plugin: Test Cases/Utilities/Navigate to Plugin

2021-03-15 12:35:26 - [TEST_STEP][PASSED] - click(findTestObject("Admin/Plugin Navigation/link_plugin")): Object: 'Object Repository/Admin/Plugin Navigation/link_plugin' is clicked on

2021-03-15 12:35:27 - [MESSAGE][PASSED] - Object: 'Object Repository/Admin/Plugin Navigation/link_plugin' is clicked on

2021-03-15 12:35:27 - [TEST_STEP][PASSED] - click(findTestObject("Admin/Plugin Navigation/link_profile")): Object: 'Object Repository/Admin/Plugin Navigation/link_profile' is clicked on

2021-03-15 12:35:29 - [MESSAGE][PASSED] - Object: 'Object Repository/Admin/Plugin Navigation/link_profile' is clicked on

2021-03-15 12:35:29 - [MESSAGE][PASSED] - Call Test Case 'Test Cases/Utilities/Navigate to Plugin' successfully

2021-03-15 12:35:29 - [TEST_STEP][PASSED] - click(findTestObject("Admin/Plugin Page/Deleting Custom Fields/i_Textfield_icon icon-delete")): Object: 'Object Repository/Admin/Plugin Page/Deleting Custom Fields/i_Textfield_icon icon-delete' is clicked on

2021-03-15 12:35:29 - [MESSAGE][PASSED] - Object: 'Object Repository/Admin/Plugin Page/Deleting Custom Fields/i_Textfield_icon icon-delete' is clicked on

2021-03-15 12:35:29 - [TEST_STEP][PASSED] - click(findTestObject("Admin/Plugin Page/Deleting Custom Fields/del_confirm")): Object: 'Object Repository/Admin/Plugin Page/Deleting Custom Fields/del_confirm' is clicked on

2021-03-15 12:35:29 - [MESSAGE][PASSED] - Object: 'Object Repository/Admin/Plugin Page/Deleting Custom Fields/del_confirm' is clicked on

2021-03-15 12:35:29 - [TEST_STEP][PASSED] - closeBrowser(): Browser is closed

2021-03-15 12:35:30 - [MESSAGE][PASSED] - Browser is closed

2021-03-15 12:35:30 - [MESSAGE][PASSED] - Call Test Case 'Test Cases/Utilities/Deleting Custom Field' successfully]]></system-out>
         <system-err><![CDATA[]]></system-err>
      </testcase>
      <testcase name="Test Cases/User Settings/COMPLEX/TC_CMPLX_012" time="28.963" classname="Test Cases/User Settings/COMPLEX/TC_CMPLX_012" status="FAILED">
         <failure type="FAILED" message="Test Cases/User Settings/COMPLEX/TC_CMPLX_012 FAILED.
Reason:
com.kms.katalon.core.exception.StepFailedException: Verify element text of test object 'Object Repository/User/label_SAMPLE CUSTOMFIELD CHECKBOX' FAILED.
	at com.kms.katalon.core.webui.keyword.internal.WebUIKeywordMain.stepFailed(WebUIKeywordMain.groovy:64)
	at com.kms.katalon.core.webui.keyword.internal.WebUIKeywordMain.runKeyword(WebUIKeywordMain.groovy:26)
	at com.kms.katalon.core.webui.keyword.builtin.VerifyElementTextKeyword.verifyElementText(VerifyElementTextKeyword.groovy:72)
	at com.kms.katalon.core.webui.keyword.builtin.VerifyElementTextKeyword.execute(VerifyElementTextKeyword.groovy:40)
	at com.kms.katalon.core.keyword.internal.KeywordExecutor.executeKeywordForPlatform(KeywordExecutor.groovy:73)
	at com.kms.katalon.core.webui.keyword.WebUiBuiltInKeywords.verifyElementText(WebUiBuiltInKeywords.groovy:3689)
	at com.kms.katalon.core.webui.keyword.WebUiBuiltInKeywords$verifyElementText$9.call(Unknown Source)
	at TC_CMPLX_012.run(TC_CMPLX_012:25)
	at com.kms.katalon.core.main.ScriptEngine.run(ScriptEngine.java:194)
	at com.kms.katalon.core.main.ScriptEngine.runScriptAsRawText(ScriptEngine.java:119)
	at com.kms.katalon.core.main.TestCaseExecutor.runScript(TestCaseExecutor.java:339)
	at com.kms.katalon.core.main.TestCaseExecutor.doExecute(TestCaseExecutor.java:330)
	at com.kms.katalon.core.main.TestCaseExecutor.processExecutionPhase(TestCaseExecutor.java:309)
	at com.kms.katalon.core.main.TestCaseExecutor.accessMainPhase(TestCaseExecutor.java:301)
	at com.kms.katalon.core.main.TestCaseExecutor.execute(TestCaseExecutor.java:235)
	at com.kms.katalon.core.main.TestSuiteExecutor.accessTestCaseMainPhase(TestSuiteExecutor.java:191)
	at com.kms.katalon.core.main.TestSuiteExecutor.accessTestSuiteMainPhase(TestSuiteExecutor.java:141)
	at com.kms.katalon.core.main.TestSuiteExecutor.execute(TestSuiteExecutor.java:90)
	at com.kms.katalon.core.main.TestCaseMain.startTestSuite(TestCaseMain.java:157)
	at com.kms.katalon.core.main.TestCaseMain$startTestSuite$0.call(Unknown Source)
	at TempTestSuite1615782787055.run(TempTestSuite1615782787055.groovy:39)
Caused by: com.kms.katalon.core.exception.StepFailedException: Actual text 'SAMPLE TEXT CUSTOMFIELD' and expected text 'SAMPLE CUSTOMFIELD DROPDOWN' of test object 'Object Repository/User/label_SAMPLE CUSTOMFIELD CHECKBOX' are NOT matched.
	at com.kms.katalon.core.webui.keyword.internal.WebUIKeywordMain.stepFailed(WebUIKeywordMain.groovy:64)
	at com.kms.katalon.core.webui.keyword.builtin.VerifyElementTextKeyword$_verifyElementText_closure1.doCall(VerifyElementTextKeyword.groovy:57)
	at com.kms.katalon.core.webui.keyword.builtin.VerifyElementTextKeyword$_verifyElementText_closure1.call(VerifyElementTextKeyword.groovy)
	at com.kms.katalon.core.webui.keyword.internal.WebUIKeywordMain.runKeyword(WebUIKeywordMain.groovy:20)
	... 19 more
"/>
         <system-out><![CDATA[2021-03-15 12:35:30 - [TEST_CASE][FAILED] - Test Cases/User Settings/COMPLEX/TC_CMPLX_012: Test Cases/User Settings/COMPLEX/TC_CMPLX_012 FAILED.
Reason:
com.kms.katalon.core.exception.StepFailedException: Verify element text of test object 'Object Repository/User/label_SAMPLE CUSTOMFIELD CHECKBOX' FAILED.
	at com.kms.katalon.core.webui.keyword.internal.WebUIKeywordMain.stepFailed(WebUIKeywordMain.groovy:64)
	at com.kms.katalon.core.webui.keyword.internal.WebUIKeywordMain.runKeyword(WebUIKeywordMain.groovy:26)
	at com.kms.katalon.core.webui.keyword.builtin.VerifyElementTextKeyword.verifyElementText(VerifyElementTextKeyword.groovy:72)
	at com.kms.katalon.core.webui.keyword.builtin.VerifyElementTextKeyword.execute(VerifyElementTextKeyword.groovy:40)
	at com.kms.katalon.core.keyword.internal.KeywordExecutor.executeKeywordForPlatform(KeywordExecutor.groovy:73)
	at com.kms.katalon.core.webui.keyword.WebUiBuiltInKeywords.verifyElementText(WebUiBuiltInKeywords.groovy:3689)
	at com.kms.katalon.core.webui.keyword.WebUiBuiltInKeywords$verifyElementText$9.call(Unknown Source)
	at TC_CMPLX_012.run(TC_CMPLX_012:25)
	at com.kms.katalon.core.main.ScriptEngine.run(ScriptEngine.java:194)
	at com.kms.katalon.core.main.ScriptEngine.runScriptAsRawText(ScriptEngine.java:119)
	at com.kms.katalon.core.main.TestCaseExecutor.runScript(TestCaseExecutor.java:339)
	at com.kms.katalon.core.main.TestCaseExecutor.doExecute(TestCaseExecutor.java:330)
	at com.kms.katalon.core.main.TestCaseExecutor.processExecutionPhase(TestCaseExecutor.java:309)
	at com.kms.katalon.core.main.TestCaseExecutor.accessMainPhase(TestCaseExecutor.java:301)
	at com.kms.katalon.core.main.TestCaseExecutor.execute(TestCaseExecutor.java:235)
	at com.kms.katalon.core.main.TestSuiteExecutor.accessTestCaseMainPhase(TestSuiteExecutor.java:191)
	at com.kms.katalon.core.main.TestSuiteExecutor.accessTestSuiteMainPhase(TestSuiteExecutor.java:141)
	at com.kms.katalon.core.main.TestSuiteExecutor.execute(TestSuiteExecutor.java:90)
	at com.kms.katalon.core.main.TestCaseMain.startTestSuite(TestCaseMain.java:157)
	at com.kms.katalon.core.main.TestCaseMain$startTestSuite$0.call(Unknown Source)
	at TempTestSuite1615782787055.run(TempTestSuite1615782787055.groovy:39)
Caused by: com.kms.katalon.core.exception.StepFailedException: Actual text 'SAMPLE TEXT CUSTOMFIELD' and expected text 'SAMPLE CUSTOMFIELD DROPDOWN' of test object 'Object Repository/User/label_SAMPLE CUSTOMFIELD CHECKBOX' are NOT matched.
	at com.kms.katalon.core.webui.keyword.internal.WebUIKeywordMain.stepFailed(WebUIKeywordMain.groovy:64)
	at com.kms.katalon.core.webui.keyword.builtin.VerifyElementTextKeyword$_verifyElementText_closure1.doCall(VerifyElementTextKeyword.groovy:57)
	at com.kms.katalon.core.webui.keyword.builtin.VerifyElementTextKeyword$_verifyElementText_closure1.call(VerifyElementTextKeyword.groovy)
	at com.kms.katalon.core.webui.keyword.internal.WebUIKeywordMain.runKeyword(WebUIKeywordMain.groovy:20)
	... 19 more


2021-03-15 12:35:30 - [TEST_STEP][PASSED] - callTestCase(findTestCase("Utilities/Add Customfield Dropdown"), [:], STOP_ON_FAILURE): Call Test Case 'Test Cases/Utilities/Add Customfield Dropdown' successfully

2021-03-15 12:35:30 - [TEST_CASE][PASSED] - Test Cases/Utilities/Add Customfield Dropdown: Test Cases/Utilities/Add Customfield Dropdown

2021-03-15 12:35:30 - [TEST_STEP][PASSED] - callTestCase(findTestCase("Utilities/Admin Login"), [:], STOP_ON_FAILURE): Call Test Case 'Test Cases/Utilities/Admin Login' successfully

2021-03-15 12:35:31 - [TEST_CASE][PASSED] - Test Cases/Utilities/Admin Login: Test Cases/Utilities/Admin Login

2021-03-15 12:35:31 - [TEST_STEP][PASSED] - openBrowser(""): Browser is opened with url: ''

2021-03-15 12:35:31 - [MESSAGE][INFO] - Starting 'Chrome' driver

2021-03-15 12:35:31 - [MESSAGE][INFO] - Action delay is set to 0 milliseconds

2021-03-15 12:35:32 - [MESSAGE][PASSED] - Browser is opened with url: ''

2021-03-15 12:35:32 - [TEST_STEP][PASSED] - maximizeWindow(): Current window maximized

2021-03-15 12:35:32 - [MESSAGE][PASSED] - Current window maximized

2021-03-15 12:35:32 - [TEST_STEP][PASSED] - navigateToUrl(admin_url): Navigate to 'https://youhadmeathelloworld.arcadier.io/admin' successfully

2021-03-15 12:35:34 - [MESSAGE][PASSED] - Navigate to 'https://youhadmeathelloworld.arcadier.io/admin' successfully

2021-03-15 12:35:34 - [TEST_STEP][PASSED] - waitForPageLoad(2): Wait for page load successfully

2021-03-15 12:35:34 - [MESSAGE][PASSED] - Wait for page load successfully

2021-03-15 12:35:34 - [TEST_STEP][PASSED] - setText(findTestObject("Admin/Admin Login/txt_username"), admin_username): Text 'codemafia' is set on object 'Object Repository/Admin/Admin Login/txt_username'

2021-03-15 12:35:35 - [MESSAGE][PASSED] - Text 'codemafia' is set on object 'Object Repository/Admin/Admin Login/txt_username'

2021-03-15 12:35:35 - [TEST_STEP][PASSED] - setText(findTestObject("Admin/Admin Login/txt_password"), admin_password): Text 'welcome8' is set on object 'Object Repository/Admin/Admin Login/txt_password'

2021-03-15 12:35:36 - [MESSAGE][PASSED] - Text 'welcome8' is set on object 'Object Repository/Admin/Admin Login/txt_password'

2021-03-15 12:35:36 - [TEST_STEP][PASSED] - click(findTestObject("Admin/Admin Login/button_login")): Object: 'Object Repository/Admin/Admin Login/button_login' is clicked on

2021-03-15 12:35:39 - [MESSAGE][PASSED] - Object: 'Object Repository/Admin/Admin Login/button_login' is clicked on

2021-03-15 12:35:39 - [MESSAGE][PASSED] - Call Test Case 'Test Cases/Utilities/Admin Login' successfully

2021-03-15 12:35:39 - [TEST_STEP][PASSED] - callTestCase(findTestCase("Utilities/Navigate to Plugin"), [:], STOP_ON_FAILURE): Call Test Case 'Test Cases/Utilities/Navigate to Plugin' successfully

2021-03-15 12:35:39 - [TEST_CASE][PASSED] - Test Cases/Utilities/Navigate to Plugin: Test Cases/Utilities/Navigate to Plugin

2021-03-15 12:35:39 - [TEST_STEP][PASSED] - click(findTestObject("Admin/Plugin Navigation/link_plugin")): Object: 'Object Repository/Admin/Plugin Navigation/link_plugin' is clicked on

2021-03-15 12:35:40 - [MESSAGE][PASSED] - Object: 'Object Repository/Admin/Plugin Navigation/link_plugin' is clicked on

2021-03-15 12:35:40 - [TEST_STEP][PASSED] - click(findTestObject("Admin/Plugin Navigation/link_profile")): Object: 'Object Repository/Admin/Plugin Navigation/link_profile' is clicked on

2021-03-15 12:35:41 - [MESSAGE][PASSED] - Object: 'Object Repository/Admin/Plugin Navigation/link_profile' is clicked on

2021-03-15 12:35:41 - [MESSAGE][PASSED] - Call Test Case 'Test Cases/Utilities/Navigate to Plugin' successfully

2021-03-15 12:35:41 - [TEST_STEP][PASSED] - click(findTestObject("Admin/Plugin Page/Add New Text CF/a_Add Profile Input Field")): Object: 'Object Repository/Admin/Plugin Page/Add New Text CF/a_Add Profile Input Field' is clicked on

2021-03-15 12:35:42 - [MESSAGE][PASSED] - Object: 'Object Repository/Admin/Plugin Page/Add New Text CF/a_Add Profile Input Field' is clicked on

2021-03-15 12:35:42 - [TEST_STEP][PASSED] - setText(findTestObject("Admin/Plugin Page/Add New Text CF/input_Custom Field Name_custom_name"), "Sample Customfield Dropdown"): Text 'Sample Customfield Dropdown' is set on object 'Object Repository/Admin/Plugin Page/Add New Text CF/input_Custom Field Name_custom_name'

2021-03-15 12:35:43 - [MESSAGE][PASSED] - Text 'Sample Customfield Dropdown' is set on object 'Object Repository/Admin/Plugin Page/Add New Text CF/input_Custom Field Name_custom_name'

2021-03-15 12:35:43 - [TEST_STEP][PASSED] - selectOptionByValue(findTestObject("Admin/Plugin Page/Add New Text CF/select_Text                                _e22ab6"), "dropdown", true): All options with value 'dropdown' are selected in object 'Object Repository/Admin/Plugin Page/Add New Text CF/select_Text                                _e22ab6'  using regular expression

2021-03-15 12:35:43 - [MESSAGE][PASSED] - All options with value 'dropdown' are selected in object 'Object Repository/Admin/Plugin Page/Add New Text CF/select_Text                                _e22ab6'  using regular expression

2021-03-15 12:35:43 - [TEST_STEP][PASSED] - setText(findTestObject("Admin/Plugin Page/Add New Text CF/input_Options_checkbox-opt"), "option 1"): Text 'option 1' is set on object 'Object Repository/Admin/Plugin Page/Add New Text CF/input_Options_checkbox-opt'

2021-03-15 12:35:44 - [MESSAGE][PASSED] - Text 'option 1' is set on object 'Object Repository/Admin/Plugin Page/Add New Text CF/input_Options_checkbox-opt'

2021-03-15 12:35:44 - [TEST_STEP][PASSED] - click(findTestObject("Admin/Plugin Page/Add New Text CF/input_Add Option_saveCustomDetails")): Object: 'Object Repository/Admin/Plugin Page/Add New Text CF/input_Add Option_saveCustomDetails' is clicked on

2021-03-15 12:35:44 - [MESSAGE][PASSED] - Object: 'Object Repository/Admin/Plugin Page/Add New Text CF/input_Add Option_saveCustomDetails' is clicked on

2021-03-15 12:35:44 - [TEST_STEP][PASSED] - closeBrowser(): Browser is closed

2021-03-15 12:35:45 - [MESSAGE][PASSED] - Browser is closed

2021-03-15 12:35:45 - [MESSAGE][PASSED] - Call Test Case 'Test Cases/Utilities/Add Customfield Dropdown' successfully

2021-03-15 12:35:45 - [TEST_STEP][PASSED] - callTestCase(findTestCase("Utilities/Navigate to Buyer Settings"), [:], STOP_ON_FAILURE): Call Test Case 'Test Cases/Utilities/Navigate to Buyer Settings' successfully

2021-03-15 12:35:45 - [TEST_CASE][PASSED] - Test Cases/Utilities/Navigate to Buyer Settings: Test Cases/Utilities/Navigate to Buyer Settings

2021-03-15 12:35:45 - [TEST_STEP][PASSED] - openBrowser(""): Browser is opened with url: ''

2021-03-15 12:35:45 - [MESSAGE][INFO] - Starting 'Chrome' driver

2021-03-15 12:35:45 - [MESSAGE][INFO] - Action delay is set to 0 milliseconds

2021-03-15 12:35:46 - [MESSAGE][PASSED] - Browser is opened with url: ''

2021-03-15 12:35:46 - [TEST_STEP][PASSED] - navigateToUrl("https://youhadmeathelloworld.arcadier.io/"): Navigate to 'https://youhadmeathelloworld.arcadier.io/' successfully

2021-03-15 12:35:49 - [MESSAGE][PASSED] - Navigate to 'https://youhadmeathelloworld.arcadier.io/' successfully

2021-03-15 12:35:49 - [TEST_STEP][PASSED] - maximizeWindow(): Current window maximized

2021-03-15 12:35:49 - [MESSAGE][PASSED] - Current window maximized

2021-03-15 12:35:49 - [TEST_STEP][PASSED] - click(findTestObject("Object Repository/User/a_REGISTER  SIGN IN")): Object: 'Object Repository/User/a_REGISTER  SIGN IN' is clicked on

2021-03-15 12:35:51 - [MESSAGE][PASSED] - Object: 'Object Repository/User/a_REGISTER  SIGN IN' is clicked on

2021-03-15 12:35:51 - [TEST_STEP][PASSED] - setText(findTestObject("Object Repository/User/input_Your emailusername_username"), "athena"): Text 'athena' is set on object 'Object Repository/User/input_Your emailusername_username'

2021-03-15 12:35:52 - [MESSAGE][PASSED] - Text 'athena' is set on object 'Object Repository/User/input_Your emailusername_username'

2021-03-15 12:35:52 - [TEST_STEP][PASSED] - setEncryptedText(findTestObject("Object Repository/User/input_Your password_password"), "goxxgxvM2dP/z7G09p4JaTtn5QD+a0Kw"): Text ****** has been set on object 'Object Repository/User/input_Your password_password'

2021-03-15 12:35:53 - [MESSAGE][PASSED] - Text ****** has been set on object 'Object Repository/User/input_Your password_password'

2021-03-15 12:35:53 - [TEST_STEP][PASSED] - click(findTestObject("Object Repository/User/input_Your password_login-submit")): Object: 'Object Repository/User/input_Your password_login-submit' is clicked on

2021-03-15 12:35:55 - [MESSAGE][PASSED] - Object: 'Object Repository/User/input_Your password_login-submit' is clicked on

2021-03-15 12:35:55 - [TEST_STEP][PASSED] - mouseOver(findTestObject("User/i_EN_icon icon-down")): Object: 'Object Repository/User/i_EN_icon icon-down' is hovered

2021-03-15 12:35:56 - [MESSAGE][PASSED] - Object: 'Object Repository/User/i_EN_icon icon-down' is hovered

2021-03-15 12:35:56 - [TEST_STEP][PASSED] - click(findTestObject("User/a_Settings")): Object: 'Object Repository/User/a_Settings' is clicked on

2021-03-15 12:35:57 - [MESSAGE][PASSED] - Object: 'Object Repository/User/a_Settings' is clicked on

2021-03-15 12:35:57 - [MESSAGE][PASSED] - Call Test Case 'Test Cases/Utilities/Navigate to Buyer Settings' successfully

2021-03-15 12:35:57 - [TEST_STEP][PASSED] - verifyElementPresent(findTestObject("User/label_SAMPLE CUSTOMFIELD DROPDOWN"), 0): Object 'Object Repository/User/label_SAMPLE CUSTOMFIELD DROPDOWN' is present

2021-03-15 12:35:57 - [MESSAGE][WARNING] - Timeout '0' is invalid. Using default page load timeout: '30'

2021-03-15 12:35:58 - [MESSAGE][PASSED] - Object 'Object Repository/User/label_SAMPLE CUSTOMFIELD DROPDOWN' is present

2021-03-15 12:35:58 - [TEST_STEP][FAILED] - verifyElementText(findTestObject("User/label_SAMPLE CUSTOMFIELD CHECKBOX"), "SAMPLE CUSTOMFIELD DROPDOWN"): Verify element text of test object 'Object Repository/User/label_SAMPLE CUSTOMFIELD CHECKBOX' FAILED. (Root cause: com.kms.katalon.core.exception.StepFailedException: Verify element text of test object 'Object Repository/User/label_SAMPLE CUSTOMFIELD CHECKBOX' FAILED.
	at com.kms.katalon.core.webui.keyword.internal.WebUIKeywordMain.stepFailed(WebUIKeywordMain.groovy:64)
	at com.kms.katalon.core.webui.keyword.internal.WebUIKeywordMain.runKeyword(WebUIKeywordMain.groovy:26)
	at com.kms.katalon.core.webui.keyword.builtin.VerifyElementTextKeyword.verifyElementText(VerifyElementTextKeyword.groovy:72)
	at com.kms.katalon.core.webui.keyword.builtin.VerifyElementTextKeyword.execute(VerifyElementTextKeyword.groovy:40)
	at com.kms.katalon.core.keyword.internal.KeywordExecutor.executeKeywordForPlatform(KeywordExecutor.groovy:73)
	at com.kms.katalon.core.webui.keyword.WebUiBuiltInKeywords.verifyElementText(WebUiBuiltInKeywords.groovy:3689)
	at com.kms.katalon.core.webui.keyword.WebUiBuiltInKeywords$verifyElementText$9.call(Unknown Source)
	at TC_CMPLX_012.run(TC_CMPLX_012:25)
	at com.kms.katalon.core.main.ScriptEngine.run(ScriptEngine.java:194)
	at com.kms.katalon.core.main.ScriptEngine.runScriptAsRawText(ScriptEngine.java:119)
	at com.kms.katalon.core.main.TestCaseExecutor.runScript(TestCaseExecutor.java:339)
	at com.kms.katalon.core.main.TestCaseExecutor.doExecute(TestCaseExecutor.java:330)
	at com.kms.katalon.core.main.TestCaseExecutor.processExecutionPhase(TestCaseExecutor.java:309)
	at com.kms.katalon.core.main.TestCaseExecutor.accessMainPhase(TestCaseExecutor.java:301)
	at com.kms.katalon.core.main.TestCaseExecutor.execute(TestCaseExecutor.java:235)
	at com.kms.katalon.core.main.TestSuiteExecutor.accessTestCaseMainPhase(TestSuiteExecutor.java:191)
	at com.kms.katalon.core.main.TestSuiteExecutor.accessTestSuiteMainPhase(TestSuiteExecutor.java:141)
	at com.kms.katalon.core.main.TestSuiteExecutor.execute(TestSuiteExecutor.java:90)
	at com.kms.katalon.core.main.TestCaseMain.startTestSuite(TestCaseMain.java:157)
	at com.kms.katalon.core.main.TestCaseMain$startTestSuite$0.call(Unknown Source)
	at TempTestSuite1615782787055.run(TempTestSuite1615782787055.groovy:39)
Caused by: com.kms.katalon.core.exception.StepFailedException: Actual text 'SAMPLE TEXT CUSTOMFIELD' and expected text 'SAMPLE CUSTOMFIELD DROPDOWN' of test object 'Object Repository/User/label_SAMPLE CUSTOMFIELD CHECKBOX' are NOT matched.
	at com.kms.katalon.core.webui.keyword.internal.WebUIKeywordMain.stepFailed(WebUIKeywordMain.groovy:64)
	at com.kms.katalon.core.webui.keyword.builtin.VerifyElementTextKeyword$_verifyElementText_closure1.doCall(VerifyElementTextKeyword.groovy:57)
	at com.kms.katalon.core.webui.keyword.builtin.VerifyElementTextKeyword$_verifyElementText_closure1.call(VerifyElementTextKeyword.groovy)
	at com.kms.katalon.core.webui.keyword.internal.WebUIKeywordMain.runKeyword(WebUIKeywordMain.groovy:20)
	... 19 more
)

2021-03-15 12:35:59 - [MESSAGE][FAILED] - Actual text 'SAMPLE TEXT CUSTOMFIELD' and expected text 'SAMPLE CUSTOMFIELD DROPDOWN' of test object 'Object Repository/User/label_SAMPLE CUSTOMFIELD CHECKBOX' are NOT matched. (Root cause: com.kms.katalon.core.exception.StepFailedException: Actual text 'SAMPLE TEXT CUSTOMFIELD' and expected text 'SAMPLE CUSTOMFIELD DROPDOWN' of test object 'Object Repository/User/label_SAMPLE CUSTOMFIELD CHECKBOX' are NOT matched.
	at com.kms.katalon.core.webui.keyword.internal.WebUIKeywordMain.stepFailed(WebUIKeywordMain.groovy:64)
	at com.kms.katalon.core.webui.keyword.builtin.VerifyElementTextKeyword$_verifyElementText_closure1.doCall(VerifyElementTextKeyword.groovy:57)
	at com.kms.katalon.core.webui.keyword.builtin.VerifyElementTextKeyword$_verifyElementText_closure1.call(VerifyElementTextKeyword.groovy)
	at com.kms.katalon.core.webui.keyword.internal.WebUIKeywordMain.runKeyword(WebUIKeywordMain.groovy:20)
	at com.kms.katalon.core.webui.keyword.builtin.VerifyElementTextKeyword.verifyElementText(VerifyElementTextKeyword.groovy:72)
	at com.kms.katalon.core.webui.keyword.builtin.VerifyElementTextKeyword.execute(VerifyElementTextKeyword.groovy:40)
	at com.kms.katalon.core.keyword.internal.KeywordExecutor.executeKeywordForPlatform(KeywordExecutor.groovy:73)
	at com.kms.katalon.core.webui.keyword.WebUiBuiltInKeywords.verifyElementText(WebUiBuiltInKeywords.groovy:3689)
	at com.kms.katalon.core.webui.keyword.WebUiBuiltInKeywords$verifyElementText$9.call(Unknown Source)
	at TC_CMPLX_012.run(TC_CMPLX_012:25)
	at com.kms.katalon.core.main.ScriptEngine.run(ScriptEngine.java:194)
	at com.kms.katalon.core.main.ScriptEngine.runScriptAsRawText(ScriptEngine.java:119)
	at com.kms.katalon.core.main.TestCaseExecutor.runScript(TestCaseExecutor.java:339)
	at com.kms.katalon.core.main.TestCaseExecutor.doExecute(TestCaseExecutor.java:330)
	at com.kms.katalon.core.main.TestCaseExecutor.processExecutionPhase(TestCaseExecutor.java:309)
	at com.kms.katalon.core.main.TestCaseExecutor.accessMainPhase(TestCaseExecutor.java:301)
	at com.kms.katalon.core.main.TestCaseExecutor.execute(TestCaseExecutor.java:235)
	at com.kms.katalon.core.main.TestSuiteExecutor.accessTestCaseMainPhase(TestSuiteExecutor.java:191)
	at com.kms.katalon.core.main.TestSuiteExecutor.accessTestSuiteMainPhase(TestSuiteExecutor.java:141)
	at com.kms.katalon.core.main.TestSuiteExecutor.execute(TestSuiteExecutor.java:90)
	at com.kms.katalon.core.main.TestCaseMain.startTestSuite(TestCaseMain.java:157)
	at com.kms.katalon.core.main.TestCaseMain$startTestSuite$0.call(Unknown Source)
	at TempTestSuite1615782787055.run(TempTestSuite1615782787055.groovy:39)
)
[[ATTACHMENT|D:\\GITHUB\\automation_profile_input\\Reports\\20210315_123307\\User Settings\\20210315_123307\\1615782958950.png]]

2021-03-15 12:35:59 - [MESSAGE][FAILED] - Verify element text of test object 'Object Repository/User/label_SAMPLE CUSTOMFIELD CHECKBOX' FAILED. (Root cause: com.kms.katalon.core.exception.StepFailedException: Verify element text of test object 'Object Repository/User/label_SAMPLE CUSTOMFIELD CHECKBOX' FAILED.
	at com.kms.katalon.core.webui.keyword.internal.WebUIKeywordMain.stepFailed(WebUIKeywordMain.groovy:64)
	at com.kms.katalon.core.webui.keyword.internal.WebUIKeywordMain.runKeyword(WebUIKeywordMain.groovy:26)
	at com.kms.katalon.core.webui.keyword.builtin.VerifyElementTextKeyword.verifyElementText(VerifyElementTextKeyword.groovy:72)
	at com.kms.katalon.core.webui.keyword.builtin.VerifyElementTextKeyword.execute(VerifyElementTextKeyword.groovy:40)
	at com.kms.katalon.core.keyword.internal.KeywordExecutor.executeKeywordForPlatform(KeywordExecutor.groovy:73)
	at com.kms.katalon.core.webui.keyword.WebUiBuiltInKeywords.verifyElementText(WebUiBuiltInKeywords.groovy:3689)
	at com.kms.katalon.core.webui.keyword.WebUiBuiltInKeywords$verifyElementText$9.call(Unknown Source)
	at TC_CMPLX_012.run(TC_CMPLX_012:25)
	at com.kms.katalon.core.main.ScriptEngine.run(ScriptEngine.java:194)
	at com.kms.katalon.core.main.ScriptEngine.runScriptAsRawText(ScriptEngine.java:119)
	at com.kms.katalon.core.main.TestCaseExecutor.runScript(TestCaseExecutor.java:339)
	at com.kms.katalon.core.main.TestCaseExecutor.doExecute(TestCaseExecutor.java:330)
	at com.kms.katalon.core.main.TestCaseExecutor.processExecutionPhase(TestCaseExecutor.java:309)
	at com.kms.katalon.core.main.TestCaseExecutor.accessMainPhase(TestCaseExecutor.java:301)
	at com.kms.katalon.core.main.TestCaseExecutor.execute(TestCaseExecutor.java:235)
	at com.kms.katalon.core.main.TestSuiteExecutor.accessTestCaseMainPhase(TestSuiteExecutor.java:191)
	at com.kms.katalon.core.main.TestSuiteExecutor.accessTestSuiteMainPhase(TestSuiteExecutor.java:141)
	at com.kms.katalon.core.main.TestSuiteExecutor.execute(TestSuiteExecutor.java:90)
	at com.kms.katalon.core.main.TestCaseMain.startTestSuite(TestCaseMain.java:157)
	at com.kms.katalon.core.main.TestCaseMain$startTestSuite$0.call(Unknown Source)
	at TempTestSuite1615782787055.run(TempTestSuite1615782787055.groovy:39)
Caused by: com.kms.katalon.core.exception.StepFailedException: Actual text 'SAMPLE TEXT CUSTOMFIELD' and expected text 'SAMPLE CUSTOMFIELD DROPDOWN' of test object 'Object Repository/User/label_SAMPLE CUSTOMFIELD CHECKBOX' are NOT matched.
	at com.kms.katalon.core.webui.keyword.internal.WebUIKeywordMain.stepFailed(WebUIKeywordMain.groovy:64)
	at com.kms.katalon.core.webui.keyword.builtin.VerifyElementTextKeyword$_verifyElementText_closure1.doCall(VerifyElementTextKeyword.groovy:57)
	at com.kms.katalon.core.webui.keyword.builtin.VerifyElementTextKeyword$_verifyElementText_closure1.call(VerifyElementTextKeyword.groovy)
	at com.kms.katalon.core.webui.keyword.internal.WebUIKeywordMain.runKeyword(WebUIKeywordMain.groovy:20)
	... 19 more
)
[[ATTACHMENT|D:\\GITHUB\\automation_profile_input\\Reports\\20210315_123307\\User Settings\\20210315_123307\\1615782959279.png]]]]></system-out>
         <system-err><![CDATA[2021-03-15 12:35:30 - [TEST_CASE][FAILED] - Test Cases/User Settings/COMPLEX/TC_CMPLX_012: Test Cases/User Settings/COMPLEX/TC_CMPLX_012 FAILED.
Reason:
com.kms.katalon.core.exception.StepFailedException: Verify element text of test object 'Object Repository/User/label_SAMPLE CUSTOMFIELD CHECKBOX' FAILED.
	at com.kms.katalon.core.webui.keyword.internal.WebUIKeywordMain.stepFailed(WebUIKeywordMain.groovy:64)
	at com.kms.katalon.core.webui.keyword.internal.WebUIKeywordMain.runKeyword(WebUIKeywordMain.groovy:26)
	at com.kms.katalon.core.webui.keyword.builtin.VerifyElementTextKeyword.verifyElementText(VerifyElementTextKeyword.groovy:72)
	at com.kms.katalon.core.webui.keyword.builtin.VerifyElementTextKeyword.execute(VerifyElementTextKeyword.groovy:40)
	at com.kms.katalon.core.keyword.internal.KeywordExecutor.executeKeywordForPlatform(KeywordExecutor.groovy:73)
	at com.kms.katalon.core.webui.keyword.WebUiBuiltInKeywords.verifyElementText(WebUiBuiltInKeywords.groovy:3689)
	at com.kms.katalon.core.webui.keyword.WebUiBuiltInKeywords$verifyElementText$9.call(Unknown Source)
	at TC_CMPLX_012.run(TC_CMPLX_012:25)
	at com.kms.katalon.core.main.ScriptEngine.run(ScriptEngine.java:194)
	at com.kms.katalon.core.main.ScriptEngine.runScriptAsRawText(ScriptEngine.java:119)
	at com.kms.katalon.core.main.TestCaseExecutor.runScript(TestCaseExecutor.java:339)
	at com.kms.katalon.core.main.TestCaseExecutor.doExecute(TestCaseExecutor.java:330)
	at com.kms.katalon.core.main.TestCaseExecutor.processExecutionPhase(TestCaseExecutor.java:309)
	at com.kms.katalon.core.main.TestCaseExecutor.accessMainPhase(TestCaseExecutor.java:301)
	at com.kms.katalon.core.main.TestCaseExecutor.execute(TestCaseExecutor.java:235)
	at com.kms.katalon.core.main.TestSuiteExecutor.accessTestCaseMainPhase(TestSuiteExecutor.java:191)
	at com.kms.katalon.core.main.TestSuiteExecutor.accessTestSuiteMainPhase(TestSuiteExecutor.java:141)
	at com.kms.katalon.core.main.TestSuiteExecutor.execute(TestSuiteExecutor.java:90)
	at com.kms.katalon.core.main.TestCaseMain.startTestSuite(TestCaseMain.java:157)
	at com.kms.katalon.core.main.TestCaseMain$startTestSuite$0.call(Unknown Source)
	at TempTestSuite1615782787055.run(TempTestSuite1615782787055.groovy:39)
Caused by: com.kms.katalon.core.exception.StepFailedException: Actual text 'SAMPLE TEXT CUSTOMFIELD' and expected text 'SAMPLE CUSTOMFIELD DROPDOWN' of test object 'Object Repository/User/label_SAMPLE CUSTOMFIELD CHECKBOX' are NOT matched.
	at com.kms.katalon.core.webui.keyword.internal.WebUIKeywordMain.stepFailed(WebUIKeywordMain.groovy:64)
	at com.kms.katalon.core.webui.keyword.builtin.VerifyElementTextKeyword$_verifyElementText_closure1.doCall(VerifyElementTextKeyword.groovy:57)
	at com.kms.katalon.core.webui.keyword.builtin.VerifyElementTextKeyword$_verifyElementText_closure1.call(VerifyElementTextKeyword.groovy)
	at com.kms.katalon.core.webui.keyword.internal.WebUIKeywordMain.runKeyword(WebUIKeywordMain.groovy:20)
	... 19 more]]></system-err>
      </testcase>
      <testcase name="Test Cases/User Settings/COMPLEX/TC_CMPLX_013" time="44.523" classname="Test Cases/User Settings/COMPLEX/TC_CMPLX_013" status="PASSED">
         <system-out><![CDATA[2021-03-15 12:35:59 - [TEST_CASE][PASSED] - Test Cases/User Settings/COMPLEX/TC_CMPLX_013: Test Cases/User Settings/COMPLEX/TC_CMPLX_013

2021-03-15 12:35:59 - [TEST_STEP][PASSED] - callTestCase(findTestCase("Utilities/Edit Custom Field"), [:], STOP_ON_FAILURE): Call Test Case 'Test Cases/Utilities/Edit Custom Field' successfully

2021-03-15 12:35:59 - [TEST_CASE][PASSED] - Test Cases/Utilities/Edit Custom Field: Test Cases/Utilities/Edit Custom Field

2021-03-15 12:35:59 - [TEST_STEP][PASSED] - callTestCase(findTestCase("Utilities/Admin Login"), [:], STOP_ON_FAILURE): Call Test Case 'Test Cases/Utilities/Admin Login' successfully

2021-03-15 12:35:59 - [TEST_CASE][PASSED] - Test Cases/Utilities/Admin Login: Test Cases/Utilities/Admin Login

2021-03-15 12:35:59 - [TEST_STEP][PASSED] - openBrowser(""): Browser is opened with url: ''

2021-03-15 12:35:59 - [MESSAGE][WARNING] - A browser is already opened. Closing browser and opening a new one

2021-03-15 12:36:00 - [MESSAGE][INFO] - Starting 'Chrome' driver

2021-03-15 12:36:00 - [MESSAGE][INFO] - Action delay is set to 0 milliseconds

2021-03-15 12:36:01 - [MESSAGE][PASSED] - Browser is opened with url: ''

2021-03-15 12:36:01 - [TEST_STEP][PASSED] - maximizeWindow(): Current window maximized

2021-03-15 12:36:02 - [MESSAGE][PASSED] - Current window maximized

2021-03-15 12:36:02 - [TEST_STEP][PASSED] - navigateToUrl(admin_url): Navigate to 'https://youhadmeathelloworld.arcadier.io/admin' successfully

2021-03-15 12:36:04 - [MESSAGE][PASSED] - Navigate to 'https://youhadmeathelloworld.arcadier.io/admin' successfully

2021-03-15 12:36:04 - [TEST_STEP][PASSED] - waitForPageLoad(2): Wait for page load successfully

2021-03-15 12:36:04 - [MESSAGE][PASSED] - Wait for page load successfully

2021-03-15 12:36:04 - [TEST_STEP][PASSED] - setText(findTestObject("Admin/Admin Login/txt_username"), admin_username): Text 'codemafia' is set on object 'Object Repository/Admin/Admin Login/txt_username'

2021-03-15 12:36:05 - [MESSAGE][PASSED] - Text 'codemafia' is set on object 'Object Repository/Admin/Admin Login/txt_username'

2021-03-15 12:36:05 - [TEST_STEP][PASSED] - setText(findTestObject("Admin/Admin Login/txt_password"), admin_password): Text 'welcome8' is set on object 'Object Repository/Admin/Admin Login/txt_password'

2021-03-15 12:36:06 - [MESSAGE][PASSED] - Text 'welcome8' is set on object 'Object Repository/Admin/Admin Login/txt_password'

2021-03-15 12:36:06 - [TEST_STEP][PASSED] - click(findTestObject("Admin/Admin Login/button_login")): Object: 'Object Repository/Admin/Admin Login/button_login' is clicked on

2021-03-15 12:36:09 - [MESSAGE][PASSED] - Object: 'Object Repository/Admin/Admin Login/button_login' is clicked on

2021-03-15 12:36:09 - [MESSAGE][PASSED] - Call Test Case 'Test Cases/Utilities/Admin Login' successfully

2021-03-15 12:36:09 - [TEST_STEP][PASSED] - callTestCase(findTestCase("Utilities/Navigate to Plugin"), [:], STOP_ON_FAILURE): Call Test Case 'Test Cases/Utilities/Navigate to Plugin' successfully

2021-03-15 12:36:09 - [TEST_CASE][PASSED] - Test Cases/Utilities/Navigate to Plugin: Test Cases/Utilities/Navigate to Plugin

2021-03-15 12:36:09 - [TEST_STEP][PASSED] - click(findTestObject("Admin/Plugin Navigation/link_plugin")): Object: 'Object Repository/Admin/Plugin Navigation/link_plugin' is clicked on

2021-03-15 12:36:10 - [MESSAGE][PASSED] - Object: 'Object Repository/Admin/Plugin Navigation/link_plugin' is clicked on

2021-03-15 12:36:10 - [TEST_STEP][PASSED] - click(findTestObject("Admin/Plugin Navigation/link_profile")): Object: 'Object Repository/Admin/Plugin Navigation/link_profile' is clicked on

2021-03-15 12:36:12 - [MESSAGE][PASSED] - Object: 'Object Repository/Admin/Plugin Navigation/link_profile' is clicked on

2021-03-15 12:36:12 - [MESSAGE][PASSED] - Call Test Case 'Test Cases/Utilities/Navigate to Plugin' successfully

2021-03-15 12:36:12 - [TEST_STEP][PASSED] - click(findTestObject("Admin/Plugin Page/Add New Text CF/a_Add Profile Input Field")): Object: 'Object Repository/Admin/Plugin Page/Add New Text CF/a_Add Profile Input Field' is clicked on

2021-03-15 12:36:12 - [MESSAGE][PASSED] - Object: 'Object Repository/Admin/Plugin Page/Add New Text CF/a_Add Profile Input Field' is clicked on

2021-03-15 12:36:12 - [TEST_STEP][PASSED] - setText(findTestObject("Admin/Plugin Page/Add New Text CF/input_Custom Field Name_custom_name"), "Sample Custom field "): Text 'Sample Custom field ' is set on object 'Object Repository/Admin/Plugin Page/Add New Text CF/input_Custom Field Name_custom_name'

2021-03-15 12:36:13 - [MESSAGE][PASSED] - Text 'Sample Custom field ' is set on object 'Object Repository/Admin/Plugin Page/Add New Text CF/input_Custom Field Name_custom_name'

2021-03-15 12:36:13 - [TEST_STEP][PASSED] - click(findTestObject("Admin/Plugin Page/Add New Text CF/input_Add Option_saveCustomDetails")): Object: 'Object Repository/Admin/Plugin Page/Add New Text CF/input_Add Option_saveCustomDetails' is clicked on

2021-03-15 12:36:13 - [MESSAGE][PASSED] - Object: 'Object Repository/Admin/Plugin Page/Add New Text CF/input_Add Option_saveCustomDetails' is clicked on

2021-03-15 12:36:13 - [TEST_STEP][PASSED] - click(findTestObject("Object Repository/Admin/Plugin Page/Add New Text CF/i_Textfield_icon icon-edit")): Object: 'Object Repository/Admin/Plugin Page/Add New Text CF/i_Textfield_icon icon-edit' is clicked on

2021-03-15 12:36:15 - [MESSAGE][PASSED] - Object: 'Object Repository/Admin/Plugin Page/Add New Text CF/i_Textfield_icon icon-edit' is clicked on

2021-03-15 12:36:15 - [TEST_STEP][PASSED] - setText(findTestObject("Admin/Plugin Page/Add New Text CF/input_Custom Field Name_custom_name"), "Sample Custom field Edited"): Text 'Sample Custom field Edited' is set on object 'Object Repository/Admin/Plugin Page/Add New Text CF/input_Custom Field Name_custom_name'

2021-03-15 12:36:16 - [MESSAGE][PASSED] - Text 'Sample Custom field Edited' is set on object 'Object Repository/Admin/Plugin Page/Add New Text CF/input_Custom Field Name_custom_name'

2021-03-15 12:36:16 - [TEST_STEP][PASSED] - click(findTestObject("Admin/Plugin Page/Add New Text CF/input_Add Option_saveCustomDetails")): Object: 'Object Repository/Admin/Plugin Page/Add New Text CF/input_Add Option_saveCustomDetails' is clicked on

2021-03-15 12:36:16 - [MESSAGE][PASSED] - Object: 'Object Repository/Admin/Plugin Page/Add New Text CF/input_Add Option_saveCustomDetails' is clicked on

2021-03-15 12:36:16 - [TEST_STEP][PASSED] - closeBrowser(): Browser is closed

2021-03-15 12:36:17 - [MESSAGE][PASSED] - Browser is closed

2021-03-15 12:36:17 - [MESSAGE][PASSED] - Call Test Case 'Test Cases/Utilities/Edit Custom Field' successfully

2021-03-15 12:36:17 - [TEST_STEP][PASSED] - callTestCase(findTestCase("Utilities/Navigate to Buyer Settings"), [:], STOP_ON_FAILURE): Call Test Case 'Test Cases/Utilities/Navigate to Buyer Settings' successfully

2021-03-15 12:36:17 - [TEST_CASE][PASSED] - Test Cases/Utilities/Navigate to Buyer Settings: Test Cases/Utilities/Navigate to Buyer Settings

2021-03-15 12:36:17 - [TEST_STEP][PASSED] - openBrowser(""): Browser is opened with url: ''

2021-03-15 12:36:17 - [MESSAGE][INFO] - Starting 'Chrome' driver

2021-03-15 12:36:17 - [MESSAGE][INFO] - Action delay is set to 0 milliseconds

2021-03-15 12:36:18 - [MESSAGE][PASSED] - Browser is opened with url: ''

2021-03-15 12:36:18 - [TEST_STEP][PASSED] - navigateToUrl("https://youhadmeathelloworld.arcadier.io/"): Navigate to 'https://youhadmeathelloworld.arcadier.io/' successfully

2021-03-15 12:36:21 - [MESSAGE][PASSED] - Navigate to 'https://youhadmeathelloworld.arcadier.io/' successfully

2021-03-15 12:36:21 - [TEST_STEP][PASSED] - maximizeWindow(): Current window maximized

2021-03-15 12:36:21 - [MESSAGE][PASSED] - Current window maximized

2021-03-15 12:36:21 - [TEST_STEP][PASSED] - click(findTestObject("Object Repository/User/a_REGISTER  SIGN IN")): Object: 'Object Repository/User/a_REGISTER  SIGN IN' is clicked on

2021-03-15 12:36:23 - [MESSAGE][PASSED] - Object: 'Object Repository/User/a_REGISTER  SIGN IN' is clicked on

2021-03-15 12:36:23 - [TEST_STEP][PASSED] - setText(findTestObject("Object Repository/User/input_Your emailusername_username"), "athena"): Text 'athena' is set on object 'Object Repository/User/input_Your emailusername_username'

2021-03-15 12:36:24 - [MESSAGE][PASSED] - Text 'athena' is set on object 'Object Repository/User/input_Your emailusername_username'

2021-03-15 12:36:24 - [TEST_STEP][PASSED] - setEncryptedText(findTestObject("Object Repository/User/input_Your password_password"), "goxxgxvM2dP/z7G09p4JaTtn5QD+a0Kw"): Text ****** has been set on object 'Object Repository/User/input_Your password_password'

2021-03-15 12:36:24 - [MESSAGE][PASSED] - Text ****** has been set on object 'Object Repository/User/input_Your password_password'

2021-03-15 12:36:24 - [TEST_STEP][PASSED] - click(findTestObject("Object Repository/User/input_Your password_login-submit")): Object: 'Object Repository/User/input_Your password_login-submit' is clicked on

2021-03-15 12:36:26 - [MESSAGE][PASSED] - Object: 'Object Repository/User/input_Your password_login-submit' is clicked on

2021-03-15 12:36:26 - [TEST_STEP][PASSED] - mouseOver(findTestObject("User/i_EN_icon icon-down")): Object: 'Object Repository/User/i_EN_icon icon-down' is hovered

2021-03-15 12:36:28 - [MESSAGE][PASSED] - Object: 'Object Repository/User/i_EN_icon icon-down' is hovered

2021-03-15 12:36:28 - [TEST_STEP][PASSED] - click(findTestObject("User/a_Settings")): Object: 'Object Repository/User/a_Settings' is clicked on

2021-03-15 12:36:28 - [MESSAGE][PASSED] - Object: 'Object Repository/User/a_Settings' is clicked on

2021-03-15 12:36:28 - [MESSAGE][PASSED] - Call Test Case 'Test Cases/Utilities/Navigate to Buyer Settings' successfully

2021-03-15 12:36:28 - [TEST_STEP][PASSED] - verifyElementPresent(findTestObject("User/label_SAMPLE CUSTOM FIELD EDITED"), 0): Object 'Object Repository/User/label_SAMPLE CUSTOM FIELD EDITED' is present

2021-03-15 12:36:28 - [MESSAGE][WARNING] - Timeout '0' is invalid. Using default page load timeout: '30'

2021-03-15 12:36:30 - [MESSAGE][PASSED] - Object 'Object Repository/User/label_SAMPLE CUSTOM FIELD EDITED' is present

2021-03-15 12:36:30 - [TEST_STEP][PASSED] - verifyElementText(findTestObject("User/label_SAMPLE CUSTOM FIELD EDITED"), "SAMPLE CUSTOM FIELD EDITED"): Actual text and expected text of test object 'Object Repository/User/label_SAMPLE CUSTOM FIELD EDITED' are matched.

2021-03-15 12:36:30 - [MESSAGE][PASSED] - Actual text and expected text of test object 'Object Repository/User/label_SAMPLE CUSTOM FIELD EDITED' are matched.

2021-03-15 12:36:30 - [TEST_STEP][PASSED] - callTestCase(findTestCase("Utilities/Deleting Custom Field"), [:], STOP_ON_FAILURE): Call Test Case 'Test Cases/Utilities/Deleting Custom Field' successfully

2021-03-15 12:36:30 - [TEST_CASE][PASSED] - Test Cases/Utilities/Deleting Custom Field: Test Cases/Utilities/Deleting Custom Field

2021-03-15 12:36:30 - [TEST_STEP][PASSED] - callTestCase(findTestCase("Utilities/Admin Login"), [:], STOP_ON_FAILURE): Call Test Case 'Test Cases/Utilities/Admin Login' successfully

2021-03-15 12:36:30 - [TEST_CASE][PASSED] - Test Cases/Utilities/Admin Login: Test Cases/Utilities/Admin Login

2021-03-15 12:36:30 - [TEST_STEP][PASSED] - openBrowser(""): Browser is opened with url: ''

2021-03-15 12:36:30 - [MESSAGE][WARNING] - A browser is already opened. Closing browser and opening a new one

2021-03-15 12:36:31 - [MESSAGE][INFO] - Starting 'Chrome' driver

2021-03-15 12:36:31 - [MESSAGE][INFO] - Action delay is set to 0 milliseconds

2021-03-15 12:36:32 - [MESSAGE][PASSED] - Browser is opened with url: ''

2021-03-15 12:36:32 - [TEST_STEP][PASSED] - maximizeWindow(): Current window maximized

2021-03-15 12:36:32 - [MESSAGE][PASSED] - Current window maximized

2021-03-15 12:36:32 - [TEST_STEP][PASSED] - navigateToUrl(admin_url): Navigate to 'https://youhadmeathelloworld.arcadier.io/admin' successfully

2021-03-15 12:36:35 - [MESSAGE][PASSED] - Navigate to 'https://youhadmeathelloworld.arcadier.io/admin' successfully

2021-03-15 12:36:35 - [TEST_STEP][PASSED] - waitForPageLoad(2): Wait for page load successfully

2021-03-15 12:36:35 - [MESSAGE][PASSED] - Wait for page load successfully

2021-03-15 12:36:35 - [TEST_STEP][PASSED] - setText(findTestObject("Admin/Admin Login/txt_username"), admin_username): Text 'codemafia' is set on object 'Object Repository/Admin/Admin Login/txt_username'

2021-03-15 12:36:35 - [MESSAGE][PASSED] - Text 'codemafia' is set on object 'Object Repository/Admin/Admin Login/txt_username'

2021-03-15 12:36:35 - [TEST_STEP][PASSED] - setText(findTestObject("Admin/Admin Login/txt_password"), admin_password): Text 'welcome8' is set on object 'Object Repository/Admin/Admin Login/txt_password'

2021-03-15 12:36:36 - [MESSAGE][PASSED] - Text 'welcome8' is set on object 'Object Repository/Admin/Admin Login/txt_password'

2021-03-15 12:36:36 - [TEST_STEP][PASSED] - click(findTestObject("Admin/Admin Login/button_login")): Object: 'Object Repository/Admin/Admin Login/button_login' is clicked on

2021-03-15 12:36:40 - [MESSAGE][PASSED] - Object: 'Object Repository/Admin/Admin Login/button_login' is clicked on

2021-03-15 12:36:40 - [MESSAGE][PASSED] - Call Test Case 'Test Cases/Utilities/Admin Login' successfully

2021-03-15 12:36:40 - [TEST_STEP][PASSED] - callTestCase(findTestCase("Utilities/Navigate to Plugin"), [:], STOP_ON_FAILURE): Call Test Case 'Test Cases/Utilities/Navigate to Plugin' successfully

2021-03-15 12:36:40 - [TEST_CASE][PASSED] - Test Cases/Utilities/Navigate to Plugin: Test Cases/Utilities/Navigate to Plugin

2021-03-15 12:36:40 - [TEST_STEP][PASSED] - click(findTestObject("Admin/Plugin Navigation/link_plugin")): Object: 'Object Repository/Admin/Plugin Navigation/link_plugin' is clicked on

2021-03-15 12:36:41 - [MESSAGE][PASSED] - Object: 'Object Repository/Admin/Plugin Navigation/link_plugin' is clicked on

2021-03-15 12:36:41 - [TEST_STEP][PASSED] - click(findTestObject("Admin/Plugin Navigation/link_profile")): Object: 'Object Repository/Admin/Plugin Navigation/link_profile' is clicked on

2021-03-15 12:36:42 - [MESSAGE][PASSED] - Object: 'Object Repository/Admin/Plugin Navigation/link_profile' is clicked on

2021-03-15 12:36:42 - [MESSAGE][PASSED] - Call Test Case 'Test Cases/Utilities/Navigate to Plugin' successfully

2021-03-15 12:36:42 - [TEST_STEP][PASSED] - click(findTestObject("Admin/Plugin Page/Deleting Custom Fields/i_Textfield_icon icon-delete")): Object: 'Object Repository/Admin/Plugin Page/Deleting Custom Fields/i_Textfield_icon icon-delete' is clicked on

2021-03-15 12:36:42 - [MESSAGE][PASSED] - Object: 'Object Repository/Admin/Plugin Page/Deleting Custom Fields/i_Textfield_icon icon-delete' is clicked on

2021-03-15 12:36:42 - [TEST_STEP][PASSED] - click(findTestObject("Admin/Plugin Page/Deleting Custom Fields/del_confirm")): Object: 'Object Repository/Admin/Plugin Page/Deleting Custom Fields/del_confirm' is clicked on

2021-03-15 12:36:43 - [MESSAGE][PASSED] - Object: 'Object Repository/Admin/Plugin Page/Deleting Custom Fields/del_confirm' is clicked on

2021-03-15 12:36:43 - [TEST_STEP][PASSED] - closeBrowser(): Browser is closed

2021-03-15 12:36:44 - [MESSAGE][PASSED] - Browser is closed

2021-03-15 12:36:44 - [MESSAGE][PASSED] - Call Test Case 'Test Cases/Utilities/Deleting Custom Field' successfully]]></system-out>
         <system-err><![CDATA[]]></system-err>
      </testcase>
      <testcase name="Test Cases/User Settings/COMPLEX/TC_CMPLX_014" time="73.993" classname="Test Cases/User Settings/COMPLEX/TC_CMPLX_014" status="FAILED">
         <failure type="FAILED" message="Test Cases/User Settings/COMPLEX/TC_CMPLX_014 FAILED.
Reason:
com.kms.katalon.core.exception.StepFailedException: Unable to verify object 'Object Repository/User/input_SAMPLE TEXT CUSTOMFIELD_Sample Text Customfield' is not present
	at com.kms.katalon.core.webui.keyword.internal.WebUIKeywordMain.stepFailed(WebUIKeywordMain.groovy:64)
	at com.kms.katalon.core.webui.keyword.internal.WebUIKeywordMain.runKeyword(WebUIKeywordMain.groovy:26)
	at com.kms.katalon.core.webui.keyword.internal.WebUIKeywordMain$runKeyword.call(Unknown Source)
	at com.kms.katalon.core.webui.keyword.builtin.VerifyElementNotPresentKeyword.verifyElementNotPresent(VerifyElementNotPresentKeyword.groovy:117)
	at com.kms.katalon.core.webui.keyword.builtin.VerifyElementNotPresentKeyword.execute(VerifyElementNotPresentKeyword.groovy:68)
	at com.kms.katalon.core.keyword.internal.KeywordExecutor.executeKeywordForPlatform(KeywordExecutor.groovy:73)
	at com.kms.katalon.core.webui.keyword.WebUiBuiltInKeywords.verifyElementNotPresent(WebUiBuiltInKeywords.groovy:1493)
	at com.kms.katalon.core.webui.keyword.WebUiBuiltInKeywords$verifyElementNotPresent$12.call(Unknown Source)
	at TC_CMPLX_014.run(TC_CMPLX_014:25)
	at com.kms.katalon.core.main.ScriptEngine.run(ScriptEngine.java:194)
	at com.kms.katalon.core.main.ScriptEngine.runScriptAsRawText(ScriptEngine.java:119)
	at com.kms.katalon.core.main.TestCaseExecutor.runScript(TestCaseExecutor.java:339)
	at com.kms.katalon.core.main.TestCaseExecutor.doExecute(TestCaseExecutor.java:330)
	at com.kms.katalon.core.main.TestCaseExecutor.processExecutionPhase(TestCaseExecutor.java:309)
	at com.kms.katalon.core.main.TestCaseExecutor.accessMainPhase(TestCaseExecutor.java:301)
	at com.kms.katalon.core.main.TestCaseExecutor.execute(TestCaseExecutor.java:235)
	at com.kms.katalon.core.main.TestSuiteExecutor.accessTestCaseMainPhase(TestSuiteExecutor.java:191)
	at com.kms.katalon.core.main.TestSuiteExecutor.accessTestSuiteMainPhase(TestSuiteExecutor.java:141)
	at com.kms.katalon.core.main.TestSuiteExecutor.execute(TestSuiteExecutor.java:90)
	at com.kms.katalon.core.main.TestCaseMain.startTestSuite(TestCaseMain.java:157)
	at com.kms.katalon.core.main.TestCaseMain$startTestSuite$0.call(Unknown Source)
	at TempTestSuite1615782787055.run(TempTestSuite1615782787055.groovy:39)
Caused by: com.kms.katalon.core.exception.StepFailedException: Web element with id: 'Object Repository/User/input_SAMPLE TEXT CUSTOMFIELD_Sample Text Customfield' located by 'By.xpath: //*[@type = 'text' and @name = 'Sample Text Customfield']' is present after '30' second(s)
	at com.kms.katalon.core.webui.keyword.internal.WebUIKeywordMain.stepFailed(WebUIKeywordMain.groovy:64)
	at com.kms.katalon.core.webui.keyword.internal.WebUIKeywordMain$stepFailed$0.call(Unknown Source)
	at com.kms.katalon.core.webui.keyword.builtin.VerifyElementNotPresentKeyword$_verifyElementNotPresent_closure1.doCall(VerifyElementNotPresentKeyword.groovy:106)
	at com.kms.katalon.core.webui.keyword.builtin.VerifyElementNotPresentKeyword$_verifyElementNotPresent_closure1.doCall(VerifyElementNotPresentKeyword.groovy)
	at com.kms.katalon.core.webui.keyword.internal.WebUIKeywordMain.runKeyword(WebUIKeywordMain.groovy:20)
	... 20 more
"/>
         <system-out><![CDATA[2021-03-15 12:36:44 - [TEST_CASE][FAILED] - Test Cases/User Settings/COMPLEX/TC_CMPLX_014: Test Cases/User Settings/COMPLEX/TC_CMPLX_014 FAILED.
Reason:
com.kms.katalon.core.exception.StepFailedException: Unable to verify object 'Object Repository/User/input_SAMPLE TEXT CUSTOMFIELD_Sample Text Customfield' is not present
	at com.kms.katalon.core.webui.keyword.internal.WebUIKeywordMain.stepFailed(WebUIKeywordMain.groovy:64)
	at com.kms.katalon.core.webui.keyword.internal.WebUIKeywordMain.runKeyword(WebUIKeywordMain.groovy:26)
	at com.kms.katalon.core.webui.keyword.internal.WebUIKeywordMain$runKeyword.call(Unknown Source)
	at com.kms.katalon.core.webui.keyword.builtin.VerifyElementNotPresentKeyword.verifyElementNotPresent(VerifyElementNotPresentKeyword.groovy:117)
	at com.kms.katalon.core.webui.keyword.builtin.VerifyElementNotPresentKeyword.execute(VerifyElementNotPresentKeyword.groovy:68)
	at com.kms.katalon.core.keyword.internal.KeywordExecutor.executeKeywordForPlatform(KeywordExecutor.groovy:73)
	at com.kms.katalon.core.webui.keyword.WebUiBuiltInKeywords.verifyElementNotPresent(WebUiBuiltInKeywords.groovy:1493)
	at com.kms.katalon.core.webui.keyword.WebUiBuiltInKeywords$verifyElementNotPresent$12.call(Unknown Source)
	at TC_CMPLX_014.run(TC_CMPLX_014:25)
	at com.kms.katalon.core.main.ScriptEngine.run(ScriptEngine.java:194)
	at com.kms.katalon.core.main.ScriptEngine.runScriptAsRawText(ScriptEngine.java:119)
	at com.kms.katalon.core.main.TestCaseExecutor.runScript(TestCaseExecutor.java:339)
	at com.kms.katalon.core.main.TestCaseExecutor.doExecute(TestCaseExecutor.java:330)
	at com.kms.katalon.core.main.TestCaseExecutor.processExecutionPhase(TestCaseExecutor.java:309)
	at com.kms.katalon.core.main.TestCaseExecutor.accessMainPhase(TestCaseExecutor.java:301)
	at com.kms.katalon.core.main.TestCaseExecutor.execute(TestCaseExecutor.java:235)
	at com.kms.katalon.core.main.TestSuiteExecutor.accessTestCaseMainPhase(TestSuiteExecutor.java:191)
	at com.kms.katalon.core.main.TestSuiteExecutor.accessTestSuiteMainPhase(TestSuiteExecutor.java:141)
	at com.kms.katalon.core.main.TestSuiteExecutor.execute(TestSuiteExecutor.java:90)
	at com.kms.katalon.core.main.TestCaseMain.startTestSuite(TestCaseMain.java:157)
	at com.kms.katalon.core.main.TestCaseMain$startTestSuite$0.call(Unknown Source)
	at TempTestSuite1615782787055.run(TempTestSuite1615782787055.groovy:39)
Caused by: com.kms.katalon.core.exception.StepFailedException: Web element with id: 'Object Repository/User/input_SAMPLE TEXT CUSTOMFIELD_Sample Text Customfield' located by 'By.xpath: //*[@type = 'text' and @name = 'Sample Text Customfield']' is present after '30' second(s)
	at com.kms.katalon.core.webui.keyword.internal.WebUIKeywordMain.stepFailed(WebUIKeywordMain.groovy:64)
	at com.kms.katalon.core.webui.keyword.internal.WebUIKeywordMain$stepFailed$0.call(Unknown Source)
	at com.kms.katalon.core.webui.keyword.builtin.VerifyElementNotPresentKeyword$_verifyElementNotPresent_closure1.doCall(VerifyElementNotPresentKeyword.groovy:106)
	at com.kms.katalon.core.webui.keyword.builtin.VerifyElementNotPresentKeyword$_verifyElementNotPresent_closure1.doCall(VerifyElementNotPresentKeyword.groovy)
	at com.kms.katalon.core.webui.keyword.internal.WebUIKeywordMain.runKeyword(WebUIKeywordMain.groovy:20)
	... 20 more


2021-03-15 12:36:44 - [TEST_STEP][PASSED] - callTestCase(findTestCase("Utilities/Add New Text Custom Field"), [:], STOP_ON_FAILURE): Call Test Case 'Test Cases/Utilities/Add New Text Custom Field' successfully

2021-03-15 12:36:44 - [TEST_CASE][PASSED] - Test Cases/Utilities/Add New Text Custom Field: Test Cases/Utilities/Add New Text Custom Field

2021-03-15 12:36:44 - [TEST_STEP][PASSED] - callTestCase(findTestCase("Utilities/Admin Login"), [:], STOP_ON_FAILURE): Call Test Case 'Test Cases/Utilities/Admin Login' successfully

2021-03-15 12:36:44 - [TEST_CASE][PASSED] - Test Cases/Utilities/Admin Login: Test Cases/Utilities/Admin Login

2021-03-15 12:36:44 - [TEST_STEP][PASSED] - openBrowser(""): Browser is opened with url: ''

2021-03-15 12:36:44 - [MESSAGE][INFO] - Starting 'Chrome' driver

2021-03-15 12:36:44 - [MESSAGE][INFO] - Action delay is set to 0 milliseconds

2021-03-15 12:36:45 - [MESSAGE][PASSED] - Browser is opened with url: ''

2021-03-15 12:36:45 - [TEST_STEP][PASSED] - maximizeWindow(): Current window maximized

2021-03-15 12:36:45 - [MESSAGE][PASSED] - Current window maximized

2021-03-15 12:36:45 - [TEST_STEP][PASSED] - navigateToUrl(admin_url): Navigate to 'https://youhadmeathelloworld.arcadier.io/admin' successfully

2021-03-15 12:36:50 - [MESSAGE][PASSED] - Navigate to 'https://youhadmeathelloworld.arcadier.io/admin' successfully

2021-03-15 12:36:50 - [TEST_STEP][PASSED] - waitForPageLoad(2): Wait for page load successfully

2021-03-15 12:36:50 - [MESSAGE][PASSED] - Wait for page load successfully

2021-03-15 12:36:50 - [TEST_STEP][PASSED] - setText(findTestObject("Admin/Admin Login/txt_username"), admin_username): Text 'codemafia' is set on object 'Object Repository/Admin/Admin Login/txt_username'

2021-03-15 12:36:51 - [MESSAGE][PASSED] - Text 'codemafia' is set on object 'Object Repository/Admin/Admin Login/txt_username'

2021-03-15 12:36:51 - [TEST_STEP][PASSED] - setText(findTestObject("Admin/Admin Login/txt_password"), admin_password): Text 'welcome8' is set on object 'Object Repository/Admin/Admin Login/txt_password'

2021-03-15 12:36:51 - [MESSAGE][PASSED] - Text 'welcome8' is set on object 'Object Repository/Admin/Admin Login/txt_password'

2021-03-15 12:36:51 - [TEST_STEP][PASSED] - click(findTestObject("Admin/Admin Login/button_login")): Object: 'Object Repository/Admin/Admin Login/button_login' is clicked on

2021-03-15 12:36:55 - [MESSAGE][PASSED] - Object: 'Object Repository/Admin/Admin Login/button_login' is clicked on

2021-03-15 12:36:55 - [MESSAGE][PASSED] - Call Test Case 'Test Cases/Utilities/Admin Login' successfully

2021-03-15 12:36:55 - [TEST_STEP][PASSED] - callTestCase(findTestCase("Utilities/Navigate to Plugin"), [:], STOP_ON_FAILURE): Call Test Case 'Test Cases/Utilities/Navigate to Plugin' successfully

2021-03-15 12:36:55 - [TEST_CASE][PASSED] - Test Cases/Utilities/Navigate to Plugin: Test Cases/Utilities/Navigate to Plugin

2021-03-15 12:36:55 - [TEST_STEP][PASSED] - click(findTestObject("Admin/Plugin Navigation/link_plugin")): Object: 'Object Repository/Admin/Plugin Navigation/link_plugin' is clicked on

2021-03-15 12:36:56 - [MESSAGE][PASSED] - Object: 'Object Repository/Admin/Plugin Navigation/link_plugin' is clicked on

2021-03-15 12:36:56 - [TEST_STEP][PASSED] - click(findTestObject("Admin/Plugin Navigation/link_profile")): Object: 'Object Repository/Admin/Plugin Navigation/link_profile' is clicked on

2021-03-15 12:36:58 - [MESSAGE][PASSED] - Object: 'Object Repository/Admin/Plugin Navigation/link_profile' is clicked on

2021-03-15 12:36:58 - [MESSAGE][PASSED] - Call Test Case 'Test Cases/Utilities/Navigate to Plugin' successfully

2021-03-15 12:36:58 - [TEST_STEP][PASSED] - click(findTestObject("Admin/Plugin Page/Add New Text CF/a_Add Profile Input Field")): Object: 'Object Repository/Admin/Plugin Page/Add New Text CF/a_Add Profile Input Field' is clicked on

2021-03-15 12:36:58 - [MESSAGE][PASSED] - Object: 'Object Repository/Admin/Plugin Page/Add New Text CF/a_Add Profile Input Field' is clicked on

2021-03-15 12:36:58 - [TEST_STEP][PASSED] - setText(findTestObject("Admin/Plugin Page/Add New Text CF/input_Custom Field Name_custom_name"), "Sample Text Customfield"): Text 'Sample Text Customfield' is set on object 'Object Repository/Admin/Plugin Page/Add New Text CF/input_Custom Field Name_custom_name'

2021-03-15 12:36:59 - [MESSAGE][PASSED] - Text 'Sample Text Customfield' is set on object 'Object Repository/Admin/Plugin Page/Add New Text CF/input_Custom Field Name_custom_name'

2021-03-15 12:36:59 - [TEST_STEP][PASSED] - click(findTestObject("Admin/Plugin Page/Add New Text CF/input_Add Option_saveCustomDetails")): Object: 'Object Repository/Admin/Plugin Page/Add New Text CF/input_Add Option_saveCustomDetails' is clicked on

2021-03-15 12:36:59 - [MESSAGE][PASSED] - Object: 'Object Repository/Admin/Plugin Page/Add New Text CF/input_Add Option_saveCustomDetails' is clicked on

2021-03-15 12:36:59 - [TEST_STEP][PASSED] - closeBrowser(): Browser is closed

2021-03-15 12:37:00 - [MESSAGE][PASSED] - Browser is closed

2021-03-15 12:37:00 - [MESSAGE][PASSED] - Call Test Case 'Test Cases/Utilities/Add New Text Custom Field' successfully

2021-03-15 12:37:00 - [TEST_STEP][PASSED] - callTestCase(findTestCase("Utilities/Deleting Custom Field"), [:], STOP_ON_FAILURE): Call Test Case 'Test Cases/Utilities/Deleting Custom Field' successfully

2021-03-15 12:37:00 - [TEST_CASE][PASSED] - Test Cases/Utilities/Deleting Custom Field: Test Cases/Utilities/Deleting Custom Field

2021-03-15 12:37:00 - [TEST_STEP][PASSED] - callTestCase(findTestCase("Utilities/Admin Login"), [:], STOP_ON_FAILURE): Call Test Case 'Test Cases/Utilities/Admin Login' successfully

2021-03-15 12:37:00 - [TEST_CASE][PASSED] - Test Cases/Utilities/Admin Login: Test Cases/Utilities/Admin Login

2021-03-15 12:37:00 - [TEST_STEP][PASSED] - openBrowser(""): Browser is opened with url: ''

2021-03-15 12:37:00 - [MESSAGE][INFO] - Starting 'Chrome' driver

2021-03-15 12:37:00 - [MESSAGE][INFO] - Action delay is set to 0 milliseconds

2021-03-15 12:37:01 - [MESSAGE][PASSED] - Browser is opened with url: ''

2021-03-15 12:37:01 - [TEST_STEP][PASSED] - maximizeWindow(): Current window maximized

2021-03-15 12:37:02 - [MESSAGE][PASSED] - Current window maximized

2021-03-15 12:37:02 - [TEST_STEP][PASSED] - navigateToUrl(admin_url): Navigate to 'https://youhadmeathelloworld.arcadier.io/admin' successfully

2021-03-15 12:37:04 - [MESSAGE][PASSED] - Navigate to 'https://youhadmeathelloworld.arcadier.io/admin' successfully

2021-03-15 12:37:04 - [TEST_STEP][PASSED] - waitForPageLoad(2): Wait for page load successfully

2021-03-15 12:37:04 - [MESSAGE][PASSED] - Wait for page load successfully

2021-03-15 12:37:04 - [TEST_STEP][PASSED] - setText(findTestObject("Admin/Admin Login/txt_username"), admin_username): Text 'codemafia' is set on object 'Object Repository/Admin/Admin Login/txt_username'

2021-03-15 12:37:04 - [MESSAGE][PASSED] - Text 'codemafia' is set on object 'Object Repository/Admin/Admin Login/txt_username'

2021-03-15 12:37:04 - [TEST_STEP][PASSED] - setText(findTestObject("Admin/Admin Login/txt_password"), admin_password): Text 'welcome8' is set on object 'Object Repository/Admin/Admin Login/txt_password'

2021-03-15 12:37:05 - [MESSAGE][PASSED] - Text 'welcome8' is set on object 'Object Repository/Admin/Admin Login/txt_password'

2021-03-15 12:37:05 - [TEST_STEP][PASSED] - click(findTestObject("Admin/Admin Login/button_login")): Object: 'Object Repository/Admin/Admin Login/button_login' is clicked on

2021-03-15 12:37:08 - [MESSAGE][PASSED] - Object: 'Object Repository/Admin/Admin Login/button_login' is clicked on

2021-03-15 12:37:08 - [MESSAGE][PASSED] - Call Test Case 'Test Cases/Utilities/Admin Login' successfully

2021-03-15 12:37:08 - [TEST_STEP][PASSED] - callTestCase(findTestCase("Utilities/Navigate to Plugin"), [:], STOP_ON_FAILURE): Call Test Case 'Test Cases/Utilities/Navigate to Plugin' successfully

2021-03-15 12:37:08 - [TEST_CASE][PASSED] - Test Cases/Utilities/Navigate to Plugin: Test Cases/Utilities/Navigate to Plugin

2021-03-15 12:37:08 - [TEST_STEP][PASSED] - click(findTestObject("Admin/Plugin Navigation/link_plugin")): Object: 'Object Repository/Admin/Plugin Navigation/link_plugin' is clicked on

2021-03-15 12:37:09 - [MESSAGE][PASSED] - Object: 'Object Repository/Admin/Plugin Navigation/link_plugin' is clicked on

2021-03-15 12:37:09 - [TEST_STEP][PASSED] - click(findTestObject("Admin/Plugin Navigation/link_profile")): Object: 'Object Repository/Admin/Plugin Navigation/link_profile' is clicked on

2021-03-15 12:37:11 - [MESSAGE][PASSED] - Object: 'Object Repository/Admin/Plugin Navigation/link_profile' is clicked on

2021-03-15 12:37:11 - [MESSAGE][PASSED] - Call Test Case 'Test Cases/Utilities/Navigate to Plugin' successfully

2021-03-15 12:37:11 - [TEST_STEP][PASSED] - click(findTestObject("Admin/Plugin Page/Deleting Custom Fields/i_Textfield_icon icon-delete")): Object: 'Object Repository/Admin/Plugin Page/Deleting Custom Fields/i_Textfield_icon icon-delete' is clicked on

2021-03-15 12:37:11 - [MESSAGE][PASSED] - Object: 'Object Repository/Admin/Plugin Page/Deleting Custom Fields/i_Textfield_icon icon-delete' is clicked on

2021-03-15 12:37:11 - [TEST_STEP][PASSED] - click(findTestObject("Admin/Plugin Page/Deleting Custom Fields/del_confirm")): Object: 'Object Repository/Admin/Plugin Page/Deleting Custom Fields/del_confirm' is clicked on

2021-03-15 12:37:12 - [MESSAGE][PASSED] - Object: 'Object Repository/Admin/Plugin Page/Deleting Custom Fields/del_confirm' is clicked on

2021-03-15 12:37:12 - [TEST_STEP][PASSED] - closeBrowser(): Browser is closed

2021-03-15 12:37:13 - [MESSAGE][PASSED] - Browser is closed

2021-03-15 12:37:13 - [MESSAGE][PASSED] - Call Test Case 'Test Cases/Utilities/Deleting Custom Field' successfully

2021-03-15 12:37:13 - [TEST_STEP][PASSED] - callTestCase(findTestCase("Utilities/Navigate to Buyer Settings"), [:], STOP_ON_FAILURE): Call Test Case 'Test Cases/Utilities/Navigate to Buyer Settings' successfully

2021-03-15 12:37:13 - [TEST_CASE][PASSED] - Test Cases/Utilities/Navigate to Buyer Settings: Test Cases/Utilities/Navigate to Buyer Settings

2021-03-15 12:37:13 - [TEST_STEP][PASSED] - openBrowser(""): Browser is opened with url: ''

2021-03-15 12:37:13 - [MESSAGE][INFO] - Starting 'Chrome' driver

2021-03-15 12:37:13 - [MESSAGE][INFO] - Action delay is set to 0 milliseconds

2021-03-15 12:37:14 - [MESSAGE][PASSED] - Browser is opened with url: ''

2021-03-15 12:37:14 - [TEST_STEP][PASSED] - navigateToUrl("https://youhadmeathelloworld.arcadier.io/"): Navigate to 'https://youhadmeathelloworld.arcadier.io/' successfully

2021-03-15 12:37:19 - [MESSAGE][PASSED] - Navigate to 'https://youhadmeathelloworld.arcadier.io/' successfully

2021-03-15 12:37:19 - [TEST_STEP][PASSED] - maximizeWindow(): Current window maximized

2021-03-15 12:37:19 - [MESSAGE][PASSED] - Current window maximized

2021-03-15 12:37:19 - [TEST_STEP][PASSED] - click(findTestObject("Object Repository/User/a_REGISTER  SIGN IN")): Object: 'Object Repository/User/a_REGISTER  SIGN IN' is clicked on

2021-03-15 12:37:21 - [MESSAGE][PASSED] - Object: 'Object Repository/User/a_REGISTER  SIGN IN' is clicked on

2021-03-15 12:37:21 - [TEST_STEP][PASSED] - setText(findTestObject("Object Repository/User/input_Your emailusername_username"), "athena"): Text 'athena' is set on object 'Object Repository/User/input_Your emailusername_username'

2021-03-15 12:37:21 - [MESSAGE][PASSED] - Text 'athena' is set on object 'Object Repository/User/input_Your emailusername_username'

2021-03-15 12:37:21 - [TEST_STEP][PASSED] - setEncryptedText(findTestObject("Object Repository/User/input_Your password_password"), "goxxgxvM2dP/z7G09p4JaTtn5QD+a0Kw"): Text ****** has been set on object 'Object Repository/User/input_Your password_password'

2021-03-15 12:37:22 - [MESSAGE][PASSED] - Text ****** has been set on object 'Object Repository/User/input_Your password_password'

2021-03-15 12:37:22 - [TEST_STEP][PASSED] - click(findTestObject("Object Repository/User/input_Your password_login-submit")): Object: 'Object Repository/User/input_Your password_login-submit' is clicked on

2021-03-15 12:37:24 - [MESSAGE][PASSED] - Object: 'Object Repository/User/input_Your password_login-submit' is clicked on

2021-03-15 12:37:24 - [TEST_STEP][PASSED] - mouseOver(findTestObject("User/i_EN_icon icon-down")): Object: 'Object Repository/User/i_EN_icon icon-down' is hovered

2021-03-15 12:37:25 - [MESSAGE][PASSED] - Object: 'Object Repository/User/i_EN_icon icon-down' is hovered

2021-03-15 12:37:25 - [TEST_STEP][PASSED] - click(findTestObject("User/a_Settings")): Object: 'Object Repository/User/a_Settings' is clicked on

2021-03-15 12:37:26 - [MESSAGE][PASSED] - Object: 'Object Repository/User/a_Settings' is clicked on

2021-03-15 12:37:26 - [MESSAGE][PASSED] - Call Test Case 'Test Cases/Utilities/Navigate to Buyer Settings' successfully

2021-03-15 12:37:26 - [TEST_STEP][FAILED] - verifyElementNotPresent(findTestObject("User/input_SAMPLE TEXT CUSTOMFIELD_Sample Text Customfield"), 0): Unable to verify object 'Object Repository/User/input_SAMPLE TEXT CUSTOMFIELD_Sample Text Customfield' is not present (Root cause: com.kms.katalon.core.exception.StepFailedException: Unable to verify object 'Object Repository/User/input_SAMPLE TEXT CUSTOMFIELD_Sample Text Customfield' is not present
	at com.kms.katalon.core.webui.keyword.internal.WebUIKeywordMain.stepFailed(WebUIKeywordMain.groovy:64)
	at com.kms.katalon.core.webui.keyword.internal.WebUIKeywordMain.runKeyword(WebUIKeywordMain.groovy:26)
	at com.kms.katalon.core.webui.keyword.internal.WebUIKeywordMain$runKeyword.call(Unknown Source)
	at com.kms.katalon.core.webui.keyword.builtin.VerifyElementNotPresentKeyword.verifyElementNotPresent(VerifyElementNotPresentKeyword.groovy:117)
	at com.kms.katalon.core.webui.keyword.builtin.VerifyElementNotPresentKeyword.execute(VerifyElementNotPresentKeyword.groovy:68)
	at com.kms.katalon.core.keyword.internal.KeywordExecutor.executeKeywordForPlatform(KeywordExecutor.groovy:73)
	at com.kms.katalon.core.webui.keyword.WebUiBuiltInKeywords.verifyElementNotPresent(WebUiBuiltInKeywords.groovy:1493)
	at com.kms.katalon.core.webui.keyword.WebUiBuiltInKeywords$verifyElementNotPresent$12.call(Unknown Source)
	at TC_CMPLX_014.run(TC_CMPLX_014:25)
	at com.kms.katalon.core.main.ScriptEngine.run(ScriptEngine.java:194)
	at com.kms.katalon.core.main.ScriptEngine.runScriptAsRawText(ScriptEngine.java:119)
	at com.kms.katalon.core.main.TestCaseExecutor.runScript(TestCaseExecutor.java:339)
	at com.kms.katalon.core.main.TestCaseExecutor.doExecute(TestCaseExecutor.java:330)
	at com.kms.katalon.core.main.TestCaseExecutor.processExecutionPhase(TestCaseExecutor.java:309)
	at com.kms.katalon.core.main.TestCaseExecutor.accessMainPhase(TestCaseExecutor.java:301)
	at com.kms.katalon.core.main.TestCaseExecutor.execute(TestCaseExecutor.java:235)
	at com.kms.katalon.core.main.TestSuiteExecutor.accessTestCaseMainPhase(TestSuiteExecutor.java:191)
	at com.kms.katalon.core.main.TestSuiteExecutor.accessTestSuiteMainPhase(TestSuiteExecutor.java:141)
	at com.kms.katalon.core.main.TestSuiteExecutor.execute(TestSuiteExecutor.java:90)
	at com.kms.katalon.core.main.TestCaseMain.startTestSuite(TestCaseMain.java:157)
	at com.kms.katalon.core.main.TestCaseMain$startTestSuite$0.call(Unknown Source)
	at TempTestSuite1615782787055.run(TempTestSuite1615782787055.groovy:39)
Caused by: com.kms.katalon.core.exception.StepFailedException: Web element with id: 'Object Repository/User/input_SAMPLE TEXT CUSTOMFIELD_Sample Text Customfield' located by 'By.xpath: //*[@type = 'text' and @name = 'Sample Text Customfield']' is present after '30' second(s)
	at com.kms.katalon.core.webui.keyword.internal.WebUIKeywordMain.stepFailed(WebUIKeywordMain.groovy:64)
	at com.kms.katalon.core.webui.keyword.internal.WebUIKeywordMain$stepFailed$0.call(Unknown Source)
	at com.kms.katalon.core.webui.keyword.builtin.VerifyElementNotPresentKeyword$_verifyElementNotPresent_closure1.doCall(VerifyElementNotPresentKeyword.groovy:106)
	at com.kms.katalon.core.webui.keyword.builtin.VerifyElementNotPresentKeyword$_verifyElementNotPresent_closure1.doCall(VerifyElementNotPresentKeyword.groovy)
	at com.kms.katalon.core.webui.keyword.internal.WebUIKeywordMain.runKeyword(WebUIKeywordMain.groovy:20)
	... 20 more
)

2021-03-15 12:37:26 - [MESSAGE][WARNING] - Timeout '0' is invalid. Using default page load timeout: '30'

2021-03-15 12:37:57 - [MESSAGE][FAILED] - Web element with id: 'Object Repository/User/input_SAMPLE TEXT CUSTOMFIELD_Sample Text Customfield' located by 'By.xpath: //*[@type = 'text' and @name = 'Sample Text Customfield']' is present after '30' second(s) (Root cause: com.kms.katalon.core.exception.StepFailedException: Web element with id: 'Object Repository/User/input_SAMPLE TEXT CUSTOMFIELD_Sample Text Customfield' located by 'By.xpath: //*[@type = 'text' and @name = 'Sample Text Customfield']' is present after '30' second(s)
	at com.kms.katalon.core.webui.keyword.internal.WebUIKeywordMain.stepFailed(WebUIKeywordMain.groovy:64)
	at com.kms.katalon.core.webui.keyword.internal.WebUIKeywordMain$stepFailed$0.call(Unknown Source)
	at com.kms.katalon.core.webui.keyword.builtin.VerifyElementNotPresentKeyword$_verifyElementNotPresent_closure1.doCall(VerifyElementNotPresentKeyword.groovy:106)
	at com.kms.katalon.core.webui.keyword.builtin.VerifyElementNotPresentKeyword$_verifyElementNotPresent_closure1.doCall(VerifyElementNotPresentKeyword.groovy)
	at com.kms.katalon.core.webui.keyword.internal.WebUIKeywordMain.runKeyword(WebUIKeywordMain.groovy:20)
	at com.kms.katalon.core.webui.keyword.internal.WebUIKeywordMain$runKeyword.call(Unknown Source)
	at com.kms.katalon.core.webui.keyword.builtin.VerifyElementNotPresentKeyword.verifyElementNotPresent(VerifyElementNotPresentKeyword.groovy:117)
	at com.kms.katalon.core.webui.keyword.builtin.VerifyElementNotPresentKeyword.execute(VerifyElementNotPresentKeyword.groovy:68)
	at com.kms.katalon.core.keyword.internal.KeywordExecutor.executeKeywordForPlatform(KeywordExecutor.groovy:73)
	at com.kms.katalon.core.webui.keyword.WebUiBuiltInKeywords.verifyElementNotPresent(WebUiBuiltInKeywords.groovy:1493)
	at com.kms.katalon.core.webui.keyword.WebUiBuiltInKeywords$verifyElementNotPresent$12.call(Unknown Source)
	at TC_CMPLX_014.run(TC_CMPLX_014:25)
	at com.kms.katalon.core.main.ScriptEngine.run(ScriptEngine.java:194)
	at com.kms.katalon.core.main.ScriptEngine.runScriptAsRawText(ScriptEngine.java:119)
	at com.kms.katalon.core.main.TestCaseExecutor.runScript(TestCaseExecutor.java:339)
	at com.kms.katalon.core.main.TestCaseExecutor.doExecute(TestCaseExecutor.java:330)
	at com.kms.katalon.core.main.TestCaseExecutor.processExecutionPhase(TestCaseExecutor.java:309)
	at com.kms.katalon.core.main.TestCaseExecutor.accessMainPhase(TestCaseExecutor.java:301)
	at com.kms.katalon.core.main.TestCaseExecutor.execute(TestCaseExecutor.java:235)
	at com.kms.katalon.core.main.TestSuiteExecutor.accessTestCaseMainPhase(TestSuiteExecutor.java:191)
	at com.kms.katalon.core.main.TestSuiteExecutor.accessTestSuiteMainPhase(TestSuiteExecutor.java:141)
	at com.kms.katalon.core.main.TestSuiteExecutor.execute(TestSuiteExecutor.java:90)
	at com.kms.katalon.core.main.TestCaseMain.startTestSuite(TestCaseMain.java:157)
	at com.kms.katalon.core.main.TestCaseMain$startTestSuite$0.call(Unknown Source)
	at TempTestSuite1615782787055.run(TempTestSuite1615782787055.groovy:39)
)
[[ATTACHMENT|D:\\GITHUB\\automation_profile_input\\Reports\\20210315_123307\\User Settings\\20210315_123307\\1615783077290.png]]

2021-03-15 12:37:58 - [MESSAGE][FAILED] - Unable to verify object 'Object Repository/User/input_SAMPLE TEXT CUSTOMFIELD_Sample Text Customfield' is not present (Root cause: com.kms.katalon.core.exception.StepFailedException: Unable to verify object 'Object Repository/User/input_SAMPLE TEXT CUSTOMFIELD_Sample Text Customfield' is not present
	at com.kms.katalon.core.webui.keyword.internal.WebUIKeywordMain.stepFailed(WebUIKeywordMain.groovy:64)
	at com.kms.katalon.core.webui.keyword.internal.WebUIKeywordMain.runKeyword(WebUIKeywordMain.groovy:26)
	at com.kms.katalon.core.webui.keyword.internal.WebUIKeywordMain$runKeyword.call(Unknown Source)
	at com.kms.katalon.core.webui.keyword.builtin.VerifyElementNotPresentKeyword.verifyElementNotPresent(VerifyElementNotPresentKeyword.groovy:117)
	at com.kms.katalon.core.webui.keyword.builtin.VerifyElementNotPresentKeyword.execute(VerifyElementNotPresentKeyword.groovy:68)
	at com.kms.katalon.core.keyword.internal.KeywordExecutor.executeKeywordForPlatform(KeywordExecutor.groovy:73)
	at com.kms.katalon.core.webui.keyword.WebUiBuiltInKeywords.verifyElementNotPresent(WebUiBuiltInKeywords.groovy:1493)
	at com.kms.katalon.core.webui.keyword.WebUiBuiltInKeywords$verifyElementNotPresent$12.call(Unknown Source)
	at TC_CMPLX_014.run(TC_CMPLX_014:25)
	at com.kms.katalon.core.main.ScriptEngine.run(ScriptEngine.java:194)
	at com.kms.katalon.core.main.ScriptEngine.runScriptAsRawText(ScriptEngine.java:119)
	at com.kms.katalon.core.main.TestCaseExecutor.runScript(TestCaseExecutor.java:339)
	at com.kms.katalon.core.main.TestCaseExecutor.doExecute(TestCaseExecutor.java:330)
	at com.kms.katalon.core.main.TestCaseExecutor.processExecutionPhase(TestCaseExecutor.java:309)
	at com.kms.katalon.core.main.TestCaseExecutor.accessMainPhase(TestCaseExecutor.java:301)
	at com.kms.katalon.core.main.TestCaseExecutor.execute(TestCaseExecutor.java:235)
	at com.kms.katalon.core.main.TestSuiteExecutor.accessTestCaseMainPhase(TestSuiteExecutor.java:191)
	at com.kms.katalon.core.main.TestSuiteExecutor.accessTestSuiteMainPhase(TestSuiteExecutor.java:141)
	at com.kms.katalon.core.main.TestSuiteExecutor.execute(TestSuiteExecutor.java:90)
	at com.kms.katalon.core.main.TestCaseMain.startTestSuite(TestCaseMain.java:157)
	at com.kms.katalon.core.main.TestCaseMain$startTestSuite$0.call(Unknown Source)
	at TempTestSuite1615782787055.run(TempTestSuite1615782787055.groovy:39)
Caused by: com.kms.katalon.core.exception.StepFailedException: Web element with id: 'Object Repository/User/input_SAMPLE TEXT CUSTOMFIELD_Sample Text Customfield' located by 'By.xpath: //*[@type = 'text' and @name = 'Sample Text Customfield']' is present after '30' second(s)
	at com.kms.katalon.core.webui.keyword.internal.WebUIKeywordMain.stepFailed(WebUIKeywordMain.groovy:64)
	at com.kms.katalon.core.webui.keyword.internal.WebUIKeywordMain$stepFailed$0.call(Unknown Source)
	at com.kms.katalon.core.webui.keyword.builtin.VerifyElementNotPresentKeyword$_verifyElementNotPresent_closure1.doCall(VerifyElementNotPresentKeyword.groovy:106)
	at com.kms.katalon.core.webui.keyword.builtin.VerifyElementNotPresentKeyword$_verifyElementNotPresent_closure1.doCall(VerifyElementNotPresentKeyword.groovy)
	at com.kms.katalon.core.webui.keyword.internal.WebUIKeywordMain.runKeyword(WebUIKeywordMain.groovy:20)
	... 20 more
)
[[ATTACHMENT|D:\\GITHUB\\automation_profile_input\\Reports\\20210315_123307\\User Settings\\20210315_123307\\1615783077640.png]]]]></system-out>
         <system-err><![CDATA[2021-03-15 12:36:44 - [TEST_CASE][FAILED] - Test Cases/User Settings/COMPLEX/TC_CMPLX_014: Test Cases/User Settings/COMPLEX/TC_CMPLX_014 FAILED.
Reason:
com.kms.katalon.core.exception.StepFailedException: Unable to verify object 'Object Repository/User/input_SAMPLE TEXT CUSTOMFIELD_Sample Text Customfield' is not present
	at com.kms.katalon.core.webui.keyword.internal.WebUIKeywordMain.stepFailed(WebUIKeywordMain.groovy:64)
	at com.kms.katalon.core.webui.keyword.internal.WebUIKeywordMain.runKeyword(WebUIKeywordMain.groovy:26)
	at com.kms.katalon.core.webui.keyword.internal.WebUIKeywordMain$runKeyword.call(Unknown Source)
	at com.kms.katalon.core.webui.keyword.builtin.VerifyElementNotPresentKeyword.verifyElementNotPresent(VerifyElementNotPresentKeyword.groovy:117)
	at com.kms.katalon.core.webui.keyword.builtin.VerifyElementNotPresentKeyword.execute(VerifyElementNotPresentKeyword.groovy:68)
	at com.kms.katalon.core.keyword.internal.KeywordExecutor.executeKeywordForPlatform(KeywordExecutor.groovy:73)
	at com.kms.katalon.core.webui.keyword.WebUiBuiltInKeywords.verifyElementNotPresent(WebUiBuiltInKeywords.groovy:1493)
	at com.kms.katalon.core.webui.keyword.WebUiBuiltInKeywords$verifyElementNotPresent$12.call(Unknown Source)
	at TC_CMPLX_014.run(TC_CMPLX_014:25)
	at com.kms.katalon.core.main.ScriptEngine.run(ScriptEngine.java:194)
	at com.kms.katalon.core.main.ScriptEngine.runScriptAsRawText(ScriptEngine.java:119)
	at com.kms.katalon.core.main.TestCaseExecutor.runScript(TestCaseExecutor.java:339)
	at com.kms.katalon.core.main.TestCaseExecutor.doExecute(TestCaseExecutor.java:330)
	at com.kms.katalon.core.main.TestCaseExecutor.processExecutionPhase(TestCaseExecutor.java:309)
	at com.kms.katalon.core.main.TestCaseExecutor.accessMainPhase(TestCaseExecutor.java:301)
	at com.kms.katalon.core.main.TestCaseExecutor.execute(TestCaseExecutor.java:235)
	at com.kms.katalon.core.main.TestSuiteExecutor.accessTestCaseMainPhase(TestSuiteExecutor.java:191)
	at com.kms.katalon.core.main.TestSuiteExecutor.accessTestSuiteMainPhase(TestSuiteExecutor.java:141)
	at com.kms.katalon.core.main.TestSuiteExecutor.execute(TestSuiteExecutor.java:90)
	at com.kms.katalon.core.main.TestCaseMain.startTestSuite(TestCaseMain.java:157)
	at com.kms.katalon.core.main.TestCaseMain$startTestSuite$0.call(Unknown Source)
	at TempTestSuite1615782787055.run(TempTestSuite1615782787055.groovy:39)
Caused by: com.kms.katalon.core.exception.StepFailedException: Web element with id: 'Object Repository/User/input_SAMPLE TEXT CUSTOMFIELD_Sample Text Customfield' located by 'By.xpath: //*[@type = 'text' and @name = 'Sample Text Customfield']' is present after '30' second(s)
	at com.kms.katalon.core.webui.keyword.internal.WebUIKeywordMain.stepFailed(WebUIKeywordMain.groovy:64)
	at com.kms.katalon.core.webui.keyword.internal.WebUIKeywordMain$stepFailed$0.call(Unknown Source)
	at com.kms.katalon.core.webui.keyword.builtin.VerifyElementNotPresentKeyword$_verifyElementNotPresent_closure1.doCall(VerifyElementNotPresentKeyword.groovy:106)
	at com.kms.katalon.core.webui.keyword.builtin.VerifyElementNotPresentKeyword$_verifyElementNotPresent_closure1.doCall(VerifyElementNotPresentKeyword.groovy)
	at com.kms.katalon.core.webui.keyword.internal.WebUIKeywordMain.runKeyword(WebUIKeywordMain.groovy:20)
	... 20 more]]></system-err>
      </testcase>
      <testcase name="Test Cases/User Settings/COMPLEX/TC_CMPLX_015" time="35.846" classname="Test Cases/User Settings/COMPLEX/TC_CMPLX_015" status="FAILED">
         <failure type="FAILED" message="Test Cases/User Settings/COMPLEX/TC_CMPLX_015 FAILED.
Reason:
com.kms.katalon.core.exception.StepFailedException: Unable to click on object 'Object Repository/User/custom values/a_SAVE'
	at com.kms.katalon.core.webui.keyword.internal.WebUIKeywordMain.stepFailed(WebUIKeywordMain.groovy:64)
	at com.kms.katalon.core.webui.keyword.internal.WebUIKeywordMain.runKeyword(WebUIKeywordMain.groovy:26)
	at com.kms.katalon.core.webui.keyword.builtin.ClickKeyword.click(ClickKeyword.groovy:76)
	at com.kms.katalon.core.webui.keyword.builtin.ClickKeyword.execute(ClickKeyword.groovy:43)
	at com.kms.katalon.core.keyword.internal.KeywordExecutor.executeKeywordForPlatform(KeywordExecutor.groovy:73)
	at com.kms.katalon.core.webui.keyword.WebUiBuiltInKeywords.click(WebUiBuiltInKeywords.groovy:616)
	at com.kms.katalon.core.webui.keyword.WebUiBuiltInKeywords$click$4.call(Unknown Source)
	at TC_CMPLX_015.run(TC_CMPLX_015:31)
	at com.kms.katalon.core.main.ScriptEngine.run(ScriptEngine.java:194)
	at com.kms.katalon.core.main.ScriptEngine.runScriptAsRawText(ScriptEngine.java:119)
	at com.kms.katalon.core.main.TestCaseExecutor.runScript(TestCaseExecutor.java:339)
	at com.kms.katalon.core.main.TestCaseExecutor.doExecute(TestCaseExecutor.java:330)
	at com.kms.katalon.core.main.TestCaseExecutor.processExecutionPhase(TestCaseExecutor.java:309)
	at com.kms.katalon.core.main.TestCaseExecutor.accessMainPhase(TestCaseExecutor.java:301)
	at com.kms.katalon.core.main.TestCaseExecutor.execute(TestCaseExecutor.java:235)
	at com.kms.katalon.core.main.TestSuiteExecutor.accessTestCaseMainPhase(TestSuiteExecutor.java:191)
	at com.kms.katalon.core.main.TestSuiteExecutor.accessTestSuiteMainPhase(TestSuiteExecutor.java:141)
	at com.kms.katalon.core.main.TestSuiteExecutor.execute(TestSuiteExecutor.java:90)
	at com.kms.katalon.core.main.TestCaseMain.startTestSuite(TestCaseMain.java:157)
	at com.kms.katalon.core.main.TestCaseMain$startTestSuite$0.call(Unknown Source)
	at TempTestSuite1615782787055.run(TempTestSuite1615782787055.groovy:39)
Caused by: org.openqa.selenium.ElementNotInteractableException: element not interactable
  (Session info: chrome=89.0.4389.82)
Build info: version: '3.141.59', revision: 'e82be7d358', time: '2018-11-14T08:25:53'
System info: host: 'NATASHA-PC', ip: '192.168.56.1', os.name: 'Windows 10', os.arch: 'amd64', os.version: '10.0', java.version: '1.8.0_181'
Driver info: com.kms.katalon.selenium.driver.CChromeDriver
Capabilities {acceptInsecureCerts: false, browserName: chrome, browserVersion: 89.0.4389.82, chrome: {chromedriverVersion: 89.0.4389.23 (61b08ee2c5002..., userDataDir: C:\Users\Natasha\AppData\Lo...}, goog:chromeOptions: {debuggerAddress: localhost:51313}, javascriptEnabled: true, networkConnectionEnabled: false, pageLoadStrategy: normal, platform: WINDOWS, platformName: WINDOWS, proxy: Proxy(), setWindowRect: true, strictFileInteractability: false, timeouts: {implicit: 0, pageLoad: 300000, script: 30000}, unhandledPromptBehavior: dismiss and notify, webauthn:extension:largeBlob: true, webauthn:virtualAuthenticators: true}
Session ID: 94f7bf5be087ede292e979ff6c094166
	at org.openqa.selenium.remote.http.W3CHttpResponseCodec.createException(W3CHttpResponseCodec.java:187)
	at org.openqa.selenium.remote.http.W3CHttpResponseCodec.decode(W3CHttpResponseCodec.java:122)
	at org.openqa.selenium.remote.http.W3CHttpResponseCodec.decode(W3CHttpResponseCodec.java:49)
	at org.openqa.selenium.remote.HttpCommandExecutor.execute(HttpCommandExecutor.java:158)
	at org.openqa.selenium.remote.service.DriverCommandExecutor.execute(DriverCommandExecutor.java:83)
	at org.openqa.selenium.remote.RemoteWebDriver.execute(RemoteWebDriver.java:552)
	at com.kms.katalon.selenium.driver.CChromeDriver.execute(CChromeDriver.java:19)
	at org.openqa.selenium.remote.RemoteWebElement.execute(RemoteWebElement.java:285)
	at org.openqa.selenium.remote.RemoteWebElement.click(RemoteWebElement.java:84)
	at org.openqa.selenium.support.events.EventFiringWebDriver$EventFiringWebElement.lambda$new$0(EventFiringWebDriver.java:404)
	at com.sun.proxy.$Proxy9.click(Unknown Source)
	at org.openqa.selenium.support.events.EventFiringWebDriver$EventFiringWebElement.click(EventFiringWebDriver.java:417)
	at com.kms.katalon.core.webui.keyword.builtin.ClickKeyword$_click_closure1.doCall(ClickKeyword.groovy:69)
	at com.kms.katalon.core.webui.keyword.builtin.ClickKeyword$_click_closure1.call(ClickKeyword.groovy)
	at com.kms.katalon.core.webui.keyword.internal.WebUIKeywordMain.runKeyword(WebUIKeywordMain.groovy:20)
	... 19 more
"/>
         <system-out><![CDATA[2021-03-15 12:37:58 - [TEST_CASE][FAILED] - Test Cases/User Settings/COMPLEX/TC_CMPLX_015: Test Cases/User Settings/COMPLEX/TC_CMPLX_015 FAILED.
Reason:
com.kms.katalon.core.exception.StepFailedException: Unable to click on object 'Object Repository/User/custom values/a_SAVE'
	at com.kms.katalon.core.webui.keyword.internal.WebUIKeywordMain.stepFailed(WebUIKeywordMain.groovy:64)
	at com.kms.katalon.core.webui.keyword.internal.WebUIKeywordMain.runKeyword(WebUIKeywordMain.groovy:26)
	at com.kms.katalon.core.webui.keyword.builtin.ClickKeyword.click(ClickKeyword.groovy:76)
	at com.kms.katalon.core.webui.keyword.builtin.ClickKeyword.execute(ClickKeyword.groovy:43)
	at com.kms.katalon.core.keyword.internal.KeywordExecutor.executeKeywordForPlatform(KeywordExecutor.groovy:73)
	at com.kms.katalon.core.webui.keyword.WebUiBuiltInKeywords.click(WebUiBuiltInKeywords.groovy:616)
	at com.kms.katalon.core.webui.keyword.WebUiBuiltInKeywords$click$4.call(Unknown Source)
	at TC_CMPLX_015.run(TC_CMPLX_015:31)
	at com.kms.katalon.core.main.ScriptEngine.run(ScriptEngine.java:194)
	at com.kms.katalon.core.main.ScriptEngine.runScriptAsRawText(ScriptEngine.java:119)
	at com.kms.katalon.core.main.TestCaseExecutor.runScript(TestCaseExecutor.java:339)
	at com.kms.katalon.core.main.TestCaseExecutor.doExecute(TestCaseExecutor.java:330)
	at com.kms.katalon.core.main.TestCaseExecutor.processExecutionPhase(TestCaseExecutor.java:309)
	at com.kms.katalon.core.main.TestCaseExecutor.accessMainPhase(TestCaseExecutor.java:301)
	at com.kms.katalon.core.main.TestCaseExecutor.execute(TestCaseExecutor.java:235)
	at com.kms.katalon.core.main.TestSuiteExecutor.accessTestCaseMainPhase(TestSuiteExecutor.java:191)
	at com.kms.katalon.core.main.TestSuiteExecutor.accessTestSuiteMainPhase(TestSuiteExecutor.java:141)
	at com.kms.katalon.core.main.TestSuiteExecutor.execute(TestSuiteExecutor.java:90)
	at com.kms.katalon.core.main.TestCaseMain.startTestSuite(TestCaseMain.java:157)
	at com.kms.katalon.core.main.TestCaseMain$startTestSuite$0.call(Unknown Source)
	at TempTestSuite1615782787055.run(TempTestSuite1615782787055.groovy:39)
Caused by: org.openqa.selenium.ElementNotInteractableException: element not interactable
  (Session info: chrome=89.0.4389.82)
Build info: version: '3.141.59', revision: 'e82be7d358', time: '2018-11-14T08:25:53'
System info: host: 'NATASHA-PC', ip: '192.168.56.1', os.name: 'Windows 10', os.arch: 'amd64', os.version: '10.0', java.version: '1.8.0_181'
Driver info: com.kms.katalon.selenium.driver.CChromeDriver
Capabilities {acceptInsecureCerts: false, browserName: chrome, browserVersion: 89.0.4389.82, chrome: {chromedriverVersion: 89.0.4389.23 (61b08ee2c5002..., userDataDir: C:\Users\Natasha\AppData\Lo...}, goog:chromeOptions: {debuggerAddress: localhost:51313}, javascriptEnabled: true, networkConnectionEnabled: false, pageLoadStrategy: normal, platform: WINDOWS, platformName: WINDOWS, proxy: Proxy(), setWindowRect: true, strictFileInteractability: false, timeouts: {implicit: 0, pageLoad: 300000, script: 30000}, unhandledPromptBehavior: dismiss and notify, webauthn:extension:largeBlob: true, webauthn:virtualAuthenticators: true}
Session ID: 94f7bf5be087ede292e979ff6c094166
	at org.openqa.selenium.remote.http.W3CHttpResponseCodec.createException(W3CHttpResponseCodec.java:187)
	at org.openqa.selenium.remote.http.W3CHttpResponseCodec.decode(W3CHttpResponseCodec.java:122)
	at org.openqa.selenium.remote.http.W3CHttpResponseCodec.decode(W3CHttpResponseCodec.java:49)
	at org.openqa.selenium.remote.HttpCommandExecutor.execute(HttpCommandExecutor.java:158)
	at org.openqa.selenium.remote.service.DriverCommandExecutor.execute(DriverCommandExecutor.java:83)
	at org.openqa.selenium.remote.RemoteWebDriver.execute(RemoteWebDriver.java:552)
	at com.kms.katalon.selenium.driver.CChromeDriver.execute(CChromeDriver.java:19)
	at org.openqa.selenium.remote.RemoteWebElement.execute(RemoteWebElement.java:285)
	at org.openqa.selenium.remote.RemoteWebElement.click(RemoteWebElement.java:84)
	at org.openqa.selenium.support.events.EventFiringWebDriver$EventFiringWebElement.lambda$new$0(EventFiringWebDriver.java:404)
	at com.sun.proxy.$Proxy9.click(Unknown Source)
	at org.openqa.selenium.support.events.EventFiringWebDriver$EventFiringWebElement.click(EventFiringWebDriver.java:417)
	at com.kms.katalon.core.webui.keyword.builtin.ClickKeyword$_click_closure1.doCall(ClickKeyword.groovy:69)
	at com.kms.katalon.core.webui.keyword.builtin.ClickKeyword$_click_closure1.call(ClickKeyword.groovy)
	at com.kms.katalon.core.webui.keyword.internal.WebUIKeywordMain.runKeyword(WebUIKeywordMain.groovy:20)
	... 19 more


2021-03-15 12:37:58 - [TEST_STEP][PASSED] - callTestCase(findTestCase("Utilities/Add New Text Custom Field"), [:], STOP_ON_FAILURE): Call Test Case 'Test Cases/Utilities/Add New Text Custom Field' successfully

2021-03-15 12:37:58 - [TEST_CASE][PASSED] - Test Cases/Utilities/Add New Text Custom Field: Test Cases/Utilities/Add New Text Custom Field

2021-03-15 12:37:58 - [TEST_STEP][PASSED] - callTestCase(findTestCase("Utilities/Admin Login"), [:], STOP_ON_FAILURE): Call Test Case 'Test Cases/Utilities/Admin Login' successfully

2021-03-15 12:37:58 - [TEST_CASE][PASSED] - Test Cases/Utilities/Admin Login: Test Cases/Utilities/Admin Login

2021-03-15 12:37:58 - [TEST_STEP][PASSED] - openBrowser(""): Browser is opened with url: ''

2021-03-15 12:37:58 - [MESSAGE][WARNING] - A browser is already opened. Closing browser and opening a new one

2021-03-15 12:37:59 - [MESSAGE][INFO] - Starting 'Chrome' driver

2021-03-15 12:37:59 - [MESSAGE][INFO] - Action delay is set to 0 milliseconds

2021-03-15 12:38:00 - [MESSAGE][PASSED] - Browser is opened with url: ''

2021-03-15 12:38:00 - [TEST_STEP][PASSED] - maximizeWindow(): Current window maximized

2021-03-15 12:38:00 - [MESSAGE][PASSED] - Current window maximized

2021-03-15 12:38:00 - [TEST_STEP][PASSED] - navigateToUrl(admin_url): Navigate to 'https://youhadmeathelloworld.arcadier.io/admin' successfully

2021-03-15 12:38:05 - [MESSAGE][PASSED] - Navigate to 'https://youhadmeathelloworld.arcadier.io/admin' successfully

2021-03-15 12:38:05 - [TEST_STEP][PASSED] - waitForPageLoad(2): Wait for page load successfully

2021-03-15 12:38:05 - [MESSAGE][PASSED] - Wait for page load successfully

2021-03-15 12:38:05 - [TEST_STEP][PASSED] - setText(findTestObject("Admin/Admin Login/txt_username"), admin_username): Text 'codemafia' is set on object 'Object Repository/Admin/Admin Login/txt_username'

2021-03-15 12:38:05 - [MESSAGE][PASSED] - Text 'codemafia' is set on object 'Object Repository/Admin/Admin Login/txt_username'

2021-03-15 12:38:05 - [TEST_STEP][PASSED] - setText(findTestObject("Admin/Admin Login/txt_password"), admin_password): Text 'welcome8' is set on object 'Object Repository/Admin/Admin Login/txt_password'

2021-03-15 12:38:06 - [MESSAGE][PASSED] - Text 'welcome8' is set on object 'Object Repository/Admin/Admin Login/txt_password'

2021-03-15 12:38:06 - [TEST_STEP][PASSED] - click(findTestObject("Admin/Admin Login/button_login")): Object: 'Object Repository/Admin/Admin Login/button_login' is clicked on

2021-03-15 12:38:10 - [MESSAGE][PASSED] - Object: 'Object Repository/Admin/Admin Login/button_login' is clicked on

2021-03-15 12:38:10 - [MESSAGE][PASSED] - Call Test Case 'Test Cases/Utilities/Admin Login' successfully

2021-03-15 12:38:10 - [TEST_STEP][PASSED] - callTestCase(findTestCase("Utilities/Navigate to Plugin"), [:], STOP_ON_FAILURE): Call Test Case 'Test Cases/Utilities/Navigate to Plugin' successfully

2021-03-15 12:38:10 - [TEST_CASE][PASSED] - Test Cases/Utilities/Navigate to Plugin: Test Cases/Utilities/Navigate to Plugin

2021-03-15 12:38:10 - [TEST_STEP][PASSED] - click(findTestObject("Admin/Plugin Navigation/link_plugin")): Object: 'Object Repository/Admin/Plugin Navigation/link_plugin' is clicked on

2021-03-15 12:38:11 - [MESSAGE][PASSED] - Object: 'Object Repository/Admin/Plugin Navigation/link_plugin' is clicked on

2021-03-15 12:38:11 - [TEST_STEP][PASSED] - click(findTestObject("Admin/Plugin Navigation/link_profile")): Object: 'Object Repository/Admin/Plugin Navigation/link_profile' is clicked on

2021-03-15 12:38:13 - [MESSAGE][PASSED] - Object: 'Object Repository/Admin/Plugin Navigation/link_profile' is clicked on

2021-03-15 12:38:13 - [MESSAGE][PASSED] - Call Test Case 'Test Cases/Utilities/Navigate to Plugin' successfully

2021-03-15 12:38:13 - [TEST_STEP][PASSED] - click(findTestObject("Admin/Plugin Page/Add New Text CF/a_Add Profile Input Field")): Object: 'Object Repository/Admin/Plugin Page/Add New Text CF/a_Add Profile Input Field' is clicked on

2021-03-15 12:38:13 - [MESSAGE][PASSED] - Object: 'Object Repository/Admin/Plugin Page/Add New Text CF/a_Add Profile Input Field' is clicked on

2021-03-15 12:38:13 - [TEST_STEP][PASSED] - setText(findTestObject("Admin/Plugin Page/Add New Text CF/input_Custom Field Name_custom_name"), "Sample Text Customfield"): Text 'Sample Text Customfield' is set on object 'Object Repository/Admin/Plugin Page/Add New Text CF/input_Custom Field Name_custom_name'

2021-03-15 12:38:14 - [MESSAGE][PASSED] - Text 'Sample Text Customfield' is set on object 'Object Repository/Admin/Plugin Page/Add New Text CF/input_Custom Field Name_custom_name'

2021-03-15 12:38:14 - [TEST_STEP][PASSED] - click(findTestObject("Admin/Plugin Page/Add New Text CF/input_Add Option_saveCustomDetails")): Object: 'Object Repository/Admin/Plugin Page/Add New Text CF/input_Add Option_saveCustomDetails' is clicked on

2021-03-15 12:38:14 - [MESSAGE][PASSED] - Object: 'Object Repository/Admin/Plugin Page/Add New Text CF/input_Add Option_saveCustomDetails' is clicked on

2021-03-15 12:38:14 - [TEST_STEP][PASSED] - closeBrowser(): Browser is closed

2021-03-15 12:38:15 - [MESSAGE][PASSED] - Browser is closed

2021-03-15 12:38:15 - [MESSAGE][PASSED] - Call Test Case 'Test Cases/Utilities/Add New Text Custom Field' successfully

2021-03-15 12:38:15 - [TEST_STEP][PASSED] - callTestCase(findTestCase("Utilities/Navigate to Buyer Settings"), [:], STOP_ON_FAILURE): Call Test Case 'Test Cases/Utilities/Navigate to Buyer Settings' successfully

2021-03-15 12:38:15 - [TEST_CASE][PASSED] - Test Cases/Utilities/Navigate to Buyer Settings: Test Cases/Utilities/Navigate to Buyer Settings

2021-03-15 12:38:15 - [TEST_STEP][PASSED] - openBrowser(""): Browser is opened with url: ''

2021-03-15 12:38:15 - [MESSAGE][INFO] - Starting 'Chrome' driver

2021-03-15 12:38:15 - [MESSAGE][INFO] - Action delay is set to 0 milliseconds

2021-03-15 12:38:16 - [MESSAGE][PASSED] - Browser is opened with url: ''

2021-03-15 12:38:16 - [TEST_STEP][PASSED] - navigateToUrl("https://youhadmeathelloworld.arcadier.io/"): Navigate to 'https://youhadmeathelloworld.arcadier.io/' successfully

2021-03-15 12:38:22 - [MESSAGE][PASSED] - Navigate to 'https://youhadmeathelloworld.arcadier.io/' successfully

2021-03-15 12:38:22 - [TEST_STEP][PASSED] - maximizeWindow(): Current window maximized

2021-03-15 12:38:22 - [MESSAGE][PASSED] - Current window maximized

2021-03-15 12:38:22 - [TEST_STEP][PASSED] - click(findTestObject("Object Repository/User/a_REGISTER  SIGN IN")): Object: 'Object Repository/User/a_REGISTER  SIGN IN' is clicked on

2021-03-15 12:38:23 - [MESSAGE][PASSED] - Object: 'Object Repository/User/a_REGISTER  SIGN IN' is clicked on

2021-03-15 12:38:23 - [TEST_STEP][PASSED] - setText(findTestObject("Object Repository/User/input_Your emailusername_username"), "athena"): Text 'athena' is set on object 'Object Repository/User/input_Your emailusername_username'

2021-03-15 12:38:24 - [MESSAGE][PASSED] - Text 'athena' is set on object 'Object Repository/User/input_Your emailusername_username'

2021-03-15 12:38:24 - [TEST_STEP][PASSED] - setEncryptedText(findTestObject("Object Repository/User/input_Your password_password"), "goxxgxvM2dP/z7G09p4JaTtn5QD+a0Kw"): Text ****** has been set on object 'Object Repository/User/input_Your password_password'

2021-03-15 12:38:25 - [MESSAGE][PASSED] - Text ****** has been set on object 'Object Repository/User/input_Your password_password'

2021-03-15 12:38:25 - [TEST_STEP][PASSED] - click(findTestObject("Object Repository/User/input_Your password_login-submit")): Object: 'Object Repository/User/input_Your password_login-submit' is clicked on

2021-03-15 12:38:27 - [MESSAGE][PASSED] - Object: 'Object Repository/User/input_Your password_login-submit' is clicked on

2021-03-15 12:38:27 - [TEST_STEP][PASSED] - mouseOver(findTestObject("User/i_EN_icon icon-down")): Object: 'Object Repository/User/i_EN_icon icon-down' is hovered

2021-03-15 12:38:28 - [MESSAGE][PASSED] - Object: 'Object Repository/User/i_EN_icon icon-down' is hovered

2021-03-15 12:38:28 - [TEST_STEP][PASSED] - click(findTestObject("User/a_Settings")): Object: 'Object Repository/User/a_Settings' is clicked on

2021-03-15 12:38:29 - [MESSAGE][PASSED] - Object: 'Object Repository/User/a_Settings' is clicked on

2021-03-15 12:38:29 - [MESSAGE][PASSED] - Call Test Case 'Test Cases/Utilities/Navigate to Buyer Settings' successfully

2021-03-15 12:38:29 - [TEST_STEP][PASSED] - setText(findTestObject("Object Repository/User/custom values/input_SAMPLE TEXT CUSTOMFIELD_Sample Text C_ce5c8c"), "customfield value"): Text 'customfield value' is set on object 'Object Repository/User/custom values/input_SAMPLE TEXT CUSTOMFIELD_Sample Text C_ce5c8c'

2021-03-15 12:38:30 - [MESSAGE][PASSED] - Text 'customfield value' is set on object 'Object Repository/User/custom values/input_SAMPLE TEXT CUSTOMFIELD_Sample Text C_ce5c8c'

2021-03-15 12:38:30 - [TEST_STEP][PASSED] - click(findTestObject("User/accept_cookies")): Object: 'Object Repository/User/accept_cookies' is clicked on

2021-03-15 12:38:31 - [MESSAGE][PASSED] - Object: 'Object Repository/User/accept_cookies' is clicked on

2021-03-15 12:38:31 - [TEST_STEP][PASSED] - click(findTestObject("User/custom values/a_NEXT")): Object: 'Object Repository/User/custom values/a_NEXT' is clicked on

2021-03-15 12:38:31 - [MESSAGE][PASSED] - Object: 'Object Repository/User/custom values/a_NEXT' is clicked on

2021-03-15 12:38:31 - [TEST_STEP][FAILED] - click(findTestObject("User/custom values/a_SAVE")): Unable to click on object 'Object Repository/User/custom values/a_SAVE' (Root cause: com.kms.katalon.core.exception.StepFailedException: Unable to click on object 'Object Repository/User/custom values/a_SAVE'
	at com.kms.katalon.core.webui.keyword.internal.WebUIKeywordMain.stepFailed(WebUIKeywordMain.groovy:64)
	at com.kms.katalon.core.webui.keyword.internal.WebUIKeywordMain.runKeyword(WebUIKeywordMain.groovy:26)
	at com.kms.katalon.core.webui.keyword.builtin.ClickKeyword.click(ClickKeyword.groovy:76)
	at com.kms.katalon.core.webui.keyword.builtin.ClickKeyword.execute(ClickKeyword.groovy:43)
	at com.kms.katalon.core.keyword.internal.KeywordExecutor.executeKeywordForPlatform(KeywordExecutor.groovy:73)
	at com.kms.katalon.core.webui.keyword.WebUiBuiltInKeywords.click(WebUiBuiltInKeywords.groovy:616)
	at com.kms.katalon.core.webui.keyword.WebUiBuiltInKeywords$click$4.call(Unknown Source)
	at TC_CMPLX_015.run(TC_CMPLX_015:31)
	at com.kms.katalon.core.main.ScriptEngine.run(ScriptEngine.java:194)
	at com.kms.katalon.core.main.ScriptEngine.runScriptAsRawText(ScriptEngine.java:119)
	at com.kms.katalon.core.main.TestCaseExecutor.runScript(TestCaseExecutor.java:339)
	at com.kms.katalon.core.main.TestCaseExecutor.doExecute(TestCaseExecutor.java:330)
	at com.kms.katalon.core.main.TestCaseExecutor.processExecutionPhase(TestCaseExecutor.java:309)
	at com.kms.katalon.core.main.TestCaseExecutor.accessMainPhase(TestCaseExecutor.java:301)
	at com.kms.katalon.core.main.TestCaseExecutor.execute(TestCaseExecutor.java:235)
	at com.kms.katalon.core.main.TestSuiteExecutor.accessTestCaseMainPhase(TestSuiteExecutor.java:191)
	at com.kms.katalon.core.main.TestSuiteExecutor.accessTestSuiteMainPhase(TestSuiteExecutor.java:141)
	at com.kms.katalon.core.main.TestSuiteExecutor.execute(TestSuiteExecutor.java:90)
	at com.kms.katalon.core.main.TestCaseMain.startTestSuite(TestCaseMain.java:157)
	at com.kms.katalon.core.main.TestCaseMain$startTestSuite$0.call(Unknown Source)
	at TempTestSuite1615782787055.run(TempTestSuite1615782787055.groovy:39)
Caused by: org.openqa.selenium.ElementNotInteractableException: element not interactable
  (Session info: chrome=89.0.4389.82)
Build info: version: '3.141.59', revision: 'e82be7d358', time: '2018-11-14T08:25:53'
System info: host: 'NATASHA-PC', ip: '192.168.56.1', os.name: 'Windows 10', os.arch: 'amd64', os.version: '10.0', java.version: '1.8.0_181'
Driver info: com.kms.katalon.selenium.driver.CChromeDriver
Capabilities {acceptInsecureCerts: false, browserName: chrome, browserVersion: 89.0.4389.82, chrome: {chromedriverVersion: 89.0.4389.23 (61b08ee2c5002..., userDataDir: C:\Users\Natasha\AppData\Lo...}, goog:chromeOptions: {debuggerAddress: localhost:51313}, javascriptEnabled: true, networkConnectionEnabled: false, pageLoadStrategy: normal, platform: WINDOWS, platformName: WINDOWS, proxy: Proxy(), setWindowRect: true, strictFileInteractability: false, timeouts: {implicit: 0, pageLoad: 300000, script: 30000}, unhandledPromptBehavior: dismiss and notify, webauthn:extension:largeBlob: true, webauthn:virtualAuthenticators: true}
Session ID: 94f7bf5be087ede292e979ff6c094166
	at org.openqa.selenium.remote.http.W3CHttpResponseCodec.createException(W3CHttpResponseCodec.java:187)
	at org.openqa.selenium.remote.http.W3CHttpResponseCodec.decode(W3CHttpResponseCodec.java:122)
	at org.openqa.selenium.remote.http.W3CHttpResponseCodec.decode(W3CHttpResponseCodec.java:49)
	at org.openqa.selenium.remote.HttpCommandExecutor.execute(HttpCommandExecutor.java:158)
	at org.openqa.selenium.remote.service.DriverCommandExecutor.execute(DriverCommandExecutor.java:83)
	at org.openqa.selenium.remote.RemoteWebDriver.execute(RemoteWebDriver.java:552)
	at com.kms.katalon.selenium.driver.CChromeDriver.execute(CChromeDriver.java:19)
	at org.openqa.selenium.remote.RemoteWebElement.execute(RemoteWebElement.java:285)
	at org.openqa.selenium.remote.RemoteWebElement.click(RemoteWebElement.java:84)
	at org.openqa.selenium.support.events.EventFiringWebDriver$EventFiringWebElement.lambda$new$0(EventFiringWebDriver.java:404)
	at com.sun.proxy.$Proxy9.click(Unknown Source)
	at org.openqa.selenium.support.events.EventFiringWebDriver$EventFiringWebElement.click(EventFiringWebDriver.java:417)
	at com.kms.katalon.core.webui.keyword.builtin.ClickKeyword$_click_closure1.doCall(ClickKeyword.groovy:69)
	at com.kms.katalon.core.webui.keyword.builtin.ClickKeyword$_click_closure1.call(ClickKeyword.groovy)
	at com.kms.katalon.core.webui.keyword.internal.WebUIKeywordMain.runKeyword(WebUIKeywordMain.groovy:20)
	at com.kms.katalon.core.webui.keyword.builtin.ClickKeyword.click(ClickKeyword.groovy:76)
	at com.kms.katalon.core.webui.keyword.builtin.ClickKeyword.execute(ClickKeyword.groovy:43)
	at com.kms.katalon.core.keyword.internal.KeywordExecutor.executeKeywordForPlatform(KeywordExecutor.groovy:73)
	at com.kms.katalon.core.webui.keyword.WebUiBuiltInKeywords.click(WebUiBuiltInKeywords.groovy:616)
	at com.kms.katalon.core.webui.keyword.WebUiBuiltInKeywords$click$4.call(Unknown Source)
	at Script1601693603925.run(Script1601693603925.groovy:31)
	... 13 more
)

2021-03-15 12:38:33 - [MESSAGE][FAILED] - Unable to click on object 'Object Repository/User/custom values/a_SAVE' (Root cause: com.kms.katalon.core.exception.StepFailedException: Unable to click on object 'Object Repository/User/custom values/a_SAVE'
	at com.kms.katalon.core.webui.keyword.internal.WebUIKeywordMain.stepFailed(WebUIKeywordMain.groovy:64)
	at com.kms.katalon.core.webui.keyword.internal.WebUIKeywordMain.runKeyword(WebUIKeywordMain.groovy:26)
	at com.kms.katalon.core.webui.keyword.builtin.ClickKeyword.click(ClickKeyword.groovy:76)
	at com.kms.katalon.core.webui.keyword.builtin.ClickKeyword.execute(ClickKeyword.groovy:43)
	at com.kms.katalon.core.keyword.internal.KeywordExecutor.executeKeywordForPlatform(KeywordExecutor.groovy:73)
	at com.kms.katalon.core.webui.keyword.WebUiBuiltInKeywords.click(WebUiBuiltInKeywords.groovy:616)
	at com.kms.katalon.core.webui.keyword.WebUiBuiltInKeywords$click$4.call(Unknown Source)
	at TC_CMPLX_015.run(TC_CMPLX_015:31)
	at com.kms.katalon.core.main.ScriptEngine.run(ScriptEngine.java:194)
	at com.kms.katalon.core.main.ScriptEngine.runScriptAsRawText(ScriptEngine.java:119)
	at com.kms.katalon.core.main.TestCaseExecutor.runScript(TestCaseExecutor.java:339)
	at com.kms.katalon.core.main.TestCaseExecutor.doExecute(TestCaseExecutor.java:330)
	at com.kms.katalon.core.main.TestCaseExecutor.processExecutionPhase(TestCaseExecutor.java:309)
	at com.kms.katalon.core.main.TestCaseExecutor.accessMainPhase(TestCaseExecutor.java:301)
	at com.kms.katalon.core.main.TestCaseExecutor.execute(TestCaseExecutor.java:235)
	at com.kms.katalon.core.main.TestSuiteExecutor.accessTestCaseMainPhase(TestSuiteExecutor.java:191)
	at com.kms.katalon.core.main.TestSuiteExecutor.accessTestSuiteMainPhase(TestSuiteExecutor.java:141)
	at com.kms.katalon.core.main.TestSuiteExecutor.execute(TestSuiteExecutor.java:90)
	at com.kms.katalon.core.main.TestCaseMain.startTestSuite(TestCaseMain.java:157)
	at com.kms.katalon.core.main.TestCaseMain$startTestSuite$0.call(Unknown Source)
	at TempTestSuite1615782787055.run(TempTestSuite1615782787055.groovy:39)
Caused by: org.openqa.selenium.ElementNotInteractableException: element not interactable
  (Session info: chrome=89.0.4389.82)
Build info: version: '3.141.59', revision: 'e82be7d358', time: '2018-11-14T08:25:53'
System info: host: 'NATASHA-PC', ip: '192.168.56.1', os.name: 'Windows 10', os.arch: 'amd64', os.version: '10.0', java.version: '1.8.0_181'
Driver info: com.kms.katalon.selenium.driver.CChromeDriver
Capabilities {acceptInsecureCerts: false, browserName: chrome, browserVersion: 89.0.4389.82, chrome: {chromedriverVersion: 89.0.4389.23 (61b08ee2c5002..., userDataDir: C:\Users\Natasha\AppData\Lo...}, goog:chromeOptions: {debuggerAddress: localhost:51313}, javascriptEnabled: true, networkConnectionEnabled: false, pageLoadStrategy: normal, platform: WINDOWS, platformName: WINDOWS, proxy: Proxy(), setWindowRect: true, strictFileInteractability: false, timeouts: {implicit: 0, pageLoad: 300000, script: 30000}, unhandledPromptBehavior: dismiss and notify, webauthn:extension:largeBlob: true, webauthn:virtualAuthenticators: true}
Session ID: 94f7bf5be087ede292e979ff6c094166
	at org.openqa.selenium.remote.http.W3CHttpResponseCodec.createException(W3CHttpResponseCodec.java:187)
	at org.openqa.selenium.remote.http.W3CHttpResponseCodec.decode(W3CHttpResponseCodec.java:122)
	at org.openqa.selenium.remote.http.W3CHttpResponseCodec.decode(W3CHttpResponseCodec.java:49)
	at org.openqa.selenium.remote.HttpCommandExecutor.execute(HttpCommandExecutor.java:158)
	at org.openqa.selenium.remote.service.DriverCommandExecutor.execute(DriverCommandExecutor.java:83)
	at org.openqa.selenium.remote.RemoteWebDriver.execute(RemoteWebDriver.java:552)
	at com.kms.katalon.selenium.driver.CChromeDriver.execute(CChromeDriver.java:19)
	at org.openqa.selenium.remote.RemoteWebElement.execute(RemoteWebElement.java:285)
	at org.openqa.selenium.remote.RemoteWebElement.click(RemoteWebElement.java:84)
	at org.openqa.selenium.support.events.EventFiringWebDriver$EventFiringWebElement.lambda$new$0(EventFiringWebDriver.java:404)
	at com.sun.proxy.$Proxy9.click(Unknown Source)
	at org.openqa.selenium.support.events.EventFiringWebDriver$EventFiringWebElement.click(EventFiringWebDriver.java:417)
	at com.kms.katalon.core.webui.keyword.builtin.ClickKeyword$_click_closure1.doCall(ClickKeyword.groovy:69)
	at com.kms.katalon.core.webui.keyword.builtin.ClickKeyword$_click_closure1.call(ClickKeyword.groovy)
	at com.kms.katalon.core.webui.keyword.internal.WebUIKeywordMain.runKeyword(WebUIKeywordMain.groovy:20)
	at com.kms.katalon.core.webui.keyword.builtin.ClickKeyword.click(ClickKeyword.groovy:76)
	at com.kms.katalon.core.webui.keyword.builtin.ClickKeyword.execute(ClickKeyword.groovy:43)
	at com.kms.katalon.core.keyword.internal.KeywordExecutor.executeKeywordForPlatform(KeywordExecutor.groovy:73)
	at com.kms.katalon.core.webui.keyword.WebUiBuiltInKeywords.click(WebUiBuiltInKeywords.groovy:616)
	at com.kms.katalon.core.webui.keyword.WebUiBuiltInKeywords$click$4.call(Unknown Source)
	at Script1601693603925.run(Script1601693603925.groovy:31)
	... 13 more
)
[[ATTACHMENT|D:\\GITHUB\\automation_profile_input\\Reports\\20210315_123307\\User Settings\\20210315_123307\\1615783113640.png]]]]></system-out>
         <system-err><![CDATA[2021-03-15 12:37:58 - [TEST_CASE][FAILED] - Test Cases/User Settings/COMPLEX/TC_CMPLX_015: Test Cases/User Settings/COMPLEX/TC_CMPLX_015 FAILED.
Reason:
com.kms.katalon.core.exception.StepFailedException: Unable to click on object 'Object Repository/User/custom values/a_SAVE'
	at com.kms.katalon.core.webui.keyword.internal.WebUIKeywordMain.stepFailed(WebUIKeywordMain.groovy:64)
	at com.kms.katalon.core.webui.keyword.internal.WebUIKeywordMain.runKeyword(WebUIKeywordMain.groovy:26)
	at com.kms.katalon.core.webui.keyword.builtin.ClickKeyword.click(ClickKeyword.groovy:76)
	at com.kms.katalon.core.webui.keyword.builtin.ClickKeyword.execute(ClickKeyword.groovy:43)
	at com.kms.katalon.core.keyword.internal.KeywordExecutor.executeKeywordForPlatform(KeywordExecutor.groovy:73)
	at com.kms.katalon.core.webui.keyword.WebUiBuiltInKeywords.click(WebUiBuiltInKeywords.groovy:616)
	at com.kms.katalon.core.webui.keyword.WebUiBuiltInKeywords$click$4.call(Unknown Source)
	at TC_CMPLX_015.run(TC_CMPLX_015:31)
	at com.kms.katalon.core.main.ScriptEngine.run(ScriptEngine.java:194)
	at com.kms.katalon.core.main.ScriptEngine.runScriptAsRawText(ScriptEngine.java:119)
	at com.kms.katalon.core.main.TestCaseExecutor.runScript(TestCaseExecutor.java:339)
	at com.kms.katalon.core.main.TestCaseExecutor.doExecute(TestCaseExecutor.java:330)
	at com.kms.katalon.core.main.TestCaseExecutor.processExecutionPhase(TestCaseExecutor.java:309)
	at com.kms.katalon.core.main.TestCaseExecutor.accessMainPhase(TestCaseExecutor.java:301)
	at com.kms.katalon.core.main.TestCaseExecutor.execute(TestCaseExecutor.java:235)
	at com.kms.katalon.core.main.TestSuiteExecutor.accessTestCaseMainPhase(TestSuiteExecutor.java:191)
	at com.kms.katalon.core.main.TestSuiteExecutor.accessTestSuiteMainPhase(TestSuiteExecutor.java:141)
	at com.kms.katalon.core.main.TestSuiteExecutor.execute(TestSuiteExecutor.java:90)
	at com.kms.katalon.core.main.TestCaseMain.startTestSuite(TestCaseMain.java:157)
	at com.kms.katalon.core.main.TestCaseMain$startTestSuite$0.call(Unknown Source)
	at TempTestSuite1615782787055.run(TempTestSuite1615782787055.groovy:39)
Caused by: org.openqa.selenium.ElementNotInteractableException: element not interactable
  (Session info: chrome=89.0.4389.82)
Build info: version: '3.141.59', revision: 'e82be7d358', time: '2018-11-14T08:25:53'
System info: host: 'NATASHA-PC', ip: '192.168.56.1', os.name: 'Windows 10', os.arch: 'amd64', os.version: '10.0', java.version: '1.8.0_181'
Driver info: com.kms.katalon.selenium.driver.CChromeDriver
Capabilities {acceptInsecureCerts: false, browserName: chrome, browserVersion: 89.0.4389.82, chrome: {chromedriverVersion: 89.0.4389.23 (61b08ee2c5002..., userDataDir: C:\Users\Natasha\AppData\Lo...}, goog:chromeOptions: {debuggerAddress: localhost:51313}, javascriptEnabled: true, networkConnectionEnabled: false, pageLoadStrategy: normal, platform: WINDOWS, platformName: WINDOWS, proxy: Proxy(), setWindowRect: true, strictFileInteractability: false, timeouts: {implicit: 0, pageLoad: 300000, script: 30000}, unhandledPromptBehavior: dismiss and notify, webauthn:extension:largeBlob: true, webauthn:virtualAuthenticators: true}
Session ID: 94f7bf5be087ede292e979ff6c094166
	at org.openqa.selenium.remote.http.W3CHttpResponseCodec.createException(W3CHttpResponseCodec.java:187)
	at org.openqa.selenium.remote.http.W3CHttpResponseCodec.decode(W3CHttpResponseCodec.java:122)
	at org.openqa.selenium.remote.http.W3CHttpResponseCodec.decode(W3CHttpResponseCodec.java:49)
	at org.openqa.selenium.remote.HttpCommandExecutor.execute(HttpCommandExecutor.java:158)
	at org.openqa.selenium.remote.service.DriverCommandExecutor.execute(DriverCommandExecutor.java:83)
	at org.openqa.selenium.remote.RemoteWebDriver.execute(RemoteWebDriver.java:552)
	at com.kms.katalon.selenium.driver.CChromeDriver.execute(CChromeDriver.java:19)
	at org.openqa.selenium.remote.RemoteWebElement.execute(RemoteWebElement.java:285)
	at org.openqa.selenium.remote.RemoteWebElement.click(RemoteWebElement.java:84)
	at org.openqa.selenium.support.events.EventFiringWebDriver$EventFiringWebElement.lambda$new$0(EventFiringWebDriver.java:404)
	at com.sun.proxy.$Proxy9.click(Unknown Source)
	at org.openqa.selenium.support.events.EventFiringWebDriver$EventFiringWebElement.click(EventFiringWebDriver.java:417)
	at com.kms.katalon.core.webui.keyword.builtin.ClickKeyword$_click_closure1.doCall(ClickKeyword.groovy:69)
	at com.kms.katalon.core.webui.keyword.builtin.ClickKeyword$_click_closure1.call(ClickKeyword.groovy)
	at com.kms.katalon.core.webui.keyword.internal.WebUIKeywordMain.runKeyword(WebUIKeywordMain.groovy:20)
	... 19 more]]></system-err>
      </testcase>
      <testcase name="Test Cases/User Settings/COMPLEX/TC_CMPLX_016" time="29.826" classname="Test Cases/User Settings/COMPLEX/TC_CMPLX_016" status="FAILED">
         <failure type="FAILED" message="Test Cases/User Settings/COMPLEX/TC_CMPLX_016 FAILED.
Reason:
com.kms.katalon.core.exception.StepFailedException: Unable to click on object 'Object Repository/User/custom values/a_SAVE'
	at com.kms.katalon.core.webui.keyword.internal.WebUIKeywordMain.stepFailed(WebUIKeywordMain.groovy:64)
	at com.kms.katalon.core.webui.keyword.internal.WebUIKeywordMain.runKeyword(WebUIKeywordMain.groovy:26)
	at com.kms.katalon.core.webui.keyword.builtin.ClickKeyword.click(ClickKeyword.groovy:76)
	at com.kms.katalon.core.webui.keyword.builtin.ClickKeyword.execute(ClickKeyword.groovy:43)
	at com.kms.katalon.core.keyword.internal.KeywordExecutor.executeKeywordForPlatform(KeywordExecutor.groovy:73)
	at com.kms.katalon.core.webui.keyword.WebUiBuiltInKeywords.click(WebUiBuiltInKeywords.groovy:616)
	at com.kms.katalon.core.webui.keyword.WebUiBuiltInKeywords$click$4.call(Unknown Source)
	at TC_CMPLX_016.run(TC_CMPLX_016:30)
	at com.kms.katalon.core.main.ScriptEngine.run(ScriptEngine.java:194)
	at com.kms.katalon.core.main.ScriptEngine.runScriptAsRawText(ScriptEngine.java:119)
	at com.kms.katalon.core.main.TestCaseExecutor.runScript(TestCaseExecutor.java:339)
	at com.kms.katalon.core.main.TestCaseExecutor.doExecute(TestCaseExecutor.java:330)
	at com.kms.katalon.core.main.TestCaseExecutor.processExecutionPhase(TestCaseExecutor.java:309)
	at com.kms.katalon.core.main.TestCaseExecutor.accessMainPhase(TestCaseExecutor.java:301)
	at com.kms.katalon.core.main.TestCaseExecutor.execute(TestCaseExecutor.java:235)
	at com.kms.katalon.core.main.TestSuiteExecutor.accessTestCaseMainPhase(TestSuiteExecutor.java:191)
	at com.kms.katalon.core.main.TestSuiteExecutor.accessTestSuiteMainPhase(TestSuiteExecutor.java:141)
	at com.kms.katalon.core.main.TestSuiteExecutor.execute(TestSuiteExecutor.java:90)
	at com.kms.katalon.core.main.TestCaseMain.startTestSuite(TestCaseMain.java:157)
	at com.kms.katalon.core.main.TestCaseMain$startTestSuite$0.call(Unknown Source)
	at TempTestSuite1615782787055.run(TempTestSuite1615782787055.groovy:39)
Caused by: org.openqa.selenium.ElementNotInteractableException: element not interactable
  (Session info: chrome=89.0.4389.82)
Build info: version: '3.141.59', revision: 'e82be7d358', time: '2018-11-14T08:25:53'
System info: host: 'NATASHA-PC', ip: '192.168.56.1', os.name: 'Windows 10', os.arch: 'amd64', os.version: '10.0', java.version: '1.8.0_181'
Driver info: com.kms.katalon.selenium.driver.CChromeDriver
Capabilities {acceptInsecureCerts: false, browserName: chrome, browserVersion: 89.0.4389.82, chrome: {chromedriverVersion: 89.0.4389.23 (61b08ee2c5002..., userDataDir: C:\Users\Natasha\AppData\Lo...}, goog:chromeOptions: {debuggerAddress: localhost:51369}, javascriptEnabled: true, networkConnectionEnabled: false, pageLoadStrategy: normal, platform: WINDOWS, platformName: WINDOWS, proxy: Proxy(), setWindowRect: true, strictFileInteractability: false, timeouts: {implicit: 0, pageLoad: 300000, script: 30000}, unhandledPromptBehavior: dismiss and notify, webauthn:extension:largeBlob: true, webauthn:virtualAuthenticators: true}
Session ID: 2e6a1cefd79542e9397c2d8b1f55048d
	at org.openqa.selenium.remote.http.W3CHttpResponseCodec.createException(W3CHttpResponseCodec.java:187)
	at org.openqa.selenium.remote.http.W3CHttpResponseCodec.decode(W3CHttpResponseCodec.java:122)
	at org.openqa.selenium.remote.http.W3CHttpResponseCodec.decode(W3CHttpResponseCodec.java:49)
	at org.openqa.selenium.remote.HttpCommandExecutor.execute(HttpCommandExecutor.java:158)
	at org.openqa.selenium.remote.service.DriverCommandExecutor.execute(DriverCommandExecutor.java:83)
	at org.openqa.selenium.remote.RemoteWebDriver.execute(RemoteWebDriver.java:552)
	at com.kms.katalon.selenium.driver.CChromeDriver.execute(CChromeDriver.java:19)
	at org.openqa.selenium.remote.RemoteWebElement.execute(RemoteWebElement.java:285)
	at org.openqa.selenium.remote.RemoteWebElement.click(RemoteWebElement.java:84)
	at org.openqa.selenium.support.events.EventFiringWebDriver$EventFiringWebElement.lambda$new$0(EventFiringWebDriver.java:404)
	at com.sun.proxy.$Proxy9.click(Unknown Source)
	at org.openqa.selenium.support.events.EventFiringWebDriver$EventFiringWebElement.click(EventFiringWebDriver.java:417)
	at com.kms.katalon.core.webui.keyword.builtin.ClickKeyword$_click_closure1.doCall(ClickKeyword.groovy:69)
	at com.kms.katalon.core.webui.keyword.builtin.ClickKeyword$_click_closure1.call(ClickKeyword.groovy)
	at com.kms.katalon.core.webui.keyword.internal.WebUIKeywordMain.runKeyword(WebUIKeywordMain.groovy:20)
	... 19 more
"/>
         <system-out><![CDATA[2021-03-15 12:38:33 - [TEST_CASE][FAILED] - Test Cases/User Settings/COMPLEX/TC_CMPLX_016: Test Cases/User Settings/COMPLEX/TC_CMPLX_016 FAILED.
Reason:
com.kms.katalon.core.exception.StepFailedException: Unable to click on object 'Object Repository/User/custom values/a_SAVE'
	at com.kms.katalon.core.webui.keyword.internal.WebUIKeywordMain.stepFailed(WebUIKeywordMain.groovy:64)
	at com.kms.katalon.core.webui.keyword.internal.WebUIKeywordMain.runKeyword(WebUIKeywordMain.groovy:26)
	at com.kms.katalon.core.webui.keyword.builtin.ClickKeyword.click(ClickKeyword.groovy:76)
	at com.kms.katalon.core.webui.keyword.builtin.ClickKeyword.execute(ClickKeyword.groovy:43)
	at com.kms.katalon.core.keyword.internal.KeywordExecutor.executeKeywordForPlatform(KeywordExecutor.groovy:73)
	at com.kms.katalon.core.webui.keyword.WebUiBuiltInKeywords.click(WebUiBuiltInKeywords.groovy:616)
	at com.kms.katalon.core.webui.keyword.WebUiBuiltInKeywords$click$4.call(Unknown Source)
	at TC_CMPLX_016.run(TC_CMPLX_016:30)
	at com.kms.katalon.core.main.ScriptEngine.run(ScriptEngine.java:194)
	at com.kms.katalon.core.main.ScriptEngine.runScriptAsRawText(ScriptEngine.java:119)
	at com.kms.katalon.core.main.TestCaseExecutor.runScript(TestCaseExecutor.java:339)
	at com.kms.katalon.core.main.TestCaseExecutor.doExecute(TestCaseExecutor.java:330)
	at com.kms.katalon.core.main.TestCaseExecutor.processExecutionPhase(TestCaseExecutor.java:309)
	at com.kms.katalon.core.main.TestCaseExecutor.accessMainPhase(TestCaseExecutor.java:301)
	at com.kms.katalon.core.main.TestCaseExecutor.execute(TestCaseExecutor.java:235)
	at com.kms.katalon.core.main.TestSuiteExecutor.accessTestCaseMainPhase(TestSuiteExecutor.java:191)
	at com.kms.katalon.core.main.TestSuiteExecutor.accessTestSuiteMainPhase(TestSuiteExecutor.java:141)
	at com.kms.katalon.core.main.TestSuiteExecutor.execute(TestSuiteExecutor.java:90)
	at com.kms.katalon.core.main.TestCaseMain.startTestSuite(TestCaseMain.java:157)
	at com.kms.katalon.core.main.TestCaseMain$startTestSuite$0.call(Unknown Source)
	at TempTestSuite1615782787055.run(TempTestSuite1615782787055.groovy:39)
Caused by: org.openqa.selenium.ElementNotInteractableException: element not interactable
  (Session info: chrome=89.0.4389.82)
Build info: version: '3.141.59', revision: 'e82be7d358', time: '2018-11-14T08:25:53'
System info: host: 'NATASHA-PC', ip: '192.168.56.1', os.name: 'Windows 10', os.arch: 'amd64', os.version: '10.0', java.version: '1.8.0_181'
Driver info: com.kms.katalon.selenium.driver.CChromeDriver
Capabilities {acceptInsecureCerts: false, browserName: chrome, browserVersion: 89.0.4389.82, chrome: {chromedriverVersion: 89.0.4389.23 (61b08ee2c5002..., userDataDir: C:\Users\Natasha\AppData\Lo...}, goog:chromeOptions: {debuggerAddress: localhost:51369}, javascriptEnabled: true, networkConnectionEnabled: false, pageLoadStrategy: normal, platform: WINDOWS, platformName: WINDOWS, proxy: Proxy(), setWindowRect: true, strictFileInteractability: false, timeouts: {implicit: 0, pageLoad: 300000, script: 30000}, unhandledPromptBehavior: dismiss and notify, webauthn:extension:largeBlob: true, webauthn:virtualAuthenticators: true}
Session ID: 2e6a1cefd79542e9397c2d8b1f55048d
	at org.openqa.selenium.remote.http.W3CHttpResponseCodec.createException(W3CHttpResponseCodec.java:187)
	at org.openqa.selenium.remote.http.W3CHttpResponseCodec.decode(W3CHttpResponseCodec.java:122)
	at org.openqa.selenium.remote.http.W3CHttpResponseCodec.decode(W3CHttpResponseCodec.java:49)
	at org.openqa.selenium.remote.HttpCommandExecutor.execute(HttpCommandExecutor.java:158)
	at org.openqa.selenium.remote.service.DriverCommandExecutor.execute(DriverCommandExecutor.java:83)
	at org.openqa.selenium.remote.RemoteWebDriver.execute(RemoteWebDriver.java:552)
	at com.kms.katalon.selenium.driver.CChromeDriver.execute(CChromeDriver.java:19)
	at org.openqa.selenium.remote.RemoteWebElement.execute(RemoteWebElement.java:285)
	at org.openqa.selenium.remote.RemoteWebElement.click(RemoteWebElement.java:84)
	at org.openqa.selenium.support.events.EventFiringWebDriver$EventFiringWebElement.lambda$new$0(EventFiringWebDriver.java:404)
	at com.sun.proxy.$Proxy9.click(Unknown Source)
	at org.openqa.selenium.support.events.EventFiringWebDriver$EventFiringWebElement.click(EventFiringWebDriver.java:417)
	at com.kms.katalon.core.webui.keyword.builtin.ClickKeyword$_click_closure1.doCall(ClickKeyword.groovy:69)
	at com.kms.katalon.core.webui.keyword.builtin.ClickKeyword$_click_closure1.call(ClickKeyword.groovy)
	at com.kms.katalon.core.webui.keyword.internal.WebUIKeywordMain.runKeyword(WebUIKeywordMain.groovy:20)
	... 19 more


2021-03-15 12:38:34 - [TEST_STEP][PASSED] - callTestCase(findTestCase("Utilities/Add New Text Custom Field"), [:], STOP_ON_FAILURE): Call Test Case 'Test Cases/Utilities/Add New Text Custom Field' successfully

2021-03-15 12:38:34 - [TEST_CASE][PASSED] - Test Cases/Utilities/Add New Text Custom Field: Test Cases/Utilities/Add New Text Custom Field

2021-03-15 12:38:34 - [TEST_STEP][PASSED] - callTestCase(findTestCase("Utilities/Admin Login"), [:], STOP_ON_FAILURE): Call Test Case 'Test Cases/Utilities/Admin Login' successfully

2021-03-15 12:38:34 - [TEST_CASE][PASSED] - Test Cases/Utilities/Admin Login: Test Cases/Utilities/Admin Login

2021-03-15 12:38:34 - [TEST_STEP][PASSED] - openBrowser(""): Browser is opened with url: ''

2021-03-15 12:38:34 - [MESSAGE][WARNING] - A browser is already opened. Closing browser and opening a new one

2021-03-15 12:38:35 - [MESSAGE][INFO] - Starting 'Chrome' driver

2021-03-15 12:38:35 - [MESSAGE][INFO] - Action delay is set to 0 milliseconds

2021-03-15 12:38:36 - [MESSAGE][PASSED] - Browser is opened with url: ''

2021-03-15 12:38:36 - [TEST_STEP][PASSED] - maximizeWindow(): Current window maximized

2021-03-15 12:38:36 - [MESSAGE][PASSED] - Current window maximized

2021-03-15 12:38:36 - [TEST_STEP][PASSED] - navigateToUrl(admin_url): Navigate to 'https://youhadmeathelloworld.arcadier.io/admin' successfully

2021-03-15 12:38:40 - [MESSAGE][PASSED] - Navigate to 'https://youhadmeathelloworld.arcadier.io/admin' successfully

2021-03-15 12:38:40 - [TEST_STEP][PASSED] - waitForPageLoad(2): Wait for page load successfully

2021-03-15 12:38:40 - [MESSAGE][PASSED] - Wait for page load successfully

2021-03-15 12:38:40 - [TEST_STEP][PASSED] - setText(findTestObject("Admin/Admin Login/txt_username"), admin_username): Text 'codemafia' is set on object 'Object Repository/Admin/Admin Login/txt_username'

2021-03-15 12:38:40 - [MESSAGE][PASSED] - Text 'codemafia' is set on object 'Object Repository/Admin/Admin Login/txt_username'

2021-03-15 12:38:40 - [TEST_STEP][PASSED] - setText(findTestObject("Admin/Admin Login/txt_password"), admin_password): Text 'welcome8' is set on object 'Object Repository/Admin/Admin Login/txt_password'

2021-03-15 12:38:41 - [MESSAGE][PASSED] - Text 'welcome8' is set on object 'Object Repository/Admin/Admin Login/txt_password'

2021-03-15 12:38:41 - [TEST_STEP][PASSED] - click(findTestObject("Admin/Admin Login/button_login")): Object: 'Object Repository/Admin/Admin Login/button_login' is clicked on

2021-03-15 12:38:44 - [MESSAGE][PASSED] - Object: 'Object Repository/Admin/Admin Login/button_login' is clicked on

2021-03-15 12:38:44 - [MESSAGE][PASSED] - Call Test Case 'Test Cases/Utilities/Admin Login' successfully

2021-03-15 12:38:44 - [TEST_STEP][PASSED] - callTestCase(findTestCase("Utilities/Navigate to Plugin"), [:], STOP_ON_FAILURE): Call Test Case 'Test Cases/Utilities/Navigate to Plugin' successfully

2021-03-15 12:38:44 - [TEST_CASE][PASSED] - Test Cases/Utilities/Navigate to Plugin: Test Cases/Utilities/Navigate to Plugin

2021-03-15 12:38:44 - [TEST_STEP][PASSED] - click(findTestObject("Admin/Plugin Navigation/link_plugin")): Object: 'Object Repository/Admin/Plugin Navigation/link_plugin' is clicked on

2021-03-15 12:38:45 - [MESSAGE][PASSED] - Object: 'Object Repository/Admin/Plugin Navigation/link_plugin' is clicked on

2021-03-15 12:38:45 - [TEST_STEP][PASSED] - click(findTestObject("Admin/Plugin Navigation/link_profile")): Object: 'Object Repository/Admin/Plugin Navigation/link_profile' is clicked on

2021-03-15 12:38:46 - [MESSAGE][PASSED] - Object: 'Object Repository/Admin/Plugin Navigation/link_profile' is clicked on

2021-03-15 12:38:46 - [MESSAGE][PASSED] - Call Test Case 'Test Cases/Utilities/Navigate to Plugin' successfully

2021-03-15 12:38:46 - [TEST_STEP][PASSED] - click(findTestObject("Admin/Plugin Page/Add New Text CF/a_Add Profile Input Field")): Object: 'Object Repository/Admin/Plugin Page/Add New Text CF/a_Add Profile Input Field' is clicked on

2021-03-15 12:38:47 - [MESSAGE][PASSED] - Object: 'Object Repository/Admin/Plugin Page/Add New Text CF/a_Add Profile Input Field' is clicked on

2021-03-15 12:38:47 - [TEST_STEP][PASSED] - setText(findTestObject("Admin/Plugin Page/Add New Text CF/input_Custom Field Name_custom_name"), "Sample Text Customfield"): Text 'Sample Text Customfield' is set on object 'Object Repository/Admin/Plugin Page/Add New Text CF/input_Custom Field Name_custom_name'

2021-03-15 12:38:47 - [MESSAGE][PASSED] - Text 'Sample Text Customfield' is set on object 'Object Repository/Admin/Plugin Page/Add New Text CF/input_Custom Field Name_custom_name'

2021-03-15 12:38:47 - [TEST_STEP][PASSED] - click(findTestObject("Admin/Plugin Page/Add New Text CF/input_Add Option_saveCustomDetails")): Object: 'Object Repository/Admin/Plugin Page/Add New Text CF/input_Add Option_saveCustomDetails' is clicked on

2021-03-15 12:38:48 - [MESSAGE][PASSED] - Object: 'Object Repository/Admin/Plugin Page/Add New Text CF/input_Add Option_saveCustomDetails' is clicked on

2021-03-15 12:38:48 - [TEST_STEP][PASSED] - closeBrowser(): Browser is closed

2021-03-15 12:38:48 - [MESSAGE][PASSED] - Browser is closed

2021-03-15 12:38:48 - [MESSAGE][PASSED] - Call Test Case 'Test Cases/Utilities/Add New Text Custom Field' successfully

2021-03-15 12:38:48 - [TEST_STEP][PASSED] - callTestCase(findTestCase("Utilities/Navigate to Buyer Settings"), [:], STOP_ON_FAILURE): Call Test Case 'Test Cases/Utilities/Navigate to Buyer Settings' successfully

2021-03-15 12:38:49 - [TEST_CASE][PASSED] - Test Cases/Utilities/Navigate to Buyer Settings: Test Cases/Utilities/Navigate to Buyer Settings

2021-03-15 12:38:49 - [TEST_STEP][PASSED] - openBrowser(""): Browser is opened with url: ''

2021-03-15 12:38:49 - [MESSAGE][INFO] - Starting 'Chrome' driver

2021-03-15 12:38:49 - [MESSAGE][INFO] - Action delay is set to 0 milliseconds

2021-03-15 12:38:50 - [MESSAGE][PASSED] - Browser is opened with url: ''

2021-03-15 12:38:50 - [TEST_STEP][PASSED] - navigateToUrl("https://youhadmeathelloworld.arcadier.io/"): Navigate to 'https://youhadmeathelloworld.arcadier.io/' successfully

2021-03-15 12:38:52 - [MESSAGE][PASSED] - Navigate to 'https://youhadmeathelloworld.arcadier.io/' successfully

2021-03-15 12:38:52 - [TEST_STEP][PASSED] - maximizeWindow(): Current window maximized

2021-03-15 12:38:52 - [MESSAGE][PASSED] - Current window maximized

2021-03-15 12:38:52 - [TEST_STEP][PASSED] - click(findTestObject("Object Repository/User/a_REGISTER  SIGN IN")): Object: 'Object Repository/User/a_REGISTER  SIGN IN' is clicked on

2021-03-15 12:38:54 - [MESSAGE][PASSED] - Object: 'Object Repository/User/a_REGISTER  SIGN IN' is clicked on

2021-03-15 12:38:54 - [TEST_STEP][PASSED] - setText(findTestObject("Object Repository/User/input_Your emailusername_username"), "athena"): Text 'athena' is set on object 'Object Repository/User/input_Your emailusername_username'

2021-03-15 12:38:55 - [MESSAGE][PASSED] - Text 'athena' is set on object 'Object Repository/User/input_Your emailusername_username'

2021-03-15 12:38:55 - [TEST_STEP][PASSED] - setEncryptedText(findTestObject("Object Repository/User/input_Your password_password"), "goxxgxvM2dP/z7G09p4JaTtn5QD+a0Kw"): Text ****** has been set on object 'Object Repository/User/input_Your password_password'

2021-03-15 12:38:55 - [MESSAGE][PASSED] - Text ****** has been set on object 'Object Repository/User/input_Your password_password'

2021-03-15 12:38:55 - [TEST_STEP][PASSED] - click(findTestObject("Object Repository/User/input_Your password_login-submit")): Object: 'Object Repository/User/input_Your password_login-submit' is clicked on

2021-03-15 12:38:57 - [MESSAGE][PASSED] - Object: 'Object Repository/User/input_Your password_login-submit' is clicked on

2021-03-15 12:38:57 - [TEST_STEP][PASSED] - mouseOver(findTestObject("User/i_EN_icon icon-down")): Object: 'Object Repository/User/i_EN_icon icon-down' is hovered

2021-03-15 12:38:58 - [MESSAGE][PASSED] - Object: 'Object Repository/User/i_EN_icon icon-down' is hovered

2021-03-15 12:38:58 - [TEST_STEP][PASSED] - click(findTestObject("User/a_Settings")): Object: 'Object Repository/User/a_Settings' is clicked on

2021-03-15 12:38:59 - [MESSAGE][PASSED] - Object: 'Object Repository/User/a_Settings' is clicked on

2021-03-15 12:38:59 - [MESSAGE][PASSED] - Call Test Case 'Test Cases/Utilities/Navigate to Buyer Settings' successfully

2021-03-15 12:38:59 - [TEST_STEP][PASSED] - setText(findTestObject("Object Repository/User/custom values/input_SAMPLE TEXT CUSTOMFIELD_Sample Text C_ce5c8c"), "customfield value"): Text 'customfield value' is set on object 'Object Repository/User/custom values/input_SAMPLE TEXT CUSTOMFIELD_Sample Text C_ce5c8c'

2021-03-15 12:39:01 - [MESSAGE][PASSED] - Text 'customfield value' is set on object 'Object Repository/User/custom values/input_SAMPLE TEXT CUSTOMFIELD_Sample Text C_ce5c8c'

2021-03-15 12:39:01 - [TEST_STEP][PASSED] - click(findTestObject("User/accept_cookies")): Object: 'Object Repository/User/accept_cookies' is clicked on

2021-03-15 12:39:01 - [MESSAGE][PASSED] - Object: 'Object Repository/User/accept_cookies' is clicked on

2021-03-15 12:39:01 - [TEST_STEP][PASSED] - click(findTestObject("User/custom values/a_NEXT")): Object: 'Object Repository/User/custom values/a_NEXT' is clicked on

2021-03-15 12:39:01 - [MESSAGE][PASSED] - Object: 'Object Repository/User/custom values/a_NEXT' is clicked on

2021-03-15 12:39:01 - [TEST_STEP][FAILED] - click(findTestObject("User/custom values/a_SAVE")): Unable to click on object 'Object Repository/User/custom values/a_SAVE' (Root cause: com.kms.katalon.core.exception.StepFailedException: Unable to click on object 'Object Repository/User/custom values/a_SAVE'
	at com.kms.katalon.core.webui.keyword.internal.WebUIKeywordMain.stepFailed(WebUIKeywordMain.groovy:64)
	at com.kms.katalon.core.webui.keyword.internal.WebUIKeywordMain.runKeyword(WebUIKeywordMain.groovy:26)
	at com.kms.katalon.core.webui.keyword.builtin.ClickKeyword.click(ClickKeyword.groovy:76)
	at com.kms.katalon.core.webui.keyword.builtin.ClickKeyword.execute(ClickKeyword.groovy:43)
	at com.kms.katalon.core.keyword.internal.KeywordExecutor.executeKeywordForPlatform(KeywordExecutor.groovy:73)
	at com.kms.katalon.core.webui.keyword.WebUiBuiltInKeywords.click(WebUiBuiltInKeywords.groovy:616)
	at com.kms.katalon.core.webui.keyword.WebUiBuiltInKeywords$click$4.call(Unknown Source)
	at TC_CMPLX_016.run(TC_CMPLX_016:30)
	at com.kms.katalon.core.main.ScriptEngine.run(ScriptEngine.java:194)
	at com.kms.katalon.core.main.ScriptEngine.runScriptAsRawText(ScriptEngine.java:119)
	at com.kms.katalon.core.main.TestCaseExecutor.runScript(TestCaseExecutor.java:339)
	at com.kms.katalon.core.main.TestCaseExecutor.doExecute(TestCaseExecutor.java:330)
	at com.kms.katalon.core.main.TestCaseExecutor.processExecutionPhase(TestCaseExecutor.java:309)
	at com.kms.katalon.core.main.TestCaseExecutor.accessMainPhase(TestCaseExecutor.java:301)
	at com.kms.katalon.core.main.TestCaseExecutor.execute(TestCaseExecutor.java:235)
	at com.kms.katalon.core.main.TestSuiteExecutor.accessTestCaseMainPhase(TestSuiteExecutor.java:191)
	at com.kms.katalon.core.main.TestSuiteExecutor.accessTestSuiteMainPhase(TestSuiteExecutor.java:141)
	at com.kms.katalon.core.main.TestSuiteExecutor.execute(TestSuiteExecutor.java:90)
	at com.kms.katalon.core.main.TestCaseMain.startTestSuite(TestCaseMain.java:157)
	at com.kms.katalon.core.main.TestCaseMain$startTestSuite$0.call(Unknown Source)
	at TempTestSuite1615782787055.run(TempTestSuite1615782787055.groovy:39)
Caused by: org.openqa.selenium.ElementNotInteractableException: element not interactable
  (Session info: chrome=89.0.4389.82)
Build info: version: '3.141.59', revision: 'e82be7d358', time: '2018-11-14T08:25:53'
System info: host: 'NATASHA-PC', ip: '192.168.56.1', os.name: 'Windows 10', os.arch: 'amd64', os.version: '10.0', java.version: '1.8.0_181'
Driver info: com.kms.katalon.selenium.driver.CChromeDriver
Capabilities {acceptInsecureCerts: false, browserName: chrome, browserVersion: 89.0.4389.82, chrome: {chromedriverVersion: 89.0.4389.23 (61b08ee2c5002..., userDataDir: C:\Users\Natasha\AppData\Lo...}, goog:chromeOptions: {debuggerAddress: localhost:51369}, javascriptEnabled: true, networkConnectionEnabled: false, pageLoadStrategy: normal, platform: WINDOWS, platformName: WINDOWS, proxy: Proxy(), setWindowRect: true, strictFileInteractability: false, timeouts: {implicit: 0, pageLoad: 300000, script: 30000}, unhandledPromptBehavior: dismiss and notify, webauthn:extension:largeBlob: true, webauthn:virtualAuthenticators: true}
Session ID: 2e6a1cefd79542e9397c2d8b1f55048d
	at org.openqa.selenium.remote.http.W3CHttpResponseCodec.createException(W3CHttpResponseCodec.java:187)
	at org.openqa.selenium.remote.http.W3CHttpResponseCodec.decode(W3CHttpResponseCodec.java:122)
	at org.openqa.selenium.remote.http.W3CHttpResponseCodec.decode(W3CHttpResponseCodec.java:49)
	at org.openqa.selenium.remote.HttpCommandExecutor.execute(HttpCommandExecutor.java:158)
	at org.openqa.selenium.remote.service.DriverCommandExecutor.execute(DriverCommandExecutor.java:83)
	at org.openqa.selenium.remote.RemoteWebDriver.execute(RemoteWebDriver.java:552)
	at com.kms.katalon.selenium.driver.CChromeDriver.execute(CChromeDriver.java:19)
	at org.openqa.selenium.remote.RemoteWebElement.execute(RemoteWebElement.java:285)
	at org.openqa.selenium.remote.RemoteWebElement.click(RemoteWebElement.java:84)
	at org.openqa.selenium.support.events.EventFiringWebDriver$EventFiringWebElement.lambda$new$0(EventFiringWebDriver.java:404)
	at com.sun.proxy.$Proxy9.click(Unknown Source)
	at org.openqa.selenium.support.events.EventFiringWebDriver$EventFiringWebElement.click(EventFiringWebDriver.java:417)
	at com.kms.katalon.core.webui.keyword.builtin.ClickKeyword$_click_closure1.doCall(ClickKeyword.groovy:69)
	at com.kms.katalon.core.webui.keyword.builtin.ClickKeyword$_click_closure1.call(ClickKeyword.groovy)
	at com.kms.katalon.core.webui.keyword.internal.WebUIKeywordMain.runKeyword(WebUIKeywordMain.groovy:20)
	at com.kms.katalon.core.webui.keyword.builtin.ClickKeyword.click(ClickKeyword.groovy:76)
	at com.kms.katalon.core.webui.keyword.builtin.ClickKeyword.execute(ClickKeyword.groovy:43)
	at com.kms.katalon.core.keyword.internal.KeywordExecutor.executeKeywordForPlatform(KeywordExecutor.groovy:73)
	at com.kms.katalon.core.webui.keyword.WebUiBuiltInKeywords.click(WebUiBuiltInKeywords.groovy:616)
	at com.kms.katalon.core.webui.keyword.WebUiBuiltInKeywords$click$4.call(Unknown Source)
	at Script1601693794701.run(Script1601693794701.groovy:30)
	... 13 more
)

2021-03-15 12:39:03 - [MESSAGE][FAILED] - Unable to click on object 'Object Repository/User/custom values/a_SAVE' (Root cause: com.kms.katalon.core.exception.StepFailedException: Unable to click on object 'Object Repository/User/custom values/a_SAVE'
	at com.kms.katalon.core.webui.keyword.internal.WebUIKeywordMain.stepFailed(WebUIKeywordMain.groovy:64)
	at com.kms.katalon.core.webui.keyword.internal.WebUIKeywordMain.runKeyword(WebUIKeywordMain.groovy:26)
	at com.kms.katalon.core.webui.keyword.builtin.ClickKeyword.click(ClickKeyword.groovy:76)
	at com.kms.katalon.core.webui.keyword.builtin.ClickKeyword.execute(ClickKeyword.groovy:43)
	at com.kms.katalon.core.keyword.internal.KeywordExecutor.executeKeywordForPlatform(KeywordExecutor.groovy:73)
	at com.kms.katalon.core.webui.keyword.WebUiBuiltInKeywords.click(WebUiBuiltInKeywords.groovy:616)
	at com.kms.katalon.core.webui.keyword.WebUiBuiltInKeywords$click$4.call(Unknown Source)
	at TC_CMPLX_016.run(TC_CMPLX_016:30)
	at com.kms.katalon.core.main.ScriptEngine.run(ScriptEngine.java:194)
	at com.kms.katalon.core.main.ScriptEngine.runScriptAsRawText(ScriptEngine.java:119)
	at com.kms.katalon.core.main.TestCaseExecutor.runScript(TestCaseExecutor.java:339)
	at com.kms.katalon.core.main.TestCaseExecutor.doExecute(TestCaseExecutor.java:330)
	at com.kms.katalon.core.main.TestCaseExecutor.processExecutionPhase(TestCaseExecutor.java:309)
	at com.kms.katalon.core.main.TestCaseExecutor.accessMainPhase(TestCaseExecutor.java:301)
	at com.kms.katalon.core.main.TestCaseExecutor.execute(TestCaseExecutor.java:235)
	at com.kms.katalon.core.main.TestSuiteExecutor.accessTestCaseMainPhase(TestSuiteExecutor.java:191)
	at com.kms.katalon.core.main.TestSuiteExecutor.accessTestSuiteMainPhase(TestSuiteExecutor.java:141)
	at com.kms.katalon.core.main.TestSuiteExecutor.execute(TestSuiteExecutor.java:90)
	at com.kms.katalon.core.main.TestCaseMain.startTestSuite(TestCaseMain.java:157)
	at com.kms.katalon.core.main.TestCaseMain$startTestSuite$0.call(Unknown Source)
	at TempTestSuite1615782787055.run(TempTestSuite1615782787055.groovy:39)
Caused by: org.openqa.selenium.ElementNotInteractableException: element not interactable
  (Session info: chrome=89.0.4389.82)
Build info: version: '3.141.59', revision: 'e82be7d358', time: '2018-11-14T08:25:53'
System info: host: 'NATASHA-PC', ip: '192.168.56.1', os.name: 'Windows 10', os.arch: 'amd64', os.version: '10.0', java.version: '1.8.0_181'
Driver info: com.kms.katalon.selenium.driver.CChromeDriver
Capabilities {acceptInsecureCerts: false, browserName: chrome, browserVersion: 89.0.4389.82, chrome: {chromedriverVersion: 89.0.4389.23 (61b08ee2c5002..., userDataDir: C:\Users\Natasha\AppData\Lo...}, goog:chromeOptions: {debuggerAddress: localhost:51369}, javascriptEnabled: true, networkConnectionEnabled: false, pageLoadStrategy: normal, platform: WINDOWS, platformName: WINDOWS, proxy: Proxy(), setWindowRect: true, strictFileInteractability: false, timeouts: {implicit: 0, pageLoad: 300000, script: 30000}, unhandledPromptBehavior: dismiss and notify, webauthn:extension:largeBlob: true, webauthn:virtualAuthenticators: true}
Session ID: 2e6a1cefd79542e9397c2d8b1f55048d
	at org.openqa.selenium.remote.http.W3CHttpResponseCodec.createException(W3CHttpResponseCodec.java:187)
	at org.openqa.selenium.remote.http.W3CHttpResponseCodec.decode(W3CHttpResponseCodec.java:122)
	at org.openqa.selenium.remote.http.W3CHttpResponseCodec.decode(W3CHttpResponseCodec.java:49)
	at org.openqa.selenium.remote.HttpCommandExecutor.execute(HttpCommandExecutor.java:158)
	at org.openqa.selenium.remote.service.DriverCommandExecutor.execute(DriverCommandExecutor.java:83)
	at org.openqa.selenium.remote.RemoteWebDriver.execute(RemoteWebDriver.java:552)
	at com.kms.katalon.selenium.driver.CChromeDriver.execute(CChromeDriver.java:19)
	at org.openqa.selenium.remote.RemoteWebElement.execute(RemoteWebElement.java:285)
	at org.openqa.selenium.remote.RemoteWebElement.click(RemoteWebElement.java:84)
	at org.openqa.selenium.support.events.EventFiringWebDriver$EventFiringWebElement.lambda$new$0(EventFiringWebDriver.java:404)
	at com.sun.proxy.$Proxy9.click(Unknown Source)
	at org.openqa.selenium.support.events.EventFiringWebDriver$EventFiringWebElement.click(EventFiringWebDriver.java:417)
	at com.kms.katalon.core.webui.keyword.builtin.ClickKeyword$_click_closure1.doCall(ClickKeyword.groovy:69)
	at com.kms.katalon.core.webui.keyword.builtin.ClickKeyword$_click_closure1.call(ClickKeyword.groovy)
	at com.kms.katalon.core.webui.keyword.internal.WebUIKeywordMain.runKeyword(WebUIKeywordMain.groovy:20)
	at com.kms.katalon.core.webui.keyword.builtin.ClickKeyword.click(ClickKeyword.groovy:76)
	at com.kms.katalon.core.webui.keyword.builtin.ClickKeyword.execute(ClickKeyword.groovy:43)
	at com.kms.katalon.core.keyword.internal.KeywordExecutor.executeKeywordForPlatform(KeywordExecutor.groovy:73)
	at com.kms.katalon.core.webui.keyword.WebUiBuiltInKeywords.click(WebUiBuiltInKeywords.groovy:616)
	at com.kms.katalon.core.webui.keyword.WebUiBuiltInKeywords$click$4.call(Unknown Source)
	at Script1601693794701.run(Script1601693794701.groovy:30)
	... 13 more
)
[[ATTACHMENT|D:\\GITHUB\\automation_profile_input\\Reports\\20210315_123307\\User Settings\\20210315_123307\\1615783143488.png]]]]></system-out>
         <system-err><![CDATA[2021-03-15 12:38:33 - [TEST_CASE][FAILED] - Test Cases/User Settings/COMPLEX/TC_CMPLX_016: Test Cases/User Settings/COMPLEX/TC_CMPLX_016 FAILED.
Reason:
com.kms.katalon.core.exception.StepFailedException: Unable to click on object 'Object Repository/User/custom values/a_SAVE'
	at com.kms.katalon.core.webui.keyword.internal.WebUIKeywordMain.stepFailed(WebUIKeywordMain.groovy:64)
	at com.kms.katalon.core.webui.keyword.internal.WebUIKeywordMain.runKeyword(WebUIKeywordMain.groovy:26)
	at com.kms.katalon.core.webui.keyword.builtin.ClickKeyword.click(ClickKeyword.groovy:76)
	at com.kms.katalon.core.webui.keyword.builtin.ClickKeyword.execute(ClickKeyword.groovy:43)
	at com.kms.katalon.core.keyword.internal.KeywordExecutor.executeKeywordForPlatform(KeywordExecutor.groovy:73)
	at com.kms.katalon.core.webui.keyword.WebUiBuiltInKeywords.click(WebUiBuiltInKeywords.groovy:616)
	at com.kms.katalon.core.webui.keyword.WebUiBuiltInKeywords$click$4.call(Unknown Source)
	at TC_CMPLX_016.run(TC_CMPLX_016:30)
	at com.kms.katalon.core.main.ScriptEngine.run(ScriptEngine.java:194)
	at com.kms.katalon.core.main.ScriptEngine.runScriptAsRawText(ScriptEngine.java:119)
	at com.kms.katalon.core.main.TestCaseExecutor.runScript(TestCaseExecutor.java:339)
	at com.kms.katalon.core.main.TestCaseExecutor.doExecute(TestCaseExecutor.java:330)
	at com.kms.katalon.core.main.TestCaseExecutor.processExecutionPhase(TestCaseExecutor.java:309)
	at com.kms.katalon.core.main.TestCaseExecutor.accessMainPhase(TestCaseExecutor.java:301)
	at com.kms.katalon.core.main.TestCaseExecutor.execute(TestCaseExecutor.java:235)
	at com.kms.katalon.core.main.TestSuiteExecutor.accessTestCaseMainPhase(TestSuiteExecutor.java:191)
	at com.kms.katalon.core.main.TestSuiteExecutor.accessTestSuiteMainPhase(TestSuiteExecutor.java:141)
	at com.kms.katalon.core.main.TestSuiteExecutor.execute(TestSuiteExecutor.java:90)
	at com.kms.katalon.core.main.TestCaseMain.startTestSuite(TestCaseMain.java:157)
	at com.kms.katalon.core.main.TestCaseMain$startTestSuite$0.call(Unknown Source)
	at TempTestSuite1615782787055.run(TempTestSuite1615782787055.groovy:39)
Caused by: org.openqa.selenium.ElementNotInteractableException: element not interactable
  (Session info: chrome=89.0.4389.82)
Build info: version: '3.141.59', revision: 'e82be7d358', time: '2018-11-14T08:25:53'
System info: host: 'NATASHA-PC', ip: '192.168.56.1', os.name: 'Windows 10', os.arch: 'amd64', os.version: '10.0', java.version: '1.8.0_181'
Driver info: com.kms.katalon.selenium.driver.CChromeDriver
Capabilities {acceptInsecureCerts: false, browserName: chrome, browserVersion: 89.0.4389.82, chrome: {chromedriverVersion: 89.0.4389.23 (61b08ee2c5002..., userDataDir: C:\Users\Natasha\AppData\Lo...}, goog:chromeOptions: {debuggerAddress: localhost:51369}, javascriptEnabled: true, networkConnectionEnabled: false, pageLoadStrategy: normal, platform: WINDOWS, platformName: WINDOWS, proxy: Proxy(), setWindowRect: true, strictFileInteractability: false, timeouts: {implicit: 0, pageLoad: 300000, script: 30000}, unhandledPromptBehavior: dismiss and notify, webauthn:extension:largeBlob: true, webauthn:virtualAuthenticators: true}
Session ID: 2e6a1cefd79542e9397c2d8b1f55048d
	at org.openqa.selenium.remote.http.W3CHttpResponseCodec.createException(W3CHttpResponseCodec.java:187)
	at org.openqa.selenium.remote.http.W3CHttpResponseCodec.decode(W3CHttpResponseCodec.java:122)
	at org.openqa.selenium.remote.http.W3CHttpResponseCodec.decode(W3CHttpResponseCodec.java:49)
	at org.openqa.selenium.remote.HttpCommandExecutor.execute(HttpCommandExecutor.java:158)
	at org.openqa.selenium.remote.service.DriverCommandExecutor.execute(DriverCommandExecutor.java:83)
	at org.openqa.selenium.remote.RemoteWebDriver.execute(RemoteWebDriver.java:552)
	at com.kms.katalon.selenium.driver.CChromeDriver.execute(CChromeDriver.java:19)
	at org.openqa.selenium.remote.RemoteWebElement.execute(RemoteWebElement.java:285)
	at org.openqa.selenium.remote.RemoteWebElement.click(RemoteWebElement.java:84)
	at org.openqa.selenium.support.events.EventFiringWebDriver$EventFiringWebElement.lambda$new$0(EventFiringWebDriver.java:404)
	at com.sun.proxy.$Proxy9.click(Unknown Source)
	at org.openqa.selenium.support.events.EventFiringWebDriver$EventFiringWebElement.click(EventFiringWebDriver.java:417)
	at com.kms.katalon.core.webui.keyword.builtin.ClickKeyword$_click_closure1.doCall(ClickKeyword.groovy:69)
	at com.kms.katalon.core.webui.keyword.builtin.ClickKeyword$_click_closure1.call(ClickKeyword.groovy)
	at com.kms.katalon.core.webui.keyword.internal.WebUIKeywordMain.runKeyword(WebUIKeywordMain.groovy:20)
	... 19 more]]></system-err>
      </testcase>
      <system-out><![CDATA[2021-03-15 12:33:18 - [TEST_SUITE][FAILED] - User Settings: Test Cases/User Settings/COMPLEX/TC_CMPLX_010 FAILED.
Reason:
com.kms.katalon.core.exception.StepFailedException: Verify element text of test object 'Object Repository/User/label_SAMPLE CUSTOMFIELD NUMBER' FAILED.
	at com.kms.katalon.core.webui.keyword.internal.WebUIKeywordMain.stepFailed(WebUIKeywordMain.groovy:64)
	at com.kms.katalon.core.webui.keyword.internal.WebUIKeywordMain.runKeyword(WebUIKeywordMain.groovy:26)
	at com.kms.katalon.core.webui.keyword.builtin.VerifyElementTextKeyword.verifyElementText(VerifyElementTextKeyword.groovy:72)
	at com.kms.katalon.core.webui.keyword.builtin.VerifyElementTextKeyword.execute(VerifyElementTextKeyword.groovy:40)
	at com.kms.katalon.core.keyword.internal.KeywordExecutor.executeKeywordForPlatform(KeywordExecutor.groovy:73)
	at com.kms.katalon.core.webui.keyword.WebUiBuiltInKeywords.verifyElementText(WebUiBuiltInKeywords.groovy:3689)
	at com.kms.katalon.core.webui.keyword.WebUiBuiltInKeywords$verifyElementText$9.call(Unknown Source)
	at TC_CMPLX_010.run(TC_CMPLX_010:25)
	at com.kms.katalon.core.main.ScriptEngine.run(ScriptEngine.java:194)
	at com.kms.katalon.core.main.ScriptEngine.runScriptAsRawText(ScriptEngine.java:119)
	at com.kms.katalon.core.main.TestCaseExecutor.runScript(TestCaseExecutor.java:339)
	at com.kms.katalon.core.main.TestCaseExecutor.doExecute(TestCaseExecutor.java:330)
	at com.kms.katalon.core.main.TestCaseExecutor.processExecutionPhase(TestCaseExecutor.java:309)
	at com.kms.katalon.core.main.TestCaseExecutor.accessMainPhase(TestCaseExecutor.java:301)
	at com.kms.katalon.core.main.TestCaseExecutor.execute(TestCaseExecutor.java:235)
	at com.kms.katalon.core.main.TestSuiteExecutor.accessTestCaseMainPhase(TestSuiteExecutor.java:191)
	at com.kms.katalon.core.main.TestSuiteExecutor.accessTestSuiteMainPhase(TestSuiteExecutor.java:141)
	at com.kms.katalon.core.main.TestSuiteExecutor.execute(TestSuiteExecutor.java:90)
	at com.kms.katalon.core.main.TestCaseMain.startTestSuite(TestCaseMain.java:157)
	at com.kms.katalon.core.main.TestCaseMain$startTestSuite$0.call(Unknown Source)
	at TempTestSuite1615782787055.run(TempTestSuite1615782787055.groovy:39)
Caused by: com.kms.katalon.core.exception.StepFailedException: Actual text 'SAMPLE CUSTOMFIELD CHECKBOX' and expected text 'SAMPLE CUSTOMFIELD NUMBER' of test object 'Object Repository/User/label_SAMPLE CUSTOMFIELD NUMBER' are NOT matched.
	at com.kms.katalon.core.webui.keyword.internal.WebUIKeywordMain.stepFailed(WebUIKeywordMain.groovy:64)
	at com.kms.katalon.core.webui.keyword.builtin.VerifyElementTextKeyword$_verifyElementText_closure1.doCall(VerifyElementTextKeyword.groovy:57)
	at com.kms.katalon.core.webui.keyword.builtin.VerifyElementTextKeyword$_verifyElementText_closure1.call(VerifyElementTextKeyword.groovy)
	at com.kms.katalon.core.webui.keyword.internal.WebUIKeywordMain.runKeyword(WebUIKeywordMain.groovy:20)
	... 19 more]]></system-out>
      <system-err><![CDATA[2021-03-15 12:33:18 - [TEST_SUITE][FAILED] - User Settings: Test Cases/User Settings/COMPLEX/TC_CMPLX_010 FAILED.
Reason:
com.kms.katalon.core.exception.StepFailedException: Verify element text of test object 'Object Repository/User/label_SAMPLE CUSTOMFIELD NUMBER' FAILED.
	at com.kms.katalon.core.webui.keyword.internal.WebUIKeywordMain.stepFailed(WebUIKeywordMain.groovy:64)
	at com.kms.katalon.core.webui.keyword.internal.WebUIKeywordMain.runKeyword(WebUIKeywordMain.groovy:26)
	at com.kms.katalon.core.webui.keyword.builtin.VerifyElementTextKeyword.verifyElementText(VerifyElementTextKeyword.groovy:72)
	at com.kms.katalon.core.webui.keyword.builtin.VerifyElementTextKeyword.execute(VerifyElementTextKeyword.groovy:40)
	at com.kms.katalon.core.keyword.internal.KeywordExecutor.executeKeywordForPlatform(KeywordExecutor.groovy:73)
	at com.kms.katalon.core.webui.keyword.WebUiBuiltInKeywords.verifyElementText(WebUiBuiltInKeywords.groovy:3689)
	at com.kms.katalon.core.webui.keyword.WebUiBuiltInKeywords$verifyElementText$9.call(Unknown Source)
	at TC_CMPLX_010.run(TC_CMPLX_010:25)
	at com.kms.katalon.core.main.ScriptEngine.run(ScriptEngine.java:194)
	at com.kms.katalon.core.main.ScriptEngine.runScriptAsRawText(ScriptEngine.java:119)
	at com.kms.katalon.core.main.TestCaseExecutor.runScript(TestCaseExecutor.java:339)
	at com.kms.katalon.core.main.TestCaseExecutor.doExecute(TestCaseExecutor.java:330)
	at com.kms.katalon.core.main.TestCaseExecutor.processExecutionPhase(TestCaseExecutor.java:309)
	at com.kms.katalon.core.main.TestCaseExecutor.accessMainPhase(TestCaseExecutor.java:301)
	at com.kms.katalon.core.main.TestCaseExecutor.execute(TestCaseExecutor.java:235)
	at com.kms.katalon.core.main.TestSuiteExecutor.accessTestCaseMainPhase(TestSuiteExecutor.java:191)
	at com.kms.katalon.core.main.TestSuiteExecutor.accessTestSuiteMainPhase(TestSuiteExecutor.java:141)
	at com.kms.katalon.core.main.TestSuiteExecutor.execute(TestSuiteExecutor.java:90)
	at com.kms.katalon.core.main.TestCaseMain.startTestSuite(TestCaseMain.java:157)
	at com.kms.katalon.core.main.TestCaseMain$startTestSuite$0.call(Unknown Source)
	at TempTestSuite1615782787055.run(TempTestSuite1615782787055.groovy:39)
Caused by: com.kms.katalon.core.exception.StepFailedException: Actual text 'SAMPLE CUSTOMFIELD CHECKBOX' and expected text 'SAMPLE CUSTOMFIELD NUMBER' of test object 'Object Repository/User/label_SAMPLE CUSTOMFIELD NUMBER' are NOT matched.
	at com.kms.katalon.core.webui.keyword.internal.WebUIKeywordMain.stepFailed(WebUIKeywordMain.groovy:64)
	at com.kms.katalon.core.webui.keyword.builtin.VerifyElementTextKeyword$_verifyElementText_closure1.doCall(VerifyElementTextKeyword.groovy:57)
	at com.kms.katalon.core.webui.keyword.builtin.VerifyElementTextKeyword$_verifyElementText_closure1.call(VerifyElementTextKeyword.groovy)
	at com.kms.katalon.core.webui.keyword.internal.WebUIKeywordMain.runKeyword(WebUIKeywordMain.groovy:20)
	... 19 more]]></system-err>
   </testsuite>
</testsuites>
