<?xml version="1.0" encoding="UTF-8"?>
<testsuites name="Input Fields Workflow" time="409.313" tests="8" failures="0" errors="0">
   <testsuite name="Input Fields Workflow" tests="8" failures="0" errors="0" time="409.313" timestamp="2020-10-03 11:04:12" hostname="Natasha - 192.168.254.105" id="Test Suites/Admin Plugin Page/Input Fields Workflow">
      <properties>
         <property name="deviceName" value=""/>
         <property name="devicePlatform" value=""/>
         <property name="logFolder" value="D:\\GITHUB\\AUTOMATION-PROFILE-INPUT-FIELDS\\Reports\\20201003_110410\\Admin Plugin Page\\Input Fields Workflow\\20201003_110410"/>
         <property name="logFiles" value="D:\\GITHUB\\AUTOMATION-PROFILE-INPUT-FIELDS\\Reports\\20201003_110410\\Admin Plugin Page\\Input Fields Workflow\\20201003_110410\\execution0.log"/>
         <property name="attachments" value=""/>
         <property name="hostName" value="Natasha - 192.168.254.105"/>
         <property name="os" value="Windows 10 64bit"/>
         <property name="katalonVersion" value="7.6.6.205"/>
         <property name="browser" value="Chrome 85.0.4183.121"/>
         <property name="hostAddress" value="192.168.254.105"/>
         <property name="sessionId" value="5a93c20a2db325f722ff08b1f292f814"/>
         <property name="seleniumVersion" value="3.141.59"/>
         <property name="proxyInformation" value="ProxyInformation { proxyOption=NO_PROXY, proxyServerType=HTTP, username=, password=********, proxyServerAddress=, proxyServerPort=0, executionList=&quot;&quot;, isApplyToDesiredCapabilities=true }"/>
         <property name="platform" value="Windows 10"/>
      </properties>
      <testcase name="Test Cases/User Settings/COMPLEX/TC_CMPLX_009" time="58.417" classname="Test Cases/User Settings/COMPLEX/TC_CMPLX_009" status="PASSED">
         <system-out><![CDATA[2020-10-03 11:04:12 - [TEST_CASE][PASSED] - Test Cases/User Settings/COMPLEX/TC_CMPLX_009: Test Cases/User Settings/COMPLEX/TC_CMPLX_009

2020-10-03 11:04:13 - [TEST_STEP][PASSED] - callTestCase(findTestCase("Utilities/Add New Text Custom Field"), [:], STOP_ON_FAILURE): Call Test Case 'Test Cases/Utilities/Add New Text Custom Field' successfully

2020-10-03 11:04:13 - [TEST_CASE][PASSED] - Test Cases/Utilities/Add New Text Custom Field: Test Cases/Utilities/Add New Text Custom Field

2020-10-03 11:04:13 - [TEST_STEP][PASSED] - callTestCase(findTestCase("Utilities/Admin Login"), [:], STOP_ON_FAILURE): Call Test Case 'Test Cases/Utilities/Admin Login' successfully

2020-10-03 11:04:13 - [TEST_CASE][PASSED] - Test Cases/Utilities/Admin Login: Test Cases/Utilities/Admin Login

2020-10-03 11:04:13 - [TEST_STEP][PASSED] - openBrowser(""): Browser is opened with url: ''

2020-10-03 11:04:14 - [MESSAGE][INFO] - Starting 'Chrome' driver

2020-10-03 11:04:14 - [MESSAGE][INFO] - Action delay is set to 0 milliseconds

2020-10-03 11:04:18 - [MESSAGE][PASSED] - Browser is opened with url: ''

2020-10-03 11:04:18 - [TEST_STEP][PASSED] - maximizeWindow(): Current window maximized

2020-10-03 11:04:21 - [MESSAGE][PASSED] - Current window maximized

2020-10-03 11:04:21 - [TEST_STEP][PASSED] - navigateToUrl(admin_url): Navigate to 'https://youhadmeathello.sandbox.arcadier.io/admin' successfully

2020-10-03 11:04:23 - [MESSAGE][PASSED] - Navigate to 'https://youhadmeathello.sandbox.arcadier.io/admin' successfully

2020-10-03 11:04:23 - [TEST_STEP][PASSED] - waitForPageLoad(2): Wait for page load successfully

2020-10-03 11:04:23 - [MESSAGE][PASSED] - Wait for page load successfully

2020-10-03 11:04:23 - [TEST_STEP][PASSED] - setText(findTestObject("Admin/Admin Login/txt_username"), admin_username): Text 'natasha@arcadier.com' is set on object 'Object Repository/Admin/Admin Login/txt_username'

2020-10-03 11:04:24 - [MESSAGE][PASSED] - Text 'natasha@arcadier.com' is set on object 'Object Repository/Admin/Admin Login/txt_username'

2020-10-03 11:04:24 - [TEST_STEP][PASSED] - setText(findTestObject("Admin/Admin Login/txt_password"), admin_password): Text 'welcome8' is set on object 'Object Repository/Admin/Admin Login/txt_password'

2020-10-03 11:04:25 - [MESSAGE][PASSED] - Text 'welcome8' is set on object 'Object Repository/Admin/Admin Login/txt_password'

2020-10-03 11:04:25 - [TEST_STEP][PASSED] - click(findTestObject("Admin/Admin Login/button_login")): Object: 'Object Repository/Admin/Admin Login/button_login' is clicked on

2020-10-03 11:04:28 - [MESSAGE][PASSED] - Object: 'Object Repository/Admin/Admin Login/button_login' is clicked on

2020-10-03 11:04:28 - [MESSAGE][PASSED] - Call Test Case 'Test Cases/Utilities/Admin Login' successfully

2020-10-03 11:04:28 - [TEST_STEP][PASSED] - callTestCase(findTestCase("Utilities/Navigate to Plugin"), [:], STOP_ON_FAILURE): Call Test Case 'Test Cases/Utilities/Navigate to Plugin' successfully

2020-10-03 11:04:28 - [TEST_CASE][PASSED] - Test Cases/Utilities/Navigate to Plugin: Test Cases/Utilities/Navigate to Plugin

2020-10-03 11:04:28 - [TEST_STEP][PASSED] - click(findTestObject("Admin/Plugin Navigation/link_plugin")): Object: 'Object Repository/Admin/Plugin Navigation/link_plugin' is clicked on

2020-10-03 11:04:30 - [MESSAGE][PASSED] - Object: 'Object Repository/Admin/Plugin Navigation/link_plugin' is clicked on

2020-10-03 11:04:30 - [TEST_STEP][PASSED] - click(findTestObject("Admin/Plugin Navigation/link_profile")): Object: 'Object Repository/Admin/Plugin Navigation/link_profile' is clicked on

2020-10-03 11:04:34 - [MESSAGE][PASSED] - Object: 'Object Repository/Admin/Plugin Navigation/link_profile' is clicked on

2020-10-03 11:04:34 - [MESSAGE][PASSED] - Call Test Case 'Test Cases/Utilities/Navigate to Plugin' successfully

2020-10-03 11:04:34 - [TEST_STEP][PASSED] - click(findTestObject("Admin/Plugin Page/Add New Text CF/a_Add Profile Input Field")): Object: 'Object Repository/Admin/Plugin Page/Add New Text CF/a_Add Profile Input Field' is clicked on

2020-10-03 11:04:34 - [MESSAGE][PASSED] - Object: 'Object Repository/Admin/Plugin Page/Add New Text CF/a_Add Profile Input Field' is clicked on

2020-10-03 11:04:34 - [TEST_STEP][PASSED] - setText(findTestObject("Admin/Plugin Page/Add New Text CF/input_Custom Field Name_custom_name"), "Sample Text Customfield"): Text 'Sample Text Customfield' is set on object 'Object Repository/Admin/Plugin Page/Add New Text CF/input_Custom Field Name_custom_name'

2020-10-03 11:04:35 - [MESSAGE][PASSED] - Text 'Sample Text Customfield' is set on object 'Object Repository/Admin/Plugin Page/Add New Text CF/input_Custom Field Name_custom_name'

2020-10-03 11:04:35 - [TEST_STEP][PASSED] - click(findTestObject("Admin/Plugin Page/Add New Text CF/input_Add Option_saveCustomDetails")): Object: 'Object Repository/Admin/Plugin Page/Add New Text CF/input_Add Option_saveCustomDetails' is clicked on

2020-10-03 11:04:36 - [MESSAGE][PASSED] - Object: 'Object Repository/Admin/Plugin Page/Add New Text CF/input_Add Option_saveCustomDetails' is clicked on

2020-10-03 11:04:36 - [TEST_STEP][PASSED] - closeBrowser(): Browser is closed

2020-10-03 11:04:36 - [MESSAGE][PASSED] - Browser is closed

2020-10-03 11:04:36 - [MESSAGE][PASSED] - Call Test Case 'Test Cases/Utilities/Add New Text Custom Field' successfully

2020-10-03 11:04:36 - [TEST_STEP][PASSED] - callTestCase(findTestCase("Utilities/Navigate to Buyer Settings"), [:], STOP_ON_FAILURE): Call Test Case 'Test Cases/Utilities/Navigate to Buyer Settings' successfully

2020-10-03 11:04:36 - [TEST_CASE][PASSED] - Test Cases/Utilities/Navigate to Buyer Settings: Test Cases/Utilities/Navigate to Buyer Settings

2020-10-03 11:04:37 - [TEST_STEP][PASSED] - openBrowser(""): Browser is opened with url: ''

2020-10-03 11:04:37 - [MESSAGE][INFO] - Starting 'Chrome' driver

2020-10-03 11:04:37 - [MESSAGE][INFO] - Action delay is set to 0 milliseconds

2020-10-03 11:04:40 - [MESSAGE][PASSED] - Browser is opened with url: ''

2020-10-03 11:04:40 - [TEST_STEP][PASSED] - navigateToUrl("https://youhadmeathello.sandbox.arcadier.io/"): Navigate to 'https://youhadmeathello.sandbox.arcadier.io/' successfully

2020-10-03 11:04:43 - [MESSAGE][PASSED] - Navigate to 'https://youhadmeathello.sandbox.arcadier.io/' successfully

2020-10-03 11:04:43 - [TEST_STEP][PASSED] - maximizeWindow(): Current window maximized

2020-10-03 11:04:46 - [MESSAGE][PASSED] - Current window maximized

2020-10-03 11:04:46 - [TEST_STEP][PASSED] - click(findTestObject("Object Repository/User/a_REGISTER  SIGN IN")): Object: 'Object Repository/User/a_REGISTER  SIGN IN' is clicked on

2020-10-03 11:04:46 - [MESSAGE][PASSED] - Object: 'Object Repository/User/a_REGISTER  SIGN IN' is clicked on

2020-10-03 11:04:46 - [TEST_STEP][PASSED] - setText(findTestObject("Object Repository/User/input_Your emailusername_username"), "natasha@arcadier.com"): Text 'natasha@arcadier.com' is set on object 'Object Repository/User/input_Your emailusername_username'

2020-10-03 11:04:47 - [MESSAGE][PASSED] - Text 'natasha@arcadier.com' is set on object 'Object Repository/User/input_Your emailusername_username'

2020-10-03 11:04:47 - [TEST_STEP][PASSED] - setEncryptedText(findTestObject("Object Repository/User/input_Your password_password"), "I7a4UsMF9MiFJG0HdBZ4hg=="): Text ****** has been set on object 'Object Repository/User/input_Your password_password'

2020-10-03 11:04:48 - [MESSAGE][PASSED] - Text ****** has been set on object 'Object Repository/User/input_Your password_password'

2020-10-03 11:04:48 - [TEST_STEP][PASSED] - click(findTestObject("Object Repository/User/input_Your password_login-submit")): Object: 'Object Repository/User/input_Your password_login-submit' is clicked on

2020-10-03 11:04:49 - [MESSAGE][PASSED] - Object: 'Object Repository/User/input_Your password_login-submit' is clicked on

2020-10-03 11:04:49 - [TEST_STEP][PASSED] - mouseOver(findTestObject("User/i_EN_icon icon-down")): Object: 'Object Repository/User/i_EN_icon icon-down' is hovered

2020-10-03 11:04:50 - [MESSAGE][PASSED] - Object: 'Object Repository/User/i_EN_icon icon-down' is hovered

2020-10-03 11:04:50 - [TEST_STEP][PASSED] - click(findTestObject("User/a_Settings")): Object: 'Object Repository/User/a_Settings' is clicked on

2020-10-03 11:04:51 - [MESSAGE][PASSED] - Object: 'Object Repository/User/a_Settings' is clicked on

2020-10-03 11:04:51 - [MESSAGE][PASSED] - Call Test Case 'Test Cases/Utilities/Navigate to Buyer Settings' successfully

2020-10-03 11:04:51 - [TEST_STEP][PASSED] - verifyElementPresent(findTestObject("User/label_SAMPLE TEXT CUSTOMFIELD"), 0): Object 'Object Repository/User/label_SAMPLE TEXT CUSTOMFIELD' is present

2020-10-03 11:04:51 - [MESSAGE][WARNING] - Timeout '0' is invalid. Using default page load timeout: '30'

2020-10-03 11:04:52 - [MESSAGE][PASSED] - Object 'Object Repository/User/label_SAMPLE TEXT CUSTOMFIELD' is present

2020-10-03 11:04:52 - [TEST_STEP][PASSED] - verifyElementText(findTestObject("User/label_SAMPLE TEXT CUSTOMFIELD"), "SAMPLE TEXT CUSTOMFIELD"): Actual text and expected text of test object 'Object Repository/User/label_SAMPLE TEXT CUSTOMFIELD' are matched.

2020-10-03 11:04:52 - [MESSAGE][PASSED] - Actual text and expected text of test object 'Object Repository/User/label_SAMPLE TEXT CUSTOMFIELD' are matched.

2020-10-03 11:04:52 - [TEST_STEP][PASSED] - verifyElementAttributeValue(findTestObject("User/input_SAMPLE TEXT CUSTOMFIELD_Sample Text Customfield"), "type", "text", 0): Object 'Object Repository/User/input_SAMPLE TEXT CUSTOMFIELD_Sample Text Customfield' has attribute 'type' with value 'text'

2020-10-03 11:04:52 - [MESSAGE][WARNING] - Timeout '0' is invalid. Using default page load timeout: '30'

2020-10-03 11:04:53 - [MESSAGE][PASSED] - Object 'Object Repository/User/input_SAMPLE TEXT CUSTOMFIELD_Sample Text Customfield' has attribute 'type' with value 'text'

2020-10-03 11:04:53 - [TEST_STEP][PASSED] - callTestCase(findTestCase("Utilities/Deleting Custom Field"), [:], STOP_ON_FAILURE): Call Test Case 'Test Cases/Utilities/Deleting Custom Field' successfully

2020-10-03 11:04:53 - [TEST_CASE][PASSED] - Test Cases/Utilities/Deleting Custom Field: Test Cases/Utilities/Deleting Custom Field

2020-10-03 11:04:53 - [TEST_STEP][PASSED] - callTestCase(findTestCase("Utilities/Admin Login"), [:], STOP_ON_FAILURE): Call Test Case 'Test Cases/Utilities/Admin Login' successfully

2020-10-03 11:04:53 - [TEST_CASE][PASSED] - Test Cases/Utilities/Admin Login: Test Cases/Utilities/Admin Login

2020-10-03 11:04:53 - [TEST_STEP][PASSED] - openBrowser(""): Browser is opened with url: ''

2020-10-03 11:04:53 - [MESSAGE][WARNING] - A browser is already opened. Closing browser and opening a new one

2020-10-03 11:04:54 - [MESSAGE][INFO] - Starting 'Chrome' driver

2020-10-03 11:04:54 - [MESSAGE][INFO] - Action delay is set to 0 milliseconds

2020-10-03 11:04:57 - [MESSAGE][PASSED] - Browser is opened with url: ''

2020-10-03 11:04:57 - [TEST_STEP][PASSED] - maximizeWindow(): Current window maximized

2020-10-03 11:04:59 - [MESSAGE][PASSED] - Current window maximized

2020-10-03 11:04:59 - [TEST_STEP][PASSED] - navigateToUrl(admin_url): Navigate to 'https://youhadmeathello.sandbox.arcadier.io/admin' successfully

2020-10-03 11:05:02 - [MESSAGE][PASSED] - Navigate to 'https://youhadmeathello.sandbox.arcadier.io/admin' successfully

2020-10-03 11:05:02 - [TEST_STEP][PASSED] - waitForPageLoad(2): Wait for page load successfully

2020-10-03 11:05:02 - [MESSAGE][PASSED] - Wait for page load successfully

2020-10-03 11:05:02 - [TEST_STEP][PASSED] - setText(findTestObject("Admin/Admin Login/txt_username"), admin_username): Text 'natasha@arcadier.com' is set on object 'Object Repository/Admin/Admin Login/txt_username'

2020-10-03 11:05:02 - [MESSAGE][PASSED] - Text 'natasha@arcadier.com' is set on object 'Object Repository/Admin/Admin Login/txt_username'

2020-10-03 11:05:02 - [TEST_STEP][PASSED] - setText(findTestObject("Admin/Admin Login/txt_password"), admin_password): Text 'welcome8' is set on object 'Object Repository/Admin/Admin Login/txt_password'

2020-10-03 11:05:03 - [MESSAGE][PASSED] - Text 'welcome8' is set on object 'Object Repository/Admin/Admin Login/txt_password'

2020-10-03 11:05:03 - [TEST_STEP][PASSED] - click(findTestObject("Admin/Admin Login/button_login")): Object: 'Object Repository/Admin/Admin Login/button_login' is clicked on

2020-10-03 11:05:05 - [MESSAGE][PASSED] - Object: 'Object Repository/Admin/Admin Login/button_login' is clicked on

2020-10-03 11:05:05 - [MESSAGE][PASSED] - Call Test Case 'Test Cases/Utilities/Admin Login' successfully

2020-10-03 11:05:05 - [TEST_STEP][PASSED] - callTestCase(findTestCase("Utilities/Navigate to Plugin"), [:], STOP_ON_FAILURE): Call Test Case 'Test Cases/Utilities/Navigate to Plugin' successfully

2020-10-03 11:05:05 - [TEST_CASE][PASSED] - Test Cases/Utilities/Navigate to Plugin: Test Cases/Utilities/Navigate to Plugin

2020-10-03 11:05:05 - [TEST_STEP][PASSED] - click(findTestObject("Admin/Plugin Navigation/link_plugin")): Object: 'Object Repository/Admin/Plugin Navigation/link_plugin' is clicked on

2020-10-03 11:05:07 - [MESSAGE][PASSED] - Object: 'Object Repository/Admin/Plugin Navigation/link_plugin' is clicked on

2020-10-03 11:05:07 - [TEST_STEP][PASSED] - click(findTestObject("Admin/Plugin Navigation/link_profile")): Object: 'Object Repository/Admin/Plugin Navigation/link_profile' is clicked on

2020-10-03 11:05:10 - [MESSAGE][PASSED] - Object: 'Object Repository/Admin/Plugin Navigation/link_profile' is clicked on

2020-10-03 11:05:10 - [MESSAGE][PASSED] - Call Test Case 'Test Cases/Utilities/Navigate to Plugin' successfully

2020-10-03 11:05:10 - [TEST_STEP][PASSED] - click(findTestObject("Admin/Plugin Page/Deleting Custom Fields/i_Textfield_icon icon-delete")): Object: 'Object Repository/Admin/Plugin Page/Deleting Custom Fields/i_Textfield_icon icon-delete' is clicked on

2020-10-03 11:05:10 - [MESSAGE][PASSED] - Object: 'Object Repository/Admin/Plugin Page/Deleting Custom Fields/i_Textfield_icon icon-delete' is clicked on

2020-10-03 11:05:10 - [TEST_STEP][PASSED] - closeBrowser(): Browser is closed

2020-10-03 11:05:11 - [MESSAGE][PASSED] - Browser is closed

2020-10-03 11:05:11 - [MESSAGE][PASSED] - Call Test Case 'Test Cases/Utilities/Deleting Custom Field' successfully]]></system-out>
         <system-err><![CDATA[]]></system-err>
      </testcase>
      <testcase name="Test Cases/User Settings/COMPLEX/TC_CMPLX_010" time="50.935" classname="Test Cases/User Settings/COMPLEX/TC_CMPLX_010" status="PASSED">
         <system-out><![CDATA[2020-10-03 11:05:11 - [TEST_CASE][PASSED] - Test Cases/User Settings/COMPLEX/TC_CMPLX_010: Test Cases/User Settings/COMPLEX/TC_CMPLX_010

2020-10-03 11:05:11 - [TEST_STEP][PASSED] - callTestCase(findTestCase("Utilities/Add new Number customfield"), [:], STOP_ON_FAILURE): Call Test Case 'Test Cases/Utilities/Add new Number customfield' successfully

2020-10-03 11:05:11 - [TEST_CASE][PASSED] - Test Cases/Utilities/Add new Number customfield: Test Cases/Utilities/Add new Number customfield

2020-10-03 11:05:11 - [TEST_STEP][PASSED] - callTestCase(findTestCase("Utilities/Admin Login"), [:], STOP_ON_FAILURE): Call Test Case 'Test Cases/Utilities/Admin Login' successfully

2020-10-03 11:05:12 - [TEST_CASE][PASSED] - Test Cases/Utilities/Admin Login: Test Cases/Utilities/Admin Login

2020-10-03 11:05:12 - [TEST_STEP][PASSED] - openBrowser(""): Browser is opened with url: ''

2020-10-03 11:05:12 - [MESSAGE][INFO] - Starting 'Chrome' driver

2020-10-03 11:05:12 - [MESSAGE][INFO] - Action delay is set to 0 milliseconds

2020-10-03 11:05:15 - [MESSAGE][PASSED] - Browser is opened with url: ''

2020-10-03 11:05:15 - [TEST_STEP][PASSED] - maximizeWindow(): Current window maximized

2020-10-03 11:05:17 - [MESSAGE][PASSED] - Current window maximized

2020-10-03 11:05:17 - [TEST_STEP][PASSED] - navigateToUrl(admin_url): Navigate to 'https://youhadmeathello.sandbox.arcadier.io/admin' successfully

2020-10-03 11:05:19 - [MESSAGE][PASSED] - Navigate to 'https://youhadmeathello.sandbox.arcadier.io/admin' successfully

2020-10-03 11:05:19 - [TEST_STEP][PASSED] - waitForPageLoad(2): Wait for page load successfully

2020-10-03 11:05:19 - [MESSAGE][PASSED] - Wait for page load successfully

2020-10-03 11:05:19 - [TEST_STEP][PASSED] - setText(findTestObject("Admin/Admin Login/txt_username"), admin_username): Text 'natasha@arcadier.com' is set on object 'Object Repository/Admin/Admin Login/txt_username'

2020-10-03 11:05:20 - [MESSAGE][PASSED] - Text 'natasha@arcadier.com' is set on object 'Object Repository/Admin/Admin Login/txt_username'

2020-10-03 11:05:20 - [TEST_STEP][PASSED] - setText(findTestObject("Admin/Admin Login/txt_password"), admin_password): Text 'welcome8' is set on object 'Object Repository/Admin/Admin Login/txt_password'

2020-10-03 11:05:20 - [MESSAGE][PASSED] - Text 'welcome8' is set on object 'Object Repository/Admin/Admin Login/txt_password'

2020-10-03 11:05:20 - [TEST_STEP][PASSED] - click(findTestObject("Admin/Admin Login/button_login")): Object: 'Object Repository/Admin/Admin Login/button_login' is clicked on

2020-10-03 11:05:22 - [MESSAGE][PASSED] - Object: 'Object Repository/Admin/Admin Login/button_login' is clicked on

2020-10-03 11:05:22 - [MESSAGE][PASSED] - Call Test Case 'Test Cases/Utilities/Admin Login' successfully

2020-10-03 11:05:22 - [TEST_STEP][PASSED] - callTestCase(findTestCase("Utilities/Navigate to Plugin"), [:], STOP_ON_FAILURE): Call Test Case 'Test Cases/Utilities/Navigate to Plugin' successfully

2020-10-03 11:05:22 - [TEST_CASE][PASSED] - Test Cases/Utilities/Navigate to Plugin: Test Cases/Utilities/Navigate to Plugin

2020-10-03 11:05:22 - [TEST_STEP][PASSED] - click(findTestObject("Admin/Plugin Navigation/link_plugin")): Object: 'Object Repository/Admin/Plugin Navigation/link_plugin' is clicked on

2020-10-03 11:05:24 - [MESSAGE][PASSED] - Object: 'Object Repository/Admin/Plugin Navigation/link_plugin' is clicked on

2020-10-03 11:05:24 - [TEST_STEP][PASSED] - click(findTestObject("Admin/Plugin Navigation/link_profile")): Object: 'Object Repository/Admin/Plugin Navigation/link_profile' is clicked on

2020-10-03 11:05:27 - [MESSAGE][PASSED] - Object: 'Object Repository/Admin/Plugin Navigation/link_profile' is clicked on

2020-10-03 11:05:27 - [MESSAGE][PASSED] - Call Test Case 'Test Cases/Utilities/Navigate to Plugin' successfully

2020-10-03 11:05:27 - [TEST_STEP][PASSED] - click(findTestObject("Admin/Plugin Page/Add New Text CF/a_Add Profile Input Field")): Object: 'Object Repository/Admin/Plugin Page/Add New Text CF/a_Add Profile Input Field' is clicked on

2020-10-03 11:05:27 - [MESSAGE][PASSED] - Object: 'Object Repository/Admin/Plugin Page/Add New Text CF/a_Add Profile Input Field' is clicked on

2020-10-03 11:05:27 - [TEST_STEP][PASSED] - setText(findTestObject("Admin/Plugin Page/Add New Text CF/input_Custom Field Name_custom_name"), "Sample Customfield Number"): Text 'Sample Customfield Number' is set on object 'Object Repository/Admin/Plugin Page/Add New Text CF/input_Custom Field Name_custom_name'

2020-10-03 11:05:28 - [MESSAGE][PASSED] - Text 'Sample Customfield Number' is set on object 'Object Repository/Admin/Plugin Page/Add New Text CF/input_Custom Field Name_custom_name'

2020-10-03 11:05:28 - [TEST_STEP][PASSED] - selectOptionByValue(findTestObject("Object Repository/Admin/Plugin Page/Add New Text CF/select_Text                                _e22ab6"), "number", true): All options with value 'number' are selected in object 'Object Repository/Admin/Plugin Page/Add New Text CF/select_Text                                _e22ab6'  using regular expression

2020-10-03 11:05:29 - [MESSAGE][PASSED] - All options with value 'number' are selected in object 'Object Repository/Admin/Plugin Page/Add New Text CF/select_Text                                _e22ab6'  using regular expression

2020-10-03 11:05:29 - [TEST_STEP][PASSED] - click(findTestObject("Admin/Plugin Page/Add New Text CF/input_Add Option_saveCustomDetails")): Object: 'Object Repository/Admin/Plugin Page/Add New Text CF/input_Add Option_saveCustomDetails' is clicked on

2020-10-03 11:05:30 - [MESSAGE][PASSED] - Object: 'Object Repository/Admin/Plugin Page/Add New Text CF/input_Add Option_saveCustomDetails' is clicked on

2020-10-03 11:05:30 - [TEST_STEP][PASSED] - closeBrowser(): Browser is closed

2020-10-03 11:05:30 - [MESSAGE][PASSED] - Browser is closed

2020-10-03 11:05:30 - [MESSAGE][PASSED] - Call Test Case 'Test Cases/Utilities/Add new Number customfield' successfully

2020-10-03 11:05:30 - [TEST_STEP][PASSED] - callTestCase(findTestCase("Utilities/Navigate to Buyer Settings"), [:], STOP_ON_FAILURE): Call Test Case 'Test Cases/Utilities/Navigate to Buyer Settings' successfully

2020-10-03 11:05:30 - [TEST_CASE][PASSED] - Test Cases/Utilities/Navigate to Buyer Settings: Test Cases/Utilities/Navigate to Buyer Settings

2020-10-03 11:05:30 - [TEST_STEP][PASSED] - openBrowser(""): Browser is opened with url: ''

2020-10-03 11:05:30 - [MESSAGE][INFO] - Starting 'Chrome' driver

2020-10-03 11:05:30 - [MESSAGE][INFO] - Action delay is set to 0 milliseconds

2020-10-03 11:05:33 - [MESSAGE][PASSED] - Browser is opened with url: ''

2020-10-03 11:05:33 - [TEST_STEP][PASSED] - navigateToUrl("https://youhadmeathello.sandbox.arcadier.io/"): Navigate to 'https://youhadmeathello.sandbox.arcadier.io/' successfully

2020-10-03 11:05:36 - [MESSAGE][PASSED] - Navigate to 'https://youhadmeathello.sandbox.arcadier.io/' successfully

2020-10-03 11:05:36 - [TEST_STEP][PASSED] - maximizeWindow(): Current window maximized

2020-10-03 11:05:38 - [MESSAGE][PASSED] - Current window maximized

2020-10-03 11:05:38 - [TEST_STEP][PASSED] - click(findTestObject("Object Repository/User/a_REGISTER  SIGN IN")): Object: 'Object Repository/User/a_REGISTER  SIGN IN' is clicked on

2020-10-03 11:05:39 - [MESSAGE][PASSED] - Object: 'Object Repository/User/a_REGISTER  SIGN IN' is clicked on

2020-10-03 11:05:39 - [TEST_STEP][PASSED] - setText(findTestObject("Object Repository/User/input_Your emailusername_username"), "natasha@arcadier.com"): Text 'natasha@arcadier.com' is set on object 'Object Repository/User/input_Your emailusername_username'

2020-10-03 11:05:40 - [MESSAGE][PASSED] - Text 'natasha@arcadier.com' is set on object 'Object Repository/User/input_Your emailusername_username'

2020-10-03 11:05:40 - [TEST_STEP][PASSED] - setEncryptedText(findTestObject("Object Repository/User/input_Your password_password"), "I7a4UsMF9MiFJG0HdBZ4hg=="): Text ****** has been set on object 'Object Repository/User/input_Your password_password'

2020-10-03 11:05:41 - [MESSAGE][PASSED] - Text ****** has been set on object 'Object Repository/User/input_Your password_password'

2020-10-03 11:05:41 - [TEST_STEP][PASSED] - click(findTestObject("Object Repository/User/input_Your password_login-submit")): Object: 'Object Repository/User/input_Your password_login-submit' is clicked on

2020-10-03 11:05:42 - [MESSAGE][PASSED] - Object: 'Object Repository/User/input_Your password_login-submit' is clicked on

2020-10-03 11:05:42 - [TEST_STEP][PASSED] - mouseOver(findTestObject("User/i_EN_icon icon-down")): Object: 'Object Repository/User/i_EN_icon icon-down' is hovered

2020-10-03 11:05:43 - [MESSAGE][PASSED] - Object: 'Object Repository/User/i_EN_icon icon-down' is hovered

2020-10-03 11:05:43 - [TEST_STEP][PASSED] - click(findTestObject("User/a_Settings")): Object: 'Object Repository/User/a_Settings' is clicked on

2020-10-03 11:05:44 - [MESSAGE][PASSED] - Object: 'Object Repository/User/a_Settings' is clicked on

2020-10-03 11:05:44 - [MESSAGE][PASSED] - Call Test Case 'Test Cases/Utilities/Navigate to Buyer Settings' successfully

2020-10-03 11:05:44 - [TEST_STEP][PASSED] - verifyElementPresent(findTestObject("User/label_SAMPLE CUSTOMFIELD NUMBER"), 0): Object 'Object Repository/User/label_SAMPLE CUSTOMFIELD NUMBER' is present

2020-10-03 11:05:44 - [MESSAGE][WARNING] - Timeout '0' is invalid. Using default page load timeout: '30'

2020-10-03 11:05:45 - [MESSAGE][PASSED] - Object 'Object Repository/User/label_SAMPLE CUSTOMFIELD NUMBER' is present

2020-10-03 11:05:45 - [TEST_STEP][PASSED] - verifyElementText(findTestObject("User/label_SAMPLE CUSTOMFIELD NUMBER"), "SAMPLE CUSTOMFIELD NUMBER"): Actual text and expected text of test object 'Object Repository/User/label_SAMPLE CUSTOMFIELD NUMBER' are matched.

2020-10-03 11:05:45 - [MESSAGE][PASSED] - Actual text and expected text of test object 'Object Repository/User/label_SAMPLE CUSTOMFIELD NUMBER' are matched.

2020-10-03 11:05:45 - [TEST_STEP][PASSED] - verifyElementAttributeValue(findTestObject("User/input_SAMPLE CUSTOMFIELD NUMBER_Sample Customfield Number"), "type", "number", 0): Object 'Object Repository/User/input_SAMPLE CUSTOMFIELD NUMBER_Sample Customfield Number' has attribute 'type' with value 'number'

2020-10-03 11:05:45 - [MESSAGE][WARNING] - Timeout '0' is invalid. Using default page load timeout: '30'

2020-10-03 11:05:45 - [MESSAGE][PASSED] - Object 'Object Repository/User/input_SAMPLE CUSTOMFIELD NUMBER_Sample Customfield Number' has attribute 'type' with value 'number'

2020-10-03 11:05:45 - [TEST_STEP][PASSED] - callTestCase(findTestCase("Utilities/Deleting Custom Field"), [:], STOP_ON_FAILURE): Call Test Case 'Test Cases/Utilities/Deleting Custom Field' successfully

2020-10-03 11:05:45 - [TEST_CASE][PASSED] - Test Cases/Utilities/Deleting Custom Field: Test Cases/Utilities/Deleting Custom Field

2020-10-03 11:05:45 - [TEST_STEP][PASSED] - callTestCase(findTestCase("Utilities/Admin Login"), [:], STOP_ON_FAILURE): Call Test Case 'Test Cases/Utilities/Admin Login' successfully

2020-10-03 11:05:45 - [TEST_CASE][PASSED] - Test Cases/Utilities/Admin Login: Test Cases/Utilities/Admin Login

2020-10-03 11:05:45 - [TEST_STEP][PASSED] - openBrowser(""): Browser is opened with url: ''

2020-10-03 11:05:45 - [MESSAGE][WARNING] - A browser is already opened. Closing browser and opening a new one

2020-10-03 11:05:46 - [MESSAGE][INFO] - Starting 'Chrome' driver

2020-10-03 11:05:46 - [MESSAGE][INFO] - Action delay is set to 0 milliseconds

2020-10-03 11:05:49 - [MESSAGE][PASSED] - Browser is opened with url: ''

2020-10-03 11:05:49 - [TEST_STEP][PASSED] - maximizeWindow(): Current window maximized

2020-10-03 11:05:52 - [MESSAGE][PASSED] - Current window maximized

2020-10-03 11:05:52 - [TEST_STEP][PASSED] - navigateToUrl(admin_url): Navigate to 'https://youhadmeathello.sandbox.arcadier.io/admin' successfully

2020-10-03 11:05:53 - [MESSAGE][PASSED] - Navigate to 'https://youhadmeathello.sandbox.arcadier.io/admin' successfully

2020-10-03 11:05:53 - [TEST_STEP][PASSED] - waitForPageLoad(2): Wait for page load successfully

2020-10-03 11:05:53 - [MESSAGE][PASSED] - Wait for page load successfully

2020-10-03 11:05:53 - [TEST_STEP][PASSED] - setText(findTestObject("Admin/Admin Login/txt_username"), admin_username): Text 'natasha@arcadier.com' is set on object 'Object Repository/Admin/Admin Login/txt_username'

2020-10-03 11:05:54 - [MESSAGE][PASSED] - Text 'natasha@arcadier.com' is set on object 'Object Repository/Admin/Admin Login/txt_username'

2020-10-03 11:05:54 - [TEST_STEP][PASSED] - setText(findTestObject("Admin/Admin Login/txt_password"), admin_password): Text 'welcome8' is set on object 'Object Repository/Admin/Admin Login/txt_password'

2020-10-03 11:05:55 - [MESSAGE][PASSED] - Text 'welcome8' is set on object 'Object Repository/Admin/Admin Login/txt_password'

2020-10-03 11:05:55 - [TEST_STEP][PASSED] - click(findTestObject("Admin/Admin Login/button_login")): Object: 'Object Repository/Admin/Admin Login/button_login' is clicked on

2020-10-03 11:05:57 - [MESSAGE][PASSED] - Object: 'Object Repository/Admin/Admin Login/button_login' is clicked on

2020-10-03 11:05:57 - [MESSAGE][PASSED] - Call Test Case 'Test Cases/Utilities/Admin Login' successfully

2020-10-03 11:05:57 - [TEST_STEP][PASSED] - callTestCase(findTestCase("Utilities/Navigate to Plugin"), [:], STOP_ON_FAILURE): Call Test Case 'Test Cases/Utilities/Navigate to Plugin' successfully

2020-10-03 11:05:57 - [TEST_CASE][PASSED] - Test Cases/Utilities/Navigate to Plugin: Test Cases/Utilities/Navigate to Plugin

2020-10-03 11:05:57 - [TEST_STEP][PASSED] - click(findTestObject("Admin/Plugin Navigation/link_plugin")): Object: 'Object Repository/Admin/Plugin Navigation/link_plugin' is clicked on

2020-10-03 11:05:58 - [MESSAGE][PASSED] - Object: 'Object Repository/Admin/Plugin Navigation/link_plugin' is clicked on

2020-10-03 11:05:58 - [TEST_STEP][PASSED] - click(findTestObject("Admin/Plugin Navigation/link_profile")): Object: 'Object Repository/Admin/Plugin Navigation/link_profile' is clicked on

2020-10-03 11:06:01 - [MESSAGE][PASSED] - Object: 'Object Repository/Admin/Plugin Navigation/link_profile' is clicked on

2020-10-03 11:06:01 - [MESSAGE][PASSED] - Call Test Case 'Test Cases/Utilities/Navigate to Plugin' successfully

2020-10-03 11:06:01 - [TEST_STEP][PASSED] - click(findTestObject("Admin/Plugin Page/Deleting Custom Fields/i_Textfield_icon icon-delete")): Object: 'Object Repository/Admin/Plugin Page/Deleting Custom Fields/i_Textfield_icon icon-delete' is clicked on

2020-10-03 11:06:01 - [MESSAGE][PASSED] - Object: 'Object Repository/Admin/Plugin Page/Deleting Custom Fields/i_Textfield_icon icon-delete' is clicked on

2020-10-03 11:06:01 - [TEST_STEP][PASSED] - closeBrowser(): Browser is closed

2020-10-03 11:06:02 - [MESSAGE][PASSED] - Browser is closed

2020-10-03 11:06:02 - [MESSAGE][PASSED] - Call Test Case 'Test Cases/Utilities/Deleting Custom Field' successfully]]></system-out>
         <system-err><![CDATA[]]></system-err>
      </testcase>
      <testcase name="Test Cases/User Settings/COMPLEX/TC_CMPLX_011" time="48.991" classname="Test Cases/User Settings/COMPLEX/TC_CMPLX_011" status="PASSED">
         <system-out><![CDATA[2020-10-03 11:06:02 - [TEST_CASE][PASSED] - Test Cases/User Settings/COMPLEX/TC_CMPLX_011: Test Cases/User Settings/COMPLEX/TC_CMPLX_011

2020-10-03 11:06:02 - [TEST_STEP][PASSED] - callTestCase(findTestCase("Utilities/Adding Custom field Checkbox"), [:], STOP_ON_FAILURE): Call Test Case 'Test Cases/Utilities/Adding Custom field Checkbox' successfully

2020-10-03 11:06:02 - [TEST_CASE][PASSED] - Test Cases/Utilities/Adding Custom field Checkbox: Test Cases/Utilities/Adding Custom field Checkbox

2020-10-03 11:06:02 - [TEST_STEP][PASSED] - callTestCase(findTestCase("Utilities/Admin Login"), [:], STOP_ON_FAILURE): Call Test Case 'Test Cases/Utilities/Admin Login' successfully

2020-10-03 11:06:02 - [TEST_CASE][PASSED] - Test Cases/Utilities/Admin Login: Test Cases/Utilities/Admin Login

2020-10-03 11:06:02 - [TEST_STEP][PASSED] - openBrowser(""): Browser is opened with url: ''

2020-10-03 11:06:02 - [MESSAGE][INFO] - Starting 'Chrome' driver

2020-10-03 11:06:02 - [MESSAGE][INFO] - Action delay is set to 0 milliseconds

2020-10-03 11:06:05 - [MESSAGE][PASSED] - Browser is opened with url: ''

2020-10-03 11:06:05 - [TEST_STEP][PASSED] - maximizeWindow(): Current window maximized

2020-10-03 11:06:08 - [MESSAGE][PASSED] - Current window maximized

2020-10-03 11:06:08 - [TEST_STEP][PASSED] - navigateToUrl(admin_url): Navigate to 'https://youhadmeathello.sandbox.arcadier.io/admin' successfully

2020-10-03 11:06:09 - [MESSAGE][PASSED] - Navigate to 'https://youhadmeathello.sandbox.arcadier.io/admin' successfully

2020-10-03 11:06:09 - [TEST_STEP][PASSED] - waitForPageLoad(2): Wait for page load successfully

2020-10-03 11:06:09 - [MESSAGE][PASSED] - Wait for page load successfully

2020-10-03 11:06:09 - [TEST_STEP][PASSED] - setText(findTestObject("Admin/Admin Login/txt_username"), admin_username): Text 'natasha@arcadier.com' is set on object 'Object Repository/Admin/Admin Login/txt_username'

2020-10-03 11:06:10 - [MESSAGE][PASSED] - Text 'natasha@arcadier.com' is set on object 'Object Repository/Admin/Admin Login/txt_username'

2020-10-03 11:06:10 - [TEST_STEP][PASSED] - setText(findTestObject("Admin/Admin Login/txt_password"), admin_password): Text 'welcome8' is set on object 'Object Repository/Admin/Admin Login/txt_password'

2020-10-03 11:06:10 - [MESSAGE][PASSED] - Text 'welcome8' is set on object 'Object Repository/Admin/Admin Login/txt_password'

2020-10-03 11:06:10 - [TEST_STEP][PASSED] - click(findTestObject("Admin/Admin Login/button_login")): Object: 'Object Repository/Admin/Admin Login/button_login' is clicked on

2020-10-03 11:06:12 - [MESSAGE][PASSED] - Object: 'Object Repository/Admin/Admin Login/button_login' is clicked on

2020-10-03 11:06:12 - [MESSAGE][PASSED] - Call Test Case 'Test Cases/Utilities/Admin Login' successfully

2020-10-03 11:06:12 - [TEST_STEP][PASSED] - callTestCase(findTestCase("Utilities/Navigate to Plugin"), [:], STOP_ON_FAILURE): Call Test Case 'Test Cases/Utilities/Navigate to Plugin' successfully

2020-10-03 11:06:12 - [TEST_CASE][PASSED] - Test Cases/Utilities/Navigate to Plugin: Test Cases/Utilities/Navigate to Plugin

2020-10-03 11:06:12 - [TEST_STEP][PASSED] - click(findTestObject("Admin/Plugin Navigation/link_plugin")): Object: 'Object Repository/Admin/Plugin Navigation/link_plugin' is clicked on

2020-10-03 11:06:14 - [MESSAGE][PASSED] - Object: 'Object Repository/Admin/Plugin Navigation/link_plugin' is clicked on

2020-10-03 11:06:14 - [TEST_STEP][PASSED] - click(findTestObject("Admin/Plugin Navigation/link_profile")): Object: 'Object Repository/Admin/Plugin Navigation/link_profile' is clicked on

2020-10-03 11:06:16 - [MESSAGE][PASSED] - Object: 'Object Repository/Admin/Plugin Navigation/link_profile' is clicked on

2020-10-03 11:06:16 - [MESSAGE][PASSED] - Call Test Case 'Test Cases/Utilities/Navigate to Plugin' successfully

2020-10-03 11:06:16 - [TEST_STEP][PASSED] - click(findTestObject("Admin/Plugin Page/Add New Text CF/a_Add Profile Input Field")): Object: 'Object Repository/Admin/Plugin Page/Add New Text CF/a_Add Profile Input Field' is clicked on

2020-10-03 11:06:17 - [MESSAGE][PASSED] - Object: 'Object Repository/Admin/Plugin Page/Add New Text CF/a_Add Profile Input Field' is clicked on

2020-10-03 11:06:17 - [TEST_STEP][PASSED] - setText(findTestObject("Admin/Plugin Page/Add New Text CF/input_Custom Field Name_custom_name"), "Sample Customfield Checkbox"): Text 'Sample Customfield Checkbox' is set on object 'Object Repository/Admin/Plugin Page/Add New Text CF/input_Custom Field Name_custom_name'

2020-10-03 11:06:18 - [MESSAGE][PASSED] - Text 'Sample Customfield Checkbox' is set on object 'Object Repository/Admin/Plugin Page/Add New Text CF/input_Custom Field Name_custom_name'

2020-10-03 11:06:18 - [TEST_STEP][PASSED] - selectOptionByValue(findTestObject("Admin/Plugin Page/Add New Text CF/select_Text                                _e22ab6"), "checkbox", true): All options with value 'checkbox' are selected in object 'Object Repository/Admin/Plugin Page/Add New Text CF/select_Text                                _e22ab6'  using regular expression

2020-10-03 11:06:19 - [MESSAGE][PASSED] - All options with value 'checkbox' are selected in object 'Object Repository/Admin/Plugin Page/Add New Text CF/select_Text                                _e22ab6'  using regular expression

2020-10-03 11:06:19 - [TEST_STEP][PASSED] - setText(findTestObject("Admin/Plugin Page/Add New Text CF/input_Options_checkbox-opt"), "Option 1"): Text 'Option 1' is set on object 'Object Repository/Admin/Plugin Page/Add New Text CF/input_Options_checkbox-opt'

2020-10-03 11:06:19 - [MESSAGE][PASSED] - Text 'Option 1' is set on object 'Object Repository/Admin/Plugin Page/Add New Text CF/input_Options_checkbox-opt'

2020-10-03 11:06:19 - [TEST_STEP][PASSED] - click(findTestObject("Admin/Plugin Page/Add New Text CF/input_Add Option_saveCustomDetails")): Object: 'Object Repository/Admin/Plugin Page/Add New Text CF/input_Add Option_saveCustomDetails' is clicked on

2020-10-03 11:06:19 - [MESSAGE][PASSED] - Object: 'Object Repository/Admin/Plugin Page/Add New Text CF/input_Add Option_saveCustomDetails' is clicked on

2020-10-03 11:06:19 - [TEST_STEP][PASSED] - closeBrowser(): Browser is closed

2020-10-03 11:06:20 - [MESSAGE][PASSED] - Browser is closed

2020-10-03 11:06:20 - [MESSAGE][PASSED] - Call Test Case 'Test Cases/Utilities/Adding Custom field Checkbox' successfully

2020-10-03 11:06:20 - [TEST_STEP][PASSED] - callTestCase(findTestCase("Utilities/Navigate to Buyer Settings"), [:], STOP_ON_FAILURE): Call Test Case 'Test Cases/Utilities/Navigate to Buyer Settings' successfully

2020-10-03 11:06:20 - [TEST_CASE][PASSED] - Test Cases/Utilities/Navigate to Buyer Settings: Test Cases/Utilities/Navigate to Buyer Settings

2020-10-03 11:06:20 - [TEST_STEP][PASSED] - openBrowser(""): Browser is opened with url: ''

2020-10-03 11:06:20 - [MESSAGE][INFO] - Starting 'Chrome' driver

2020-10-03 11:06:20 - [MESSAGE][INFO] - Action delay is set to 0 milliseconds

2020-10-03 11:06:23 - [MESSAGE][PASSED] - Browser is opened with url: ''

2020-10-03 11:06:23 - [TEST_STEP][PASSED] - navigateToUrl("https://youhadmeathello.sandbox.arcadier.io/"): Navigate to 'https://youhadmeathello.sandbox.arcadier.io/' successfully

2020-10-03 11:06:26 - [MESSAGE][PASSED] - Navigate to 'https://youhadmeathello.sandbox.arcadier.io/' successfully

2020-10-03 11:06:26 - [TEST_STEP][PASSED] - maximizeWindow(): Current window maximized

2020-10-03 11:06:28 - [MESSAGE][PASSED] - Current window maximized

2020-10-03 11:06:28 - [TEST_STEP][PASSED] - click(findTestObject("Object Repository/User/a_REGISTER  SIGN IN")): Object: 'Object Repository/User/a_REGISTER  SIGN IN' is clicked on

2020-10-03 11:06:29 - [MESSAGE][PASSED] - Object: 'Object Repository/User/a_REGISTER  SIGN IN' is clicked on

2020-10-03 11:06:29 - [TEST_STEP][PASSED] - setText(findTestObject("Object Repository/User/input_Your emailusername_username"), "natasha@arcadier.com"): Text 'natasha@arcadier.com' is set on object 'Object Repository/User/input_Your emailusername_username'

2020-10-03 11:06:30 - [MESSAGE][PASSED] - Text 'natasha@arcadier.com' is set on object 'Object Repository/User/input_Your emailusername_username'

2020-10-03 11:06:30 - [TEST_STEP][PASSED] - setEncryptedText(findTestObject("Object Repository/User/input_Your password_password"), "I7a4UsMF9MiFJG0HdBZ4hg=="): Text ****** has been set on object 'Object Repository/User/input_Your password_password'

2020-10-03 11:06:30 - [MESSAGE][PASSED] - Text ****** has been set on object 'Object Repository/User/input_Your password_password'

2020-10-03 11:06:30 - [TEST_STEP][PASSED] - click(findTestObject("Object Repository/User/input_Your password_login-submit")): Object: 'Object Repository/User/input_Your password_login-submit' is clicked on

2020-10-03 11:06:32 - [MESSAGE][PASSED] - Object: 'Object Repository/User/input_Your password_login-submit' is clicked on

2020-10-03 11:06:32 - [TEST_STEP][PASSED] - mouseOver(findTestObject("User/i_EN_icon icon-down")): Object: 'Object Repository/User/i_EN_icon icon-down' is hovered

2020-10-03 11:06:32 - [MESSAGE][PASSED] - Object: 'Object Repository/User/i_EN_icon icon-down' is hovered

2020-10-03 11:06:32 - [TEST_STEP][PASSED] - click(findTestObject("User/a_Settings")): Object: 'Object Repository/User/a_Settings' is clicked on

2020-10-03 11:06:33 - [MESSAGE][PASSED] - Object: 'Object Repository/User/a_Settings' is clicked on

2020-10-03 11:06:33 - [MESSAGE][PASSED] - Call Test Case 'Test Cases/Utilities/Navigate to Buyer Settings' successfully

2020-10-03 11:06:33 - [TEST_STEP][PASSED] - verifyElementPresent(findTestObject("User/label_SAMPLE CUSTOMFIELD CHECKBOX"), 0): Object 'Object Repository/User/label_SAMPLE CUSTOMFIELD CHECKBOX' is present

2020-10-03 11:06:33 - [MESSAGE][WARNING] - Timeout '0' is invalid. Using default page load timeout: '30'

2020-10-03 11:06:34 - [MESSAGE][PASSED] - Object 'Object Repository/User/label_SAMPLE CUSTOMFIELD CHECKBOX' is present

2020-10-03 11:06:34 - [TEST_STEP][PASSED] - verifyElementText(findTestObject("User/label_SAMPLE CUSTOMFIELD CHECKBOX"), "SAMPLE CUSTOMFIELD CHECKBOX"): Actual text and expected text of test object 'Object Repository/User/label_SAMPLE CUSTOMFIELD CHECKBOX' are matched.

2020-10-03 11:06:34 - [MESSAGE][PASSED] - Actual text and expected text of test object 'Object Repository/User/label_SAMPLE CUSTOMFIELD CHECKBOX' are matched.

2020-10-03 11:06:34 - [TEST_STEP][PASSED] - verifyElementAttributeValue(findTestObject("User/input_checkbox"), "type", "checkbox", 0): Object 'Object Repository/User/input_checkbox' has attribute 'type' with value 'checkbox'

2020-10-03 11:06:34 - [MESSAGE][WARNING] - Timeout '0' is invalid. Using default page load timeout: '30'

2020-10-03 11:06:35 - [MESSAGE][PASSED] - Object 'Object Repository/User/input_checkbox' has attribute 'type' with value 'checkbox'

2020-10-03 11:06:35 - [TEST_STEP][PASSED] - callTestCase(findTestCase("Utilities/Deleting Custom Field"), [:], STOP_ON_FAILURE): Call Test Case 'Test Cases/Utilities/Deleting Custom Field' successfully

2020-10-03 11:06:35 - [TEST_CASE][PASSED] - Test Cases/Utilities/Deleting Custom Field: Test Cases/Utilities/Deleting Custom Field

2020-10-03 11:06:35 - [TEST_STEP][PASSED] - callTestCase(findTestCase("Utilities/Admin Login"), [:], STOP_ON_FAILURE): Call Test Case 'Test Cases/Utilities/Admin Login' successfully

2020-10-03 11:06:35 - [TEST_CASE][PASSED] - Test Cases/Utilities/Admin Login: Test Cases/Utilities/Admin Login

2020-10-03 11:06:35 - [TEST_STEP][PASSED] - openBrowser(""): Browser is opened with url: ''

2020-10-03 11:06:35 - [MESSAGE][WARNING] - A browser is already opened. Closing browser and opening a new one

2020-10-03 11:06:36 - [MESSAGE][INFO] - Starting 'Chrome' driver

2020-10-03 11:06:36 - [MESSAGE][INFO] - Action delay is set to 0 milliseconds

2020-10-03 11:06:39 - [MESSAGE][PASSED] - Browser is opened with url: ''

2020-10-03 11:06:39 - [TEST_STEP][PASSED] - maximizeWindow(): Current window maximized

2020-10-03 11:06:41 - [MESSAGE][PASSED] - Current window maximized

2020-10-03 11:06:41 - [TEST_STEP][PASSED] - navigateToUrl(admin_url): Navigate to 'https://youhadmeathello.sandbox.arcadier.io/admin' successfully

2020-10-03 11:06:42 - [MESSAGE][PASSED] - Navigate to 'https://youhadmeathello.sandbox.arcadier.io/admin' successfully

2020-10-03 11:06:42 - [TEST_STEP][PASSED] - waitForPageLoad(2): Wait for page load successfully

2020-10-03 11:06:42 - [MESSAGE][PASSED] - Wait for page load successfully

2020-10-03 11:06:42 - [TEST_STEP][PASSED] - setText(findTestObject("Admin/Admin Login/txt_username"), admin_username): Text 'natasha@arcadier.com' is set on object 'Object Repository/Admin/Admin Login/txt_username'

2020-10-03 11:06:43 - [MESSAGE][PASSED] - Text 'natasha@arcadier.com' is set on object 'Object Repository/Admin/Admin Login/txt_username'

2020-10-03 11:06:43 - [TEST_STEP][PASSED] - setText(findTestObject("Admin/Admin Login/txt_password"), admin_password): Text 'welcome8' is set on object 'Object Repository/Admin/Admin Login/txt_password'

2020-10-03 11:06:44 - [MESSAGE][PASSED] - Text 'welcome8' is set on object 'Object Repository/Admin/Admin Login/txt_password'

2020-10-03 11:06:44 - [TEST_STEP][PASSED] - click(findTestObject("Admin/Admin Login/button_login")): Object: 'Object Repository/Admin/Admin Login/button_login' is clicked on

2020-10-03 11:06:45 - [MESSAGE][PASSED] - Object: 'Object Repository/Admin/Admin Login/button_login' is clicked on

2020-10-03 11:06:45 - [MESSAGE][PASSED] - Call Test Case 'Test Cases/Utilities/Admin Login' successfully

2020-10-03 11:06:45 - [TEST_STEP][PASSED] - callTestCase(findTestCase("Utilities/Navigate to Plugin"), [:], STOP_ON_FAILURE): Call Test Case 'Test Cases/Utilities/Navigate to Plugin' successfully

2020-10-03 11:06:46 - [TEST_CASE][PASSED] - Test Cases/Utilities/Navigate to Plugin: Test Cases/Utilities/Navigate to Plugin

2020-10-03 11:06:46 - [TEST_STEP][PASSED] - click(findTestObject("Admin/Plugin Navigation/link_plugin")): Object: 'Object Repository/Admin/Plugin Navigation/link_plugin' is clicked on

2020-10-03 11:06:47 - [MESSAGE][PASSED] - Object: 'Object Repository/Admin/Plugin Navigation/link_plugin' is clicked on

2020-10-03 11:06:47 - [TEST_STEP][PASSED] - click(findTestObject("Admin/Plugin Navigation/link_profile")): Object: 'Object Repository/Admin/Plugin Navigation/link_profile' is clicked on

2020-10-03 11:06:50 - [MESSAGE][PASSED] - Object: 'Object Repository/Admin/Plugin Navigation/link_profile' is clicked on

2020-10-03 11:06:50 - [MESSAGE][PASSED] - Call Test Case 'Test Cases/Utilities/Navigate to Plugin' successfully

2020-10-03 11:06:50 - [TEST_STEP][PASSED] - click(findTestObject("Admin/Plugin Page/Deleting Custom Fields/i_Textfield_icon icon-delete")): Object: 'Object Repository/Admin/Plugin Page/Deleting Custom Fields/i_Textfield_icon icon-delete' is clicked on

2020-10-03 11:06:50 - [MESSAGE][PASSED] - Object: 'Object Repository/Admin/Plugin Page/Deleting Custom Fields/i_Textfield_icon icon-delete' is clicked on

2020-10-03 11:06:50 - [TEST_STEP][PASSED] - closeBrowser(): Browser is closed

2020-10-03 11:06:51 - [MESSAGE][PASSED] - Browser is closed

2020-10-03 11:06:51 - [MESSAGE][PASSED] - Call Test Case 'Test Cases/Utilities/Deleting Custom Field' successfully]]></system-out>
         <system-err><![CDATA[]]></system-err>
      </testcase>
      <testcase name="Test Cases/User Settings/COMPLEX/TC_CMPLX_012" time="47.664" classname="Test Cases/User Settings/COMPLEX/TC_CMPLX_012" status="PASSED">
         <system-out><![CDATA[2020-10-03 11:06:51 - [TEST_CASE][PASSED] - Test Cases/User Settings/COMPLEX/TC_CMPLX_012: Test Cases/User Settings/COMPLEX/TC_CMPLX_012

2020-10-03 11:06:51 - [TEST_STEP][PASSED] - callTestCase(findTestCase("Utilities/Add Customfield Dropdown"), [:], STOP_ON_FAILURE): Call Test Case 'Test Cases/Utilities/Add Customfield Dropdown' successfully

2020-10-03 11:06:51 - [TEST_CASE][PASSED] - Test Cases/Utilities/Add Customfield Dropdown: Test Cases/Utilities/Add Customfield Dropdown

2020-10-03 11:06:51 - [TEST_STEP][PASSED] - callTestCase(findTestCase("Utilities/Admin Login"), [:], STOP_ON_FAILURE): Call Test Case 'Test Cases/Utilities/Admin Login' successfully

2020-10-03 11:06:51 - [TEST_CASE][PASSED] - Test Cases/Utilities/Admin Login: Test Cases/Utilities/Admin Login

2020-10-03 11:06:51 - [TEST_STEP][PASSED] - openBrowser(""): Browser is opened with url: ''

2020-10-03 11:06:51 - [MESSAGE][INFO] - Starting 'Chrome' driver

2020-10-03 11:06:51 - [MESSAGE][INFO] - Action delay is set to 0 milliseconds

2020-10-03 11:06:54 - [MESSAGE][PASSED] - Browser is opened with url: ''

2020-10-03 11:06:54 - [TEST_STEP][PASSED] - maximizeWindow(): Current window maximized

2020-10-03 11:06:57 - [MESSAGE][PASSED] - Current window maximized

2020-10-03 11:06:57 - [TEST_STEP][PASSED] - navigateToUrl(admin_url): Navigate to 'https://youhadmeathello.sandbox.arcadier.io/admin' successfully

2020-10-03 11:06:58 - [MESSAGE][PASSED] - Navigate to 'https://youhadmeathello.sandbox.arcadier.io/admin' successfully

2020-10-03 11:06:58 - [TEST_STEP][PASSED] - waitForPageLoad(2): Wait for page load successfully

2020-10-03 11:06:58 - [MESSAGE][PASSED] - Wait for page load successfully

2020-10-03 11:06:58 - [TEST_STEP][PASSED] - setText(findTestObject("Admin/Admin Login/txt_username"), admin_username): Text 'natasha@arcadier.com' is set on object 'Object Repository/Admin/Admin Login/txt_username'

2020-10-03 11:06:59 - [MESSAGE][PASSED] - Text 'natasha@arcadier.com' is set on object 'Object Repository/Admin/Admin Login/txt_username'

2020-10-03 11:06:59 - [TEST_STEP][PASSED] - setText(findTestObject("Admin/Admin Login/txt_password"), admin_password): Text 'welcome8' is set on object 'Object Repository/Admin/Admin Login/txt_password'

2020-10-03 11:07:00 - [MESSAGE][PASSED] - Text 'welcome8' is set on object 'Object Repository/Admin/Admin Login/txt_password'

2020-10-03 11:07:00 - [TEST_STEP][PASSED] - click(findTestObject("Admin/Admin Login/button_login")): Object: 'Object Repository/Admin/Admin Login/button_login' is clicked on

2020-10-03 11:07:02 - [MESSAGE][PASSED] - Object: 'Object Repository/Admin/Admin Login/button_login' is clicked on

2020-10-03 11:07:02 - [MESSAGE][PASSED] - Call Test Case 'Test Cases/Utilities/Admin Login' successfully

2020-10-03 11:07:02 - [TEST_STEP][PASSED] - callTestCase(findTestCase("Utilities/Navigate to Plugin"), [:], STOP_ON_FAILURE): Call Test Case 'Test Cases/Utilities/Navigate to Plugin' successfully

2020-10-03 11:07:02 - [TEST_CASE][PASSED] - Test Cases/Utilities/Navigate to Plugin: Test Cases/Utilities/Navigate to Plugin

2020-10-03 11:07:02 - [TEST_STEP][PASSED] - click(findTestObject("Admin/Plugin Navigation/link_plugin")): Object: 'Object Repository/Admin/Plugin Navigation/link_plugin' is clicked on

2020-10-03 11:07:03 - [MESSAGE][PASSED] - Object: 'Object Repository/Admin/Plugin Navigation/link_plugin' is clicked on

2020-10-03 11:07:03 - [TEST_STEP][PASSED] - click(findTestObject("Admin/Plugin Navigation/link_profile")): Object: 'Object Repository/Admin/Plugin Navigation/link_profile' is clicked on

2020-10-03 11:07:05 - [MESSAGE][PASSED] - Object: 'Object Repository/Admin/Plugin Navigation/link_profile' is clicked on

2020-10-03 11:07:05 - [MESSAGE][PASSED] - Call Test Case 'Test Cases/Utilities/Navigate to Plugin' successfully

2020-10-03 11:07:05 - [TEST_STEP][PASSED] - click(findTestObject("Admin/Plugin Page/Add New Text CF/a_Add Profile Input Field")): Object: 'Object Repository/Admin/Plugin Page/Add New Text CF/a_Add Profile Input Field' is clicked on

2020-10-03 11:07:05 - [MESSAGE][PASSED] - Object: 'Object Repository/Admin/Plugin Page/Add New Text CF/a_Add Profile Input Field' is clicked on

2020-10-03 11:07:05 - [TEST_STEP][PASSED] - setText(findTestObject("Admin/Plugin Page/Add New Text CF/input_Custom Field Name_custom_name"), "Sample Customfield Dropdown"): Text 'Sample Customfield Dropdown' is set on object 'Object Repository/Admin/Plugin Page/Add New Text CF/input_Custom Field Name_custom_name'

2020-10-03 11:07:06 - [MESSAGE][PASSED] - Text 'Sample Customfield Dropdown' is set on object 'Object Repository/Admin/Plugin Page/Add New Text CF/input_Custom Field Name_custom_name'

2020-10-03 11:07:06 - [TEST_STEP][PASSED] - selectOptionByValue(findTestObject("Admin/Plugin Page/Add New Text CF/select_Text                                _e22ab6"), "dropdown", true): All options with value 'dropdown' are selected in object 'Object Repository/Admin/Plugin Page/Add New Text CF/select_Text                                _e22ab6'  using regular expression

2020-10-03 11:07:07 - [MESSAGE][PASSED] - All options with value 'dropdown' are selected in object 'Object Repository/Admin/Plugin Page/Add New Text CF/select_Text                                _e22ab6'  using regular expression

2020-10-03 11:07:07 - [TEST_STEP][PASSED] - setText(findTestObject("Admin/Plugin Page/Add New Text CF/input_Options_checkbox-opt"), "option 1"): Text 'option 1' is set on object 'Object Repository/Admin/Plugin Page/Add New Text CF/input_Options_checkbox-opt'

2020-10-03 11:07:08 - [MESSAGE][PASSED] - Text 'option 1' is set on object 'Object Repository/Admin/Plugin Page/Add New Text CF/input_Options_checkbox-opt'

2020-10-03 11:07:08 - [TEST_STEP][PASSED] - click(findTestObject("Admin/Plugin Page/Add New Text CF/input_Add Option_saveCustomDetails")): Object: 'Object Repository/Admin/Plugin Page/Add New Text CF/input_Add Option_saveCustomDetails' is clicked on

2020-10-03 11:07:08 - [MESSAGE][PASSED] - Object: 'Object Repository/Admin/Plugin Page/Add New Text CF/input_Add Option_saveCustomDetails' is clicked on

2020-10-03 11:07:08 - [TEST_STEP][PASSED] - closeBrowser(): Browser is closed

2020-10-03 11:07:09 - [MESSAGE][PASSED] - Browser is closed

2020-10-03 11:07:09 - [MESSAGE][PASSED] - Call Test Case 'Test Cases/Utilities/Add Customfield Dropdown' successfully

2020-10-03 11:07:09 - [TEST_STEP][PASSED] - callTestCase(findTestCase("Utilities/Navigate to Buyer Settings"), [:], STOP_ON_FAILURE): Call Test Case 'Test Cases/Utilities/Navigate to Buyer Settings' successfully

2020-10-03 11:07:09 - [TEST_CASE][PASSED] - Test Cases/Utilities/Navigate to Buyer Settings: Test Cases/Utilities/Navigate to Buyer Settings

2020-10-03 11:07:09 - [TEST_STEP][PASSED] - openBrowser(""): Browser is opened with url: ''

2020-10-03 11:07:09 - [MESSAGE][INFO] - Starting 'Chrome' driver

2020-10-03 11:07:09 - [MESSAGE][INFO] - Action delay is set to 0 milliseconds

2020-10-03 11:07:12 - [MESSAGE][PASSED] - Browser is opened with url: ''

2020-10-03 11:07:12 - [TEST_STEP][PASSED] - navigateToUrl("https://youhadmeathello.sandbox.arcadier.io/"): Navigate to 'https://youhadmeathello.sandbox.arcadier.io/' successfully

2020-10-03 11:07:14 - [MESSAGE][PASSED] - Navigate to 'https://youhadmeathello.sandbox.arcadier.io/' successfully

2020-10-03 11:07:14 - [TEST_STEP][PASSED] - maximizeWindow(): Current window maximized

2020-10-03 11:07:16 - [MESSAGE][PASSED] - Current window maximized

2020-10-03 11:07:16 - [TEST_STEP][PASSED] - click(findTestObject("Object Repository/User/a_REGISTER  SIGN IN")): Object: 'Object Repository/User/a_REGISTER  SIGN IN' is clicked on

2020-10-03 11:07:17 - [MESSAGE][PASSED] - Object: 'Object Repository/User/a_REGISTER  SIGN IN' is clicked on

2020-10-03 11:07:17 - [TEST_STEP][PASSED] - setText(findTestObject("Object Repository/User/input_Your emailusername_username"), "natasha@arcadier.com"): Text 'natasha@arcadier.com' is set on object 'Object Repository/User/input_Your emailusername_username'

2020-10-03 11:07:18 - [MESSAGE][PASSED] - Text 'natasha@arcadier.com' is set on object 'Object Repository/User/input_Your emailusername_username'

2020-10-03 11:07:18 - [TEST_STEP][PASSED] - setEncryptedText(findTestObject("Object Repository/User/input_Your password_password"), "I7a4UsMF9MiFJG0HdBZ4hg=="): Text ****** has been set on object 'Object Repository/User/input_Your password_password'

2020-10-03 11:07:18 - [MESSAGE][PASSED] - Text ****** has been set on object 'Object Repository/User/input_Your password_password'

2020-10-03 11:07:18 - [TEST_STEP][PASSED] - click(findTestObject("Object Repository/User/input_Your password_login-submit")): Object: 'Object Repository/User/input_Your password_login-submit' is clicked on

2020-10-03 11:07:20 - [MESSAGE][PASSED] - Object: 'Object Repository/User/input_Your password_login-submit' is clicked on

2020-10-03 11:07:20 - [TEST_STEP][PASSED] - mouseOver(findTestObject("User/i_EN_icon icon-down")): Object: 'Object Repository/User/i_EN_icon icon-down' is hovered

2020-10-03 11:07:20 - [MESSAGE][PASSED] - Object: 'Object Repository/User/i_EN_icon icon-down' is hovered

2020-10-03 11:07:20 - [TEST_STEP][PASSED] - click(findTestObject("User/a_Settings")): Object: 'Object Repository/User/a_Settings' is clicked on

2020-10-03 11:07:21 - [MESSAGE][PASSED] - Object: 'Object Repository/User/a_Settings' is clicked on

2020-10-03 11:07:21 - [MESSAGE][PASSED] - Call Test Case 'Test Cases/Utilities/Navigate to Buyer Settings' successfully

2020-10-03 11:07:21 - [TEST_STEP][PASSED] - verifyElementPresent(findTestObject("User/label_SAMPLE CUSTOMFIELD DROPDOWN"), 0): Object 'Object Repository/User/label_SAMPLE CUSTOMFIELD DROPDOWN' is present

2020-10-03 11:07:21 - [MESSAGE][WARNING] - Timeout '0' is invalid. Using default page load timeout: '30'

2020-10-03 11:07:22 - [MESSAGE][PASSED] - Object 'Object Repository/User/label_SAMPLE CUSTOMFIELD DROPDOWN' is present

2020-10-03 11:07:22 - [TEST_STEP][PASSED] - verifyElementText(findTestObject("User/label_SAMPLE CUSTOMFIELD CHECKBOX"), "SAMPLE CUSTOMFIELD DROPDOWN"): Actual text and expected text of test object 'Object Repository/User/label_SAMPLE CUSTOMFIELD CHECKBOX' are matched.

2020-10-03 11:07:22 - [MESSAGE][PASSED] - Actual text and expected text of test object 'Object Repository/User/label_SAMPLE CUSTOMFIELD CHECKBOX' are matched.

2020-10-03 11:07:22 - [TEST_STEP][PASSED] - callTestCase(findTestCase("Utilities/Deleting Custom Field"), [:], STOP_ON_FAILURE): Call Test Case 'Test Cases/Utilities/Deleting Custom Field' successfully

2020-10-03 11:07:22 - [TEST_CASE][PASSED] - Test Cases/Utilities/Deleting Custom Field: Test Cases/Utilities/Deleting Custom Field

2020-10-03 11:07:22 - [TEST_STEP][PASSED] - callTestCase(findTestCase("Utilities/Admin Login"), [:], STOP_ON_FAILURE): Call Test Case 'Test Cases/Utilities/Admin Login' successfully

2020-10-03 11:07:22 - [TEST_CASE][PASSED] - Test Cases/Utilities/Admin Login: Test Cases/Utilities/Admin Login

2020-10-03 11:07:22 - [TEST_STEP][PASSED] - openBrowser(""): Browser is opened with url: ''

2020-10-03 11:07:22 - [MESSAGE][WARNING] - A browser is already opened. Closing browser and opening a new one

2020-10-03 11:07:23 - [MESSAGE][INFO] - Starting 'Chrome' driver

2020-10-03 11:07:23 - [MESSAGE][INFO] - Action delay is set to 0 milliseconds

2020-10-03 11:07:26 - [MESSAGE][PASSED] - Browser is opened with url: ''

2020-10-03 11:07:26 - [TEST_STEP][PASSED] - maximizeWindow(): Current window maximized

2020-10-03 11:07:28 - [MESSAGE][PASSED] - Current window maximized

2020-10-03 11:07:28 - [TEST_STEP][PASSED] - navigateToUrl(admin_url): Navigate to 'https://youhadmeathello.sandbox.arcadier.io/admin' successfully

2020-10-03 11:07:31 - [MESSAGE][PASSED] - Navigate to 'https://youhadmeathello.sandbox.arcadier.io/admin' successfully

2020-10-03 11:07:31 - [TEST_STEP][PASSED] - waitForPageLoad(2): Wait for page load successfully

2020-10-03 11:07:31 - [MESSAGE][PASSED] - Wait for page load successfully

2020-10-03 11:07:31 - [TEST_STEP][PASSED] - setText(findTestObject("Admin/Admin Login/txt_username"), admin_username): Text 'natasha@arcadier.com' is set on object 'Object Repository/Admin/Admin Login/txt_username'

2020-10-03 11:07:31 - [MESSAGE][PASSED] - Text 'natasha@arcadier.com' is set on object 'Object Repository/Admin/Admin Login/txt_username'

2020-10-03 11:07:31 - [TEST_STEP][PASSED] - setText(findTestObject("Admin/Admin Login/txt_password"), admin_password): Text 'welcome8' is set on object 'Object Repository/Admin/Admin Login/txt_password'

2020-10-03 11:07:32 - [MESSAGE][PASSED] - Text 'welcome8' is set on object 'Object Repository/Admin/Admin Login/txt_password'

2020-10-03 11:07:32 - [TEST_STEP][PASSED] - click(findTestObject("Admin/Admin Login/button_login")): Object: 'Object Repository/Admin/Admin Login/button_login' is clicked on

2020-10-03 11:07:34 - [MESSAGE][PASSED] - Object: 'Object Repository/Admin/Admin Login/button_login' is clicked on

2020-10-03 11:07:34 - [MESSAGE][PASSED] - Call Test Case 'Test Cases/Utilities/Admin Login' successfully

2020-10-03 11:07:34 - [TEST_STEP][PASSED] - callTestCase(findTestCase("Utilities/Navigate to Plugin"), [:], STOP_ON_FAILURE): Call Test Case 'Test Cases/Utilities/Navigate to Plugin' successfully

2020-10-03 11:07:34 - [TEST_CASE][PASSED] - Test Cases/Utilities/Navigate to Plugin: Test Cases/Utilities/Navigate to Plugin

2020-10-03 11:07:34 - [TEST_STEP][PASSED] - click(findTestObject("Admin/Plugin Navigation/link_plugin")): Object: 'Object Repository/Admin/Plugin Navigation/link_plugin' is clicked on

2020-10-03 11:07:35 - [MESSAGE][PASSED] - Object: 'Object Repository/Admin/Plugin Navigation/link_plugin' is clicked on

2020-10-03 11:07:35 - [TEST_STEP][PASSED] - click(findTestObject("Admin/Plugin Navigation/link_profile")): Object: 'Object Repository/Admin/Plugin Navigation/link_profile' is clicked on

2020-10-03 11:07:38 - [MESSAGE][PASSED] - Object: 'Object Repository/Admin/Plugin Navigation/link_profile' is clicked on

2020-10-03 11:07:38 - [MESSAGE][PASSED] - Call Test Case 'Test Cases/Utilities/Navigate to Plugin' successfully

2020-10-03 11:07:38 - [TEST_STEP][PASSED] - click(findTestObject("Admin/Plugin Page/Deleting Custom Fields/i_Textfield_icon icon-delete")): Object: 'Object Repository/Admin/Plugin Page/Deleting Custom Fields/i_Textfield_icon icon-delete' is clicked on

2020-10-03 11:07:38 - [MESSAGE][PASSED] - Object: 'Object Repository/Admin/Plugin Page/Deleting Custom Fields/i_Textfield_icon icon-delete' is clicked on

2020-10-03 11:07:38 - [TEST_STEP][PASSED] - closeBrowser(): Browser is closed

2020-10-03 11:07:38 - [MESSAGE][PASSED] - Browser is closed

2020-10-03 11:07:38 - [MESSAGE][PASSED] - Call Test Case 'Test Cases/Utilities/Deleting Custom Field' successfully]]></system-out>
         <system-err><![CDATA[]]></system-err>
      </testcase>
      <testcase name="Test Cases/User Settings/COMPLEX/TC_CMPLX_013" time="48.93" classname="Test Cases/User Settings/COMPLEX/TC_CMPLX_013" status="PASSED">
         <system-out><![CDATA[2020-10-03 11:07:39 - [TEST_CASE][PASSED] - Test Cases/User Settings/COMPLEX/TC_CMPLX_013: Test Cases/User Settings/COMPLEX/TC_CMPLX_013

2020-10-03 11:07:39 - [TEST_STEP][PASSED] - callTestCase(findTestCase("Utilities/Edit Custom Field"), [:], STOP_ON_FAILURE): Call Test Case 'Test Cases/Utilities/Edit Custom Field' successfully

2020-10-03 11:07:39 - [TEST_CASE][PASSED] - Test Cases/Utilities/Edit Custom Field: Test Cases/Utilities/Edit Custom Field

2020-10-03 11:07:39 - [TEST_STEP][PASSED] - callTestCase(findTestCase("Utilities/Admin Login"), [:], STOP_ON_FAILURE): Call Test Case 'Test Cases/Utilities/Admin Login' successfully

2020-10-03 11:07:39 - [TEST_CASE][PASSED] - Test Cases/Utilities/Admin Login: Test Cases/Utilities/Admin Login

2020-10-03 11:07:39 - [TEST_STEP][PASSED] - openBrowser(""): Browser is opened with url: ''

2020-10-03 11:07:39 - [MESSAGE][INFO] - Starting 'Chrome' driver

2020-10-03 11:07:39 - [MESSAGE][INFO] - Action delay is set to 0 milliseconds

2020-10-03 11:07:42 - [MESSAGE][PASSED] - Browser is opened with url: ''

2020-10-03 11:07:42 - [TEST_STEP][PASSED] - maximizeWindow(): Current window maximized

2020-10-03 11:07:44 - [MESSAGE][PASSED] - Current window maximized

2020-10-03 11:07:44 - [TEST_STEP][PASSED] - navigateToUrl(admin_url): Navigate to 'https://youhadmeathello.sandbox.arcadier.io/admin' successfully

2020-10-03 11:07:45 - [MESSAGE][PASSED] - Navigate to 'https://youhadmeathello.sandbox.arcadier.io/admin' successfully

2020-10-03 11:07:45 - [TEST_STEP][PASSED] - waitForPageLoad(2): Wait for page load successfully

2020-10-03 11:07:45 - [MESSAGE][PASSED] - Wait for page load successfully

2020-10-03 11:07:45 - [TEST_STEP][PASSED] - setText(findTestObject("Admin/Admin Login/txt_username"), admin_username): Text 'natasha@arcadier.com' is set on object 'Object Repository/Admin/Admin Login/txt_username'

2020-10-03 11:07:46 - [MESSAGE][PASSED] - Text 'natasha@arcadier.com' is set on object 'Object Repository/Admin/Admin Login/txt_username'

2020-10-03 11:07:46 - [TEST_STEP][PASSED] - setText(findTestObject("Admin/Admin Login/txt_password"), admin_password): Text 'welcome8' is set on object 'Object Repository/Admin/Admin Login/txt_password'

2020-10-03 11:07:47 - [MESSAGE][PASSED] - Text 'welcome8' is set on object 'Object Repository/Admin/Admin Login/txt_password'

2020-10-03 11:07:47 - [TEST_STEP][PASSED] - click(findTestObject("Admin/Admin Login/button_login")): Object: 'Object Repository/Admin/Admin Login/button_login' is clicked on

2020-10-03 11:07:49 - [MESSAGE][PASSED] - Object: 'Object Repository/Admin/Admin Login/button_login' is clicked on

2020-10-03 11:07:49 - [MESSAGE][PASSED] - Call Test Case 'Test Cases/Utilities/Admin Login' successfully

2020-10-03 11:07:49 - [TEST_STEP][PASSED] - callTestCase(findTestCase("Utilities/Navigate to Plugin"), [:], STOP_ON_FAILURE): Call Test Case 'Test Cases/Utilities/Navigate to Plugin' successfully

2020-10-03 11:07:49 - [TEST_CASE][PASSED] - Test Cases/Utilities/Navigate to Plugin: Test Cases/Utilities/Navigate to Plugin

2020-10-03 11:07:49 - [TEST_STEP][PASSED] - click(findTestObject("Admin/Plugin Navigation/link_plugin")): Object: 'Object Repository/Admin/Plugin Navigation/link_plugin' is clicked on

2020-10-03 11:07:51 - [MESSAGE][PASSED] - Object: 'Object Repository/Admin/Plugin Navigation/link_plugin' is clicked on

2020-10-03 11:07:51 - [TEST_STEP][PASSED] - click(findTestObject("Admin/Plugin Navigation/link_profile")): Object: 'Object Repository/Admin/Plugin Navigation/link_profile' is clicked on

2020-10-03 11:07:53 - [MESSAGE][PASSED] - Object: 'Object Repository/Admin/Plugin Navigation/link_profile' is clicked on

2020-10-03 11:07:53 - [MESSAGE][PASSED] - Call Test Case 'Test Cases/Utilities/Navigate to Plugin' successfully

2020-10-03 11:07:53 - [TEST_STEP][PASSED] - click(findTestObject("Admin/Plugin Page/Add New Text CF/a_Add Profile Input Field")): Object: 'Object Repository/Admin/Plugin Page/Add New Text CF/a_Add Profile Input Field' is clicked on

2020-10-03 11:07:53 - [MESSAGE][PASSED] - Object: 'Object Repository/Admin/Plugin Page/Add New Text CF/a_Add Profile Input Field' is clicked on

2020-10-03 11:07:53 - [TEST_STEP][PASSED] - setText(findTestObject("Admin/Plugin Page/Add New Text CF/input_Custom Field Name_custom_name"), "Sample Custom field "): Text 'Sample Custom field ' is set on object 'Object Repository/Admin/Plugin Page/Add New Text CF/input_Custom Field Name_custom_name'

2020-10-03 11:07:54 - [MESSAGE][PASSED] - Text 'Sample Custom field ' is set on object 'Object Repository/Admin/Plugin Page/Add New Text CF/input_Custom Field Name_custom_name'

2020-10-03 11:07:54 - [TEST_STEP][PASSED] - click(findTestObject("Admin/Plugin Page/Add New Text CF/input_Add Option_saveCustomDetails")): Object: 'Object Repository/Admin/Plugin Page/Add New Text CF/input_Add Option_saveCustomDetails' is clicked on

2020-10-03 11:07:55 - [MESSAGE][PASSED] - Object: 'Object Repository/Admin/Plugin Page/Add New Text CF/input_Add Option_saveCustomDetails' is clicked on

2020-10-03 11:07:55 - [TEST_STEP][PASSED] - click(findTestObject("Object Repository/Admin/Plugin Page/Add New Text CF/i_Textfield_icon icon-edit")): Object: 'Object Repository/Admin/Plugin Page/Add New Text CF/i_Textfield_icon icon-edit' is clicked on

2020-10-03 11:07:56 - [MESSAGE][PASSED] - Object: 'Object Repository/Admin/Plugin Page/Add New Text CF/i_Textfield_icon icon-edit' is clicked on

2020-10-03 11:07:56 - [TEST_STEP][PASSED] - setText(findTestObject("Admin/Plugin Page/Add New Text CF/input_Custom Field Name_custom_name"), "Sample Custom field Edited"): Text 'Sample Custom field Edited' is set on object 'Object Repository/Admin/Plugin Page/Add New Text CF/input_Custom Field Name_custom_name'

2020-10-03 11:07:57 - [MESSAGE][PASSED] - Text 'Sample Custom field Edited' is set on object 'Object Repository/Admin/Plugin Page/Add New Text CF/input_Custom Field Name_custom_name'

2020-10-03 11:07:57 - [TEST_STEP][PASSED] - click(findTestObject("Admin/Plugin Page/Add New Text CF/input_Add Option_saveCustomDetails")): Object: 'Object Repository/Admin/Plugin Page/Add New Text CF/input_Add Option_saveCustomDetails' is clicked on

2020-10-03 11:07:58 - [MESSAGE][PASSED] - Object: 'Object Repository/Admin/Plugin Page/Add New Text CF/input_Add Option_saveCustomDetails' is clicked on

2020-10-03 11:07:58 - [TEST_STEP][PASSED] - closeBrowser(): Browser is closed

2020-10-03 11:07:58 - [MESSAGE][PASSED] - Browser is closed

2020-10-03 11:07:58 - [MESSAGE][PASSED] - Call Test Case 'Test Cases/Utilities/Edit Custom Field' successfully

2020-10-03 11:07:58 - [TEST_STEP][PASSED] - callTestCase(findTestCase("Utilities/Navigate to Buyer Settings"), [:], STOP_ON_FAILURE): Call Test Case 'Test Cases/Utilities/Navigate to Buyer Settings' successfully

2020-10-03 11:07:58 - [TEST_CASE][PASSED] - Test Cases/Utilities/Navigate to Buyer Settings: Test Cases/Utilities/Navigate to Buyer Settings

2020-10-03 11:07:58 - [TEST_STEP][PASSED] - openBrowser(""): Browser is opened with url: ''

2020-10-03 11:07:58 - [MESSAGE][INFO] - Starting 'Chrome' driver

2020-10-03 11:07:58 - [MESSAGE][INFO] - Action delay is set to 0 milliseconds

2020-10-03 11:08:02 - [MESSAGE][PASSED] - Browser is opened with url: ''

2020-10-03 11:08:02 - [TEST_STEP][PASSED] - navigateToUrl("https://youhadmeathello.sandbox.arcadier.io/"): Navigate to 'https://youhadmeathello.sandbox.arcadier.io/' successfully

2020-10-03 11:08:03 - [MESSAGE][PASSED] - Navigate to 'https://youhadmeathello.sandbox.arcadier.io/' successfully

2020-10-03 11:08:03 - [TEST_STEP][PASSED] - maximizeWindow(): Current window maximized

2020-10-03 11:08:05 - [MESSAGE][PASSED] - Current window maximized

2020-10-03 11:08:05 - [TEST_STEP][PASSED] - click(findTestObject("Object Repository/User/a_REGISTER  SIGN IN")): Object: 'Object Repository/User/a_REGISTER  SIGN IN' is clicked on

2020-10-03 11:08:06 - [MESSAGE][PASSED] - Object: 'Object Repository/User/a_REGISTER  SIGN IN' is clicked on

2020-10-03 11:08:06 - [TEST_STEP][PASSED] - setText(findTestObject("Object Repository/User/input_Your emailusername_username"), "natasha@arcadier.com"): Text 'natasha@arcadier.com' is set on object 'Object Repository/User/input_Your emailusername_username'

2020-10-03 11:08:07 - [MESSAGE][PASSED] - Text 'natasha@arcadier.com' is set on object 'Object Repository/User/input_Your emailusername_username'

2020-10-03 11:08:07 - [TEST_STEP][PASSED] - setEncryptedText(findTestObject("Object Repository/User/input_Your password_password"), "I7a4UsMF9MiFJG0HdBZ4hg=="): Text ****** has been set on object 'Object Repository/User/input_Your password_password'

2020-10-03 11:08:07 - [MESSAGE][PASSED] - Text ****** has been set on object 'Object Repository/User/input_Your password_password'

2020-10-03 11:08:07 - [TEST_STEP][PASSED] - click(findTestObject("Object Repository/User/input_Your password_login-submit")): Object: 'Object Repository/User/input_Your password_login-submit' is clicked on

2020-10-03 11:08:09 - [MESSAGE][PASSED] - Object: 'Object Repository/User/input_Your password_login-submit' is clicked on

2020-10-03 11:08:09 - [TEST_STEP][PASSED] - mouseOver(findTestObject("User/i_EN_icon icon-down")): Object: 'Object Repository/User/i_EN_icon icon-down' is hovered

2020-10-03 11:08:10 - [MESSAGE][PASSED] - Object: 'Object Repository/User/i_EN_icon icon-down' is hovered

2020-10-03 11:08:10 - [TEST_STEP][PASSED] - click(findTestObject("User/a_Settings")): Object: 'Object Repository/User/a_Settings' is clicked on

2020-10-03 11:08:11 - [MESSAGE][PASSED] - Object: 'Object Repository/User/a_Settings' is clicked on

2020-10-03 11:08:11 - [MESSAGE][PASSED] - Call Test Case 'Test Cases/Utilities/Navigate to Buyer Settings' successfully

2020-10-03 11:08:11 - [TEST_STEP][PASSED] - verifyElementPresent(findTestObject("User/label_SAMPLE CUSTOM FIELD EDITED"), 0): Object 'Object Repository/User/label_SAMPLE CUSTOM FIELD EDITED' is present

2020-10-03 11:08:11 - [MESSAGE][WARNING] - Timeout '0' is invalid. Using default page load timeout: '30'

2020-10-03 11:08:12 - [MESSAGE][PASSED] - Object 'Object Repository/User/label_SAMPLE CUSTOM FIELD EDITED' is present

2020-10-03 11:08:12 - [TEST_STEP][PASSED] - verifyElementText(findTestObject("User/label_SAMPLE CUSTOM FIELD EDITED"), "SAMPLE CUSTOM FIELD EDITED"): Actual text and expected text of test object 'Object Repository/User/label_SAMPLE CUSTOM FIELD EDITED' are matched.

2020-10-03 11:08:12 - [MESSAGE][PASSED] - Actual text and expected text of test object 'Object Repository/User/label_SAMPLE CUSTOM FIELD EDITED' are matched.

2020-10-03 11:08:12 - [TEST_STEP][PASSED] - callTestCase(findTestCase("Utilities/Deleting Custom Field"), [:], STOP_ON_FAILURE): Call Test Case 'Test Cases/Utilities/Deleting Custom Field' successfully

2020-10-03 11:08:12 - [TEST_CASE][PASSED] - Test Cases/Utilities/Deleting Custom Field: Test Cases/Utilities/Deleting Custom Field

2020-10-03 11:08:12 - [TEST_STEP][PASSED] - callTestCase(findTestCase("Utilities/Admin Login"), [:], STOP_ON_FAILURE): Call Test Case 'Test Cases/Utilities/Admin Login' successfully

2020-10-03 11:08:12 - [TEST_CASE][PASSED] - Test Cases/Utilities/Admin Login: Test Cases/Utilities/Admin Login

2020-10-03 11:08:12 - [TEST_STEP][PASSED] - openBrowser(""): Browser is opened with url: ''

2020-10-03 11:08:12 - [MESSAGE][WARNING] - A browser is already opened. Closing browser and opening a new one

2020-10-03 11:08:13 - [MESSAGE][INFO] - Starting 'Chrome' driver

2020-10-03 11:08:13 - [MESSAGE][INFO] - Action delay is set to 0 milliseconds

2020-10-03 11:08:16 - [MESSAGE][PASSED] - Browser is opened with url: ''

2020-10-03 11:08:16 - [TEST_STEP][PASSED] - maximizeWindow(): Current window maximized

2020-10-03 11:08:18 - [MESSAGE][PASSED] - Current window maximized

2020-10-03 11:08:18 - [TEST_STEP][PASSED] - navigateToUrl(admin_url): Navigate to 'https://youhadmeathello.sandbox.arcadier.io/admin' successfully

2020-10-03 11:08:20 - [MESSAGE][PASSED] - Navigate to 'https://youhadmeathello.sandbox.arcadier.io/admin' successfully

2020-10-03 11:08:20 - [TEST_STEP][PASSED] - waitForPageLoad(2): Wait for page load successfully

2020-10-03 11:08:20 - [MESSAGE][PASSED] - Wait for page load successfully

2020-10-03 11:08:20 - [TEST_STEP][PASSED] - setText(findTestObject("Admin/Admin Login/txt_username"), admin_username): Text 'natasha@arcadier.com' is set on object 'Object Repository/Admin/Admin Login/txt_username'

2020-10-03 11:08:20 - [MESSAGE][PASSED] - Text 'natasha@arcadier.com' is set on object 'Object Repository/Admin/Admin Login/txt_username'

2020-10-03 11:08:20 - [TEST_STEP][PASSED] - setText(findTestObject("Admin/Admin Login/txt_password"), admin_password): Text 'welcome8' is set on object 'Object Repository/Admin/Admin Login/txt_password'

2020-10-03 11:08:21 - [MESSAGE][PASSED] - Text 'welcome8' is set on object 'Object Repository/Admin/Admin Login/txt_password'

2020-10-03 11:08:21 - [TEST_STEP][PASSED] - click(findTestObject("Admin/Admin Login/button_login")): Object: 'Object Repository/Admin/Admin Login/button_login' is clicked on

2020-10-03 11:08:23 - [MESSAGE][PASSED] - Object: 'Object Repository/Admin/Admin Login/button_login' is clicked on

2020-10-03 11:08:23 - [MESSAGE][PASSED] - Call Test Case 'Test Cases/Utilities/Admin Login' successfully

2020-10-03 11:08:23 - [TEST_STEP][PASSED] - callTestCase(findTestCase("Utilities/Navigate to Plugin"), [:], STOP_ON_FAILURE): Call Test Case 'Test Cases/Utilities/Navigate to Plugin' successfully

2020-10-03 11:08:23 - [TEST_CASE][PASSED] - Test Cases/Utilities/Navigate to Plugin: Test Cases/Utilities/Navigate to Plugin

2020-10-03 11:08:23 - [TEST_STEP][PASSED] - click(findTestObject("Admin/Plugin Navigation/link_plugin")): Object: 'Object Repository/Admin/Plugin Navigation/link_plugin' is clicked on

2020-10-03 11:08:24 - [MESSAGE][PASSED] - Object: 'Object Repository/Admin/Plugin Navigation/link_plugin' is clicked on

2020-10-03 11:08:24 - [TEST_STEP][PASSED] - click(findTestObject("Admin/Plugin Navigation/link_profile")): Object: 'Object Repository/Admin/Plugin Navigation/link_profile' is clicked on

2020-10-03 11:08:26 - [MESSAGE][PASSED] - Object: 'Object Repository/Admin/Plugin Navigation/link_profile' is clicked on

2020-10-03 11:08:26 - [MESSAGE][PASSED] - Call Test Case 'Test Cases/Utilities/Navigate to Plugin' successfully

2020-10-03 11:08:26 - [TEST_STEP][PASSED] - click(findTestObject("Admin/Plugin Page/Deleting Custom Fields/i_Textfield_icon icon-delete")): Object: 'Object Repository/Admin/Plugin Page/Deleting Custom Fields/i_Textfield_icon icon-delete' is clicked on

2020-10-03 11:08:27 - [MESSAGE][PASSED] - Object: 'Object Repository/Admin/Plugin Page/Deleting Custom Fields/i_Textfield_icon icon-delete' is clicked on

2020-10-03 11:08:27 - [TEST_STEP][PASSED] - closeBrowser(): Browser is closed

2020-10-03 11:08:27 - [MESSAGE][PASSED] - Browser is closed

2020-10-03 11:08:27 - [MESSAGE][PASSED] - Call Test Case 'Test Cases/Utilities/Deleting Custom Field' successfully]]></system-out>
         <system-err><![CDATA[]]></system-err>
      </testcase>
      <testcase name="Test Cases/User Settings/COMPLEX/TC_CMPLX_014" time="46.356" classname="Test Cases/User Settings/COMPLEX/TC_CMPLX_014" status="PASSED">
         <system-out><![CDATA[2020-10-03 11:08:27 - [TEST_CASE][PASSED] - Test Cases/User Settings/COMPLEX/TC_CMPLX_014: Test Cases/User Settings/COMPLEX/TC_CMPLX_014

2020-10-03 11:08:28 - [TEST_STEP][PASSED] - callTestCase(findTestCase("Utilities/Add New Text Custom Field"), [:], STOP_ON_FAILURE): Call Test Case 'Test Cases/Utilities/Add New Text Custom Field' successfully

2020-10-03 11:08:28 - [TEST_CASE][PASSED] - Test Cases/Utilities/Add New Text Custom Field: Test Cases/Utilities/Add New Text Custom Field

2020-10-03 11:08:28 - [TEST_STEP][PASSED] - callTestCase(findTestCase("Utilities/Admin Login"), [:], STOP_ON_FAILURE): Call Test Case 'Test Cases/Utilities/Admin Login' successfully

2020-10-03 11:08:28 - [TEST_CASE][PASSED] - Test Cases/Utilities/Admin Login: Test Cases/Utilities/Admin Login

2020-10-03 11:08:28 - [TEST_STEP][PASSED] - openBrowser(""): Browser is opened with url: ''

2020-10-03 11:08:28 - [MESSAGE][INFO] - Starting 'Chrome' driver

2020-10-03 11:08:28 - [MESSAGE][INFO] - Action delay is set to 0 milliseconds

2020-10-03 11:08:31 - [MESSAGE][PASSED] - Browser is opened with url: ''

2020-10-03 11:08:31 - [TEST_STEP][PASSED] - maximizeWindow(): Current window maximized

2020-10-03 11:08:33 - [MESSAGE][PASSED] - Current window maximized

2020-10-03 11:08:33 - [TEST_STEP][PASSED] - navigateToUrl(admin_url): Navigate to 'https://youhadmeathello.sandbox.arcadier.io/admin' successfully

2020-10-03 11:08:35 - [MESSAGE][PASSED] - Navigate to 'https://youhadmeathello.sandbox.arcadier.io/admin' successfully

2020-10-03 11:08:35 - [TEST_STEP][PASSED] - waitForPageLoad(2): Wait for page load successfully

2020-10-03 11:08:35 - [MESSAGE][PASSED] - Wait for page load successfully

2020-10-03 11:08:35 - [TEST_STEP][PASSED] - setText(findTestObject("Admin/Admin Login/txt_username"), admin_username): Text 'natasha@arcadier.com' is set on object 'Object Repository/Admin/Admin Login/txt_username'

2020-10-03 11:08:35 - [MESSAGE][PASSED] - Text 'natasha@arcadier.com' is set on object 'Object Repository/Admin/Admin Login/txt_username'

2020-10-03 11:08:35 - [TEST_STEP][PASSED] - setText(findTestObject("Admin/Admin Login/txt_password"), admin_password): Text 'welcome8' is set on object 'Object Repository/Admin/Admin Login/txt_password'

2020-10-03 11:08:36 - [MESSAGE][PASSED] - Text 'welcome8' is set on object 'Object Repository/Admin/Admin Login/txt_password'

2020-10-03 11:08:36 - [TEST_STEP][PASSED] - click(findTestObject("Admin/Admin Login/button_login")): Object: 'Object Repository/Admin/Admin Login/button_login' is clicked on

2020-10-03 11:08:38 - [MESSAGE][PASSED] - Object: 'Object Repository/Admin/Admin Login/button_login' is clicked on

2020-10-03 11:08:38 - [MESSAGE][PASSED] - Call Test Case 'Test Cases/Utilities/Admin Login' successfully

2020-10-03 11:08:38 - [TEST_STEP][PASSED] - callTestCase(findTestCase("Utilities/Navigate to Plugin"), [:], STOP_ON_FAILURE): Call Test Case 'Test Cases/Utilities/Navigate to Plugin' successfully

2020-10-03 11:08:38 - [TEST_CASE][PASSED] - Test Cases/Utilities/Navigate to Plugin: Test Cases/Utilities/Navigate to Plugin

2020-10-03 11:08:38 - [TEST_STEP][PASSED] - click(findTestObject("Admin/Plugin Navigation/link_plugin")): Object: 'Object Repository/Admin/Plugin Navigation/link_plugin' is clicked on

2020-10-03 11:08:40 - [MESSAGE][PASSED] - Object: 'Object Repository/Admin/Plugin Navigation/link_plugin' is clicked on

2020-10-03 11:08:40 - [TEST_STEP][PASSED] - click(findTestObject("Admin/Plugin Navigation/link_profile")): Object: 'Object Repository/Admin/Plugin Navigation/link_profile' is clicked on

2020-10-03 11:08:42 - [MESSAGE][PASSED] - Object: 'Object Repository/Admin/Plugin Navigation/link_profile' is clicked on

2020-10-03 11:08:42 - [MESSAGE][PASSED] - Call Test Case 'Test Cases/Utilities/Navigate to Plugin' successfully

2020-10-03 11:08:42 - [TEST_STEP][PASSED] - click(findTestObject("Admin/Plugin Page/Add New Text CF/a_Add Profile Input Field")): Object: 'Object Repository/Admin/Plugin Page/Add New Text CF/a_Add Profile Input Field' is clicked on

2020-10-03 11:08:42 - [MESSAGE][PASSED] - Object: 'Object Repository/Admin/Plugin Page/Add New Text CF/a_Add Profile Input Field' is clicked on

2020-10-03 11:08:42 - [TEST_STEP][PASSED] - setText(findTestObject("Admin/Plugin Page/Add New Text CF/input_Custom Field Name_custom_name"), "Sample Text Customfield"): Text 'Sample Text Customfield' is set on object 'Object Repository/Admin/Plugin Page/Add New Text CF/input_Custom Field Name_custom_name'

2020-10-03 11:08:43 - [MESSAGE][PASSED] - Text 'Sample Text Customfield' is set on object 'Object Repository/Admin/Plugin Page/Add New Text CF/input_Custom Field Name_custom_name'

2020-10-03 11:08:43 - [TEST_STEP][PASSED] - click(findTestObject("Admin/Plugin Page/Add New Text CF/input_Add Option_saveCustomDetails")): Object: 'Object Repository/Admin/Plugin Page/Add New Text CF/input_Add Option_saveCustomDetails' is clicked on

2020-10-03 11:08:44 - [MESSAGE][PASSED] - Object: 'Object Repository/Admin/Plugin Page/Add New Text CF/input_Add Option_saveCustomDetails' is clicked on

2020-10-03 11:08:44 - [TEST_STEP][PASSED] - closeBrowser(): Browser is closed

2020-10-03 11:08:44 - [MESSAGE][PASSED] - Browser is closed

2020-10-03 11:08:44 - [MESSAGE][PASSED] - Call Test Case 'Test Cases/Utilities/Add New Text Custom Field' successfully

2020-10-03 11:08:44 - [TEST_STEP][PASSED] - callTestCase(findTestCase("Utilities/Deleting Custom Field"), [:], STOP_ON_FAILURE): Call Test Case 'Test Cases/Utilities/Deleting Custom Field' successfully

2020-10-03 11:08:44 - [TEST_CASE][PASSED] - Test Cases/Utilities/Deleting Custom Field: Test Cases/Utilities/Deleting Custom Field

2020-10-03 11:08:44 - [TEST_STEP][PASSED] - callTestCase(findTestCase("Utilities/Admin Login"), [:], STOP_ON_FAILURE): Call Test Case 'Test Cases/Utilities/Admin Login' successfully

2020-10-03 11:08:44 - [TEST_CASE][PASSED] - Test Cases/Utilities/Admin Login: Test Cases/Utilities/Admin Login

2020-10-03 11:08:44 - [TEST_STEP][PASSED] - openBrowser(""): Browser is opened with url: ''

2020-10-03 11:08:44 - [MESSAGE][INFO] - Starting 'Chrome' driver

2020-10-03 11:08:44 - [MESSAGE][INFO] - Action delay is set to 0 milliseconds

2020-10-03 11:08:48 - [MESSAGE][PASSED] - Browser is opened with url: ''

2020-10-03 11:08:48 - [TEST_STEP][PASSED] - maximizeWindow(): Current window maximized

2020-10-03 11:08:50 - [MESSAGE][PASSED] - Current window maximized

2020-10-03 11:08:50 - [TEST_STEP][PASSED] - navigateToUrl(admin_url): Navigate to 'https://youhadmeathello.sandbox.arcadier.io/admin' successfully

2020-10-03 11:08:51 - [MESSAGE][PASSED] - Navigate to 'https://youhadmeathello.sandbox.arcadier.io/admin' successfully

2020-10-03 11:08:51 - [TEST_STEP][PASSED] - waitForPageLoad(2): Wait for page load successfully

2020-10-03 11:08:51 - [MESSAGE][PASSED] - Wait for page load successfully

2020-10-03 11:08:51 - [TEST_STEP][PASSED] - setText(findTestObject("Admin/Admin Login/txt_username"), admin_username): Text 'natasha@arcadier.com' is set on object 'Object Repository/Admin/Admin Login/txt_username'

2020-10-03 11:08:52 - [MESSAGE][PASSED] - Text 'natasha@arcadier.com' is set on object 'Object Repository/Admin/Admin Login/txt_username'

2020-10-03 11:08:52 - [TEST_STEP][PASSED] - setText(findTestObject("Admin/Admin Login/txt_password"), admin_password): Text 'welcome8' is set on object 'Object Repository/Admin/Admin Login/txt_password'

2020-10-03 11:08:53 - [MESSAGE][PASSED] - Text 'welcome8' is set on object 'Object Repository/Admin/Admin Login/txt_password'

2020-10-03 11:08:53 - [TEST_STEP][PASSED] - click(findTestObject("Admin/Admin Login/button_login")): Object: 'Object Repository/Admin/Admin Login/button_login' is clicked on

2020-10-03 11:08:55 - [MESSAGE][PASSED] - Object: 'Object Repository/Admin/Admin Login/button_login' is clicked on

2020-10-03 11:08:55 - [MESSAGE][PASSED] - Call Test Case 'Test Cases/Utilities/Admin Login' successfully

2020-10-03 11:08:55 - [TEST_STEP][PASSED] - callTestCase(findTestCase("Utilities/Navigate to Plugin"), [:], STOP_ON_FAILURE): Call Test Case 'Test Cases/Utilities/Navigate to Plugin' successfully

2020-10-03 11:08:55 - [TEST_CASE][PASSED] - Test Cases/Utilities/Navigate to Plugin: Test Cases/Utilities/Navigate to Plugin

2020-10-03 11:08:55 - [TEST_STEP][PASSED] - click(findTestObject("Admin/Plugin Navigation/link_plugin")): Object: 'Object Repository/Admin/Plugin Navigation/link_plugin' is clicked on

2020-10-03 11:08:56 - [MESSAGE][PASSED] - Object: 'Object Repository/Admin/Plugin Navigation/link_plugin' is clicked on

2020-10-03 11:08:56 - [TEST_STEP][PASSED] - click(findTestObject("Admin/Plugin Navigation/link_profile")): Object: 'Object Repository/Admin/Plugin Navigation/link_profile' is clicked on

2020-10-03 11:08:58 - [MESSAGE][PASSED] - Object: 'Object Repository/Admin/Plugin Navigation/link_profile' is clicked on

2020-10-03 11:08:58 - [MESSAGE][PASSED] - Call Test Case 'Test Cases/Utilities/Navigate to Plugin' successfully

2020-10-03 11:08:58 - [TEST_STEP][PASSED] - click(findTestObject("Admin/Plugin Page/Deleting Custom Fields/i_Textfield_icon icon-delete")): Object: 'Object Repository/Admin/Plugin Page/Deleting Custom Fields/i_Textfield_icon icon-delete' is clicked on

2020-10-03 11:08:59 - [MESSAGE][PASSED] - Object: 'Object Repository/Admin/Plugin Page/Deleting Custom Fields/i_Textfield_icon icon-delete' is clicked on

2020-10-03 11:08:59 - [TEST_STEP][PASSED] - closeBrowser(): Browser is closed

2020-10-03 11:09:00 - [MESSAGE][PASSED] - Browser is closed

2020-10-03 11:09:00 - [MESSAGE][PASSED] - Call Test Case 'Test Cases/Utilities/Deleting Custom Field' successfully

2020-10-03 11:09:00 - [TEST_STEP][PASSED] - callTestCase(findTestCase("Utilities/Navigate to Buyer Settings"), [:], STOP_ON_FAILURE): Call Test Case 'Test Cases/Utilities/Navigate to Buyer Settings' successfully

2020-10-03 11:09:00 - [TEST_CASE][PASSED] - Test Cases/Utilities/Navigate to Buyer Settings: Test Cases/Utilities/Navigate to Buyer Settings

2020-10-03 11:09:00 - [TEST_STEP][PASSED] - openBrowser(""): Browser is opened with url: ''

2020-10-03 11:09:00 - [MESSAGE][INFO] - Starting 'Chrome' driver

2020-10-03 11:09:00 - [MESSAGE][INFO] - Action delay is set to 0 milliseconds

2020-10-03 11:09:03 - [MESSAGE][PASSED] - Browser is opened with url: ''

2020-10-03 11:09:03 - [TEST_STEP][PASSED] - navigateToUrl("https://youhadmeathello.sandbox.arcadier.io/"): Navigate to 'https://youhadmeathello.sandbox.arcadier.io/' successfully

2020-10-03 11:09:05 - [MESSAGE][PASSED] - Navigate to 'https://youhadmeathello.sandbox.arcadier.io/' successfully

2020-10-03 11:09:05 - [TEST_STEP][PASSED] - maximizeWindow(): Current window maximized

2020-10-03 11:09:07 - [MESSAGE][PASSED] - Current window maximized

2020-10-03 11:09:07 - [TEST_STEP][PASSED] - click(findTestObject("Object Repository/User/a_REGISTER  SIGN IN")): Object: 'Object Repository/User/a_REGISTER  SIGN IN' is clicked on

2020-10-03 11:09:08 - [MESSAGE][PASSED] - Object: 'Object Repository/User/a_REGISTER  SIGN IN' is clicked on

2020-10-03 11:09:08 - [TEST_STEP][PASSED] - setText(findTestObject("Object Repository/User/input_Your emailusername_username"), "natasha@arcadier.com"): Text 'natasha@arcadier.com' is set on object 'Object Repository/User/input_Your emailusername_username'

2020-10-03 11:09:09 - [MESSAGE][PASSED] - Text 'natasha@arcadier.com' is set on object 'Object Repository/User/input_Your emailusername_username'

2020-10-03 11:09:09 - [TEST_STEP][PASSED] - setEncryptedText(findTestObject("Object Repository/User/input_Your password_password"), "I7a4UsMF9MiFJG0HdBZ4hg=="): Text ****** has been set on object 'Object Repository/User/input_Your password_password'

2020-10-03 11:09:09 - [MESSAGE][PASSED] - Text ****** has been set on object 'Object Repository/User/input_Your password_password'

2020-10-03 11:09:09 - [TEST_STEP][PASSED] - click(findTestObject("Object Repository/User/input_Your password_login-submit")): Object: 'Object Repository/User/input_Your password_login-submit' is clicked on

2020-10-03 11:09:11 - [MESSAGE][PASSED] - Object: 'Object Repository/User/input_Your password_login-submit' is clicked on

2020-10-03 11:09:11 - [TEST_STEP][PASSED] - mouseOver(findTestObject("User/i_EN_icon icon-down")): Object: 'Object Repository/User/i_EN_icon icon-down' is hovered

2020-10-03 11:09:12 - [MESSAGE][PASSED] - Object: 'Object Repository/User/i_EN_icon icon-down' is hovered

2020-10-03 11:09:12 - [TEST_STEP][PASSED] - click(findTestObject("User/a_Settings")): Object: 'Object Repository/User/a_Settings' is clicked on

2020-10-03 11:09:13 - [MESSAGE][PASSED] - Object: 'Object Repository/User/a_Settings' is clicked on

2020-10-03 11:09:13 - [MESSAGE][PASSED] - Call Test Case 'Test Cases/Utilities/Navigate to Buyer Settings' successfully

2020-10-03 11:09:13 - [TEST_STEP][PASSED] - verifyElementNotPresent(findTestObject("User/input_SAMPLE TEXT CUSTOMFIELD_Sample Text Customfield"), 0): Web element with id: 'Object Repository/User/input_SAMPLE TEXT CUSTOMFIELD_Sample Text Customfield' located by 'By.xpath: //*[@type = 'text' and @name = 'Sample Text Customfield']' is not present after '30' second(s)

2020-10-03 11:09:13 - [MESSAGE][WARNING] - Timeout '0' is invalid. Using default page load timeout: '30'

2020-10-03 11:09:14 - [MESSAGE][PASSED] - Web element with id: 'Object Repository/User/input_SAMPLE TEXT CUSTOMFIELD_Sample Text Customfield' located by 'By.xpath: //*[@type = 'text' and @name = 'Sample Text Customfield']' is not present after '30' second(s)]]></system-out>
         <system-err><![CDATA[]]></system-err>
      </testcase>
      <testcase name="Test Cases/User Settings/COMPLEX/TC_CMPLX_015" time="51.91" classname="Test Cases/User Settings/COMPLEX/TC_CMPLX_015" status="PASSED">
         <system-out><![CDATA[2020-10-03 11:09:14 - [TEST_CASE][PASSED] - Test Cases/User Settings/COMPLEX/TC_CMPLX_015: Test Cases/User Settings/COMPLEX/TC_CMPLX_015

2020-10-03 11:09:14 - [TEST_STEP][PASSED] - callTestCase(findTestCase("Utilities/Add New Text Custom Field"), [:], STOP_ON_FAILURE): Call Test Case 'Test Cases/Utilities/Add New Text Custom Field' successfully

2020-10-03 11:09:14 - [TEST_CASE][PASSED] - Test Cases/Utilities/Add New Text Custom Field: Test Cases/Utilities/Add New Text Custom Field

2020-10-03 11:09:14 - [TEST_STEP][PASSED] - callTestCase(findTestCase("Utilities/Admin Login"), [:], STOP_ON_FAILURE): Call Test Case 'Test Cases/Utilities/Admin Login' successfully

2020-10-03 11:09:14 - [TEST_CASE][PASSED] - Test Cases/Utilities/Admin Login: Test Cases/Utilities/Admin Login

2020-10-03 11:09:14 - [TEST_STEP][PASSED] - openBrowser(""): Browser is opened with url: ''

2020-10-03 11:09:14 - [MESSAGE][WARNING] - A browser is already opened. Closing browser and opening a new one

2020-10-03 11:09:15 - [MESSAGE][INFO] - Starting 'Chrome' driver

2020-10-03 11:09:15 - [MESSAGE][INFO] - Action delay is set to 0 milliseconds

2020-10-03 11:09:18 - [MESSAGE][PASSED] - Browser is opened with url: ''

2020-10-03 11:09:18 - [TEST_STEP][PASSED] - maximizeWindow(): Current window maximized

2020-10-03 11:09:20 - [MESSAGE][PASSED] - Current window maximized

2020-10-03 11:09:20 - [TEST_STEP][PASSED] - navigateToUrl(admin_url): Navigate to 'https://youhadmeathello.sandbox.arcadier.io/admin' successfully

2020-10-03 11:09:22 - [MESSAGE][PASSED] - Navigate to 'https://youhadmeathello.sandbox.arcadier.io/admin' successfully

2020-10-03 11:09:22 - [TEST_STEP][PASSED] - waitForPageLoad(2): Wait for page load successfully

2020-10-03 11:09:22 - [MESSAGE][PASSED] - Wait for page load successfully

2020-10-03 11:09:22 - [TEST_STEP][PASSED] - setText(findTestObject("Admin/Admin Login/txt_username"), admin_username): Text 'natasha@arcadier.com' is set on object 'Object Repository/Admin/Admin Login/txt_username'

2020-10-03 11:09:23 - [MESSAGE][PASSED] - Text 'natasha@arcadier.com' is set on object 'Object Repository/Admin/Admin Login/txt_username'

2020-10-03 11:09:23 - [TEST_STEP][PASSED] - setText(findTestObject("Admin/Admin Login/txt_password"), admin_password): Text 'welcome8' is set on object 'Object Repository/Admin/Admin Login/txt_password'

2020-10-03 11:09:23 - [MESSAGE][PASSED] - Text 'welcome8' is set on object 'Object Repository/Admin/Admin Login/txt_password'

2020-10-03 11:09:23 - [TEST_STEP][PASSED] - click(findTestObject("Admin/Admin Login/button_login")): Object: 'Object Repository/Admin/Admin Login/button_login' is clicked on

2020-10-03 11:09:25 - [MESSAGE][PASSED] - Object: 'Object Repository/Admin/Admin Login/button_login' is clicked on

2020-10-03 11:09:25 - [MESSAGE][PASSED] - Call Test Case 'Test Cases/Utilities/Admin Login' successfully

2020-10-03 11:09:25 - [TEST_STEP][PASSED] - callTestCase(findTestCase("Utilities/Navigate to Plugin"), [:], STOP_ON_FAILURE): Call Test Case 'Test Cases/Utilities/Navigate to Plugin' successfully

2020-10-03 11:09:25 - [TEST_CASE][PASSED] - Test Cases/Utilities/Navigate to Plugin: Test Cases/Utilities/Navigate to Plugin

2020-10-03 11:09:25 - [TEST_STEP][PASSED] - click(findTestObject("Admin/Plugin Navigation/link_plugin")): Object: 'Object Repository/Admin/Plugin Navigation/link_plugin' is clicked on

2020-10-03 11:09:26 - [MESSAGE][PASSED] - Object: 'Object Repository/Admin/Plugin Navigation/link_plugin' is clicked on

2020-10-03 11:09:26 - [TEST_STEP][PASSED] - click(findTestObject("Admin/Plugin Navigation/link_profile")): Object: 'Object Repository/Admin/Plugin Navigation/link_profile' is clicked on

2020-10-03 11:09:28 - [MESSAGE][PASSED] - Object: 'Object Repository/Admin/Plugin Navigation/link_profile' is clicked on

2020-10-03 11:09:28 - [MESSAGE][PASSED] - Call Test Case 'Test Cases/Utilities/Navigate to Plugin' successfully

2020-10-03 11:09:28 - [TEST_STEP][PASSED] - click(findTestObject("Admin/Plugin Page/Add New Text CF/a_Add Profile Input Field")): Object: 'Object Repository/Admin/Plugin Page/Add New Text CF/a_Add Profile Input Field' is clicked on

2020-10-03 11:09:29 - [MESSAGE][PASSED] - Object: 'Object Repository/Admin/Plugin Page/Add New Text CF/a_Add Profile Input Field' is clicked on

2020-10-03 11:09:29 - [TEST_STEP][PASSED] - setText(findTestObject("Admin/Plugin Page/Add New Text CF/input_Custom Field Name_custom_name"), "Sample Text Customfield"): Text 'Sample Text Customfield' is set on object 'Object Repository/Admin/Plugin Page/Add New Text CF/input_Custom Field Name_custom_name'

2020-10-03 11:09:30 - [MESSAGE][PASSED] - Text 'Sample Text Customfield' is set on object 'Object Repository/Admin/Plugin Page/Add New Text CF/input_Custom Field Name_custom_name'

2020-10-03 11:09:30 - [TEST_STEP][PASSED] - click(findTestObject("Admin/Plugin Page/Add New Text CF/input_Add Option_saveCustomDetails")): Object: 'Object Repository/Admin/Plugin Page/Add New Text CF/input_Add Option_saveCustomDetails' is clicked on

2020-10-03 11:09:30 - [MESSAGE][PASSED] - Object: 'Object Repository/Admin/Plugin Page/Add New Text CF/input_Add Option_saveCustomDetails' is clicked on

2020-10-03 11:09:30 - [TEST_STEP][PASSED] - closeBrowser(): Browser is closed

2020-10-03 11:09:31 - [MESSAGE][PASSED] - Browser is closed

2020-10-03 11:09:31 - [MESSAGE][PASSED] - Call Test Case 'Test Cases/Utilities/Add New Text Custom Field' successfully

2020-10-03 11:09:31 - [TEST_STEP][PASSED] - callTestCase(findTestCase("Utilities/Navigate to Buyer Settings"), [:], STOP_ON_FAILURE): Call Test Case 'Test Cases/Utilities/Navigate to Buyer Settings' successfully

2020-10-03 11:09:31 - [TEST_CASE][PASSED] - Test Cases/Utilities/Navigate to Buyer Settings: Test Cases/Utilities/Navigate to Buyer Settings

2020-10-03 11:09:31 - [TEST_STEP][PASSED] - openBrowser(""): Browser is opened with url: ''

2020-10-03 11:09:31 - [MESSAGE][INFO] - Starting 'Chrome' driver

2020-10-03 11:09:31 - [MESSAGE][INFO] - Action delay is set to 0 milliseconds

2020-10-03 11:09:34 - [MESSAGE][PASSED] - Browser is opened with url: ''

2020-10-03 11:09:34 - [TEST_STEP][PASSED] - navigateToUrl("https://youhadmeathello.sandbox.arcadier.io/"): Navigate to 'https://youhadmeathello.sandbox.arcadier.io/' successfully

2020-10-03 11:09:36 - [MESSAGE][PASSED] - Navigate to 'https://youhadmeathello.sandbox.arcadier.io/' successfully

2020-10-03 11:09:36 - [TEST_STEP][PASSED] - maximizeWindow(): Current window maximized

2020-10-03 11:09:38 - [MESSAGE][PASSED] - Current window maximized

2020-10-03 11:09:38 - [TEST_STEP][PASSED] - click(findTestObject("Object Repository/User/a_REGISTER  SIGN IN")): Object: 'Object Repository/User/a_REGISTER  SIGN IN' is clicked on

2020-10-03 11:09:39 - [MESSAGE][PASSED] - Object: 'Object Repository/User/a_REGISTER  SIGN IN' is clicked on

2020-10-03 11:09:39 - [TEST_STEP][PASSED] - setText(findTestObject("Object Repository/User/input_Your emailusername_username"), "natasha@arcadier.com"): Text 'natasha@arcadier.com' is set on object 'Object Repository/User/input_Your emailusername_username'

2020-10-03 11:09:40 - [MESSAGE][PASSED] - Text 'natasha@arcadier.com' is set on object 'Object Repository/User/input_Your emailusername_username'

2020-10-03 11:09:40 - [TEST_STEP][PASSED] - setEncryptedText(findTestObject("Object Repository/User/input_Your password_password"), "I7a4UsMF9MiFJG0HdBZ4hg=="): Text ****** has been set on object 'Object Repository/User/input_Your password_password'

2020-10-03 11:09:40 - [MESSAGE][PASSED] - Text ****** has been set on object 'Object Repository/User/input_Your password_password'

2020-10-03 11:09:40 - [TEST_STEP][PASSED] - click(findTestObject("Object Repository/User/input_Your password_login-submit")): Object: 'Object Repository/User/input_Your password_login-submit' is clicked on

2020-10-03 11:09:42 - [MESSAGE][PASSED] - Object: 'Object Repository/User/input_Your password_login-submit' is clicked on

2020-10-03 11:09:42 - [TEST_STEP][PASSED] - mouseOver(findTestObject("User/i_EN_icon icon-down")): Object: 'Object Repository/User/i_EN_icon icon-down' is hovered

2020-10-03 11:09:43 - [MESSAGE][PASSED] - Object: 'Object Repository/User/i_EN_icon icon-down' is hovered

2020-10-03 11:09:43 - [TEST_STEP][PASSED] - click(findTestObject("User/a_Settings")): Object: 'Object Repository/User/a_Settings' is clicked on

2020-10-03 11:09:43 - [MESSAGE][PASSED] - Object: 'Object Repository/User/a_Settings' is clicked on

2020-10-03 11:09:43 - [MESSAGE][PASSED] - Call Test Case 'Test Cases/Utilities/Navigate to Buyer Settings' successfully

2020-10-03 11:09:43 - [TEST_STEP][PASSED] - setText(findTestObject("Object Repository/User/custom values/input_SAMPLE TEXT CUSTOMFIELD_Sample Text C_ce5c8c"), "customfield value"): Text 'customfield value' is set on object 'Object Repository/User/custom values/input_SAMPLE TEXT CUSTOMFIELD_Sample Text C_ce5c8c'

2020-10-03 11:09:45 - [MESSAGE][PASSED] - Text 'customfield value' is set on object 'Object Repository/User/custom values/input_SAMPLE TEXT CUSTOMFIELD_Sample Text C_ce5c8c'

2020-10-03 11:09:45 - [TEST_STEP][PASSED] - click(findTestObject("User/accept_cookies")): Object: 'Object Repository/User/accept_cookies' is clicked on

2020-10-03 11:09:45 - [MESSAGE][PASSED] - Object: 'Object Repository/User/accept_cookies' is clicked on

2020-10-03 11:09:45 - [TEST_STEP][PASSED] - click(findTestObject("User/custom values/a_NEXT")): Object: 'Object Repository/User/custom values/a_NEXT' is clicked on

2020-10-03 11:09:46 - [MESSAGE][PASSED] - Object: 'Object Repository/User/custom values/a_NEXT' is clicked on

2020-10-03 11:09:46 - [TEST_STEP][PASSED] - click(findTestObject("User/custom values/a_SAVE")): Object: 'Object Repository/User/custom values/a_SAVE' is clicked on

2020-10-03 11:09:47 - [MESSAGE][PASSED] - Object: 'Object Repository/User/custom values/a_SAVE' is clicked on

2020-10-03 11:09:47 - [TEST_STEP][PASSED] - mouseOver(findTestObject("User/i_EN_icon icon-down")): Object: 'Object Repository/User/i_EN_icon icon-down' is hovered

2020-10-03 11:09:48 - [MESSAGE][PASSED] - Object: 'Object Repository/User/i_EN_icon icon-down' is hovered

2020-10-03 11:09:48 - [TEST_STEP][PASSED] - click(findTestObject("User/a_Settings")): Object: 'Object Repository/User/a_Settings' is clicked on

2020-10-03 11:09:49 - [MESSAGE][PASSED] - Object: 'Object Repository/User/a_Settings' is clicked on

2020-10-03 11:09:49 - [TEST_STEP][PASSED] - verifyElementAttributeValue(findTestObject("User/custom values/input_SAMPLE TEXT CUSTOMFIELD_Sample Text C_ce5c8c"), "value", "customfield value", 0): Object 'Object Repository/User/custom values/input_SAMPLE TEXT CUSTOMFIELD_Sample Text C_ce5c8c' has attribute 'value' with value 'customfield value'

2020-10-03 11:09:49 - [MESSAGE][WARNING] - Timeout '0' is invalid. Using default page load timeout: '30'

2020-10-03 11:09:49 - [MESSAGE][PASSED] - Object 'Object Repository/User/custom values/input_SAMPLE TEXT CUSTOMFIELD_Sample Text C_ce5c8c' has attribute 'value' with value 'customfield value'

2020-10-03 11:09:49 - [TEST_STEP][PASSED] - closeBrowser(): Browser is closed

2020-10-03 11:09:50 - [MESSAGE][PASSED] - Browser is closed

2020-10-03 11:09:50 - [TEST_STEP][PASSED] - callTestCase(findTestCase("Utilities/Deleting Custom Field"), [:], STOP_ON_FAILURE): Call Test Case 'Test Cases/Utilities/Deleting Custom Field' successfully

2020-10-03 11:09:50 - [TEST_CASE][PASSED] - Test Cases/Utilities/Deleting Custom Field: Test Cases/Utilities/Deleting Custom Field

2020-10-03 11:09:50 - [TEST_STEP][PASSED] - callTestCase(findTestCase("Utilities/Admin Login"), [:], STOP_ON_FAILURE): Call Test Case 'Test Cases/Utilities/Admin Login' successfully

2020-10-03 11:09:50 - [TEST_CASE][PASSED] - Test Cases/Utilities/Admin Login: Test Cases/Utilities/Admin Login

2020-10-03 11:09:50 - [TEST_STEP][PASSED] - openBrowser(""): Browser is opened with url: ''

2020-10-03 11:09:50 - [MESSAGE][INFO] - Starting 'Chrome' driver

2020-10-03 11:09:50 - [MESSAGE][INFO] - Action delay is set to 0 milliseconds

2020-10-03 11:09:54 - [MESSAGE][PASSED] - Browser is opened with url: ''

2020-10-03 11:09:54 - [TEST_STEP][PASSED] - maximizeWindow(): Current window maximized

2020-10-03 11:09:56 - [MESSAGE][PASSED] - Current window maximized

2020-10-03 11:09:56 - [TEST_STEP][PASSED] - navigateToUrl(admin_url): Navigate to 'https://youhadmeathello.sandbox.arcadier.io/admin' successfully

2020-10-03 11:09:57 - [MESSAGE][PASSED] - Navigate to 'https://youhadmeathello.sandbox.arcadier.io/admin' successfully

2020-10-03 11:09:57 - [TEST_STEP][PASSED] - waitForPageLoad(2): Wait for page load successfully

2020-10-03 11:09:57 - [MESSAGE][PASSED] - Wait for page load successfully

2020-10-03 11:09:57 - [TEST_STEP][PASSED] - setText(findTestObject("Admin/Admin Login/txt_username"), admin_username): Text 'natasha@arcadier.com' is set on object 'Object Repository/Admin/Admin Login/txt_username'

2020-10-03 11:09:58 - [MESSAGE][PASSED] - Text 'natasha@arcadier.com' is set on object 'Object Repository/Admin/Admin Login/txt_username'

2020-10-03 11:09:58 - [TEST_STEP][PASSED] - setText(findTestObject("Admin/Admin Login/txt_password"), admin_password): Text 'welcome8' is set on object 'Object Repository/Admin/Admin Login/txt_password'

2020-10-03 11:09:58 - [MESSAGE][PASSED] - Text 'welcome8' is set on object 'Object Repository/Admin/Admin Login/txt_password'

2020-10-03 11:09:58 - [TEST_STEP][PASSED] - click(findTestObject("Admin/Admin Login/button_login")): Object: 'Object Repository/Admin/Admin Login/button_login' is clicked on

2020-10-03 11:10:00 - [MESSAGE][PASSED] - Object: 'Object Repository/Admin/Admin Login/button_login' is clicked on

2020-10-03 11:10:00 - [MESSAGE][PASSED] - Call Test Case 'Test Cases/Utilities/Admin Login' successfully

2020-10-03 11:10:00 - [TEST_STEP][PASSED] - callTestCase(findTestCase("Utilities/Navigate to Plugin"), [:], STOP_ON_FAILURE): Call Test Case 'Test Cases/Utilities/Navigate to Plugin' successfully

2020-10-03 11:10:00 - [TEST_CASE][PASSED] - Test Cases/Utilities/Navigate to Plugin: Test Cases/Utilities/Navigate to Plugin

2020-10-03 11:10:00 - [TEST_STEP][PASSED] - click(findTestObject("Admin/Plugin Navigation/link_plugin")): Object: 'Object Repository/Admin/Plugin Navigation/link_plugin' is clicked on

2020-10-03 11:10:02 - [MESSAGE][PASSED] - Object: 'Object Repository/Admin/Plugin Navigation/link_plugin' is clicked on

2020-10-03 11:10:02 - [TEST_STEP][PASSED] - click(findTestObject("Admin/Plugin Navigation/link_profile")): Object: 'Object Repository/Admin/Plugin Navigation/link_profile' is clicked on

2020-10-03 11:10:05 - [MESSAGE][PASSED] - Object: 'Object Repository/Admin/Plugin Navigation/link_profile' is clicked on

2020-10-03 11:10:05 - [MESSAGE][PASSED] - Call Test Case 'Test Cases/Utilities/Navigate to Plugin' successfully

2020-10-03 11:10:05 - [TEST_STEP][PASSED] - click(findTestObject("Admin/Plugin Page/Deleting Custom Fields/i_Textfield_icon icon-delete")): Object: 'Object Repository/Admin/Plugin Page/Deleting Custom Fields/i_Textfield_icon icon-delete' is clicked on

2020-10-03 11:10:05 - [MESSAGE][PASSED] - Object: 'Object Repository/Admin/Plugin Page/Deleting Custom Fields/i_Textfield_icon icon-delete' is clicked on

2020-10-03 11:10:05 - [TEST_STEP][PASSED] - closeBrowser(): Browser is closed

2020-10-03 11:10:06 - [MESSAGE][PASSED] - Browser is closed

2020-10-03 11:10:06 - [MESSAGE][PASSED] - Call Test Case 'Test Cases/Utilities/Deleting Custom Field' successfully]]></system-out>
         <system-err><![CDATA[]]></system-err>
      </testcase>
      <testcase name="Test Cases/User Settings/COMPLEX/TC_CMPLX_016" time="55.759" classname="Test Cases/User Settings/COMPLEX/TC_CMPLX_016" status="PASSED">
         <system-out><![CDATA[2020-10-03 11:10:06 - [TEST_CASE][PASSED] - Test Cases/User Settings/COMPLEX/TC_CMPLX_016: Test Cases/User Settings/COMPLEX/TC_CMPLX_016

2020-10-03 11:10:06 - [TEST_STEP][PASSED] - callTestCase(findTestCase("Utilities/Add New Text Custom Field"), [:], STOP_ON_FAILURE): Call Test Case 'Test Cases/Utilities/Add New Text Custom Field' successfully

2020-10-03 11:10:06 - [TEST_CASE][PASSED] - Test Cases/Utilities/Add New Text Custom Field: Test Cases/Utilities/Add New Text Custom Field

2020-10-03 11:10:06 - [TEST_STEP][PASSED] - callTestCase(findTestCase("Utilities/Admin Login"), [:], STOP_ON_FAILURE): Call Test Case 'Test Cases/Utilities/Admin Login' successfully

2020-10-03 11:10:06 - [TEST_CASE][PASSED] - Test Cases/Utilities/Admin Login: Test Cases/Utilities/Admin Login

2020-10-03 11:10:06 - [TEST_STEP][PASSED] - openBrowser(""): Browser is opened with url: ''

2020-10-03 11:10:06 - [MESSAGE][INFO] - Starting 'Chrome' driver

2020-10-03 11:10:06 - [MESSAGE][INFO] - Action delay is set to 0 milliseconds

2020-10-03 11:10:09 - [MESSAGE][PASSED] - Browser is opened with url: ''

2020-10-03 11:10:09 - [TEST_STEP][PASSED] - maximizeWindow(): Current window maximized

2020-10-03 11:10:11 - [MESSAGE][PASSED] - Current window maximized

2020-10-03 11:10:11 - [TEST_STEP][PASSED] - navigateToUrl(admin_url): Navigate to 'https://youhadmeathello.sandbox.arcadier.io/admin' successfully

2020-10-03 11:10:13 - [MESSAGE][PASSED] - Navigate to 'https://youhadmeathello.sandbox.arcadier.io/admin' successfully

2020-10-03 11:10:13 - [TEST_STEP][PASSED] - waitForPageLoad(2): Wait for page load successfully

2020-10-03 11:10:13 - [MESSAGE][PASSED] - Wait for page load successfully

2020-10-03 11:10:13 - [TEST_STEP][PASSED] - setText(findTestObject("Admin/Admin Login/txt_username"), admin_username): Text 'natasha@arcadier.com' is set on object 'Object Repository/Admin/Admin Login/txt_username'

2020-10-03 11:10:14 - [MESSAGE][PASSED] - Text 'natasha@arcadier.com' is set on object 'Object Repository/Admin/Admin Login/txt_username'

2020-10-03 11:10:14 - [TEST_STEP][PASSED] - setText(findTestObject("Admin/Admin Login/txt_password"), admin_password): Text 'welcome8' is set on object 'Object Repository/Admin/Admin Login/txt_password'

2020-10-03 11:10:14 - [MESSAGE][PASSED] - Text 'welcome8' is set on object 'Object Repository/Admin/Admin Login/txt_password'

2020-10-03 11:10:14 - [TEST_STEP][PASSED] - click(findTestObject("Admin/Admin Login/button_login")): Object: 'Object Repository/Admin/Admin Login/button_login' is clicked on

2020-10-03 11:10:16 - [MESSAGE][PASSED] - Object: 'Object Repository/Admin/Admin Login/button_login' is clicked on

2020-10-03 11:10:16 - [MESSAGE][PASSED] - Call Test Case 'Test Cases/Utilities/Admin Login' successfully

2020-10-03 11:10:16 - [TEST_STEP][PASSED] - callTestCase(findTestCase("Utilities/Navigate to Plugin"), [:], STOP_ON_FAILURE): Call Test Case 'Test Cases/Utilities/Navigate to Plugin' successfully

2020-10-03 11:10:16 - [TEST_CASE][PASSED] - Test Cases/Utilities/Navigate to Plugin: Test Cases/Utilities/Navigate to Plugin

2020-10-03 11:10:16 - [TEST_STEP][PASSED] - click(findTestObject("Admin/Plugin Navigation/link_plugin")): Object: 'Object Repository/Admin/Plugin Navigation/link_plugin' is clicked on

2020-10-03 11:10:18 - [MESSAGE][PASSED] - Object: 'Object Repository/Admin/Plugin Navigation/link_plugin' is clicked on

2020-10-03 11:10:18 - [TEST_STEP][PASSED] - click(findTestObject("Admin/Plugin Navigation/link_profile")): Object: 'Object Repository/Admin/Plugin Navigation/link_profile' is clicked on

2020-10-03 11:10:20 - [MESSAGE][PASSED] - Object: 'Object Repository/Admin/Plugin Navigation/link_profile' is clicked on

2020-10-03 11:10:20 - [MESSAGE][PASSED] - Call Test Case 'Test Cases/Utilities/Navigate to Plugin' successfully

2020-10-03 11:10:20 - [TEST_STEP][PASSED] - click(findTestObject("Admin/Plugin Page/Add New Text CF/a_Add Profile Input Field")): Object: 'Object Repository/Admin/Plugin Page/Add New Text CF/a_Add Profile Input Field' is clicked on

2020-10-03 11:10:20 - [MESSAGE][PASSED] - Object: 'Object Repository/Admin/Plugin Page/Add New Text CF/a_Add Profile Input Field' is clicked on

2020-10-03 11:10:20 - [TEST_STEP][PASSED] - setText(findTestObject("Admin/Plugin Page/Add New Text CF/input_Custom Field Name_custom_name"), "Sample Text Customfield"): Text 'Sample Text Customfield' is set on object 'Object Repository/Admin/Plugin Page/Add New Text CF/input_Custom Field Name_custom_name'

2020-10-03 11:10:21 - [MESSAGE][PASSED] - Text 'Sample Text Customfield' is set on object 'Object Repository/Admin/Plugin Page/Add New Text CF/input_Custom Field Name_custom_name'

2020-10-03 11:10:21 - [TEST_STEP][PASSED] - click(findTestObject("Admin/Plugin Page/Add New Text CF/input_Add Option_saveCustomDetails")): Object: 'Object Repository/Admin/Plugin Page/Add New Text CF/input_Add Option_saveCustomDetails' is clicked on

2020-10-03 11:10:21 - [MESSAGE][PASSED] - Object: 'Object Repository/Admin/Plugin Page/Add New Text CF/input_Add Option_saveCustomDetails' is clicked on

2020-10-03 11:10:21 - [TEST_STEP][PASSED] - closeBrowser(): Browser is closed

2020-10-03 11:10:22 - [MESSAGE][PASSED] - Browser is closed

2020-10-03 11:10:22 - [MESSAGE][PASSED] - Call Test Case 'Test Cases/Utilities/Add New Text Custom Field' successfully

2020-10-03 11:10:22 - [TEST_STEP][PASSED] - callTestCase(findTestCase("Utilities/Navigate to Buyer Settings"), [:], STOP_ON_FAILURE): Call Test Case 'Test Cases/Utilities/Navigate to Buyer Settings' successfully

2020-10-03 11:10:22 - [TEST_CASE][PASSED] - Test Cases/Utilities/Navigate to Buyer Settings: Test Cases/Utilities/Navigate to Buyer Settings

2020-10-03 11:10:22 - [TEST_STEP][PASSED] - openBrowser(""): Browser is opened with url: ''

2020-10-03 11:10:22 - [MESSAGE][INFO] - Starting 'Chrome' driver

2020-10-03 11:10:22 - [MESSAGE][INFO] - Action delay is set to 0 milliseconds

2020-10-03 11:10:25 - [MESSAGE][PASSED] - Browser is opened with url: ''

2020-10-03 11:10:25 - [TEST_STEP][PASSED] - navigateToUrl("https://youhadmeathello.sandbox.arcadier.io/"): Navigate to 'https://youhadmeathello.sandbox.arcadier.io/' successfully

2020-10-03 11:10:27 - [MESSAGE][PASSED] - Navigate to 'https://youhadmeathello.sandbox.arcadier.io/' successfully

2020-10-03 11:10:27 - [TEST_STEP][PASSED] - maximizeWindow(): Current window maximized

2020-10-03 11:10:29 - [MESSAGE][PASSED] - Current window maximized

2020-10-03 11:10:29 - [TEST_STEP][PASSED] - click(findTestObject("Object Repository/User/a_REGISTER  SIGN IN")): Object: 'Object Repository/User/a_REGISTER  SIGN IN' is clicked on

2020-10-03 11:10:30 - [MESSAGE][PASSED] - Object: 'Object Repository/User/a_REGISTER  SIGN IN' is clicked on

2020-10-03 11:10:30 - [TEST_STEP][PASSED] - setText(findTestObject("Object Repository/User/input_Your emailusername_username"), "natasha@arcadier.com"): Text 'natasha@arcadier.com' is set on object 'Object Repository/User/input_Your emailusername_username'

2020-10-03 11:10:31 - [MESSAGE][PASSED] - Text 'natasha@arcadier.com' is set on object 'Object Repository/User/input_Your emailusername_username'

2020-10-03 11:10:31 - [TEST_STEP][PASSED] - setEncryptedText(findTestObject("Object Repository/User/input_Your password_password"), "I7a4UsMF9MiFJG0HdBZ4hg=="): Text ****** has been set on object 'Object Repository/User/input_Your password_password'

2020-10-03 11:10:31 - [MESSAGE][PASSED] - Text ****** has been set on object 'Object Repository/User/input_Your password_password'

2020-10-03 11:10:31 - [TEST_STEP][PASSED] - click(findTestObject("Object Repository/User/input_Your password_login-submit")): Object: 'Object Repository/User/input_Your password_login-submit' is clicked on

2020-10-03 11:10:33 - [MESSAGE][PASSED] - Object: 'Object Repository/User/input_Your password_login-submit' is clicked on

2020-10-03 11:10:33 - [TEST_STEP][PASSED] - mouseOver(findTestObject("User/i_EN_icon icon-down")): Object: 'Object Repository/User/i_EN_icon icon-down' is hovered

2020-10-03 11:10:33 - [MESSAGE][PASSED] - Object: 'Object Repository/User/i_EN_icon icon-down' is hovered

2020-10-03 11:10:33 - [TEST_STEP][PASSED] - click(findTestObject("User/a_Settings")): Object: 'Object Repository/User/a_Settings' is clicked on

2020-10-03 11:10:34 - [MESSAGE][PASSED] - Object: 'Object Repository/User/a_Settings' is clicked on

2020-10-03 11:10:34 - [MESSAGE][PASSED] - Call Test Case 'Test Cases/Utilities/Navigate to Buyer Settings' successfully

2020-10-03 11:10:34 - [TEST_STEP][PASSED] - setText(findTestObject("Object Repository/User/custom values/input_SAMPLE TEXT CUSTOMFIELD_Sample Text C_ce5c8c"), "customfield value"): Text 'customfield value' is set on object 'Object Repository/User/custom values/input_SAMPLE TEXT CUSTOMFIELD_Sample Text C_ce5c8c'

2020-10-03 11:10:35 - [MESSAGE][PASSED] - Text 'customfield value' is set on object 'Object Repository/User/custom values/input_SAMPLE TEXT CUSTOMFIELD_Sample Text C_ce5c8c'

2020-10-03 11:10:35 - [TEST_STEP][PASSED] - click(findTestObject("User/accept_cookies")): Object: 'Object Repository/User/accept_cookies' is clicked on

2020-10-03 11:10:36 - [MESSAGE][PASSED] - Object: 'Object Repository/User/accept_cookies' is clicked on

2020-10-03 11:10:36 - [TEST_STEP][PASSED] - click(findTestObject("User/custom values/a_NEXT")): Object: 'Object Repository/User/custom values/a_NEXT' is clicked on

2020-10-03 11:10:37 - [MESSAGE][PASSED] - Object: 'Object Repository/User/custom values/a_NEXT' is clicked on

2020-10-03 11:10:37 - [TEST_STEP][PASSED] - click(findTestObject("User/custom values/a_SAVE")): Object: 'Object Repository/User/custom values/a_SAVE' is clicked on

2020-10-03 11:10:38 - [MESSAGE][PASSED] - Object: 'Object Repository/User/custom values/a_SAVE' is clicked on

2020-10-03 11:10:38 - [TEST_STEP][PASSED] - mouseOver(findTestObject("User/i_EN_icon icon-down")): Object: 'Object Repository/User/i_EN_icon icon-down' is hovered

2020-10-03 11:10:39 - [MESSAGE][PASSED] - Object: 'Object Repository/User/i_EN_icon icon-down' is hovered

2020-10-03 11:10:39 - [TEST_STEP][PASSED] - click(findTestObject("User/a_Settings")): Object: 'Object Repository/User/a_Settings' is clicked on

2020-10-03 11:10:40 - [MESSAGE][PASSED] - Object: 'Object Repository/User/a_Settings' is clicked on

2020-10-03 11:10:40 - [TEST_STEP][PASSED] - setText(findTestObject("Object Repository/User/custom values/input_SAMPLE TEXT CUSTOMFIELD_Sample Text C_ce5c8c"), "customfield value edited"): Text 'customfield value edited' is set on object 'Object Repository/User/custom values/input_SAMPLE TEXT CUSTOMFIELD_Sample Text C_ce5c8c'

2020-10-03 11:10:41 - [MESSAGE][PASSED] - Text 'customfield value edited' is set on object 'Object Repository/User/custom values/input_SAMPLE TEXT CUSTOMFIELD_Sample Text C_ce5c8c'

2020-10-03 11:10:41 - [TEST_STEP][PASSED] - click(findTestObject("User/custom values/a_NEXT")): Object: 'Object Repository/User/custom values/a_NEXT' is clicked on

2020-10-03 11:10:41 - [MESSAGE][PASSED] - Object: 'Object Repository/User/custom values/a_NEXT' is clicked on

2020-10-03 11:10:41 - [TEST_STEP][PASSED] - click(findTestObject("User/custom values/a_SAVE")): Object: 'Object Repository/User/custom values/a_SAVE' is clicked on

2020-10-03 11:10:42 - [MESSAGE][PASSED] - Object: 'Object Repository/User/custom values/a_SAVE' is clicked on

2020-10-03 11:10:42 - [TEST_STEP][PASSED] - mouseOver(findTestObject("User/i_EN_icon icon-down")): Object: 'Object Repository/User/i_EN_icon icon-down' is hovered

2020-10-03 11:10:43 - [MESSAGE][PASSED] - Object: 'Object Repository/User/i_EN_icon icon-down' is hovered

2020-10-03 11:10:43 - [TEST_STEP][PASSED] - click(findTestObject("User/a_Settings")): Object: 'Object Repository/User/a_Settings' is clicked on

2020-10-03 11:10:44 - [MESSAGE][PASSED] - Object: 'Object Repository/User/a_Settings' is clicked on

2020-10-03 11:10:44 - [TEST_STEP][PASSED] - verifyElementAttributeValue(findTestObject("User/custom values/input_SAMPLE TEXT CUSTOMFIELD_Sample Text C_ce5c8c"), "value", "customfield value edited", 0): Object 'Object Repository/User/custom values/input_SAMPLE TEXT CUSTOMFIELD_Sample Text C_ce5c8c' has attribute 'value' with value 'customfield value edited'

2020-10-03 11:10:44 - [MESSAGE][WARNING] - Timeout '0' is invalid. Using default page load timeout: '30'

2020-10-03 11:10:45 - [MESSAGE][PASSED] - Object 'Object Repository/User/custom values/input_SAMPLE TEXT CUSTOMFIELD_Sample Text C_ce5c8c' has attribute 'value' with value 'customfield value edited'

2020-10-03 11:10:45 - [TEST_STEP][PASSED] - closeBrowser(): Browser is closed

2020-10-03 11:10:45 - [MESSAGE][PASSED] - Browser is closed

2020-10-03 11:10:45 - [TEST_STEP][PASSED] - callTestCase(findTestCase("Utilities/Deleting Custom Field"), [:], STOP_ON_FAILURE): Call Test Case 'Test Cases/Utilities/Deleting Custom Field' successfully

2020-10-03 11:10:46 - [TEST_CASE][PASSED] - Test Cases/Utilities/Deleting Custom Field: Test Cases/Utilities/Deleting Custom Field

2020-10-03 11:10:46 - [TEST_STEP][PASSED] - callTestCase(findTestCase("Utilities/Admin Login"), [:], STOP_ON_FAILURE): Call Test Case 'Test Cases/Utilities/Admin Login' successfully

2020-10-03 11:10:46 - [TEST_CASE][PASSED] - Test Cases/Utilities/Admin Login: Test Cases/Utilities/Admin Login

2020-10-03 11:10:46 - [TEST_STEP][PASSED] - openBrowser(""): Browser is opened with url: ''

2020-10-03 11:10:46 - [MESSAGE][INFO] - Starting 'Chrome' driver

2020-10-03 11:10:46 - [MESSAGE][INFO] - Action delay is set to 0 milliseconds

2020-10-03 11:10:49 - [MESSAGE][PASSED] - Browser is opened with url: ''

2020-10-03 11:10:49 - [TEST_STEP][PASSED] - maximizeWindow(): Current window maximized

2020-10-03 11:10:51 - [MESSAGE][PASSED] - Current window maximized

2020-10-03 11:10:51 - [TEST_STEP][PASSED] - navigateToUrl(admin_url): Navigate to 'https://youhadmeathello.sandbox.arcadier.io/admin' successfully

2020-10-03 11:10:53 - [MESSAGE][PASSED] - Navigate to 'https://youhadmeathello.sandbox.arcadier.io/admin' successfully

2020-10-03 11:10:53 - [TEST_STEP][PASSED] - waitForPageLoad(2): Wait for page load successfully

2020-10-03 11:10:53 - [MESSAGE][PASSED] - Wait for page load successfully

2020-10-03 11:10:53 - [TEST_STEP][PASSED] - setText(findTestObject("Admin/Admin Login/txt_username"), admin_username): Text 'natasha@arcadier.com' is set on object 'Object Repository/Admin/Admin Login/txt_username'

2020-10-03 11:10:54 - [MESSAGE][PASSED] - Text 'natasha@arcadier.com' is set on object 'Object Repository/Admin/Admin Login/txt_username'

2020-10-03 11:10:54 - [TEST_STEP][PASSED] - setText(findTestObject("Admin/Admin Login/txt_password"), admin_password): Text 'welcome8' is set on object 'Object Repository/Admin/Admin Login/txt_password'

2020-10-03 11:10:54 - [MESSAGE][PASSED] - Text 'welcome8' is set on object 'Object Repository/Admin/Admin Login/txt_password'

2020-10-03 11:10:54 - [TEST_STEP][PASSED] - click(findTestObject("Admin/Admin Login/button_login")): Object: 'Object Repository/Admin/Admin Login/button_login' is clicked on

2020-10-03 11:10:56 - [MESSAGE][PASSED] - Object: 'Object Repository/Admin/Admin Login/button_login' is clicked on

2020-10-03 11:10:56 - [MESSAGE][PASSED] - Call Test Case 'Test Cases/Utilities/Admin Login' successfully

2020-10-03 11:10:56 - [TEST_STEP][PASSED] - callTestCase(findTestCase("Utilities/Navigate to Plugin"), [:], STOP_ON_FAILURE): Call Test Case 'Test Cases/Utilities/Navigate to Plugin' successfully

2020-10-03 11:10:56 - [TEST_CASE][PASSED] - Test Cases/Utilities/Navigate to Plugin: Test Cases/Utilities/Navigate to Plugin

2020-10-03 11:10:56 - [TEST_STEP][PASSED] - click(findTestObject("Admin/Plugin Navigation/link_plugin")): Object: 'Object Repository/Admin/Plugin Navigation/link_plugin' is clicked on

2020-10-03 11:10:57 - [MESSAGE][PASSED] - Object: 'Object Repository/Admin/Plugin Navigation/link_plugin' is clicked on

2020-10-03 11:10:57 - [TEST_STEP][PASSED] - click(findTestObject("Admin/Plugin Navigation/link_profile")): Object: 'Object Repository/Admin/Plugin Navigation/link_profile' is clicked on

2020-10-03 11:11:00 - [MESSAGE][PASSED] - Object: 'Object Repository/Admin/Plugin Navigation/link_profile' is clicked on

2020-10-03 11:11:00 - [MESSAGE][PASSED] - Call Test Case 'Test Cases/Utilities/Navigate to Plugin' successfully

2020-10-03 11:11:00 - [TEST_STEP][PASSED] - click(findTestObject("Admin/Plugin Page/Deleting Custom Fields/i_Textfield_icon icon-delete")): Object: 'Object Repository/Admin/Plugin Page/Deleting Custom Fields/i_Textfield_icon icon-delete' is clicked on

2020-10-03 11:11:01 - [MESSAGE][PASSED] - Object: 'Object Repository/Admin/Plugin Page/Deleting Custom Fields/i_Textfield_icon icon-delete' is clicked on

2020-10-03 11:11:01 - [TEST_STEP][PASSED] - closeBrowser(): Browser is closed

2020-10-03 11:11:01 - [MESSAGE][PASSED] - Browser is closed

2020-10-03 11:11:01 - [MESSAGE][PASSED] - Call Test Case 'Test Cases/Utilities/Deleting Custom Field' successfully]]></system-out>
         <system-err><![CDATA[]]></system-err>
      </testcase>
      <system-out><![CDATA[2020-10-03 11:04:12 - [TEST_SUITE][PASSED] - Input Fields Workflow: Test Cases/User Settings/COMPLEX/TC_CMPLX_016]]></system-out>
      <system-err><![CDATA[]]></system-err>
   </testsuite>
</testsuites>
